[2024-12-10 12:03:44.932 PM] error: 	Autentication Failed false
[2024-12-10 12:03:44.946 PM] info: 	Autentication Success
[2024-12-10 12:03:44.946 PM] info: 	BEFORE DB Get Connection
[2024-12-10 12:03:44.983 PM] info: 	BEFORE DB Execution
[2024-12-10 12:03:45.018 PM] info: 	AFTER DB Execution Success
[2024-12-10 12:03:45.019 PM] info: 	BEFORE DB Connection Close
[2024-12-10 12:03:45.019 PM] info: 	BEFORE DB Get Connection
[2024-12-10 12:03:45.022 PM] info: 	AFTER DB Connection Close
[2024-12-10 12:03:45.073 PM] info: 	BEFORE DB Execution
[2024-12-10 12:03:45.108 PM] info: 	AFTER DB Execution Success
[2024-12-10 12:03:45.108 PM] info: 	BEFORE DB Connection Close
[2024-12-10 12:03:45.116 PM] info: 	AFTER DB Connection Close
[2024-12-10 12:03:46.208 PM] info: 	BEFORE DB Get Connection
[2024-12-10 12:03:46.242 PM] info: 	BEFORE DB Execution
[2024-12-10 12:03:46.273 PM] info: 	AFTER DB Execution Success
[2024-12-10 12:03:46.274 PM] info: 	BEFORE DB Connection Close
[2024-12-10 12:03:46.274 PM] info: 	BEFORE DB Get Connection
[2024-12-10 12:03:46.276 PM] info: 	AFTER DB Connection Close
[2024-12-10 12:03:46.305 PM] info: 	BEFORE DB Execution
[2024-12-10 12:03:46.329 PM] info: 	AFTER DB Execution Success
[2024-12-10 12:03:46.330 PM] info: 	BEFORE DB Connection Close
[2024-12-10 12:03:46.330 PM] info: 	BEFORE DB Get Connection
[2024-12-10 12:03:46.333 PM] info: 	AFTER DB Connection Close
[2024-12-10 12:03:46.361 PM] info: 	BEFORE DB Execution
[2024-12-10 12:03:46.363 PM] info: 	AFTER DB Execution Success
[2024-12-10 12:03:46.363 PM] info: 	BEFORE DB Connection Close
[2024-12-10 12:03:46.364 PM] info: 	BEFORE DB Get Connection
[2024-12-10 12:03:46.366 PM] info: 	AFTER DB Connection Close
[2024-12-10 12:03:46.428 PM] info: 	BEFORE DB Execution
[2024-12-10 12:03:46.446 PM] info: 	AFTER DB Execution Success
[2024-12-10 12:03:46.447 PM] info: 	BEFORE DB Connection Close
[2024-12-10 12:03:46.447 PM] info: 	BEFORE DB Get Connection
[2024-12-10 12:03:46.461 PM] info: 	AFTER DB Connection Close
[2024-12-10 12:03:46.494 PM] info: 	BEFORE DB Execution
[2024-12-10 12:03:46.495 PM] info: 	AFTER DB Execution Success
[2024-12-10 12:03:46.495 PM] info: 	BEFORE DB Connection Close
[2024-12-10 12:03:46.495 PM] info: 	BEFORE DB Get Connection
[2024-12-10 12:03:46.498 PM] info: 	AFTER DB Connection Close
[2024-12-10 12:03:46.519 PM] info: 	BEFORE DB Execution
[2024-12-10 12:03:46.522 PM] info: 	AFTER DB Execution Success
[2024-12-10 12:03:46.522 PM] info: 	BEFORE DB Connection Close
[2024-12-10 12:03:46.524 PM] info: 	AFTER DB Connection Close
[2024-12-10 12:03:55.806 PM] info: 	BEFORE DB Get Connection
[2024-12-10 12:03:55.837 PM] info: 	BEFORE DB Get Connection
[2024-12-10 12:03:55.842 PM] info: 	BEFORE DB Execution
[2024-12-10 12:03:55.844 PM] info: 	AFTER DB Execution Success
[2024-12-10 12:03:55.844 PM] info: 	BEFORE DB Connection Close
[2024-12-10 12:03:55.844 PM] info: 	BEFORE DB Get Connection
[2024-12-10 12:03:55.846 PM] info: 	AFTER DB Connection Close
[2024-12-10 12:03:55.860 PM] info: 	BEFORE DB Execution
[2024-12-10 12:03:55.861 PM] info: 	AFTER DB Execution Success
[2024-12-10 12:03:55.861 PM] info: 	BEFORE DB Connection Close
[2024-12-10 12:03:55.861 PM] info: 	BEFORE DB Get Connection
[2024-12-10 12:03:55.864 PM] info: 	AFTER DB Connection Close
[2024-12-10 12:03:55.868 PM] info: 	BEFORE DB Execution
[2024-12-10 12:03:55.870 PM] info: 	AFTER DB Execution Success
[2024-12-10 12:03:55.870 PM] info: 	BEFORE DB Connection Close
[2024-12-10 12:03:55.870 PM] info: 	BEFORE DB Get Connection
[2024-12-10 12:03:55.872 PM] info: 	AFTER DB Connection Close
[2024-12-10 12:03:55.885 PM] info: 	BEFORE DB Execution
[2024-12-10 12:03:55.887 PM] info: 	AFTER DB Execution Success
[2024-12-10 12:03:55.887 PM] info: 	BEFORE DB Connection Close
[2024-12-10 12:03:55.887 PM] info: 	BEFORE DB Get Connection
[2024-12-10 12:03:55.888 PM] info: 	AFTER DB Connection Close
[2024-12-10 12:03:55.900 PM] info: 	BEFORE DB Execution
[2024-12-10 12:03:55.908 PM] info: 	BEFORE DB Execution
[2024-12-10 12:03:55.926 PM] info: 	AFTER DB Execution Success
[2024-12-10 12:03:55.926 PM] info: 	BEFORE DB Connection Close
[2024-12-10 12:03:55.927 PM] info: 	BEFORE DB Get Connection
[2024-12-10 12:03:55.928 PM] info: 	AFTER DB Connection Close
[2024-12-10 12:03:55.951 PM] info: 	BEFORE DB Execution
[2024-12-10 12:03:55.953 PM] info: 	AFTER DB Execution Success
[2024-12-10 12:03:55.953 PM] info: 	BEFORE DB Connection Close
[2024-12-10 12:03:55.953 PM] info: 	BEFORE DB Get Connection
[2024-12-10 12:03:55.954 PM] info: 	AFTER DB Connection Close
[2024-12-10 12:03:55.970 PM] info: 	AFTER DB Execution Success
[2024-12-10 12:03:55.970 PM] info: 	BEFORE DB Connection Close
[2024-12-10 12:03:55.971 PM] info: 	BEFORE DB Get Connection
[2024-12-10 12:03:55.972 PM] info: 	AFTER DB Connection Close
[2024-12-10 12:03:55.989 PM] info: 	BEFORE DB Execution
[2024-12-10 12:03:56.029 PM] info: 	BEFORE DB Execution
[2024-12-10 12:03:56.129 PM] info: 	AFTER DB Execution Success
[2024-12-10 12:03:56.129 PM] info: 	BEFORE DB Connection Close
[2024-12-10 12:03:56.129 PM] info: 	BEFORE DB Get Connection
[2024-12-10 12:03:56.130 PM] info: 	AFTER DB Execution Success
[2024-12-10 12:03:56.130 PM] info: 	BEFORE DB Connection Close
[2024-12-10 12:03:56.130 PM] info: 	BEFORE DB Get Connection
[2024-12-10 12:03:56.132 PM] info: 	AFTER DB Connection Close
[2024-12-10 12:03:56.134 PM] info: 	AFTER DB Connection Close
[2024-12-10 12:03:56.154 PM] info: 	BEFORE DB Execution
[2024-12-10 12:03:56.157 PM] info: 	AFTER DB Execution Success
[2024-12-10 12:03:56.157 PM] info: 	BEFORE DB Connection Close
[2024-12-10 12:03:56.159 PM] info: 	AFTER DB Connection Close
[2024-12-10 12:03:56.167 PM] info: 	BEFORE DB Execution
[2024-12-10 12:03:56.169 PM] info: 	AFTER DB Execution Success
[2024-12-10 12:03:56.169 PM] info: 	BEFORE DB Connection Close
[2024-12-10 12:03:56.170 PM] info: 	BEFORE DB Get Connection
[2024-12-10 12:03:56.181 PM] info: 	AFTER DB Connection Close
[2024-12-10 12:03:56.204 PM] info: 	BEFORE DB Execution
[2024-12-10 12:03:56.358 PM] info: 	AFTER DB Execution Success
[2024-12-10 12:03:56.358 PM] info: 	BEFORE DB Connection Close
[2024-12-10 12:03:56.358 PM] info: 	BEFORE DB Get Connection
[2024-12-10 12:03:56.361 PM] info: 	AFTER DB Connection Close
[2024-12-10 12:03:56.381 PM] info: 	BEFORE DB Execution
[2024-12-10 12:03:56.382 PM] info: 	AFTER DB Execution Success
[2024-12-10 12:03:56.383 PM] info: 	BEFORE DB Connection Close
[2024-12-10 12:03:56.402 PM] info: 	AFTER DB Connection Close
[2024-12-10 12:03:56.553 PM] info: 	BEFORE DB Get Connection
[2024-12-10 12:03:56.586 PM] info: 	BEFORE DB Execution
[2024-12-10 12:03:56.587 PM] info: 	AFTER DB Execution Success
[2024-12-10 12:03:56.587 PM] info: 	BEFORE DB Connection Close
[2024-12-10 12:03:56.587 PM] info: 	BEFORE DB Get Connection
[2024-12-10 12:03:56.589 PM] info: 	AFTER DB Connection Close
[2024-12-10 12:03:56.637 PM] info: 	BEFORE DB Execution
[2024-12-10 12:03:56.639 PM] info: 	AFTER DB Execution Success
[2024-12-10 12:03:56.640 PM] info: 	BEFORE DB Connection Close
[2024-12-10 12:03:56.640 PM] info: 	BEFORE DB Get Connection
[2024-12-10 12:03:56.642 PM] info: 	AFTER DB Connection Close
[2024-12-10 12:03:56.663 PM] info: 	BEFORE DB Execution
[2024-12-10 12:03:56.668 PM] info: 	AFTER DB Execution Success
[2024-12-10 12:03:56.668 PM] info: 	BEFORE DB Connection Close
[2024-12-10 12:03:56.668 PM] info: 	BEFORE DB Get Connection
[2024-12-10 12:03:56.670 PM] info: 	AFTER DB Connection Close
[2024-12-10 12:03:56.701 PM] info: 	BEFORE DB Execution
[2024-12-10 12:03:56.702 PM] info: 	AFTER DB Execution Success
[2024-12-10 12:03:56.702 PM] info: 	BEFORE DB Connection Close
[2024-12-10 12:03:56.702 PM] info: 	BEFORE DB Get Connection
[2024-12-10 12:03:56.704 PM] info: 	AFTER DB Connection Close
[2024-12-10 12:03:56.732 PM] info: 	BEFORE DB Execution
[2024-12-10 12:03:56.794 PM] info: 	AFTER DB Execution Success
[2024-12-10 12:03:56.794 PM] info: 	BEFORE DB Connection Close
[2024-12-10 12:03:56.794 PM] info: 	BEFORE DB Get Connection
[2024-12-10 12:03:56.796 PM] info: 	AFTER DB Connection Close
[2024-12-10 12:03:56.823 PM] info: 	BEFORE DB Execution
[2024-12-10 12:03:56.829 PM] info: 	AFTER DB Execution Success
[2024-12-10 12:03:56.829 PM] info: 	BEFORE DB Connection Close
[2024-12-10 12:03:56.833 PM] info: 	AFTER DB Connection Close
[2024-12-10 12:03:58.260 PM] info: 	BEFORE DB Get Connection
[2024-12-10 12:03:58.262 PM] info: 	BEFORE DB Get Connection
[2024-12-10 12:03:58.285 PM] info: 	BEFORE DB Execution
[2024-12-10 12:03:58.288 PM] info: 	BEFORE DB Get Connection
[2024-12-10 12:03:58.289 PM] info: 	AFTER DB Execution Success
[2024-12-10 12:03:58.289 PM] info: 	BEFORE DB Connection Close
[2024-12-10 12:03:58.289 PM] info: 	BEFORE DB Get Connection
[2024-12-10 12:03:58.291 PM] info: 	AFTER DB Connection Close
[2024-12-10 12:03:58.291 PM] info: 	BEFORE DB Execution
[2024-12-10 12:03:58.292 PM] info: 	AFTER DB Execution Success
[2024-12-10 12:03:58.292 PM] info: 	BEFORE DB Connection Close
[2024-12-10 12:03:58.294 PM] info: 	AFTER DB Connection Close
[2024-12-10 12:03:58.311 PM] info: 	BEFORE DB Execution
[2024-12-10 12:03:58.312 PM] info: 	BEFORE DB Execution
[2024-12-10 12:03:58.314 PM] info: 	AFTER DB Execution Success
[2024-12-10 12:03:58.314 PM] info: 	BEFORE DB Connection Close
[2024-12-10 12:03:58.315 PM] info: 	BEFORE DB Get Connection
[2024-12-10 12:03:58.317 PM] info: 	AFTER DB Connection Close
[2024-12-10 12:03:58.327 PM] info: 	AFTER DB Execution Success
[2024-12-10 12:03:58.327 PM] info: 	BEFORE DB Connection Close
[2024-12-10 12:03:58.331 PM] info: 	AFTER DB Connection Close
[2024-12-10 12:03:58.339 PM] info: 	BEFORE DB Execution
[2024-12-10 12:03:58.345 PM] info: 	AFTER DB Execution Success
[2024-12-10 12:03:58.345 PM] info: 	BEFORE DB Connection Close
[2024-12-10 12:03:58.348 PM] info: 	AFTER DB Connection Close
[2024-12-10 12:10:29.667 PM] info: 	BEFORE DB Get Connection
[2024-12-10 12:10:29.669 PM] info: 	BEFORE DB Get Connection
[2024-12-10 12:10:29.694 PM] info: 	BEFORE DB Get Connection
[2024-12-10 12:10:29.747 PM] info: 	BEFORE DB Execution
[2024-12-10 12:10:29.748 PM] info: 	BEFORE DB Execution
[2024-12-10 12:10:29.754 PM] info: 	AFTER DB Execution Success
[2024-12-10 12:10:29.754 PM] info: 	BEFORE DB Connection Close
[2024-12-10 12:10:29.763 PM] info: 	AFTER DB Execution Success
[2024-12-10 12:10:29.763 PM] info: 	BEFORE DB Connection Close
[2024-12-10 12:10:29.764 PM] info: 	BEFORE DB Get Connection
[2024-12-10 12:10:29.764 PM] info: 	BEFORE DB Execution
[2024-12-10 12:10:29.773 PM] info: 	AFTER DB Connection Close
[2024-12-10 12:10:29.779 PM] info: 	AFTER DB Connection Close
[2024-12-10 12:10:29.779 PM] info: 	AFTER DB Execution Success
[2024-12-10 12:10:29.779 PM] info: 	BEFORE DB Connection Close
[2024-12-10 12:10:29.780 PM] info: 	BEFORE DB Get Connection
[2024-12-10 12:10:29.800 PM] info: 	AFTER DB Connection Close
[2024-12-10 12:10:29.850 PM] info: 	BEFORE DB Execution
[2024-12-10 12:10:29.852 PM] info: 	BEFORE DB Execution
[2024-12-10 12:10:29.864 PM] info: 	AFTER DB Execution Success
[2024-12-10 12:10:29.864 PM] info: 	BEFORE DB Connection Close
[2024-12-10 12:10:29.871 PM] info: 	AFTER DB Execution Success
[2024-12-10 12:10:29.871 PM] info: 	BEFORE DB Connection Close
[2024-12-10 12:10:29.883 PM] info: 	AFTER DB Connection Close
[2024-12-10 12:10:29.887 PM] info: 	AFTER DB Connection Close
[2024-12-10 12:10:35.493 PM] info: 	BEFORE DB Get Connection
[2024-12-10 12:10:35.506 PM] info: 	BEFORE DB Get Connection
[2024-12-10 12:10:35.520 PM] info: 	BEFORE DB Get Connection
[2024-12-10 12:10:35.629 PM] info: 	BEFORE DB Execution
[2024-12-10 12:10:35.652 PM] info: 	BEFORE DB Execution
[2024-12-10 12:10:35.655 PM] info: 	AFTER DB Execution Success
[2024-12-10 12:10:35.656 PM] info: 	BEFORE DB Connection Close
[2024-12-10 12:10:35.656 PM] info: 	BEFORE DB Get Connection
[2024-12-10 12:10:35.656 PM] info: 	BEFORE DB Execution
[2024-12-10 12:10:35.674 PM] info: 	AFTER DB Execution Success
[2024-12-10 12:10:35.674 PM] info: 	BEFORE DB Connection Close
[2024-12-10 12:10:35.684 PM] info: 	AFTER DB Connection Close
[2024-12-10 12:10:35.684 PM] info: 	AFTER DB Execution Success
[2024-12-10 12:10:35.684 PM] info: 	BEFORE DB Connection Close
[2024-12-10 12:10:35.684 PM] info: 	BEFORE DB Get Connection
[2024-12-10 12:10:35.708 PM] info: 	AFTER DB Connection Close
[2024-12-10 12:10:35.713 PM] info: 	AFTER DB Connection Close
[2024-12-10 12:10:35.801 PM] info: 	BEFORE DB Execution
[2024-12-10 12:10:35.830 PM] info: 	BEFORE DB Execution
[2024-12-10 12:10:35.845 PM] info: 	AFTER DB Execution Success
[2024-12-10 12:10:35.845 PM] info: 	BEFORE DB Connection Close
[2024-12-10 12:10:35.848 PM] info: 	AFTER DB Execution Success
[2024-12-10 12:10:35.848 PM] info: 	BEFORE DB Connection Close
[2024-12-10 12:10:35.872 PM] info: 	AFTER DB Connection Close
[2024-12-10 12:10:35.879 PM] info: 	AFTER DB Connection Close
[2024-12-10 12:10:41.523 PM] info: 	BEFORE DB Get Connection
[2024-12-10 12:10:41.526 PM] info: 	BEFORE DB Get Connection
[2024-12-10 12:10:41.549 PM] info: 	BEFORE DB Get Connection
[2024-12-10 12:10:41.612 PM] info: 	BEFORE DB Execution
[2024-12-10 12:10:41.628 PM] info: 	AFTER DB Execution Success
[2024-12-10 12:10:41.628 PM] info: 	BEFORE DB Connection Close
[2024-12-10 12:10:41.630 PM] info: 	BEFORE DB Execution
[2024-12-10 12:10:41.634 PM] info: 	BEFORE DB Execution
[2024-12-10 12:10:41.663 PM] info: 	AFTER DB Execution Success
[2024-12-10 12:10:41.663 PM] info: 	BEFORE DB Connection Close
[2024-12-10 12:10:41.663 PM] info: 	BEFORE DB Get Connection
[2024-12-10 12:10:41.664 PM] info: 	AFTER DB Connection Close
[2024-12-10 12:10:41.664 PM] info: 	AFTER DB Execution Success
[2024-12-10 12:10:41.664 PM] info: 	BEFORE DB Connection Close
[2024-12-10 12:10:41.664 PM] info: 	BEFORE DB Get Connection
[2024-12-10 12:10:41.682 PM] info: 	AFTER DB Connection Close
[2024-12-10 12:10:41.694 PM] info: 	AFTER DB Connection Close
[2024-12-10 12:10:41.759 PM] info: 	BEFORE DB Execution
[2024-12-10 12:10:41.773 PM] info: 	AFTER DB Execution Success
[2024-12-10 12:10:41.774 PM] info: 	BEFORE DB Connection Close
[2024-12-10 12:10:41.776 PM] info: 	BEFORE DB Execution
[2024-12-10 12:10:41.792 PM] info: 	AFTER DB Connection Close
[2024-12-10 12:10:41.798 PM] info: 	AFTER DB Execution Success
[2024-12-10 12:10:41.798 PM] info: 	BEFORE DB Connection Close
[2024-12-10 12:10:41.817 PM] info: 	AFTER DB Connection Close
[2024-12-10 12:11:14.288 PM] info: 	BEFORE DB Get Connection
[2024-12-10 12:11:14.289 PM] info: 	BEFORE DB Get Connection
[2024-12-10 12:11:14.309 PM] info: 	BEFORE DB Get Connection
[2024-12-10 12:11:14.428 PM] info: 	BEFORE DB Execution
[2024-12-10 12:11:14.442 PM] info: 	BEFORE DB Execution
[2024-12-10 12:11:14.445 PM] info: 	BEFORE DB Execution
[2024-12-10 12:11:14.459 PM] info: 	AFTER DB Execution Success
[2024-12-10 12:11:14.459 PM] info: 	BEFORE DB Connection Close
[2024-12-10 12:11:14.459 PM] info: 	BEFORE DB Get Connection
[2024-12-10 12:11:14.462 PM] info: 	AFTER DB Execution Success
[2024-12-10 12:11:14.462 PM] info: 	BEFORE DB Connection Close
[2024-12-10 12:11:14.473 PM] info: 	AFTER DB Execution Success
[2024-12-10 12:11:14.474 PM] info: 	BEFORE DB Connection Close
[2024-12-10 12:11:14.474 PM] info: 	BEFORE DB Get Connection
[2024-12-10 12:11:14.490 PM] info: 	AFTER DB Connection Close
[2024-12-10 12:11:14.491 PM] info: 	AFTER DB Connection Close
[2024-12-10 12:11:14.504 PM] info: 	AFTER DB Connection Close
[2024-12-10 12:11:14.668 PM] info: 	BEFORE DB Execution
[2024-12-10 12:11:14.669 PM] info: 	BEFORE DB Execution
[2024-12-10 12:11:14.728 PM] info: 	AFTER DB Execution Success
[2024-12-10 12:11:14.728 PM] info: 	BEFORE DB Connection Close
[2024-12-10 12:11:14.729 PM] info: 	AFTER DB Execution Success
[2024-12-10 12:11:14.729 PM] info: 	BEFORE DB Connection Close
[2024-12-10 12:11:14.760 PM] info: 	AFTER DB Connection Close
[2024-12-10 12:11:14.765 PM] info: 	AFTER DB Connection Close
[2024-12-10 12:11:40.678 PM] info: 	BEFORE DB Get Connection
[2024-12-10 12:11:40.680 PM] info: 	BEFORE DB Get Connection
[2024-12-10 12:11:40.702 PM] info: 	BEFORE DB Get Connection
[2024-12-10 12:11:40.723 PM] info: 	BEFORE DB Execution
[2024-12-10 12:11:40.727 PM] info: 	BEFORE DB Execution
[2024-12-10 12:11:40.732 PM] info: 	AFTER DB Execution Success
[2024-12-10 12:11:40.732 PM] info: 	BEFORE DB Connection Close
[2024-12-10 12:11:40.733 PM] info: 	BEFORE DB Get Connection
[2024-12-10 12:11:40.733 PM] info: 	AFTER DB Execution Success
[2024-12-10 12:11:40.733 PM] info: 	BEFORE DB Connection Close
[2024-12-10 12:11:40.742 PM] info: 	AFTER DB Connection Close
[2024-12-10 12:11:40.753 PM] info: 	AFTER DB Connection Close
[2024-12-10 12:11:40.758 PM] info: 	BEFORE DB Execution
[2024-12-10 12:11:40.766 PM] info: 	AFTER DB Execution Success
[2024-12-10 12:11:40.767 PM] info: 	BEFORE DB Connection Close
[2024-12-10 12:11:40.767 PM] info: 	BEFORE DB Get Connection
[2024-12-10 12:11:40.781 PM] info: 	AFTER DB Connection Close
[2024-12-10 12:11:40.788 PM] info: 	BEFORE DB Execution
[2024-12-10 12:11:40.810 PM] info: 	AFTER DB Execution Success
[2024-12-10 12:11:40.810 PM] info: 	BEFORE DB Connection Close
[2024-12-10 12:11:40.819 PM] info: 	AFTER DB Connection Close
[2024-12-10 12:11:40.821 PM] info: 	BEFORE DB Execution
[2024-12-10 12:11:40.831 PM] info: 	AFTER DB Execution Success
[2024-12-10 12:11:40.831 PM] info: 	BEFORE DB Connection Close
[2024-12-10 12:11:40.841 PM] info: 	AFTER DB Connection Close
[2024-12-10 12:31:47.540 PM] error: 	Autentication Failed false
[2024-12-10 12:31:47.550 PM] info: 	Autentication Success
[2024-12-10 12:31:47.551 PM] info: 	BEFORE DB Get Connection
[2024-12-10 12:31:47.601 PM] info: 	BEFORE DB Execution
[2024-12-10 12:31:47.637 PM] info: 	AFTER DB Execution Success
[2024-12-10 12:31:47.638 PM] info: 	BEFORE DB Connection Close
[2024-12-10 12:31:47.638 PM] info: 	BEFORE DB Get Connection
[2024-12-10 12:31:47.642 PM] info: 	AFTER DB Connection Close
[2024-12-10 12:31:47.671 PM] info: 	BEFORE DB Execution
[2024-12-10 12:31:47.722 PM] info: 	AFTER DB Execution Success
[2024-12-10 12:31:47.722 PM] info: 	BEFORE DB Connection Close
[2024-12-10 12:31:47.726 PM] info: 	AFTER DB Connection Close
[2024-12-10 12:31:48.811 PM] info: 	BEFORE DB Get Connection
[2024-12-10 12:31:48.852 PM] info: 	BEFORE DB Execution
[2024-12-10 12:31:48.881 PM] info: 	AFTER DB Execution Success
[2024-12-10 12:31:48.881 PM] info: 	BEFORE DB Connection Close
[2024-12-10 12:31:48.881 PM] info: 	BEFORE DB Get Connection
[2024-12-10 12:31:48.883 PM] info: 	AFTER DB Connection Close
[2024-12-10 12:31:48.904 PM] info: 	BEFORE DB Execution
[2024-12-10 12:31:48.923 PM] info: 	AFTER DB Execution Success
[2024-12-10 12:31:48.923 PM] info: 	BEFORE DB Connection Close
[2024-12-10 12:31:48.923 PM] info: 	BEFORE DB Get Connection
[2024-12-10 12:31:48.927 PM] info: 	AFTER DB Connection Close
[2024-12-10 12:31:48.955 PM] info: 	BEFORE DB Execution
[2024-12-10 12:31:48.957 PM] info: 	AFTER DB Execution Success
[2024-12-10 12:31:48.957 PM] info: 	BEFORE DB Connection Close
[2024-12-10 12:31:48.957 PM] info: 	BEFORE DB Get Connection
[2024-12-10 12:31:48.958 PM] info: 	AFTER DB Connection Close
[2024-12-10 12:31:48.986 PM] info: 	BEFORE DB Execution
[2024-12-10 12:31:48.987 PM] info: 	AFTER DB Execution Success
[2024-12-10 12:31:48.987 PM] info: 	BEFORE DB Connection Close
[2024-12-10 12:31:48.987 PM] info: 	BEFORE DB Get Connection
[2024-12-10 12:31:48.989 PM] info: 	AFTER DB Connection Close
[2024-12-10 12:31:49.009 PM] info: 	BEFORE DB Execution
[2024-12-10 12:31:49.010 PM] info: 	AFTER DB Execution Success
[2024-12-10 12:31:49.010 PM] info: 	BEFORE DB Connection Close
[2024-12-10 12:31:49.010 PM] info: 	BEFORE DB Get Connection
[2024-12-10 12:31:49.012 PM] info: 	AFTER DB Connection Close
[2024-12-10 12:31:49.036 PM] info: 	BEFORE DB Execution
[2024-12-10 12:31:49.038 PM] info: 	AFTER DB Execution Success
[2024-12-10 12:31:49.039 PM] info: 	BEFORE DB Connection Close
[2024-12-10 12:31:49.041 PM] info: 	AFTER DB Connection Close
[2024-12-10 12:31:50.407 PM] info: 	BEFORE DB Get Connection
[2024-12-10 12:31:50.442 PM] info: 	BEFORE DB Get Connection
[2024-12-10 12:31:50.442 PM] info: 	BEFORE DB Execution
[2024-12-10 12:31:50.444 PM] info: 	AFTER DB Execution Success
[2024-12-10 12:31:50.444 PM] info: 	BEFORE DB Connection Close
[2024-12-10 12:31:50.444 PM] info: 	BEFORE DB Get Connection
[2024-12-10 12:31:50.447 PM] info: 	AFTER DB Connection Close
[2024-12-10 12:31:50.465 PM] info: 	BEFORE DB Execution
[2024-12-10 12:31:50.466 PM] info: 	AFTER DB Execution Success
[2024-12-10 12:31:50.466 PM] info: 	BEFORE DB Connection Close
[2024-12-10 12:31:50.466 PM] info: 	BEFORE DB Get Connection
[2024-12-10 12:31:50.467 PM] info: 	AFTER DB Connection Close
[2024-12-10 12:31:50.480 PM] info: 	BEFORE DB Execution
[2024-12-10 12:31:50.484 PM] info: 	AFTER DB Execution Success
[2024-12-10 12:31:50.484 PM] info: 	BEFORE DB Connection Close
[2024-12-10 12:31:50.484 PM] info: 	BEFORE DB Get Connection
[2024-12-10 12:31:50.487 PM] info: 	AFTER DB Connection Close
[2024-12-10 12:31:50.498 PM] info: 	BEFORE DB Execution
[2024-12-10 12:31:50.500 PM] info: 	AFTER DB Execution Success
[2024-12-10 12:31:50.500 PM] info: 	BEFORE DB Connection Close
[2024-12-10 12:31:50.500 PM] info: 	BEFORE DB Get Connection
[2024-12-10 12:31:50.501 PM] info: 	AFTER DB Connection Close
[2024-12-10 12:31:50.510 PM] info: 	BEFORE DB Execution
[2024-12-10 12:31:50.534 PM] info: 	BEFORE DB Execution
[2024-12-10 12:31:50.552 PM] info: 	AFTER DB Execution Success
[2024-12-10 12:31:50.552 PM] info: 	BEFORE DB Connection Close
[2024-12-10 12:31:50.553 PM] info: 	BEFORE DB Get Connection
[2024-12-10 12:31:50.556 PM] info: 	AFTER DB Connection Close
[2024-12-10 12:31:50.586 PM] info: 	AFTER DB Execution Success
[2024-12-10 12:31:50.586 PM] info: 	BEFORE DB Connection Close
[2024-12-10 12:31:50.586 PM] info: 	BEFORE DB Get Connection
[2024-12-10 12:31:50.588 PM] info: 	AFTER DB Connection Close
[2024-12-10 12:31:50.597 PM] info: 	BEFORE DB Execution
[2024-12-10 12:31:50.600 PM] info: 	AFTER DB Execution Success
[2024-12-10 12:31:50.600 PM] info: 	BEFORE DB Connection Close
[2024-12-10 12:31:50.600 PM] info: 	BEFORE DB Get Connection
[2024-12-10 12:31:50.602 PM] info: 	AFTER DB Connection Close
[2024-12-10 12:31:50.623 PM] info: 	BEFORE DB Execution
[2024-12-10 12:31:50.652 PM] info: 	BEFORE DB Execution
[2024-12-10 12:31:50.697 PM] info: 	AFTER DB Execution Success
[2024-12-10 12:31:50.697 PM] info: 	BEFORE DB Connection Close
[2024-12-10 12:31:50.698 PM] info: 	BEFORE DB Get Connection
[2024-12-10 12:31:50.700 PM] info: 	AFTER DB Connection Close
[2024-12-10 12:31:50.740 PM] info: 	AFTER DB Execution Success
[2024-12-10 12:31:50.740 PM] info: 	BEFORE DB Connection Close
[2024-12-10 12:31:50.740 PM] info: 	BEFORE DB Get Connection
[2024-12-10 12:31:50.742 PM] info: 	BEFORE DB Execution
[2024-12-10 12:31:50.743 PM] info: 	AFTER DB Connection Close
[2024-12-10 12:31:50.764 PM] info: 	AFTER DB Execution Success
[2024-12-10 12:31:50.764 PM] info: 	BEFORE DB Connection Close
[2024-12-10 12:31:50.771 PM] info: 	AFTER DB Connection Close
[2024-12-10 12:31:50.786 PM] info: 	BEFORE DB Execution
[2024-12-10 12:31:50.794 PM] info: 	AFTER DB Execution Success
[2024-12-10 12:31:50.794 PM] info: 	BEFORE DB Connection Close
[2024-12-10 12:31:50.794 PM] info: 	BEFORE DB Get Connection
[2024-12-10 12:31:50.796 PM] info: 	AFTER DB Connection Close
[2024-12-10 12:31:50.834 PM] info: 	BEFORE DB Execution
[2024-12-10 12:31:51.059 PM] info: 	AFTER DB Execution Success
[2024-12-10 12:31:51.059 PM] info: 	BEFORE DB Connection Close
[2024-12-10 12:31:51.059 PM] info: 	BEFORE DB Get Connection
[2024-12-10 12:31:51.062 PM] info: 	AFTER DB Connection Close
[2024-12-10 12:31:51.105 PM] info: 	BEFORE DB Execution
[2024-12-10 12:31:51.111 PM] info: 	AFTER DB Execution Success
[2024-12-10 12:31:51.111 PM] info: 	BEFORE DB Connection Close
[2024-12-10 12:31:51.147 PM] info: 	AFTER DB Connection Close
[2024-12-10 12:31:51.303 PM] info: 	BEFORE DB Get Connection
[2024-12-10 12:31:51.336 PM] info: 	BEFORE DB Execution
[2024-12-10 12:31:51.337 PM] info: 	AFTER DB Execution Success
[2024-12-10 12:31:51.337 PM] info: 	BEFORE DB Connection Close
[2024-12-10 12:31:51.338 PM] info: 	BEFORE DB Get Connection
[2024-12-10 12:31:51.341 PM] info: 	AFTER DB Connection Close
[2024-12-10 12:31:51.403 PM] info: 	BEFORE DB Execution
[2024-12-10 12:31:51.406 PM] info: 	AFTER DB Execution Success
[2024-12-10 12:31:51.406 PM] info: 	BEFORE DB Connection Close
[2024-12-10 12:31:51.406 PM] info: 	BEFORE DB Get Connection
[2024-12-10 12:31:51.411 PM] info: 	AFTER DB Connection Close
[2024-12-10 12:31:51.444 PM] info: 	BEFORE DB Execution
[2024-12-10 12:31:51.455 PM] info: 	AFTER DB Execution Success
[2024-12-10 12:31:51.455 PM] info: 	BEFORE DB Connection Close
[2024-12-10 12:31:51.455 PM] info: 	BEFORE DB Get Connection
[2024-12-10 12:31:51.478 PM] info: 	AFTER DB Connection Close
[2024-12-10 12:31:51.544 PM] info: 	BEFORE DB Execution
[2024-12-10 12:31:51.559 PM] info: 	AFTER DB Execution Success
[2024-12-10 12:31:51.559 PM] info: 	BEFORE DB Connection Close
[2024-12-10 12:31:51.559 PM] info: 	BEFORE DB Get Connection
[2024-12-10 12:31:51.571 PM] info: 	AFTER DB Connection Close
[2024-12-10 12:31:51.584 PM] info: 	BEFORE DB Execution
[2024-12-10 12:31:51.624 PM] info: 	AFTER DB Execution Success
[2024-12-10 12:31:51.625 PM] info: 	BEFORE DB Connection Close
[2024-12-10 12:31:51.625 PM] info: 	BEFORE DB Get Connection
[2024-12-10 12:31:51.627 PM] info: 	AFTER DB Connection Close
[2024-12-10 12:31:51.652 PM] info: 	BEFORE DB Execution
[2024-12-10 12:31:51.658 PM] info: 	AFTER DB Execution Success
[2024-12-10 12:31:51.658 PM] info: 	BEFORE DB Connection Close
[2024-12-10 12:31:51.661 PM] info: 	AFTER DB Connection Close
[2024-12-10 12:31:53.209 PM] info: 	BEFORE DB Get Connection
[2024-12-10 12:31:53.211 PM] info: 	BEFORE DB Get Connection
[2024-12-10 12:31:53.234 PM] info: 	BEFORE DB Execution
[2024-12-10 12:31:53.234 PM] info: 	BEFORE DB Execution
[2024-12-10 12:31:53.235 PM] info: 	AFTER DB Execution Success
[2024-12-10 12:31:53.235 PM] info: 	BEFORE DB Connection Close
[2024-12-10 12:31:53.237 PM] info: 	AFTER DB Connection Close
[2024-12-10 12:31:53.240 PM] info: 	BEFORE DB Get Connection
[2024-12-10 12:31:53.240 PM] info: 	AFTER DB Execution Success
[2024-12-10 12:31:53.241 PM] info: 	BEFORE DB Connection Close
[2024-12-10 12:31:53.241 PM] info: 	BEFORE DB Get Connection
[2024-12-10 12:31:53.245 PM] info: 	AFTER DB Connection Close
[2024-12-10 12:31:53.286 PM] info: 	BEFORE DB Execution
[2024-12-10 12:31:53.287 PM] info: 	BEFORE DB Execution
[2024-12-10 12:31:53.299 PM] info: 	AFTER DB Execution Success
[2024-12-10 12:31:53.299 PM] info: 	BEFORE DB Connection Close
[2024-12-10 12:31:53.299 PM] info: 	BEFORE DB Get Connection
[2024-12-10 12:31:53.311 PM] info: 	AFTER DB Execution Success
[2024-12-10 12:31:53.311 PM] info: 	BEFORE DB Connection Close
[2024-12-10 12:31:53.317 PM] info: 	AFTER DB Connection Close
[2024-12-10 12:31:53.318 PM] info: 	AFTER DB Connection Close
[2024-12-10 12:31:53.344 PM] info: 	BEFORE DB Execution
[2024-12-10 12:31:53.351 PM] info: 	AFTER DB Execution Success
[2024-12-10 12:31:53.351 PM] info: 	BEFORE DB Connection Close
[2024-12-10 12:31:53.356 PM] info: 	AFTER DB Connection Close
[2024-12-10 12:31:56.090 PM] info: 	BEFORE DB Get Connection
[2024-12-10 12:31:56.101 PM] info: 	BEFORE DB Get Connection
[2024-12-10 12:31:56.146 PM] info: 	BEFORE DB Get Connection
[2024-12-10 12:31:56.157 PM] info: 	BEFORE DB Execution
[2024-12-10 12:31:56.157 PM] info: 	BEFORE DB Execution
[2024-12-10 12:31:56.158 PM] info: 	AFTER DB Execution Success
[2024-12-10 12:31:56.158 PM] info: 	BEFORE DB Connection Close
[2024-12-10 12:31:56.160 PM] info: 	AFTER DB Execution Success
[2024-12-10 12:31:56.160 PM] info: 	BEFORE DB Connection Close
[2024-12-10 12:31:56.160 PM] info: 	BEFORE DB Get Connection
[2024-12-10 12:31:56.162 PM] info: 	AFTER DB Connection Close
[2024-12-10 12:31:56.166 PM] info: 	AFTER DB Connection Close
[2024-12-10 12:31:56.199 PM] info: 	BEFORE DB Execution
[2024-12-10 12:31:56.205 PM] info: 	AFTER DB Execution Success
[2024-12-10 12:31:56.205 PM] info: 	BEFORE DB Connection Close
[2024-12-10 12:31:56.205 PM] info: 	BEFORE DB Get Connection
[2024-12-10 12:31:56.205 PM] info: 	BEFORE DB Execution
[2024-12-10 12:31:56.222 PM] info: 	AFTER DB Connection Close
[2024-12-10 12:31:56.223 PM] info: 	AFTER DB Execution Success
[2024-12-10 12:31:56.223 PM] info: 	BEFORE DB Connection Close
[2024-12-10 12:31:56.240 PM] info: 	AFTER DB Connection Close
[2024-12-10 12:31:56.261 PM] info: 	BEFORE DB Execution
[2024-12-10 12:31:56.271 PM] info: 	AFTER DB Execution Success
[2024-12-10 12:31:56.271 PM] info: 	BEFORE DB Connection Close
[2024-12-10 12:31:56.287 PM] info: 	AFTER DB Connection Close
[2024-12-10 12:32:26.875 PM] info: 	BEFORE DB Get Connection
[2024-12-10 12:32:26.878 PM] info: 	BEFORE DB Get Connection
[2024-12-10 12:32:26.894 PM] info: 	BEFORE DB Get Connection
[2024-12-10 12:32:26.914 PM] info: 	BEFORE DB Execution
[2024-12-10 12:32:26.916 PM] info: 	AFTER DB Execution Success
[2024-12-10 12:32:26.916 PM] info: 	BEFORE DB Connection Close
[2024-12-10 12:32:26.916 PM] info: 	BEFORE DB Get Connection
[2024-12-10 12:32:26.916 PM] info: 	BEFORE DB Execution
[2024-12-10 12:32:26.918 PM] info: 	AFTER DB Connection Close
[2024-12-10 12:32:26.918 PM] info: 	AFTER DB Execution Success
[2024-12-10 12:32:26.918 PM] info: 	BEFORE DB Connection Close
[2024-12-10 12:32:26.920 PM] info: 	AFTER DB Connection Close
[2024-12-10 12:32:26.929 PM] info: 	BEFORE DB Execution
[2024-12-10 12:32:26.932 PM] info: 	AFTER DB Execution Success
[2024-12-10 12:32:26.932 PM] info: 	BEFORE DB Connection Close
[2024-12-10 12:32:26.932 PM] info: 	BEFORE DB Get Connection
[2024-12-10 12:32:26.934 PM] info: 	AFTER DB Connection Close
[2024-12-10 12:32:26.947 PM] info: 	BEFORE DB Execution
[2024-12-10 12:32:26.965 PM] info: 	AFTER DB Execution Success
[2024-12-10 12:32:26.965 PM] info: 	BEFORE DB Connection Close
[2024-12-10 12:32:26.966 PM] info: 	BEFORE DB Execution
[2024-12-10 12:32:26.972 PM] info: 	AFTER DB Execution Success
[2024-12-10 12:32:26.973 PM] info: 	BEFORE DB Connection Close
[2024-12-10 12:32:26.974 PM] info: 	AFTER DB Connection Close
[2024-12-10 12:32:26.977 PM] info: 	AFTER DB Connection Close
[2024-12-10 12:32:28.821 PM] info: 	BEFORE DB Get Connection
[2024-12-10 12:32:28.823 PM] info: 	BEFORE DB Get Connection
[2024-12-10 12:32:28.852 PM] info: 	BEFORE DB Get Connection
[2024-12-10 12:32:28.903 PM] info: 	BEFORE DB Execution
[2024-12-10 12:32:28.906 PM] info: 	AFTER DB Execution Success
[2024-12-10 12:32:28.906 PM] info: 	BEFORE DB Connection Close
[2024-12-10 12:32:28.907 PM] info: 	BEFORE DB Get Connection
[2024-12-10 12:32:28.907 PM] info: 	BEFORE DB Execution
[2024-12-10 12:32:28.909 PM] info: 	AFTER DB Connection Close
[2024-12-10 12:32:28.909 PM] info: 	BEFORE DB Execution
[2024-12-10 12:32:28.909 PM] info: 	AFTER DB Execution Success
[2024-12-10 12:32:28.909 PM] info: 	BEFORE DB Connection Close
[2024-12-10 12:32:28.909 PM] info: 	BEFORE DB Get Connection
[2024-12-10 12:32:28.910 PM] info: 	AFTER DB Execution Success
[2024-12-10 12:32:28.910 PM] info: 	BEFORE DB Connection Close
[2024-12-10 12:32:28.912 PM] info: 	AFTER DB Connection Close
[2024-12-10 12:32:28.913 PM] info: 	AFTER DB Connection Close
[2024-12-10 12:32:28.934 PM] info: 	BEFORE DB Execution
[2024-12-10 12:32:28.938 PM] info: 	BEFORE DB Execution
[2024-12-10 12:32:28.949 PM] info: 	AFTER DB Execution Success
[2024-12-10 12:32:28.949 PM] info: 	BEFORE DB Connection Close
[2024-12-10 12:32:28.951 PM] info: 	AFTER DB Execution Success
[2024-12-10 12:32:28.952 PM] info: 	BEFORE DB Connection Close
[2024-12-10 12:32:28.954 PM] info: 	AFTER DB Connection Close
[2024-12-10 12:32:28.960 PM] info: 	AFTER DB Connection Close
[2024-12-10 12:33:57.212 PM] info: 	BEFORE DB Get Connection
[2024-12-10 12:33:57.220 PM] info: 	BEFORE DB Get Connection
[2024-12-10 12:33:57.237 PM] info: 	BEFORE DB Get Connection
[2024-12-10 12:33:57.245 PM] info: 	BEFORE DB Execution
[2024-12-10 12:33:57.251 PM] info: 	BEFORE DB Execution
[2024-12-10 12:33:57.252 PM] info: 	AFTER DB Execution Success
[2024-12-10 12:33:57.252 PM] info: 	BEFORE DB Connection Close
[2024-12-10 12:33:57.254 PM] info: 	AFTER DB Execution Success
[2024-12-10 12:33:57.254 PM] info: 	BEFORE DB Connection Close
[2024-12-10 12:33:57.254 PM] info: 	BEFORE DB Get Connection
[2024-12-10 12:33:57.256 PM] info: 	AFTER DB Connection Close
[2024-12-10 12:33:57.259 PM] info: 	AFTER DB Connection Close
[2024-12-10 12:33:57.263 PM] info: 	BEFORE DB Execution
[2024-12-10 12:33:57.265 PM] info: 	AFTER DB Execution Success
[2024-12-10 12:33:57.265 PM] info: 	BEFORE DB Connection Close
[2024-12-10 12:33:57.265 PM] info: 	BEFORE DB Get Connection
[2024-12-10 12:33:57.266 PM] info: 	AFTER DB Connection Close
[2024-12-10 12:33:57.289 PM] info: 	BEFORE DB Execution
[2024-12-10 12:33:57.300 PM] info: 	BEFORE DB Execution
[2024-12-10 12:33:57.304 PM] info: 	AFTER DB Execution Success
[2024-12-10 12:33:57.305 PM] info: 	BEFORE DB Connection Close
[2024-12-10 12:33:57.306 PM] info: 	AFTER DB Execution Success
[2024-12-10 12:33:57.306 PM] info: 	BEFORE DB Connection Close
[2024-12-10 12:33:57.308 PM] info: 	AFTER DB Connection Close
[2024-12-10 12:33:57.310 PM] info: 	AFTER DB Connection Close
[2024-12-10 12:33:59.134 PM] info: 	BEFORE DB Get Connection
[2024-12-10 12:33:59.136 PM] info: 	BEFORE DB Get Connection
[2024-12-10 12:33:59.168 PM] info: 	BEFORE DB Get Connection
[2024-12-10 12:33:59.174 PM] info: 	BEFORE DB Execution
[2024-12-10 12:33:59.175 PM] info: 	BEFORE DB Execution
[2024-12-10 12:33:59.175 PM] info: 	AFTER DB Execution Success
[2024-12-10 12:33:59.175 PM] info: 	BEFORE DB Connection Close
[2024-12-10 12:33:59.178 PM] info: 	AFTER DB Execution Success
[2024-12-10 12:33:59.178 PM] info: 	BEFORE DB Connection Close
[2024-12-10 12:33:59.178 PM] info: 	BEFORE DB Get Connection
[2024-12-10 12:33:59.182 PM] info: 	AFTER DB Connection Close
[2024-12-10 12:33:59.189 PM] info: 	AFTER DB Connection Close
[2024-12-10 12:33:59.209 PM] info: 	BEFORE DB Execution
[2024-12-10 12:33:59.210 PM] info: 	BEFORE DB Execution
[2024-12-10 12:33:59.213 PM] info: 	AFTER DB Execution Success
[2024-12-10 12:33:59.213 PM] info: 	BEFORE DB Connection Close
[2024-12-10 12:33:59.213 PM] info: 	BEFORE DB Get Connection
[2024-12-10 12:33:59.215 PM] info: 	AFTER DB Connection Close
[2024-12-10 12:33:59.225 PM] info: 	AFTER DB Execution Success
[2024-12-10 12:33:59.225 PM] info: 	BEFORE DB Connection Close
[2024-12-10 12:33:59.230 PM] info: 	AFTER DB Connection Close
[2024-12-10 12:33:59.237 PM] info: 	BEFORE DB Execution
[2024-12-10 12:33:59.244 PM] info: 	AFTER DB Execution Success
[2024-12-10 12:33:59.244 PM] info: 	BEFORE DB Connection Close
[2024-12-10 12:33:59.247 PM] info: 	AFTER DB Connection Close
[2024-12-10 12:34:06.780 PM] info: 	BEFORE DB Get Connection
[2024-12-10 12:34:06.786 PM] info: 	BEFORE DB Get Connection
[2024-12-10 12:34:06.807 PM] info: 	BEFORE DB Get Connection
[2024-12-10 12:34:06.827 PM] info: 	BEFORE DB Execution
[2024-12-10 12:34:06.835 PM] info: 	BEFORE DB Execution
[2024-12-10 12:34:06.836 PM] info: 	AFTER DB Execution Success
[2024-12-10 12:34:06.837 PM] info: 	BEFORE DB Connection Close
[2024-12-10 12:34:06.839 PM] info: 	AFTER DB Execution Success
[2024-12-10 12:34:06.839 PM] info: 	BEFORE DB Connection Close
[2024-12-10 12:34:06.839 PM] info: 	BEFORE DB Get Connection
[2024-12-10 12:34:06.841 PM] info: 	AFTER DB Connection Close
[2024-12-10 12:34:06.843 PM] info: 	AFTER DB Connection Close
[2024-12-10 12:34:06.846 PM] info: 	BEFORE DB Execution
[2024-12-10 12:34:06.849 PM] info: 	AFTER DB Execution Success
[2024-12-10 12:34:06.850 PM] info: 	BEFORE DB Connection Close
[2024-12-10 12:34:06.850 PM] info: 	BEFORE DB Get Connection
[2024-12-10 12:34:06.862 PM] info: 	AFTER DB Connection Close
[2024-12-10 12:34:06.887 PM] info: 	BEFORE DB Execution
[2024-12-10 12:34:06.890 PM] info: 	BEFORE DB Execution
[2024-12-10 12:34:06.896 PM] info: 	AFTER DB Execution Success
[2024-12-10 12:34:06.896 PM] info: 	BEFORE DB Connection Close
[2024-12-10 12:34:06.899 PM] info: 	AFTER DB Connection Close
[2024-12-10 12:34:06.902 PM] info: 	AFTER DB Execution Success
[2024-12-10 12:34:06.902 PM] info: 	BEFORE DB Connection Close
[2024-12-10 12:34:06.905 PM] info: 	AFTER DB Connection Close
[2024-12-10 12:34:45.077 PM] error: 	Autentication Failed false
[2024-12-10 12:34:45.084 PM] info: 	Autentication Success
[2024-12-10 12:34:45.084 PM] info: 	BEFORE DB Get Connection
[2024-12-10 12:34:45.117 PM] info: 	BEFORE DB Execution
[2024-12-10 12:34:45.150 PM] info: 	AFTER DB Execution Success
[2024-12-10 12:34:45.150 PM] info: 	BEFORE DB Connection Close
[2024-12-10 12:34:45.151 PM] info: 	BEFORE DB Get Connection
[2024-12-10 12:34:45.154 PM] info: 	AFTER DB Connection Close
[2024-12-10 12:34:45.182 PM] info: 	BEFORE DB Execution
[2024-12-10 12:34:45.216 PM] info: 	AFTER DB Execution Success
[2024-12-10 12:34:45.216 PM] info: 	BEFORE DB Connection Close
[2024-12-10 12:34:45.226 PM] info: 	AFTER DB Connection Close
[2024-12-10 12:34:46.679 PM] info: 	BEFORE DB Get Connection
[2024-12-10 12:34:46.713 PM] info: 	BEFORE DB Execution
[2024-12-10 12:34:46.743 PM] info: 	AFTER DB Execution Success
[2024-12-10 12:34:46.743 PM] info: 	BEFORE DB Connection Close
[2024-12-10 12:34:46.744 PM] info: 	BEFORE DB Get Connection
[2024-12-10 12:34:46.746 PM] info: 	AFTER DB Connection Close
[2024-12-10 12:34:46.767 PM] info: 	BEFORE DB Execution
[2024-12-10 12:34:46.788 PM] info: 	AFTER DB Execution Success
[2024-12-10 12:34:46.788 PM] info: 	BEFORE DB Connection Close
[2024-12-10 12:34:46.788 PM] info: 	BEFORE DB Get Connection
[2024-12-10 12:34:46.791 PM] info: 	AFTER DB Connection Close
[2024-12-10 12:34:46.813 PM] info: 	BEFORE DB Execution
[2024-12-10 12:34:46.814 PM] info: 	AFTER DB Execution Success
[2024-12-10 12:34:46.815 PM] info: 	BEFORE DB Connection Close
[2024-12-10 12:34:46.815 PM] info: 	BEFORE DB Get Connection
[2024-12-10 12:34:46.816 PM] info: 	AFTER DB Connection Close
[2024-12-10 12:34:46.836 PM] info: 	BEFORE DB Execution
[2024-12-10 12:34:46.837 PM] info: 	AFTER DB Execution Success
[2024-12-10 12:34:46.837 PM] info: 	BEFORE DB Connection Close
[2024-12-10 12:34:46.837 PM] info: 	BEFORE DB Get Connection
[2024-12-10 12:34:46.839 PM] info: 	AFTER DB Connection Close
[2024-12-10 12:34:46.864 PM] info: 	BEFORE DB Execution
[2024-12-10 12:34:46.865 PM] info: 	AFTER DB Execution Success
[2024-12-10 12:34:46.865 PM] info: 	BEFORE DB Connection Close
[2024-12-10 12:34:46.865 PM] info: 	BEFORE DB Get Connection
[2024-12-10 12:34:46.867 PM] info: 	AFTER DB Connection Close
[2024-12-10 12:34:46.887 PM] info: 	BEFORE DB Execution
[2024-12-10 12:34:46.889 PM] info: 	AFTER DB Execution Success
[2024-12-10 12:34:46.889 PM] info: 	BEFORE DB Connection Close
[2024-12-10 12:34:46.891 PM] info: 	AFTER DB Connection Close
[2024-12-10 12:34:47.560 PM] info: 	BEFORE DB Get Connection
[2024-12-10 12:34:47.587 PM] info: 	BEFORE DB Execution
[2024-12-10 12:34:47.589 PM] info: 	AFTER DB Execution Success
[2024-12-10 12:34:47.589 PM] info: 	BEFORE DB Connection Close
[2024-12-10 12:34:47.589 PM] info: 	BEFORE DB Get Connection
[2024-12-10 12:34:47.594 PM] info: 	BEFORE DB Get Connection
[2024-12-10 12:34:47.594 PM] info: 	AFTER DB Connection Close
[2024-12-10 12:34:47.613 PM] info: 	BEFORE DB Execution
[2024-12-10 12:34:47.614 PM] info: 	AFTER DB Execution Success
[2024-12-10 12:34:47.614 PM] info: 	BEFORE DB Connection Close
[2024-12-10 12:34:47.615 PM] info: 	BEFORE DB Get Connection
[2024-12-10 12:34:47.616 PM] info: 	AFTER DB Connection Close
[2024-12-10 12:34:47.617 PM] info: 	BEFORE DB Execution
[2024-12-10 12:34:47.618 PM] info: 	AFTER DB Execution Success
[2024-12-10 12:34:47.618 PM] info: 	BEFORE DB Connection Close
[2024-12-10 12:34:47.618 PM] info: 	BEFORE DB Get Connection
[2024-12-10 12:34:47.619 PM] info: 	AFTER DB Connection Close
[2024-12-10 12:34:47.637 PM] info: 	BEFORE DB Execution
[2024-12-10 12:34:47.639 PM] info: 	BEFORE DB Execution
[2024-12-10 12:34:47.641 PM] info: 	AFTER DB Execution Success
[2024-12-10 12:34:47.641 PM] info: 	BEFORE DB Connection Close
[2024-12-10 12:34:47.642 PM] info: 	BEFORE DB Get Connection
[2024-12-10 12:34:47.645 PM] info: 	AFTER DB Connection Close
[2024-12-10 12:34:47.676 PM] info: 	BEFORE DB Execution
[2024-12-10 12:34:47.694 PM] info: 	AFTER DB Execution Success
[2024-12-10 12:34:47.694 PM] info: 	BEFORE DB Connection Close
[2024-12-10 12:34:47.694 PM] info: 	BEFORE DB Get Connection
[2024-12-10 12:34:47.697 PM] info: 	AFTER DB Connection Close
[2024-12-10 12:34:47.716 PM] info: 	AFTER DB Execution Success
[2024-12-10 12:34:47.716 PM] info: 	BEFORE DB Connection Close
[2024-12-10 12:34:47.716 PM] info: 	BEFORE DB Get Connection
[2024-12-10 12:34:47.718 PM] info: 	AFTER DB Connection Close
[2024-12-10 12:34:47.735 PM] info: 	BEFORE DB Execution
[2024-12-10 12:34:47.737 PM] info: 	AFTER DB Execution Success
[2024-12-10 12:34:47.738 PM] info: 	BEFORE DB Connection Close
[2024-12-10 12:34:47.738 PM] info: 	BEFORE DB Get Connection
[2024-12-10 12:34:47.740 PM] info: 	AFTER DB Connection Close
[2024-12-10 12:34:47.744 PM] info: 	BEFORE DB Execution
[2024-12-10 12:34:47.762 PM] info: 	BEFORE DB Execution
[2024-12-10 12:34:47.814 PM] info: 	AFTER DB Execution Success
[2024-12-10 12:34:47.814 PM] info: 	BEFORE DB Connection Close
[2024-12-10 12:34:47.814 PM] info: 	BEFORE DB Get Connection
[2024-12-10 12:34:47.817 PM] info: 	AFTER DB Connection Close
[2024-12-10 12:34:47.826 PM] info: 	AFTER DB Execution Success
[2024-12-10 12:34:47.826 PM] info: 	BEFORE DB Connection Close
[2024-12-10 12:34:47.826 PM] info: 	BEFORE DB Get Connection
[2024-12-10 12:34:47.829 PM] info: 	AFTER DB Connection Close
[2024-12-10 12:34:47.836 PM] info: 	BEFORE DB Execution
[2024-12-10 12:34:47.839 PM] info: 	AFTER DB Execution Success
[2024-12-10 12:34:47.839 PM] info: 	BEFORE DB Connection Close
[2024-12-10 12:34:47.841 PM] info: 	AFTER DB Connection Close
[2024-12-10 12:34:47.850 PM] info: 	BEFORE DB Execution
[2024-12-10 12:34:47.851 PM] info: 	AFTER DB Execution Success
[2024-12-10 12:34:47.852 PM] info: 	BEFORE DB Connection Close
[2024-12-10 12:34:47.852 PM] info: 	BEFORE DB Get Connection
[2024-12-10 12:34:47.854 PM] info: 	AFTER DB Connection Close
[2024-12-10 12:34:47.880 PM] info: 	BEFORE DB Execution
[2024-12-10 12:34:48.037 PM] info: 	AFTER DB Execution Success
[2024-12-10 12:34:48.037 PM] info: 	BEFORE DB Connection Close
[2024-12-10 12:34:48.037 PM] info: 	BEFORE DB Get Connection
[2024-12-10 12:34:48.039 PM] info: 	AFTER DB Connection Close
[2024-12-10 12:34:48.061 PM] info: 	BEFORE DB Execution
[2024-12-10 12:34:48.063 PM] info: 	AFTER DB Execution Success
[2024-12-10 12:34:48.063 PM] info: 	BEFORE DB Connection Close
[2024-12-10 12:34:48.081 PM] info: 	AFTER DB Connection Close
[2024-12-10 12:34:48.226 PM] info: 	BEFORE DB Get Connection
[2024-12-10 12:34:48.256 PM] info: 	BEFORE DB Execution
[2024-12-10 12:34:48.257 PM] info: 	AFTER DB Execution Success
[2024-12-10 12:34:48.257 PM] info: 	BEFORE DB Connection Close
[2024-12-10 12:34:48.257 PM] info: 	BEFORE DB Get Connection
[2024-12-10 12:34:48.259 PM] info: 	AFTER DB Connection Close
[2024-12-10 12:34:48.282 PM] info: 	BEFORE DB Execution
[2024-12-10 12:34:48.285 PM] info: 	AFTER DB Execution Success
[2024-12-10 12:34:48.285 PM] info: 	BEFORE DB Connection Close
[2024-12-10 12:34:48.285 PM] info: 	BEFORE DB Get Connection
[2024-12-10 12:34:48.287 PM] info: 	AFTER DB Connection Close
[2024-12-10 12:34:48.315 PM] info: 	BEFORE DB Execution
[2024-12-10 12:34:48.320 PM] info: 	AFTER DB Execution Success
[2024-12-10 12:34:48.321 PM] info: 	BEFORE DB Connection Close
[2024-12-10 12:34:48.321 PM] info: 	BEFORE DB Get Connection
[2024-12-10 12:34:48.323 PM] info: 	AFTER DB Connection Close
[2024-12-10 12:34:48.352 PM] info: 	BEFORE DB Execution
[2024-12-10 12:34:48.354 PM] info: 	AFTER DB Execution Success
[2024-12-10 12:34:48.354 PM] info: 	BEFORE DB Connection Close
[2024-12-10 12:34:48.354 PM] info: 	BEFORE DB Get Connection
[2024-12-10 12:34:48.357 PM] info: 	AFTER DB Connection Close
[2024-12-10 12:34:48.385 PM] info: 	BEFORE DB Execution
[2024-12-10 12:34:48.412 PM] info: 	AFTER DB Execution Success
[2024-12-10 12:34:48.413 PM] info: 	BEFORE DB Connection Close
[2024-12-10 12:34:48.413 PM] info: 	BEFORE DB Get Connection
[2024-12-10 12:34:48.415 PM] info: 	AFTER DB Connection Close
[2024-12-10 12:34:48.436 PM] info: 	BEFORE DB Execution
[2024-12-10 12:34:48.438 PM] info: 	AFTER DB Execution Success
[2024-12-10 12:34:48.438 PM] info: 	BEFORE DB Connection Close
[2024-12-10 12:34:48.440 PM] info: 	AFTER DB Connection Close
[2024-12-10 12:34:49.696 PM] info: 	BEFORE DB Get Connection
[2024-12-10 12:34:49.697 PM] info: 	BEFORE DB Get Connection
[2024-12-10 12:34:49.720 PM] info: 	BEFORE DB Get Connection
[2024-12-10 12:34:49.721 PM] info: 	BEFORE DB Execution
[2024-12-10 12:34:49.722 PM] info: 	AFTER DB Execution Success
[2024-12-10 12:34:49.722 PM] info: 	BEFORE DB Connection Close
[2024-12-10 12:34:49.725 PM] info: 	AFTER DB Connection Close
[2024-12-10 12:34:49.731 PM] info: 	BEFORE DB Execution
[2024-12-10 12:34:49.733 PM] info: 	AFTER DB Execution Success
[2024-12-10 12:34:49.733 PM] info: 	BEFORE DB Connection Close
[2024-12-10 12:34:49.733 PM] info: 	BEFORE DB Get Connection
[2024-12-10 12:34:49.735 PM] info: 	AFTER DB Connection Close
[2024-12-10 12:34:49.746 PM] info: 	BEFORE DB Execution
[2024-12-10 12:34:49.748 PM] info: 	AFTER DB Execution Success
[2024-12-10 12:34:49.748 PM] info: 	BEFORE DB Connection Close
[2024-12-10 12:34:49.748 PM] info: 	BEFORE DB Get Connection
[2024-12-10 12:34:49.750 PM] info: 	AFTER DB Connection Close
[2024-12-10 12:34:49.754 PM] info: 	BEFORE DB Execution
[2024-12-10 12:34:49.769 PM] info: 	AFTER DB Execution Success
[2024-12-10 12:34:49.769 PM] info: 	BEFORE DB Connection Close
[2024-12-10 12:34:49.771 PM] info: 	AFTER DB Connection Close
[2024-12-10 12:34:49.785 PM] info: 	BEFORE DB Execution
[2024-12-10 12:34:49.791 PM] info: 	AFTER DB Execution Success
[2024-12-10 12:34:49.791 PM] info: 	BEFORE DB Connection Close
[2024-12-10 12:34:49.793 PM] info: 	AFTER DB Connection Close
