[2024-04-30 08:48:59.935 AM] info: 	DB Initialized
[2024-04-30 08:51:03.073 AM] error: 	Autentication Failed false
[2024-04-30 08:51:03.178 AM] info: 	Autentication Success
[2024-04-30 08:51:03.178 AM] info: 	BEFORE DB Get Connection
[2024-04-30 08:51:03.731 AM] info: 	BEFORE DB Execution
[2024-04-30 08:51:03.854 AM] info: 	AFTER DB Execution Success
[2024-04-30 08:51:03.855 AM] info: 	BEFORE DB Connection Close
[2024-04-30 08:51:03.856 AM] info: 	BEFORE DB Get Connection
[2024-04-30 08:51:03.867 AM] info: 	AFTER DB Connection Close
[2024-04-30 08:51:04.005 AM] info: 	BEFORE DB Execution
[2024-04-30 08:51:04.016 AM] info: 	AFTER DB Execution Success
[2024-04-30 08:51:04.017 AM] info: 	BEFORE DB Connection Close
[2024-04-30 08:51:04.018 AM] info: 	BEFORE DB Get Connection
[2024-04-30 08:51:04.026 AM] info: 	AFTER DB Connection Close
[2024-04-30 08:51:04.156 AM] info: 	BEFORE DB Execution
[2024-04-30 08:51:04.166 AM] info: 	AFTER DB Execution Success
[2024-04-30 08:51:04.166 AM] info: 	BEFORE DB Connection Close
[2024-04-30 08:51:04.166 AM] info: 	BEFORE DB Get Connection
[2024-04-30 08:51:04.174 AM] info: 	AFTER DB Connection Close
[2024-04-30 08:51:04.270 AM] info: 	BEFORE DB Execution
[2024-04-30 08:51:04.313 AM] info: 	AFTER DB Execution Success
[2024-04-30 08:51:04.314 AM] info: 	BEFORE DB Connection Close
[2024-04-30 08:51:04.345 AM] info: 	AFTER DB Connection Close
[2024-04-30 08:51:04.477 AM] info: 	BEFORE DB Get Connection
[2024-04-30 08:51:04.593 AM] info: 	BEFORE DB Execution
[2024-04-30 08:51:04.613 AM] info: 	AFTER DB Execution Success
[2024-04-30 08:51:04.613 AM] info: 	BEFORE DB Connection Close
[2024-04-30 08:51:04.614 AM] info: 	BEFORE DB Get Connection
[2024-04-30 08:51:04.623 AM] info: 	AFTER DB Connection Close
[2024-04-30 08:51:04.715 AM] info: 	BEFORE DB Execution
[2024-04-30 08:51:04.759 AM] info: 	AFTER DB Execution Success
[2024-04-30 08:51:04.759 AM] info: 	BEFORE DB Connection Close
[2024-04-30 08:51:04.759 AM] info: 	BEFORE DB Get Connection
[2024-04-30 08:51:04.769 AM] info: 	AFTER DB Connection Close
[2024-04-30 08:51:04.907 AM] info: 	BEFORE DB Execution
[2024-04-30 08:51:04.914 AM] info: 	AFTER DB Execution Success
[2024-04-30 08:51:04.914 AM] info: 	BEFORE DB Connection Close
[2024-04-30 08:51:04.923 AM] info: 	AFTER DB Connection Close
[2024-04-30 08:51:07.179 AM] info: 	BEFORE DB Get Connection
[2024-04-30 08:51:07.280 AM] info: 	BEFORE DB Execution
[2024-04-30 08:51:07.404 AM] info: 	AFTER DB Execution Success
[2024-04-30 08:51:07.404 AM] info: 	BEFORE DB Connection Close
[2024-04-30 08:51:07.413 AM] info: 	AFTER DB Connection Close
[2024-04-30 08:51:27.007 AM] info: 	DB Initialized
[2024-04-30 08:51:46.660 AM] info: 	BEFORE DB Get Connection
[2024-04-30 08:51:47.036 AM] info: 	BEFORE DB Execution
[2024-04-30 08:51:47.122 AM] info: 	AFTER DB Execution Success
[2024-04-30 08:51:47.122 AM] info: 	BEFORE DB Connection Close
[2024-04-30 08:51:47.143 AM] info: 	AFTER DB Connection Close
[2024-04-30 08:59:52.753 AM] info: 	BEFORE DB Get Connection
[2024-04-30 08:59:53.393 AM] info: 	BEFORE DB Execution
[2024-04-30 08:59:53.458 AM] info: 	AFTER DB Execution Success
[2024-04-30 08:59:53.459 AM] info: 	BEFORE DB Connection Close
[2024-04-30 08:59:53.473 AM] info: 	AFTER DB Connection Close
