[2024-07-29 06:07:09.222 PM] info: 	DB Initialized
[2024-07-29 06:10:04.628 PM] info: 	DB Initialized
[2024-07-29 06:10:13.642 PM] error: 	Autentication Failed false
[2024-07-29 06:10:13.701 PM] info: 	Autentication Success
[2024-07-29 06:10:13.702 PM] info: 	BEFORE DB Get Connection
[2024-07-29 06:10:13.857 PM] info: 	BEFORE DB Execution
[2024-07-29 06:10:13.892 PM] info: 	AFTER DB Execution Success
[2024-07-29 06:10:13.893 PM] info: 	BEFORE DB Connection Close
[2024-07-29 06:10:13.894 PM] info: 	BEFORE DB Get Connection
[2024-07-29 06:10:13.898 PM] info: 	AFTER DB Connection Close
[2024-07-29 06:10:13.935 PM] info: 	BEFORE DB Execution
[2024-07-29 06:10:13.937 PM] info: 	AFTER DB Execution Success
[2024-07-29 06:10:13.938 PM] info: 	BEFORE DB Connection Close
[2024-07-29 06:10:13.939 PM] info: 	BEFORE DB Get Connection
[2024-07-29 06:10:13.941 PM] info: 	AFTER DB Connection Close
[2024-07-29 06:10:13.971 PM] info: 	BEFORE DB Execution
[2024-07-29 06:10:14.023 PM] info: 	AFTER DB Execution Success
[2024-07-29 06:10:14.023 PM] info: 	BEFORE DB Connection Close
[2024-07-29 06:10:14.042 PM] info: 	AFTER DB Connection Close
[2024-07-29 06:10:15.438 PM] info: 	BEFORE DB Get Connection
[2024-07-29 06:10:15.485 PM] info: 	BEFORE DB Execution
[2024-07-29 06:10:15.510 PM] info: 	AFTER DB Execution Success
[2024-07-29 06:10:15.510 PM] info: 	BEFORE DB Connection Close
[2024-07-29 06:10:15.510 PM] info: 	BEFORE DB Get Connection
[2024-07-29 06:10:15.513 PM] info: 	AFTER DB Connection Close
[2024-07-29 06:10:15.533 PM] info: 	BEFORE DB Execution
[2024-07-29 06:10:15.568 PM] info: 	AFTER DB Execution Success
[2024-07-29 06:10:15.568 PM] info: 	BEFORE DB Connection Close
[2024-07-29 06:10:15.568 PM] info: 	BEFORE DB Get Connection
[2024-07-29 06:10:15.570 PM] info: 	AFTER DB Connection Close
[2024-07-29 06:10:15.593 PM] info: 	BEFORE DB Execution
[2024-07-29 06:10:15.595 PM] info: 	AFTER DB Execution Success
[2024-07-29 06:10:15.596 PM] info: 	BEFORE DB Connection Close
[2024-07-29 06:10:15.596 PM] info: 	BEFORE DB Get Connection
[2024-07-29 06:10:15.598 PM] info: 	AFTER DB Connection Close
[2024-07-29 06:10:15.620 PM] info: 	BEFORE DB Execution
[2024-07-29 06:10:15.622 PM] info: 	AFTER DB Execution Success
[2024-07-29 06:10:15.622 PM] info: 	BEFORE DB Connection Close
[2024-07-29 06:10:15.625 PM] info: 	AFTER DB Connection Close
[2024-07-29 06:10:53.027 PM] info: 	DB Initialized
[2024-07-29 06:10:59.053 PM] error: 	Autentication Failed false
[2024-07-29 06:10:59.096 PM] info: 	Autentication Success
[2024-07-29 06:10:59.097 PM] info: 	BEFORE DB Get Connection
[2024-07-29 06:10:59.237 PM] info: 	BEFORE DB Execution
[2024-07-29 06:10:59.270 PM] info: 	AFTER DB Execution Success
[2024-07-29 06:10:59.271 PM] info: 	BEFORE DB Connection Close
[2024-07-29 06:10:59.272 PM] info: 	BEFORE DB Get Connection
[2024-07-29 06:10:59.276 PM] info: 	AFTER DB Connection Close
[2024-07-29 06:10:59.310 PM] info: 	BEFORE DB Execution
[2024-07-29 06:10:59.313 PM] info: 	AFTER DB Execution Success
[2024-07-29 06:10:59.313 PM] info: 	BEFORE DB Connection Close
[2024-07-29 06:10:59.314 PM] info: 	BEFORE DB Get Connection
[2024-07-29 06:10:59.316 PM] info: 	AFTER DB Connection Close
[2024-07-29 06:10:59.355 PM] info: 	BEFORE DB Execution
[2024-07-29 06:10:59.404 PM] info: 	AFTER DB Execution Success
[2024-07-29 06:10:59.404 PM] info: 	BEFORE DB Connection Close
[2024-07-29 06:10:59.420 PM] info: 	AFTER DB Connection Close
[2024-07-29 06:11:00.344 PM] info: 	BEFORE DB Get Connection
[2024-07-29 06:11:00.382 PM] info: 	BEFORE DB Execution
[2024-07-29 06:11:00.406 PM] info: 	AFTER DB Execution Success
[2024-07-29 06:11:00.407 PM] info: 	BEFORE DB Connection Close
[2024-07-29 06:11:00.407 PM] info: 	BEFORE DB Get Connection
[2024-07-29 06:11:00.409 PM] info: 	AFTER DB Connection Close
[2024-07-29 06:11:00.443 PM] info: 	BEFORE DB Execution
[2024-07-29 06:11:00.477 PM] info: 	AFTER DB Execution Success
[2024-07-29 06:11:00.477 PM] info: 	BEFORE DB Connection Close
[2024-07-29 06:11:00.477 PM] info: 	BEFORE DB Get Connection
[2024-07-29 06:11:00.479 PM] info: 	AFTER DB Connection Close
[2024-07-29 06:11:00.500 PM] info: 	BEFORE DB Execution
[2024-07-29 06:11:00.501 PM] info: 	AFTER DB Execution Success
[2024-07-29 06:11:00.502 PM] info: 	BEFORE DB Connection Close
[2024-07-29 06:11:00.502 PM] info: 	BEFORE DB Get Connection
[2024-07-29 06:11:00.504 PM] info: 	AFTER DB Connection Close
[2024-07-29 06:11:00.530 PM] info: 	BEFORE DB Execution
[2024-07-29 06:11:00.532 PM] info: 	AFTER DB Execution Success
[2024-07-29 06:11:00.533 PM] info: 	BEFORE DB Connection Close
[2024-07-29 06:11:00.537 PM] info: 	AFTER DB Connection Close
[2024-07-29 06:11:21.454 PM] info: 	DB Initialized
[2024-07-29 06:11:25.611 PM] info: 	BEFORE DB Get Connection
[2024-07-29 06:11:25.749 PM] info: 	BEFORE DB Execution
[2024-07-29 06:11:25.790 PM] info: 	AFTER DB Execution Success
[2024-07-29 06:11:25.791 PM] info: 	BEFORE DB Connection Close
[2024-07-29 06:11:25.791 PM] info: 	BEFORE DB Get Connection
[2024-07-29 06:11:25.794 PM] info: 	AFTER DB Connection Close
[2024-07-29 06:11:25.834 PM] info: 	BEFORE DB Execution
[2024-07-29 06:11:25.861 PM] info: 	AFTER DB Execution Success
[2024-07-29 06:11:25.861 PM] info: 	BEFORE DB Connection Close
[2024-07-29 06:11:25.861 PM] info: 	BEFORE DB Get Connection
[2024-07-29 06:11:25.863 PM] info: 	AFTER DB Connection Close
[2024-07-29 06:11:25.918 PM] info: 	BEFORE DB Execution
[2024-07-29 06:11:25.924 PM] info: 	AFTER DB Execution Success
[2024-07-29 06:11:25.924 PM] info: 	BEFORE DB Connection Close
[2024-07-29 06:11:25.925 PM] info: 	BEFORE DB Get Connection
[2024-07-29 06:11:25.927 PM] info: 	AFTER DB Connection Close
[2024-07-29 06:11:25.948 PM] info: 	BEFORE DB Execution
[2024-07-29 06:11:25.950 PM] info: 	AFTER DB Execution Success
[2024-07-29 06:11:25.950 PM] info: 	BEFORE DB Connection Close
[2024-07-29 06:11:25.953 PM] info: 	AFTER DB Connection Close
[2024-07-29 06:12:21.366 PM] info: 	BEFORE DB Get Connection
[2024-07-29 06:12:21.406 PM] info: 	BEFORE DB Execution
[2024-07-29 06:12:21.456 PM] info: 	AFTER DB Execution Success
[2024-07-29 06:12:21.456 PM] info: 	BEFORE DB Connection Close
[2024-07-29 06:12:21.456 PM] info: 	BEFORE DB Get Connection
[2024-07-29 06:12:21.475 PM] info: 	AFTER DB Connection Close
[2024-07-29 06:12:21.519 PM] info: 	BEFORE DB Execution
[2024-07-29 06:12:21.598 PM] info: 	AFTER DB Execution Success
[2024-07-29 06:12:21.598 PM] info: 	BEFORE DB Connection Close
[2024-07-29 06:12:21.598 PM] info: 	BEFORE DB Get Connection
[2024-07-29 06:12:21.601 PM] info: 	AFTER DB Connection Close
[2024-07-29 06:12:21.636 PM] info: 	BEFORE DB Execution
[2024-07-29 06:12:21.638 PM] info: 	AFTER DB Execution Success
[2024-07-29 06:12:21.638 PM] info: 	BEFORE DB Connection Close
[2024-07-29 06:12:21.639 PM] info: 	BEFORE DB Get Connection
[2024-07-29 06:12:21.640 PM] info: 	AFTER DB Connection Close
[2024-07-29 06:12:21.679 PM] info: 	BEFORE DB Execution
[2024-07-29 06:12:21.681 PM] info: 	AFTER DB Execution Success
[2024-07-29 06:12:21.681 PM] info: 	BEFORE DB Connection Close
[2024-07-29 06:12:21.683 PM] info: 	AFTER DB Connection Close
[2024-07-29 06:14:13.756 PM] info: 	BEFORE DB Get Connection
[2024-07-29 06:14:13.783 PM] info: 	BEFORE DB Execution
[2024-07-29 06:14:13.858 PM] info: 	AFTER DB Execution Success
[2024-07-29 06:14:13.858 PM] info: 	BEFORE DB Connection Close
[2024-07-29 06:14:13.858 PM] info: 	BEFORE DB Get Connection
[2024-07-29 06:14:13.861 PM] info: 	AFTER DB Connection Close
[2024-07-29 06:14:13.905 PM] info: 	BEFORE DB Execution
[2024-07-29 06:14:13.938 PM] info: 	AFTER DB Execution Success
[2024-07-29 06:14:13.939 PM] info: 	BEFORE DB Connection Close
[2024-07-29 06:14:13.939 PM] info: 	BEFORE DB Get Connection
[2024-07-29 06:14:13.941 PM] info: 	AFTER DB Connection Close
[2024-07-29 06:14:13.963 PM] info: 	BEFORE DB Execution
[2024-07-29 06:14:13.965 PM] info: 	AFTER DB Execution Success
[2024-07-29 06:14:13.965 PM] info: 	BEFORE DB Connection Close
[2024-07-29 06:14:13.965 PM] info: 	BEFORE DB Get Connection
[2024-07-29 06:14:13.967 PM] info: 	AFTER DB Connection Close
[2024-07-29 06:14:13.999 PM] info: 	BEFORE DB Execution
[2024-07-29 06:14:14.002 PM] info: 	AFTER DB Execution Success
[2024-07-29 06:14:14.002 PM] info: 	BEFORE DB Connection Close
[2024-07-29 06:14:14.004 PM] info: 	AFTER DB Connection Close
[2024-07-29 06:14:48.694 PM] info: 	BEFORE DB Get Connection
[2024-07-29 06:14:48.722 PM] info: 	BEFORE DB Execution
[2024-07-29 06:14:48.780 PM] info: 	AFTER DB Execution Success
[2024-07-29 06:14:48.780 PM] info: 	BEFORE DB Connection Close
[2024-07-29 06:14:48.780 PM] info: 	BEFORE DB Get Connection
[2024-07-29 06:14:48.783 PM] info: 	AFTER DB Connection Close
[2024-07-29 06:14:48.806 PM] info: 	BEFORE DB Execution
[2024-07-29 06:14:48.880 PM] info: 	AFTER DB Execution Success
[2024-07-29 06:14:48.880 PM] info: 	BEFORE DB Connection Close
[2024-07-29 06:14:48.880 PM] info: 	BEFORE DB Get Connection
[2024-07-29 06:14:48.882 PM] info: 	AFTER DB Connection Close
[2024-07-29 06:14:48.907 PM] info: 	BEFORE DB Execution
[2024-07-29 06:14:48.910 PM] info: 	AFTER DB Execution Success
[2024-07-29 06:14:48.910 PM] info: 	BEFORE DB Connection Close
[2024-07-29 06:14:48.910 PM] info: 	BEFORE DB Get Connection
[2024-07-29 06:14:48.912 PM] info: 	AFTER DB Connection Close
[2024-07-29 06:14:48.940 PM] info: 	BEFORE DB Execution
[2024-07-29 06:14:48.942 PM] info: 	AFTER DB Execution Success
[2024-07-29 06:14:48.943 PM] info: 	BEFORE DB Connection Close
[2024-07-29 06:14:48.945 PM] info: 	AFTER DB Connection Close
[2024-07-29 06:15:20.721 PM] info: 	BEFORE DB Get Connection
[2024-07-29 06:15:20.749 PM] info: 	BEFORE DB Execution
[2024-07-29 06:15:20.795 PM] info: 	AFTER DB Execution Success
[2024-07-29 06:15:20.795 PM] info: 	BEFORE DB Connection Close
[2024-07-29 06:15:20.795 PM] info: 	BEFORE DB Get Connection
[2024-07-29 06:15:20.797 PM] info: 	AFTER DB Connection Close
[2024-07-29 06:15:20.819 PM] info: 	BEFORE DB Execution
[2024-07-29 06:15:20.878 PM] info: 	AFTER DB Execution Success
[2024-07-29 06:15:20.879 PM] info: 	BEFORE DB Connection Close
[2024-07-29 06:15:20.879 PM] info: 	BEFORE DB Get Connection
[2024-07-29 06:15:20.882 PM] info: 	AFTER DB Connection Close
[2024-07-29 06:15:20.913 PM] info: 	BEFORE DB Execution
[2024-07-29 06:15:20.917 PM] info: 	AFTER DB Execution Success
[2024-07-29 06:15:20.917 PM] info: 	BEFORE DB Connection Close
[2024-07-29 06:15:20.917 PM] info: 	BEFORE DB Get Connection
[2024-07-29 06:15:20.920 PM] info: 	AFTER DB Connection Close
[2024-07-29 06:15:20.944 PM] info: 	BEFORE DB Execution
[2024-07-29 06:15:20.947 PM] info: 	AFTER DB Execution Success
[2024-07-29 06:15:20.947 PM] info: 	BEFORE DB Connection Close
[2024-07-29 06:15:20.950 PM] info: 	AFTER DB Connection Close
[2024-07-29 06:15:32.826 PM] info: 	BEFORE DB Get Connection
[2024-07-29 06:15:32.876 PM] info: 	BEFORE DB Execution
[2024-07-29 06:15:32.903 PM] info: 	AFTER DB Execution Success
[2024-07-29 06:15:32.903 PM] info: 	BEFORE DB Connection Close
[2024-07-29 06:15:32.903 PM] info: 	BEFORE DB Get Connection
[2024-07-29 06:15:32.906 PM] info: 	AFTER DB Connection Close
[2024-07-29 06:15:32.929 PM] info: 	BEFORE DB Execution
[2024-07-29 06:15:32.955 PM] info: 	AFTER DB Execution Success
[2024-07-29 06:15:32.955 PM] info: 	BEFORE DB Connection Close
[2024-07-29 06:15:32.955 PM] info: 	BEFORE DB Get Connection
[2024-07-29 06:15:32.957 PM] info: 	AFTER DB Connection Close
[2024-07-29 06:15:33.021 PM] info: 	BEFORE DB Execution
[2024-07-29 06:15:33.023 PM] info: 	AFTER DB Execution Success
[2024-07-29 06:15:33.023 PM] info: 	BEFORE DB Connection Close
[2024-07-29 06:15:33.023 PM] info: 	BEFORE DB Get Connection
[2024-07-29 06:15:33.026 PM] info: 	AFTER DB Connection Close
[2024-07-29 06:15:33.051 PM] info: 	BEFORE DB Execution
[2024-07-29 06:15:33.053 PM] info: 	AFTER DB Execution Success
[2024-07-29 06:15:33.053 PM] info: 	BEFORE DB Connection Close
[2024-07-29 06:15:33.056 PM] info: 	AFTER DB Connection Close
[2024-07-29 06:15:41.824 PM] error: 	Autentication Failed false
[2024-07-29 06:15:41.851 PM] info: 	Autentication Success
[2024-07-29 06:15:41.851 PM] info: 	BEFORE DB Get Connection
[2024-07-29 06:15:41.880 PM] info: 	BEFORE DB Execution
[2024-07-29 06:15:41.911 PM] info: 	AFTER DB Execution Success
[2024-07-29 06:15:41.911 PM] info: 	BEFORE DB Connection Close
[2024-07-29 06:15:41.911 PM] info: 	BEFORE DB Get Connection
[2024-07-29 06:15:41.914 PM] info: 	AFTER DB Connection Close
[2024-07-29 06:15:41.938 PM] info: 	BEFORE DB Execution
[2024-07-29 06:15:41.940 PM] info: 	AFTER DB Execution Success
[2024-07-29 06:15:41.940 PM] info: 	BEFORE DB Connection Close
[2024-07-29 06:15:41.940 PM] info: 	BEFORE DB Get Connection
[2024-07-29 06:15:41.944 PM] info: 	AFTER DB Connection Close
[2024-07-29 06:15:41.980 PM] info: 	BEFORE DB Execution
[2024-07-29 06:15:42.018 PM] info: 	AFTER DB Execution Success
[2024-07-29 06:15:42.018 PM] info: 	BEFORE DB Connection Close
[2024-07-29 06:15:42.030 PM] info: 	AFTER DB Connection Close
[2024-07-29 06:16:33.574 PM] error: 	Autentication Failed false
[2024-07-29 06:16:33.595 PM] info: 	Autentication Success
[2024-07-29 06:16:33.595 PM] info: 	BEFORE DB Get Connection
[2024-07-29 06:16:33.627 PM] info: 	BEFORE DB Execution
[2024-07-29 06:16:33.658 PM] info: 	AFTER DB Execution Success
[2024-07-29 06:16:33.658 PM] info: 	BEFORE DB Connection Close
[2024-07-29 06:16:33.658 PM] info: 	BEFORE DB Get Connection
[2024-07-29 06:16:33.661 PM] info: 	AFTER DB Connection Close
[2024-07-29 06:16:33.687 PM] info: 	BEFORE DB Execution
[2024-07-29 06:16:33.689 PM] info: 	AFTER DB Execution Success
[2024-07-29 06:16:33.689 PM] info: 	BEFORE DB Connection Close
[2024-07-29 06:16:33.689 PM] info: 	BEFORE DB Get Connection
[2024-07-29 06:16:33.691 PM] info: 	AFTER DB Connection Close
[2024-07-29 06:16:33.715 PM] info: 	BEFORE DB Execution
[2024-07-29 06:16:33.877 PM] info: 	AFTER DB Execution Success
[2024-07-29 06:16:33.877 PM] info: 	BEFORE DB Connection Close
[2024-07-29 06:16:33.886 PM] info: 	AFTER DB Connection Close
[2024-07-29 06:16:36.825 PM] info: 	BEFORE DB Get Connection
[2024-07-29 06:16:36.854 PM] info: 	BEFORE DB Execution
[2024-07-29 06:16:37.027 PM] info: 	AFTER DB Execution Success
[2024-07-29 06:16:37.027 PM] info: 	BEFORE DB Connection Close
[2024-07-29 06:16:37.027 PM] info: 	BEFORE DB Get Connection
[2024-07-29 06:16:37.029 PM] info: 	AFTER DB Connection Close
[2024-07-29 06:16:37.051 PM] info: 	BEFORE DB Execution
[2024-07-29 06:16:37.192 PM] info: 	AFTER DB Execution Success
[2024-07-29 06:16:37.192 PM] info: 	BEFORE DB Connection Close
[2024-07-29 06:16:37.193 PM] info: 	BEFORE DB Get Connection
[2024-07-29 06:16:37.208 PM] info: 	AFTER DB Connection Close
[2024-07-29 06:16:37.233 PM] info: 	BEFORE DB Execution
[2024-07-29 06:16:37.235 PM] info: 	AFTER DB Execution Success
[2024-07-29 06:16:37.235 PM] info: 	BEFORE DB Connection Close
[2024-07-29 06:16:37.236 PM] info: 	BEFORE DB Get Connection
[2024-07-29 06:16:37.238 PM] info: 	AFTER DB Connection Close
[2024-07-29 06:16:37.279 PM] info: 	BEFORE DB Execution
[2024-07-29 06:16:37.281 PM] info: 	AFTER DB Execution Success
[2024-07-29 06:16:37.282 PM] info: 	BEFORE DB Connection Close
[2024-07-29 06:16:37.284 PM] info: 	AFTER DB Connection Close
