[2024-12-10 09:15:02.518 AM] info: 	DB Initialized
[2024-12-10 09:16:09.791 AM] error: 	Autentication Failed false
[2024-12-10 09:16:09.816 AM] info: 	Autentication Success
[2024-12-10 09:16:09.817 AM] info: 	BEFORE DB Get Connection
[2024-12-10 09:16:10.011 AM] info: 	BEFORE DB Execution
[2024-12-10 09:16:10.086 AM] info: 	AFTER DB Execution Success
[2024-12-10 09:16:10.086 AM] info: 	BEFORE DB Connection Close
[2024-12-10 09:16:10.087 AM] info: 	BEFORE DB Get Connection
[2024-12-10 09:16:10.092 AM] info: 	AFTER DB Connection Close
[2024-12-10 09:16:10.134 AM] info: 	BEFORE DB Execution
[2024-12-10 09:16:10.192 AM] info: 	AFTER DB Execution Success
[2024-12-10 09:16:10.192 AM] info: 	BEFORE DB Connection Close
[2024-12-10 09:16:10.202 AM] info: 	AFTER DB Connection Close
[2024-12-10 09:16:11.559 AM] info: 	BEFORE DB Get Connection
[2024-12-10 09:16:11.637 AM] info: 	BEFORE DB Execution
[2024-12-10 09:16:11.728 AM] info: 	AFTER DB Execution Success
[2024-12-10 09:16:11.729 AM] info: 	BEFORE DB Connection Close
[2024-12-10 09:16:11.729 AM] info: 	BEFORE DB Get Connection
[2024-12-10 09:16:11.731 AM] info: 	AFTER DB Connection Close
[2024-12-10 09:16:11.753 AM] info: 	BEFORE DB Execution
[2024-12-10 09:16:11.791 AM] info: 	AFTER DB Execution Success
[2024-12-10 09:16:11.791 AM] info: 	BEFORE DB Connection Close
[2024-12-10 09:16:11.791 AM] info: 	BEFORE DB Get Connection
[2024-12-10 09:16:11.794 AM] info: 	AFTER DB Connection Close
[2024-12-10 09:16:11.830 AM] info: 	BEFORE DB Execution
[2024-12-10 09:16:11.836 AM] info: 	AFTER DB Execution Success
[2024-12-10 09:16:11.836 AM] info: 	BEFORE DB Connection Close
[2024-12-10 09:16:11.836 AM] info: 	BEFORE DB Get Connection
[2024-12-10 09:16:11.843 AM] info: 	AFTER DB Connection Close
[2024-12-10 09:16:11.865 AM] info: 	BEFORE DB Execution
[2024-12-10 09:16:11.867 AM] info: 	AFTER DB Execution Success
[2024-12-10 09:16:11.868 AM] info: 	BEFORE DB Connection Close
[2024-12-10 09:16:11.868 AM] info: 	BEFORE DB Get Connection
[2024-12-10 09:16:11.871 AM] info: 	AFTER DB Connection Close
[2024-12-10 09:16:11.901 AM] info: 	BEFORE DB Execution
[2024-12-10 09:16:11.904 AM] info: 	AFTER DB Execution Success
[2024-12-10 09:16:11.904 AM] info: 	BEFORE DB Connection Close
[2024-12-10 09:16:11.905 AM] info: 	BEFORE DB Get Connection
[2024-12-10 09:16:11.910 AM] info: 	AFTER DB Connection Close
[2024-12-10 09:16:11.947 AM] info: 	BEFORE DB Execution
[2024-12-10 09:16:11.970 AM] info: 	AFTER DB Execution Success
[2024-12-10 09:16:11.970 AM] info: 	BEFORE DB Connection Close
[2024-12-10 09:16:11.975 AM] info: 	AFTER DB Connection Close
[2024-12-10 09:16:18.235 AM] info: 	BEFORE DB Get Connection
[2024-12-10 09:16:18.270 AM] info: 	BEFORE DB Get Connection
[2024-12-10 09:16:18.271 AM] info: 	BEFORE DB Execution
[2024-12-10 09:16:18.275 AM] info: 	AFTER DB Execution Success
[2024-12-10 09:16:18.275 AM] info: 	BEFORE DB Connection Close
[2024-12-10 09:16:18.276 AM] info: 	BEFORE DB Get Connection
[2024-12-10 09:16:18.278 AM] info: 	AFTER DB Connection Close
[2024-12-10 09:16:18.299 AM] info: 	BEFORE DB Execution
[2024-12-10 09:16:18.301 AM] info: 	AFTER DB Execution Success
[2024-12-10 09:16:18.301 AM] info: 	BEFORE DB Connection Close
[2024-12-10 09:16:18.302 AM] info: 	BEFORE DB Get Connection
[2024-12-10 09:16:18.303 AM] info: 	BEFORE DB Execution
[2024-12-10 09:16:18.311 AM] info: 	AFTER DB Connection Close
[2024-12-10 09:16:18.311 AM] info: 	AFTER DB Execution Success
[2024-12-10 09:16:18.311 AM] info: 	BEFORE DB Connection Close
[2024-12-10 09:16:18.311 AM] info: 	BEFORE DB Get Connection
[2024-12-10 09:16:18.313 AM] info: 	AFTER DB Connection Close
[2024-12-10 09:16:18.334 AM] info: 	BEFORE DB Execution
[2024-12-10 09:16:18.337 AM] info: 	AFTER DB Execution Success
[2024-12-10 09:16:18.338 AM] info: 	BEFORE DB Connection Close
[2024-12-10 09:16:18.338 AM] info: 	BEFORE DB Get Connection
[2024-12-10 09:16:18.340 AM] info: 	AFTER DB Connection Close
[2024-12-10 09:16:18.342 AM] info: 	BEFORE DB Execution
[2024-12-10 09:16:18.381 AM] info: 	BEFORE DB Execution
[2024-12-10 09:16:18.402 AM] info: 	AFTER DB Execution Success
[2024-12-10 09:16:18.402 AM] info: 	BEFORE DB Connection Close
[2024-12-10 09:16:18.402 AM] info: 	BEFORE DB Get Connection
[2024-12-10 09:16:18.405 AM] info: 	AFTER DB Connection Close
[2024-12-10 09:16:18.427 AM] info: 	AFTER DB Execution Success
[2024-12-10 09:16:18.427 AM] info: 	BEFORE DB Connection Close
[2024-12-10 09:16:18.428 AM] info: 	BEFORE DB Get Connection
[2024-12-10 09:16:18.437 AM] info: 	AFTER DB Connection Close
[2024-12-10 09:16:18.440 AM] info: 	BEFORE DB Execution
[2024-12-10 09:16:18.447 AM] info: 	AFTER DB Execution Success
[2024-12-10 09:16:18.448 AM] info: 	BEFORE DB Connection Close
[2024-12-10 09:16:18.448 AM] info: 	BEFORE DB Get Connection
[2024-12-10 09:16:18.450 AM] info: 	AFTER DB Connection Close
[2024-12-10 09:16:18.473 AM] info: 	BEFORE DB Execution
[2024-12-10 09:16:18.473 AM] info: 	BEFORE DB Execution
[2024-12-10 09:16:18.508 AM] info: 	AFTER DB Execution Success
[2024-12-10 09:16:18.508 AM] info: 	BEFORE DB Connection Close
[2024-12-10 09:16:18.508 AM] info: 	BEFORE DB Get Connection
[2024-12-10 09:16:18.510 AM] info: 	AFTER DB Connection Close
[2024-12-10 09:16:18.533 AM] info: 	BEFORE DB Execution
[2024-12-10 09:16:18.538 AM] info: 	AFTER DB Execution Success
[2024-12-10 09:16:18.539 AM] info: 	BEFORE DB Connection Close
[2024-12-10 09:16:18.542 AM] info: 	AFTER DB Connection Close
[2024-12-10 09:16:18.562 AM] info: 	AFTER DB Execution Success
[2024-12-10 09:16:18.562 AM] info: 	BEFORE DB Connection Close
[2024-12-10 09:16:18.562 AM] info: 	BEFORE DB Get Connection
[2024-12-10 09:16:18.565 AM] info: 	AFTER DB Connection Close
[2024-12-10 09:16:18.600 AM] info: 	BEFORE DB Execution
[2024-12-10 09:16:18.605 AM] info: 	AFTER DB Execution Success
[2024-12-10 09:16:18.605 AM] info: 	BEFORE DB Connection Close
[2024-12-10 09:16:18.606 AM] info: 	BEFORE DB Get Connection
[2024-12-10 09:16:18.608 AM] info: 	AFTER DB Connection Close
[2024-12-10 09:16:18.636 AM] info: 	BEFORE DB Execution
[2024-12-10 09:16:18.768 AM] info: 	AFTER DB Execution Success
[2024-12-10 09:16:18.769 AM] info: 	BEFORE DB Connection Close
[2024-12-10 09:16:18.769 AM] info: 	BEFORE DB Get Connection
[2024-12-10 09:16:18.771 AM] info: 	AFTER DB Connection Close
[2024-12-10 09:16:18.804 AM] info: 	BEFORE DB Execution
[2024-12-10 09:16:18.808 AM] info: 	AFTER DB Execution Success
[2024-12-10 09:16:18.809 AM] info: 	BEFORE DB Connection Close
[2024-12-10 09:16:18.826 AM] info: 	AFTER DB Connection Close
[2024-12-10 09:16:18.995 AM] info: 	BEFORE DB Get Connection
[2024-12-10 09:16:19.028 AM] info: 	BEFORE DB Execution
[2024-12-10 09:16:19.029 AM] info: 	AFTER DB Execution Success
[2024-12-10 09:16:19.029 AM] info: 	BEFORE DB Connection Close
[2024-12-10 09:16:19.029 AM] info: 	BEFORE DB Get Connection
[2024-12-10 09:16:19.039 AM] info: 	AFTER DB Connection Close
[2024-12-10 09:16:19.056 AM] info: 	BEFORE DB Execution
[2024-12-10 09:16:19.059 AM] info: 	AFTER DB Execution Success
[2024-12-10 09:16:19.059 AM] info: 	BEFORE DB Connection Close
[2024-12-10 09:16:19.059 AM] info: 	BEFORE DB Get Connection
[2024-12-10 09:16:19.061 AM] info: 	AFTER DB Connection Close
[2024-12-10 09:16:19.110 AM] info: 	BEFORE DB Execution
[2024-12-10 09:16:19.117 AM] info: 	AFTER DB Execution Success
[2024-12-10 09:16:19.117 AM] info: 	BEFORE DB Connection Close
[2024-12-10 09:16:19.117 AM] info: 	BEFORE DB Get Connection
[2024-12-10 09:16:19.119 AM] info: 	AFTER DB Connection Close
[2024-12-10 09:16:19.140 AM] info: 	BEFORE DB Execution
[2024-12-10 09:16:19.144 AM] info: 	AFTER DB Execution Success
[2024-12-10 09:16:19.144 AM] info: 	BEFORE DB Connection Close
[2024-12-10 09:16:19.144 AM] info: 	BEFORE DB Get Connection
[2024-12-10 09:16:19.146 AM] info: 	AFTER DB Connection Close
[2024-12-10 09:16:19.167 AM] info: 	BEFORE DB Execution
[2024-12-10 09:16:19.201 AM] info: 	AFTER DB Execution Success
[2024-12-10 09:16:19.201 AM] info: 	BEFORE DB Connection Close
[2024-12-10 09:16:19.201 AM] info: 	BEFORE DB Get Connection
[2024-12-10 09:16:19.203 AM] info: 	AFTER DB Connection Close
[2024-12-10 09:16:19.224 AM] info: 	BEFORE DB Execution
[2024-12-10 09:16:19.230 AM] info: 	AFTER DB Execution Success
[2024-12-10 09:16:19.231 AM] info: 	BEFORE DB Connection Close
[2024-12-10 09:16:19.235 AM] info: 	AFTER DB Connection Close
[2024-12-10 09:16:27.591 AM] info: 	BEFORE DB Get Connection
[2024-12-10 09:16:27.594 AM] info: 	BEFORE DB Get Connection
[2024-12-10 09:16:27.615 AM] info: 	BEFORE DB Get Connection
[2024-12-10 09:16:27.627 AM] info: 	BEFORE DB Execution
[2024-12-10 09:16:27.630 AM] info: 	AFTER DB Execution Success
[2024-12-10 09:16:27.630 AM] info: 	BEFORE DB Connection Close
[2024-12-10 09:16:27.633 AM] info: 	BEFORE DB Execution
[2024-12-10 09:16:27.641 AM] info: 	BEFORE DB Get Connection
[2024-12-10 09:16:27.643 AM] info: 	AFTER DB Connection Close
[2024-12-10 09:16:27.645 AM] info: 	AFTER DB Execution Success
[2024-12-10 09:16:27.645 AM] info: 	BEFORE DB Connection Close
[2024-12-10 09:16:27.645 AM] info: 	BEFORE DB Get Connection
[2024-12-10 09:16:27.648 AM] info: 	AFTER DB Connection Close
[2024-12-10 09:16:27.652 AM] info: 	BEFORE DB Execution
[2024-12-10 09:16:27.654 AM] info: 	AFTER DB Execution Success
[2024-12-10 09:16:27.654 AM] info: 	BEFORE DB Connection Close
[2024-12-10 09:16:27.654 AM] info: 	BEFORE DB Get Connection
[2024-12-10 09:16:27.658 AM] info: 	AFTER DB Connection Close
[2024-12-10 09:16:27.671 AM] info: 	BEFORE DB Execution
[2024-12-10 09:16:27.674 AM] info: 	AFTER DB Execution Success
[2024-12-10 09:16:27.675 AM] info: 	BEFORE DB Connection Close
[2024-12-10 09:16:27.675 AM] info: 	BEFORE DB Get Connection
[2024-12-10 09:16:27.677 AM] info: 	AFTER DB Connection Close
[2024-12-10 09:16:27.686 AM] info: 	BEFORE DB Execution
[2024-12-10 09:16:27.687 AM] info: 	BEFORE DB Execution
[2024-12-10 09:16:27.693 AM] info: 	AFTER DB Execution Success
[2024-12-10 09:16:27.693 AM] info: 	BEFORE DB Connection Close
[2024-12-10 09:16:27.695 AM] info: 	AFTER DB Connection Close
[2024-12-10 09:16:27.698 AM] info: 	BEFORE DB Execution
[2024-12-10 09:16:27.701 AM] info: 	AFTER DB Execution Success
[2024-12-10 09:16:27.701 AM] info: 	BEFORE DB Connection Close
[2024-12-10 09:16:27.704 AM] info: 	AFTER DB Connection Close
[2024-12-10 09:16:27.709 AM] info: 	AFTER DB Execution Success
[2024-12-10 09:16:27.709 AM] info: 	BEFORE DB Connection Close
[2024-12-10 09:16:27.712 AM] info: 	AFTER DB Connection Close
[2024-12-10 09:16:49.882 AM] info: 	BEFORE DB Get Connection
[2024-12-10 09:16:49.910 AM] info: 	BEFORE DB Execution
[2024-12-10 09:16:49.913 AM] info: 	AFTER DB Execution Success
[2024-12-10 09:16:49.913 AM] info: 	BEFORE DB Connection Close
[2024-12-10 09:16:49.920 AM] info: 	BEFORE DB Get Connection
[2024-12-10 09:16:49.921 AM] info: 	AFTER DB Connection Close
[2024-12-10 09:16:49.923 AM] info: 	BEFORE DB Get Connection
[2024-12-10 09:16:49.953 AM] info: 	BEFORE DB Execution
[2024-12-10 09:16:49.954 AM] info: 	BEFORE DB Execution
[2024-12-10 09:16:49.955 AM] info: 	AFTER DB Execution Success
[2024-12-10 09:16:49.955 AM] info: 	BEFORE DB Connection Close
[2024-12-10 09:16:49.958 AM] info: 	AFTER DB Execution Success
[2024-12-10 09:16:49.958 AM] info: 	BEFORE DB Connection Close
[2024-12-10 09:16:49.958 AM] info: 	BEFORE DB Get Connection
[2024-12-10 09:16:49.959 AM] info: 	AFTER DB Connection Close
[2024-12-10 09:16:49.961 AM] info: 	AFTER DB Connection Close
[2024-12-10 09:16:49.968 AM] info: 	BEFORE DB Get Connection
[2024-12-10 09:16:49.984 AM] info: 	BEFORE DB Execution
[2024-12-10 09:16:49.988 AM] info: 	AFTER DB Execution Success
[2024-12-10 09:16:49.988 AM] info: 	BEFORE DB Connection Close
[2024-12-10 09:16:49.996 AM] info: 	BEFORE DB Get Connection
[2024-12-10 09:16:49.997 AM] info: 	AFTER DB Connection Close
[2024-12-10 09:16:49.998 AM] info: 	BEFORE DB Execution
[2024-12-10 09:16:50.002 AM] info: 	AFTER DB Execution Success
[2024-12-10 09:16:50.002 AM] info: 	BEFORE DB Connection Close
[2024-12-10 09:16:50.003 AM] info: 	BEFORE DB Get Connection
[2024-12-10 09:16:50.005 AM] info: 	AFTER DB Connection Close
[2024-12-10 09:16:50.025 AM] info: 	BEFORE DB Execution
[2024-12-10 09:16:50.026 AM] info: 	BEFORE DB Execution
[2024-12-10 09:16:50.028 AM] info: 	AFTER DB Execution Success
[2024-12-10 09:16:50.029 AM] info: 	BEFORE DB Connection Close
[2024-12-10 09:16:50.030 AM] info: 	AFTER DB Execution Success
[2024-12-10 09:16:50.030 AM] info: 	BEFORE DB Connection Close
[2024-12-10 09:16:50.030 AM] info: 	BEFORE DB Get Connection
[2024-12-10 09:16:50.031 AM] info: 	AFTER DB Connection Close
[2024-12-10 09:16:50.033 AM] info: 	AFTER DB Connection Close
[2024-12-10 09:16:50.055 AM] info: 	BEFORE DB Execution
[2024-12-10 09:16:50.075 AM] info: 	AFTER DB Execution Success
[2024-12-10 09:16:50.076 AM] info: 	BEFORE DB Connection Close
[2024-12-10 09:16:50.079 AM] info: 	AFTER DB Connection Close
[2024-12-10 09:16:57.150 AM] info: 	BEFORE DB Get Connection
[2024-12-10 09:16:57.177 AM] info: 	BEFORE DB Execution
[2024-12-10 09:16:57.181 AM] info: 	AFTER DB Execution Success
[2024-12-10 09:16:57.181 AM] info: 	BEFORE DB Connection Close
[2024-12-10 09:16:57.181 AM] info: 	BEFORE DB Get Connection
[2024-12-10 09:16:57.184 AM] info: 	AFTER DB Connection Close
[2024-12-10 09:16:57.206 AM] info: 	BEFORE DB Execution
[2024-12-10 09:16:57.223 AM] info: 	AFTER DB Execution Success
[2024-12-10 09:16:57.223 AM] info: 	BEFORE DB Connection Close
[2024-12-10 09:16:57.233 AM] info: 	AFTER DB Connection Close
[2024-12-10 09:22:33.829 AM] info: 	BEFORE DB Get Connection
[2024-12-10 09:22:33.861 AM] info: 	BEFORE DB Get Connection
[2024-12-10 09:22:33.865 AM] info: 	BEFORE DB Get Connection
[2024-12-10 09:22:33.885 AM] info: 	BEFORE DB Execution
[2024-12-10 09:22:33.889 AM] info: 	AFTER DB Execution Success
[2024-12-10 09:22:33.889 AM] info: 	BEFORE DB Connection Close
[2024-12-10 09:22:33.889 AM] info: 	BEFORE DB Get Connection
[2024-12-10 09:22:33.894 AM] info: 	AFTER DB Connection Close
[2024-12-10 09:22:33.932 AM] info: 	BEFORE DB Get Connection
[2024-12-10 09:22:33.940 AM] info: 	BEFORE DB Execution
[2024-12-10 09:22:33.940 AM] info: 	BEFORE DB Execution
[2024-12-10 09:22:33.941 AM] info: 	AFTER DB Execution Success
[2024-12-10 09:22:33.941 AM] info: 	BEFORE DB Connection Close
[2024-12-10 09:22:33.946 AM] info: 	BEFORE DB Execution
[2024-12-10 09:22:33.949 AM] info: 	AFTER DB Execution Success
[2024-12-10 09:22:33.949 AM] info: 	BEFORE DB Connection Close
[2024-12-10 09:22:33.949 AM] info: 	BEFORE DB Get Connection
[2024-12-10 09:22:33.956 AM] info: 	AFTER DB Connection Close
[2024-12-10 09:22:33.956 AM] info: 	AFTER DB Execution Success
[2024-12-10 09:22:33.956 AM] info: 	BEFORE DB Connection Close
[2024-12-10 09:22:33.957 AM] info: 	BEFORE DB Get Connection
[2024-12-10 09:22:33.957 AM] info: 	AFTER DB Connection Close
[2024-12-10 09:22:33.959 AM] info: 	AFTER DB Connection Close
[2024-12-10 09:22:33.981 AM] info: 	BEFORE DB Execution
[2024-12-10 09:22:33.983 AM] info: 	BEFORE DB Execution
[2024-12-10 09:22:33.984 AM] info: 	AFTER DB Execution Success
[2024-12-10 09:22:33.985 AM] info: 	BEFORE DB Connection Close
[2024-12-10 09:22:33.987 AM] info: 	AFTER DB Execution Success
[2024-12-10 09:22:33.987 AM] info: 	BEFORE DB Connection Close
[2024-12-10 09:22:33.987 AM] info: 	BEFORE DB Get Connection
[2024-12-10 09:22:33.989 AM] info: 	AFTER DB Connection Close
[2024-12-10 09:22:34.002 AM] info: 	AFTER DB Connection Close
[2024-12-10 09:22:34.009 AM] info: 	BEFORE DB Execution
[2024-12-10 09:22:34.066 AM] info: 	BEFORE DB Execution
[2024-12-10 09:22:34.068 AM] info: 	AFTER DB Execution Success
[2024-12-10 09:22:34.069 AM] info: 	BEFORE DB Connection Close
[2024-12-10 09:22:34.073 AM] info: 	AFTER DB Connection Close
[2024-12-10 09:22:34.080 AM] info: 	AFTER DB Execution Success
[2024-12-10 09:22:34.080 AM] info: 	BEFORE DB Connection Close
[2024-12-10 09:22:34.081 AM] info: 	BEFORE DB Get Connection
[2024-12-10 09:22:34.082 AM] info: 	AFTER DB Connection Close
[2024-12-10 09:22:34.123 AM] info: 	BEFORE DB Execution
[2024-12-10 09:22:34.210 AM] info: 	AFTER DB Execution Success
[2024-12-10 09:22:34.210 AM] info: 	BEFORE DB Connection Close
[2024-12-10 09:22:34.210 AM] info: 	BEFORE DB Get Connection
[2024-12-10 09:22:34.212 AM] info: 	AFTER DB Connection Close
[2024-12-10 09:22:34.243 AM] info: 	BEFORE DB Execution
[2024-12-10 09:22:34.246 AM] info: 	AFTER DB Execution Success
[2024-12-10 09:22:34.246 AM] info: 	BEFORE DB Connection Close
[2024-12-10 09:22:34.246 AM] info: 	BEFORE DB Get Connection
[2024-12-10 09:22:34.248 AM] info: 	AFTER DB Connection Close
[2024-12-10 09:22:34.277 AM] info: 	BEFORE DB Execution
[2024-12-10 09:22:34.475 AM] info: 	AFTER DB Execution Success
[2024-12-10 09:22:34.475 AM] info: 	BEFORE DB Connection Close
[2024-12-10 09:22:34.475 AM] info: 	BEFORE DB Get Connection
[2024-12-10 09:22:34.477 AM] info: 	AFTER DB Connection Close
[2024-12-10 09:22:34.514 AM] info: 	BEFORE DB Execution
[2024-12-10 09:22:34.516 AM] info: 	AFTER DB Execution Success
[2024-12-10 09:22:34.516 AM] info: 	BEFORE DB Connection Close
[2024-12-10 09:22:34.546 AM] info: 	AFTER DB Connection Close
[2024-12-10 09:33:54.765 AM] error: 	Autentication Failed false
[2024-12-10 09:33:54.797 AM] info: 	Autentication Success
[2024-12-10 09:33:54.797 AM] info: 	BEFORE DB Get Connection
[2024-12-10 09:33:54.840 AM] info: 	BEFORE DB Execution
[2024-12-10 09:33:54.877 AM] info: 	AFTER DB Execution Success
[2024-12-10 09:33:54.877 AM] info: 	BEFORE DB Connection Close
[2024-12-10 09:33:54.877 AM] info: 	BEFORE DB Get Connection
[2024-12-10 09:33:54.880 AM] info: 	AFTER DB Connection Close
[2024-12-10 09:33:54.902 AM] info: 	BEFORE DB Execution
[2024-12-10 09:33:54.971 AM] info: 	AFTER DB Execution Success
[2024-12-10 09:33:54.971 AM] info: 	BEFORE DB Connection Close
[2024-12-10 09:33:54.976 AM] info: 	AFTER DB Connection Close
[2024-12-10 09:33:59.711 AM] info: 	BEFORE DB Get Connection
[2024-12-10 09:33:59.739 AM] info: 	BEFORE DB Execution
[2024-12-10 09:33:59.780 AM] info: 	AFTER DB Execution Success
[2024-12-10 09:33:59.780 AM] info: 	BEFORE DB Connection Close
[2024-12-10 09:33:59.781 AM] info: 	BEFORE DB Get Connection
[2024-12-10 09:33:59.782 AM] info: 	AFTER DB Connection Close
[2024-12-10 09:33:59.806 AM] info: 	BEFORE DB Execution
[2024-12-10 09:33:59.822 AM] info: 	AFTER DB Execution Success
[2024-12-10 09:33:59.823 AM] info: 	BEFORE DB Connection Close
[2024-12-10 09:33:59.823 AM] info: 	BEFORE DB Get Connection
[2024-12-10 09:33:59.832 AM] info: 	AFTER DB Connection Close
[2024-12-10 09:33:59.857 AM] info: 	BEFORE DB Execution
[2024-12-10 09:33:59.859 AM] info: 	AFTER DB Execution Success
[2024-12-10 09:33:59.859 AM] info: 	BEFORE DB Connection Close
[2024-12-10 09:33:59.859 AM] info: 	BEFORE DB Get Connection
[2024-12-10 09:33:59.861 AM] info: 	AFTER DB Connection Close
[2024-12-10 09:33:59.900 AM] info: 	BEFORE DB Execution
[2024-12-10 09:33:59.901 AM] info: 	AFTER DB Execution Success
[2024-12-10 09:33:59.902 AM] info: 	BEFORE DB Connection Close
[2024-12-10 09:33:59.902 AM] info: 	BEFORE DB Get Connection
[2024-12-10 09:33:59.903 AM] info: 	AFTER DB Connection Close
[2024-12-10 09:33:59.925 AM] info: 	BEFORE DB Execution
[2024-12-10 09:33:59.927 AM] info: 	AFTER DB Execution Success
[2024-12-10 09:33:59.927 AM] info: 	BEFORE DB Connection Close
[2024-12-10 09:33:59.927 AM] info: 	BEFORE DB Get Connection
[2024-12-10 09:33:59.930 AM] info: 	AFTER DB Connection Close
[2024-12-10 09:33:59.953 AM] info: 	BEFORE DB Execution
[2024-12-10 09:33:59.955 AM] info: 	AFTER DB Execution Success
[2024-12-10 09:33:59.955 AM] info: 	BEFORE DB Connection Close
[2024-12-10 09:33:59.957 AM] info: 	AFTER DB Connection Close
[2024-12-10 09:34:00.507 AM] info: 	BEFORE DB Get Connection
[2024-12-10 09:34:00.534 AM] info: 	BEFORE DB Execution
[2024-12-10 09:34:00.574 AM] info: 	AFTER DB Execution Success
[2024-12-10 09:34:00.575 AM] info: 	BEFORE DB Connection Close
[2024-12-10 09:34:00.575 AM] info: 	BEFORE DB Get Connection
[2024-12-10 09:34:00.580 AM] info: 	AFTER DB Connection Close
[2024-12-10 09:34:00.613 AM] info: 	BEFORE DB Execution
[2024-12-10 09:34:00.635 AM] info: 	AFTER DB Execution Success
[2024-12-10 09:34:00.636 AM] info: 	BEFORE DB Connection Close
[2024-12-10 09:34:00.636 AM] info: 	BEFORE DB Get Connection
[2024-12-10 09:34:00.640 AM] info: 	AFTER DB Connection Close
[2024-12-10 09:34:00.667 AM] info: 	BEFORE DB Execution
[2024-12-10 09:34:00.669 AM] info: 	AFTER DB Execution Success
[2024-12-10 09:34:00.669 AM] info: 	BEFORE DB Connection Close
[2024-12-10 09:34:00.669 AM] info: 	BEFORE DB Get Connection
[2024-12-10 09:34:00.671 AM] info: 	AFTER DB Connection Close
[2024-12-10 09:34:00.694 AM] info: 	BEFORE DB Execution
[2024-12-10 09:34:00.698 AM] info: 	AFTER DB Execution Success
[2024-12-10 09:34:00.698 AM] info: 	BEFORE DB Connection Close
[2024-12-10 09:34:00.699 AM] info: 	BEFORE DB Get Connection
[2024-12-10 09:34:00.702 AM] info: 	AFTER DB Connection Close
[2024-12-10 09:34:00.724 AM] info: 	BEFORE DB Execution
[2024-12-10 09:34:00.725 AM] info: 	AFTER DB Execution Success
[2024-12-10 09:34:00.725 AM] info: 	BEFORE DB Connection Close
[2024-12-10 09:34:00.726 AM] info: 	BEFORE DB Get Connection
[2024-12-10 09:34:00.728 AM] info: 	AFTER DB Connection Close
[2024-12-10 09:34:00.764 AM] info: 	BEFORE DB Execution
[2024-12-10 09:34:00.766 AM] info: 	AFTER DB Execution Success
[2024-12-10 09:34:00.767 AM] info: 	BEFORE DB Connection Close
[2024-12-10 09:34:00.770 AM] info: 	AFTER DB Connection Close
[2024-12-10 09:34:02.158 AM] info: 	BEFORE DB Get Connection
[2024-12-10 09:34:02.185 AM] info: 	BEFORE DB Execution
[2024-12-10 09:34:02.187 AM] info: 	AFTER DB Execution Success
[2024-12-10 09:34:02.187 AM] info: 	BEFORE DB Connection Close
[2024-12-10 09:34:02.187 AM] info: 	BEFORE DB Get Connection
[2024-12-10 09:34:02.190 AM] info: 	AFTER DB Connection Close
[2024-12-10 09:34:02.198 AM] info: 	BEFORE DB Get Connection
[2024-12-10 09:34:02.212 AM] info: 	BEFORE DB Execution
[2024-12-10 09:34:02.214 AM] info: 	AFTER DB Execution Success
[2024-12-10 09:34:02.214 AM] info: 	BEFORE DB Connection Close
[2024-12-10 09:34:02.214 AM] info: 	BEFORE DB Get Connection
[2024-12-10 09:34:02.216 AM] info: 	AFTER DB Connection Close
[2024-12-10 09:34:02.222 AM] info: 	BEFORE DB Execution
[2024-12-10 09:34:02.223 AM] info: 	AFTER DB Execution Success
[2024-12-10 09:34:02.224 AM] info: 	BEFORE DB Connection Close
[2024-12-10 09:34:02.224 AM] info: 	BEFORE DB Get Connection
[2024-12-10 09:34:02.225 AM] info: 	AFTER DB Connection Close
[2024-12-10 09:34:02.240 AM] info: 	BEFORE DB Execution
[2024-12-10 09:34:02.246 AM] info: 	BEFORE DB Execution
[2024-12-10 09:34:02.248 AM] info: 	AFTER DB Execution Success
[2024-12-10 09:34:02.249 AM] info: 	BEFORE DB Connection Close
[2024-12-10 09:34:02.249 AM] info: 	BEFORE DB Get Connection
[2024-12-10 09:34:02.251 AM] info: 	AFTER DB Connection Close
[2024-12-10 09:34:02.271 AM] info: 	BEFORE DB Execution
[2024-12-10 09:34:02.296 AM] info: 	AFTER DB Execution Success
[2024-12-10 09:34:02.297 AM] info: 	BEFORE DB Connection Close
[2024-12-10 09:34:02.297 AM] info: 	BEFORE DB Get Connection
[2024-12-10 09:34:02.299 AM] info: 	AFTER DB Connection Close
[2024-12-10 09:34:02.309 AM] info: 	AFTER DB Execution Success
[2024-12-10 09:34:02.309 AM] info: 	BEFORE DB Connection Close
[2024-12-10 09:34:02.309 AM] info: 	BEFORE DB Get Connection
[2024-12-10 09:34:02.312 AM] info: 	AFTER DB Connection Close
[2024-12-10 09:34:02.329 AM] info: 	BEFORE DB Execution
[2024-12-10 09:34:02.334 AM] info: 	BEFORE DB Execution
[2024-12-10 09:34:02.343 AM] info: 	AFTER DB Execution Success
[2024-12-10 09:34:02.343 AM] info: 	BEFORE DB Connection Close
[2024-12-10 09:34:02.343 AM] info: 	BEFORE DB Get Connection
[2024-12-10 09:34:02.346 AM] info: 	AFTER DB Connection Close
[2024-12-10 09:34:02.371 AM] info: 	BEFORE DB Execution
[2024-12-10 09:34:02.421 AM] info: 	AFTER DB Execution Success
[2024-12-10 09:34:02.421 AM] info: 	BEFORE DB Connection Close
[2024-12-10 09:34:02.421 AM] info: 	BEFORE DB Get Connection
[2024-12-10 09:34:02.423 AM] info: 	AFTER DB Connection Close
[2024-12-10 09:34:02.432 AM] info: 	AFTER DB Execution Success
[2024-12-10 09:34:02.432 AM] info: 	BEFORE DB Connection Close
[2024-12-10 09:34:02.432 AM] info: 	BEFORE DB Get Connection
[2024-12-10 09:34:02.434 AM] info: 	AFTER DB Connection Close
[2024-12-10 09:34:02.446 AM] info: 	BEFORE DB Execution
[2024-12-10 09:34:02.449 AM] info: 	AFTER DB Execution Success
[2024-12-10 09:34:02.449 AM] info: 	BEFORE DB Connection Close
[2024-12-10 09:34:02.449 AM] info: 	BEFORE DB Get Connection
[2024-12-10 09:34:02.452 AM] info: 	AFTER DB Connection Close
[2024-12-10 09:34:02.457 AM] info: 	BEFORE DB Execution
[2024-12-10 09:34:02.464 AM] info: 	AFTER DB Execution Success
[2024-12-10 09:34:02.465 AM] info: 	BEFORE DB Connection Close
[2024-12-10 09:34:02.467 AM] info: 	AFTER DB Connection Close
[2024-12-10 09:34:02.474 AM] info: 	BEFORE DB Execution
[2024-12-10 09:34:02.611 AM] info: 	AFTER DB Execution Success
[2024-12-10 09:34:02.611 AM] info: 	BEFORE DB Connection Close
[2024-12-10 09:34:02.611 AM] info: 	BEFORE DB Get Connection
[2024-12-10 09:34:02.615 AM] info: 	AFTER DB Connection Close
[2024-12-10 09:34:02.638 AM] info: 	BEFORE DB Execution
[2024-12-10 09:34:02.640 AM] info: 	AFTER DB Execution Success
[2024-12-10 09:34:02.640 AM] info: 	BEFORE DB Connection Close
[2024-12-10 09:34:02.657 AM] info: 	AFTER DB Connection Close
[2024-12-10 09:34:02.838 AM] info: 	BEFORE DB Get Connection
[2024-12-10 09:34:02.863 AM] info: 	BEFORE DB Execution
[2024-12-10 09:34:02.864 AM] info: 	AFTER DB Execution Success
[2024-12-10 09:34:02.864 AM] info: 	BEFORE DB Connection Close
[2024-12-10 09:34:02.864 AM] info: 	BEFORE DB Get Connection
[2024-12-10 09:34:02.866 AM] info: 	AFTER DB Connection Close
[2024-12-10 09:34:02.890 AM] info: 	BEFORE DB Execution
[2024-12-10 09:34:02.892 AM] info: 	AFTER DB Execution Success
[2024-12-10 09:34:02.892 AM] info: 	BEFORE DB Connection Close
[2024-12-10 09:34:02.892 AM] info: 	BEFORE DB Get Connection
[2024-12-10 09:34:02.894 AM] info: 	AFTER DB Connection Close
[2024-12-10 09:34:02.917 AM] info: 	BEFORE DB Execution
[2024-12-10 09:34:02.924 AM] info: 	AFTER DB Execution Success
[2024-12-10 09:34:02.925 AM] info: 	BEFORE DB Connection Close
[2024-12-10 09:34:02.925 AM] info: 	BEFORE DB Get Connection
[2024-12-10 09:34:02.927 AM] info: 	AFTER DB Connection Close
[2024-12-10 09:34:02.949 AM] info: 	BEFORE DB Execution
[2024-12-10 09:34:02.951 AM] info: 	AFTER DB Execution Success
[2024-12-10 09:34:02.951 AM] info: 	BEFORE DB Connection Close
[2024-12-10 09:34:02.951 AM] info: 	BEFORE DB Get Connection
[2024-12-10 09:34:02.954 AM] info: 	AFTER DB Connection Close
[2024-12-10 09:34:02.975 AM] info: 	BEFORE DB Execution
[2024-12-10 09:34:03.011 AM] info: 	AFTER DB Execution Success
[2024-12-10 09:34:03.012 AM] info: 	BEFORE DB Connection Close
[2024-12-10 09:34:03.012 AM] info: 	BEFORE DB Get Connection
[2024-12-10 09:34:03.015 AM] info: 	AFTER DB Connection Close
[2024-12-10 09:34:03.037 AM] info: 	BEFORE DB Execution
[2024-12-10 09:34:03.039 AM] info: 	AFTER DB Execution Success
[2024-12-10 09:34:03.039 AM] info: 	BEFORE DB Connection Close
[2024-12-10 09:34:03.042 AM] info: 	AFTER DB Connection Close
[2024-12-10 09:34:04.554 AM] info: 	BEFORE DB Get Connection
[2024-12-10 09:34:04.556 AM] info: 	BEFORE DB Get Connection
[2024-12-10 09:34:04.595 AM] info: 	BEFORE DB Get Connection
[2024-12-10 09:34:04.596 AM] info: 	BEFORE DB Execution
[2024-12-10 09:34:04.598 AM] info: 	AFTER DB Execution Success
[2024-12-10 09:34:04.599 AM] info: 	BEFORE DB Connection Close
[2024-12-10 09:34:04.599 AM] info: 	BEFORE DB Get Connection
[2024-12-10 09:34:04.599 AM] info: 	BEFORE DB Execution
[2024-12-10 09:34:04.601 AM] info: 	AFTER DB Connection Close
[2024-12-10 09:34:04.604 AM] info: 	AFTER DB Execution Success
[2024-12-10 09:34:04.604 AM] info: 	BEFORE DB Connection Close
[2024-12-10 09:34:04.607 AM] info: 	AFTER DB Connection Close
[2024-12-10 09:34:04.624 AM] info: 	BEFORE DB Execution
[2024-12-10 09:34:04.628 AM] info: 	BEFORE DB Get Connection
[2024-12-10 09:34:04.628 AM] info: 	BEFORE DB Execution
[2024-12-10 09:34:04.630 AM] info: 	AFTER DB Execution Success
[2024-12-10 09:34:04.630 AM] info: 	BEFORE DB Connection Close
[2024-12-10 09:34:04.630 AM] info: 	BEFORE DB Get Connection
[2024-12-10 09:34:04.631 AM] info: 	AFTER DB Execution Success
[2024-12-10 09:34:04.631 AM] info: 	BEFORE DB Connection Close
[2024-12-10 09:34:04.632 AM] info: 	AFTER DB Connection Close
[2024-12-10 09:34:04.634 AM] info: 	AFTER DB Connection Close
[2024-12-10 09:34:04.656 AM] info: 	BEFORE DB Execution
[2024-12-10 09:34:04.656 AM] info: 	BEFORE DB Execution
[2024-12-10 09:34:04.658 AM] info: 	AFTER DB Execution Success
[2024-12-10 09:34:04.658 AM] info: 	BEFORE DB Connection Close
[2024-12-10 09:34:04.658 AM] info: 	BEFORE DB Get Connection
[2024-12-10 09:34:04.658 AM] info: 	AFTER DB Execution Success
[2024-12-10 09:34:04.658 AM] info: 	BEFORE DB Connection Close
[2024-12-10 09:34:04.660 AM] info: 	AFTER DB Connection Close
[2024-12-10 09:34:04.661 AM] info: 	AFTER DB Connection Close
[2024-12-10 09:34:04.691 AM] info: 	BEFORE DB Execution
[2024-12-10 09:34:04.693 AM] info: 	AFTER DB Execution Success
[2024-12-10 09:34:04.694 AM] info: 	BEFORE DB Connection Close
[2024-12-10 09:34:04.697 AM] info: 	AFTER DB Connection Close
[2024-12-10 09:34:50.990 AM] info: 	BEFORE DB Get Connection
[2024-12-10 09:34:51.032 AM] info: 	BEFORE DB Get Connection
[2024-12-10 09:34:51.040 AM] info: 	BEFORE DB Get Connection
[2024-12-10 09:34:51.044 AM] info: 	BEFORE DB Execution
[2024-12-10 09:34:51.050 AM] info: 	AFTER DB Execution Success
[2024-12-10 09:34:51.050 AM] info: 	BEFORE DB Connection Close
[2024-12-10 09:34:51.051 AM] info: 	BEFORE DB Get Connection
[2024-12-10 09:34:51.060 AM] info: 	BEFORE DB Get Connection
[2024-12-10 09:34:51.062 AM] info: 	AFTER DB Connection Close
[2024-12-10 09:34:51.073 AM] info: 	BEFORE DB Execution
[2024-12-10 09:34:51.075 AM] info: 	AFTER DB Execution Success
[2024-12-10 09:34:51.075 AM] info: 	BEFORE DB Connection Close
[2024-12-10 09:34:51.075 AM] info: 	BEFORE DB Get Connection
[2024-12-10 09:34:51.078 AM] info: 	AFTER DB Connection Close
[2024-12-10 09:34:51.089 AM] info: 	BEFORE DB Execution
[2024-12-10 09:34:51.090 AM] info: 	BEFORE DB Execution
[2024-12-10 09:34:51.092 AM] info: 	AFTER DB Execution Success
[2024-12-10 09:34:51.092 AM] info: 	BEFORE DB Connection Close
[2024-12-10 09:34:51.092 AM] info: 	BEFORE DB Get Connection
[2024-12-10 09:34:51.094 AM] info: 	AFTER DB Connection Close
[2024-12-10 09:34:51.096 AM] info: 	BEFORE DB Execution
[2024-12-10 09:34:51.110 AM] info: 	AFTER DB Execution Success
[2024-12-10 09:34:51.110 AM] info: 	BEFORE DB Connection Close
[2024-12-10 09:34:51.110 AM] info: 	BEFORE DB Get Connection
[2024-12-10 09:34:51.128 AM] info: 	AFTER DB Connection Close
[2024-12-10 09:34:51.128 AM] info: 	AFTER DB Execution Success
[2024-12-10 09:34:51.128 AM] info: 	BEFORE DB Connection Close
[2024-12-10 09:34:51.146 AM] info: 	AFTER DB Connection Close
[2024-12-10 09:34:51.175 AM] info: 	BEFORE DB Execution
[2024-12-10 09:34:51.179 AM] info: 	BEFORE DB Execution
[2024-12-10 09:34:51.194 AM] info: 	BEFORE DB Execution
[2024-12-10 09:34:51.195 AM] info: 	AFTER DB Execution Success
[2024-12-10 09:34:51.195 AM] info: 	BEFORE DB Connection Close
[2024-12-10 09:34:51.198 AM] info: 	AFTER DB Execution Success
[2024-12-10 09:34:51.198 AM] info: 	BEFORE DB Connection Close
[2024-12-10 09:34:51.200 AM] info: 	AFTER DB Connection Close
[2024-12-10 09:34:51.209 AM] info: 	AFTER DB Connection Close
[2024-12-10 09:34:51.247 AM] info: 	AFTER DB Execution Success
[2024-12-10 09:34:51.247 AM] info: 	BEFORE DB Connection Close
[2024-12-10 09:34:51.247 AM] info: 	BEFORE DB Get Connection
[2024-12-10 09:34:51.265 AM] info: 	AFTER DB Connection Close
[2024-12-10 09:34:51.284 AM] info: 	BEFORE DB Execution
[2024-12-10 09:34:51.384 AM] info: 	AFTER DB Execution Success
[2024-12-10 09:34:51.384 AM] info: 	BEFORE DB Connection Close
[2024-12-10 09:34:51.384 AM] info: 	BEFORE DB Get Connection
[2024-12-10 09:34:51.387 AM] info: 	AFTER DB Connection Close
[2024-12-10 09:34:51.417 AM] info: 	BEFORE DB Execution
[2024-12-10 09:34:51.419 AM] info: 	AFTER DB Execution Success
[2024-12-10 09:34:51.420 AM] info: 	BEFORE DB Connection Close
[2024-12-10 09:34:51.420 AM] info: 	BEFORE DB Get Connection
[2024-12-10 09:34:51.422 AM] info: 	AFTER DB Connection Close
[2024-12-10 09:34:51.447 AM] info: 	BEFORE DB Execution
[2024-12-10 09:34:51.597 AM] info: 	AFTER DB Execution Success
[2024-12-10 09:34:51.597 AM] info: 	BEFORE DB Connection Close
[2024-12-10 09:34:51.597 AM] info: 	BEFORE DB Get Connection
[2024-12-10 09:34:51.600 AM] info: 	AFTER DB Connection Close
[2024-12-10 09:34:51.621 AM] info: 	BEFORE DB Execution
[2024-12-10 09:34:51.624 AM] info: 	AFTER DB Execution Success
[2024-12-10 09:34:51.624 AM] info: 	BEFORE DB Connection Close
[2024-12-10 09:34:51.642 AM] info: 	AFTER DB Connection Close
[2024-12-10 09:44:36.385 AM] info: 	BEFORE DB Get Connection
[2024-12-10 09:44:36.411 AM] info: 	BEFORE DB Execution
[2024-12-10 09:44:36.414 AM] info: 	AFTER DB Execution Success
[2024-12-10 09:44:36.414 AM] info: 	BEFORE DB Connection Close
[2024-12-10 09:44:36.414 AM] info: 	BEFORE DB Get Connection
[2024-12-10 09:44:36.416 AM] info: 	AFTER DB Connection Close
[2024-12-10 09:44:36.455 AM] info: 	BEFORE DB Execution
[2024-12-10 09:44:36.462 AM] info: 	AFTER DB Execution Success
[2024-12-10 09:44:36.463 AM] info: 	BEFORE DB Connection Close
[2024-12-10 09:44:36.465 AM] info: 	AFTER DB Connection Close
[2024-12-10 09:44:54.488 AM] info: 	BEFORE DB Get Connection
[2024-12-10 09:44:54.517 AM] info: 	BEFORE DB Execution
[2024-12-10 09:44:54.523 AM] info: 	AFTER DB Execution Success
[2024-12-10 09:44:54.523 AM] info: 	BEFORE DB Connection Close
[2024-12-10 09:44:54.524 AM] info: 	BEFORE DB Get Connection
[2024-12-10 09:44:54.527 AM] info: 	AFTER DB Connection Close
[2024-12-10 09:44:54.532 AM] info: 	BEFORE DB Get Connection
[2024-12-10 09:44:54.535 AM] info: 	BEFORE DB Get Connection
[2024-12-10 09:44:54.550 AM] info: 	BEFORE DB Get Connection
[2024-12-10 09:44:54.553 AM] info: 	BEFORE DB Execution
[2024-12-10 09:44:54.558 AM] info: 	AFTER DB Execution Success
[2024-12-10 09:44:54.558 AM] info: 	BEFORE DB Connection Close
[2024-12-10 09:44:54.558 AM] info: 	BEFORE DB Get Connection
[2024-12-10 09:44:54.560 AM] info: 	AFTER DB Connection Close
[2024-12-10 09:44:54.561 AM] info: 	BEFORE DB Execution
[2024-12-10 09:44:54.564 AM] info: 	AFTER DB Execution Success
[2024-12-10 09:44:54.564 AM] info: 	BEFORE DB Connection Close
[2024-12-10 09:44:54.564 AM] info: 	BEFORE DB Get Connection
[2024-12-10 09:44:54.566 AM] info: 	AFTER DB Connection Close
[2024-12-10 09:44:54.572 AM] info: 	BEFORE DB Execution
[2024-12-10 09:44:54.573 AM] info: 	AFTER DB Execution Success
[2024-12-10 09:44:54.573 AM] info: 	BEFORE DB Connection Close
[2024-12-10 09:44:54.576 AM] info: 	AFTER DB Connection Close
[2024-12-10 09:44:54.578 AM] info: 	BEFORE DB Execution
[2024-12-10 09:44:54.580 AM] info: 	AFTER DB Execution Success
[2024-12-10 09:44:54.581 AM] info: 	BEFORE DB Connection Close
[2024-12-10 09:44:54.581 AM] info: 	BEFORE DB Get Connection
[2024-12-10 09:44:54.583 AM] info: 	AFTER DB Connection Close
[2024-12-10 09:44:54.594 AM] info: 	BEFORE DB Execution
[2024-12-10 09:44:54.597 AM] info: 	AFTER DB Execution Success
[2024-12-10 09:44:54.597 AM] info: 	BEFORE DB Connection Close
[2024-12-10 09:44:54.599 AM] info: 	AFTER DB Connection Close
[2024-12-10 09:44:54.610 AM] info: 	BEFORE DB Execution
[2024-12-10 09:44:54.665 AM] info: 	BEFORE DB Execution
[2024-12-10 09:44:54.668 AM] info: 	AFTER DB Execution Success
[2024-12-10 09:44:54.668 AM] info: 	BEFORE DB Connection Close
[2024-12-10 09:44:54.697 AM] info: 	AFTER DB Connection Close
[2024-12-10 09:44:54.722 AM] info: 	AFTER DB Execution Success
[2024-12-10 09:44:54.722 AM] info: 	BEFORE DB Connection Close
[2024-12-10 09:44:54.722 AM] info: 	BEFORE DB Get Connection
[2024-12-10 09:44:54.735 AM] info: 	AFTER DB Connection Close
[2024-12-10 09:44:54.774 AM] info: 	BEFORE DB Execution
[2024-12-10 09:44:54.889 AM] info: 	AFTER DB Execution Success
[2024-12-10 09:44:54.889 AM] info: 	BEFORE DB Connection Close
[2024-12-10 09:44:54.890 AM] info: 	BEFORE DB Get Connection
[2024-12-10 09:44:54.892 AM] info: 	AFTER DB Connection Close
[2024-12-10 09:44:54.923 AM] info: 	BEFORE DB Execution
[2024-12-10 09:44:54.926 AM] info: 	AFTER DB Execution Success
[2024-12-10 09:44:54.926 AM] info: 	BEFORE DB Connection Close
[2024-12-10 09:44:54.926 AM] info: 	BEFORE DB Get Connection
[2024-12-10 09:44:54.929 AM] info: 	AFTER DB Connection Close
[2024-12-10 09:44:54.957 AM] info: 	BEFORE DB Execution
[2024-12-10 09:44:55.122 AM] info: 	AFTER DB Execution Success
[2024-12-10 09:44:55.123 AM] info: 	BEFORE DB Connection Close
[2024-12-10 09:44:55.123 AM] info: 	BEFORE DB Get Connection
[2024-12-10 09:44:55.125 AM] info: 	AFTER DB Connection Close
[2024-12-10 09:44:55.146 AM] info: 	BEFORE DB Execution
[2024-12-10 09:44:55.148 AM] info: 	AFTER DB Execution Success
[2024-12-10 09:44:55.148 AM] info: 	BEFORE DB Connection Close
[2024-12-10 09:44:55.164 AM] info: 	AFTER DB Connection Close
[2024-12-10 09:45:10.968 AM] info: 	BEFORE DB Get Connection
[2024-12-10 09:45:10.972 AM] info: 	BEFORE DB Get Connection
[2024-12-10 09:45:10.981 AM] info: 	BEFORE DB Get Connection
[2024-12-10 09:45:10.994 AM] info: 	BEFORE DB Get Connection
[2024-12-10 09:45:11.017 AM] info: 	BEFORE DB Execution
[2024-12-10 09:45:11.019 AM] info: 	AFTER DB Execution Success
[2024-12-10 09:45:11.019 AM] info: 	BEFORE DB Connection Close
[2024-12-10 09:45:11.029 AM] info: 	AFTER DB Connection Close
[2024-12-10 09:45:11.032 AM] info: 	BEFORE DB Execution
[2024-12-10 09:45:11.034 AM] info: 	AFTER DB Execution Success
[2024-12-10 09:45:11.034 AM] info: 	BEFORE DB Connection Close
[2024-12-10 09:45:11.034 AM] info: 	BEFORE DB Get Connection
[2024-12-10 09:45:11.036 AM] info: 	AFTER DB Connection Close
[2024-12-10 09:45:11.057 AM] info: 	BEFORE DB Execution
[2024-12-10 09:45:11.059 AM] info: 	AFTER DB Execution Success
[2024-12-10 09:45:11.059 AM] info: 	BEFORE DB Connection Close
[2024-12-10 09:45:11.059 AM] info: 	BEFORE DB Get Connection
[2024-12-10 09:45:11.061 AM] info: 	AFTER DB Connection Close
[2024-12-10 09:45:11.067 AM] info: 	BEFORE DB Execution
[2024-12-10 09:45:11.069 AM] info: 	AFTER DB Execution Success
[2024-12-10 09:45:11.069 AM] info: 	BEFORE DB Connection Close
[2024-12-10 09:45:11.070 AM] info: 	BEFORE DB Get Connection
[2024-12-10 09:45:11.071 AM] info: 	AFTER DB Connection Close
[2024-12-10 09:45:11.075 AM] info: 	BEFORE DB Execution
[2024-12-10 09:45:11.078 AM] info: 	AFTER DB Execution Success
[2024-12-10 09:45:11.078 AM] info: 	BEFORE DB Connection Close
[2024-12-10 09:45:11.078 AM] info: 	BEFORE DB Get Connection
[2024-12-10 09:45:11.081 AM] info: 	AFTER DB Connection Close
[2024-12-10 09:45:11.090 AM] info: 	BEFORE DB Execution
[2024-12-10 09:45:11.092 AM] info: 	AFTER DB Execution Success
[2024-12-10 09:45:11.093 AM] info: 	BEFORE DB Connection Close
[2024-12-10 09:45:11.096 AM] info: 	AFTER DB Connection Close
[2024-12-10 09:45:11.101 AM] info: 	BEFORE DB Execution
[2024-12-10 09:45:11.103 AM] info: 	AFTER DB Execution Success
[2024-12-10 09:45:11.103 AM] info: 	BEFORE DB Connection Close
[2024-12-10 09:45:11.106 AM] info: 	AFTER DB Connection Close
[2024-12-10 09:45:11.111 AM] info: 	BEFORE DB Execution
[2024-12-10 09:45:11.182 AM] info: 	AFTER DB Execution Success
[2024-12-10 09:45:11.183 AM] info: 	BEFORE DB Connection Close
[2024-12-10 09:45:11.183 AM] info: 	BEFORE DB Get Connection
[2024-12-10 09:45:11.186 AM] info: 	AFTER DB Connection Close
[2024-12-10 09:45:11.212 AM] info: 	BEFORE DB Execution
[2024-12-10 09:45:11.322 AM] info: 	AFTER DB Execution Success
[2024-12-10 09:45:11.322 AM] info: 	BEFORE DB Connection Close
[2024-12-10 09:45:11.322 AM] info: 	BEFORE DB Get Connection
[2024-12-10 09:45:11.327 AM] info: 	AFTER DB Connection Close
[2024-12-10 09:45:11.360 AM] info: 	BEFORE DB Execution
[2024-12-10 09:45:11.363 AM] info: 	AFTER DB Execution Success
[2024-12-10 09:45:11.364 AM] info: 	BEFORE DB Connection Close
[2024-12-10 09:45:11.364 AM] info: 	BEFORE DB Get Connection
[2024-12-10 09:45:11.368 AM] info: 	AFTER DB Connection Close
[2024-12-10 09:45:11.399 AM] info: 	BEFORE DB Execution
[2024-12-10 09:45:11.536 AM] info: 	AFTER DB Execution Success
[2024-12-10 09:45:11.536 AM] info: 	BEFORE DB Connection Close
[2024-12-10 09:45:11.537 AM] info: 	BEFORE DB Get Connection
[2024-12-10 09:45:11.539 AM] info: 	AFTER DB Connection Close
[2024-12-10 09:45:11.559 AM] info: 	BEFORE DB Execution
[2024-12-10 09:45:11.560 AM] info: 	AFTER DB Execution Success
[2024-12-10 09:45:11.560 AM] info: 	BEFORE DB Connection Close
[2024-12-10 09:45:11.574 AM] info: 	AFTER DB Connection Close
[2024-12-10 09:45:20.456 AM] info: 	BEFORE DB Get Connection
[2024-12-10 09:45:20.480 AM] info: 	BEFORE DB Execution
[2024-12-10 09:45:20.482 AM] info: 	AFTER DB Execution Success
[2024-12-10 09:45:20.482 AM] info: 	BEFORE DB Connection Close
[2024-12-10 09:45:20.482 AM] info: 	BEFORE DB Get Connection
[2024-12-10 09:45:20.484 AM] info: 	AFTER DB Connection Close
[2024-12-10 09:45:20.508 AM] info: 	BEFORE DB Execution
[2024-12-10 09:45:20.515 AM] info: 	AFTER DB Execution Success
[2024-12-10 09:45:20.516 AM] info: 	BEFORE DB Connection Close
[2024-12-10 09:45:20.518 AM] info: 	AFTER DB Connection Close
