[2024-12-18 12:01:03.270 PM] info: 	BEFORE DB Get Connection
[2024-12-18 12:01:03.277 PM] info: 	BEFORE DB Get Connection
[2024-12-18 12:01:03.307 PM] info: 	BEFORE DB Execution
[2024-12-18 12:01:03.309 PM] info: 	AFTER DB Execution Success
[2024-12-18 12:01:03.310 PM] info: 	BEFORE DB Connection Close
[2024-12-18 12:01:03.310 PM] info: 	BEFORE DB Get Connection
[2024-12-18 12:01:03.312 PM] info: 	AFTER DB Connection Close
[2024-12-18 12:01:03.313 PM] info: 	BEFORE DB Execution
[2024-12-18 12:01:03.314 PM] info: 	AFTER DB Execution Success
[2024-12-18 12:01:03.314 PM] info: 	BEFORE DB Connection Close
[2024-12-18 12:01:03.318 PM] info: 	BEFORE DB Get Connection
[2024-12-18 12:01:03.318 PM] info: 	AFTER DB Connection Close
[2024-12-18 12:01:03.339 PM] info: 	BEFORE DB Execution
[2024-12-18 12:01:03.341 PM] info: 	AFTER DB Execution Success
[2024-12-18 12:01:03.341 PM] info: 	BEFORE DB Connection Close
[2024-12-18 12:01:03.343 PM] info: 	AFTER DB Connection Close
[2024-12-18 12:01:03.351 PM] info: 	BEFORE DB Execution
[2024-12-18 12:01:03.352 PM] info: 	AFTER DB Execution Success
[2024-12-18 12:01:03.352 PM] info: 	BEFORE DB Connection Close
[2024-12-18 12:01:03.365 PM] info: 	AFTER DB Connection Close
[2024-12-18 12:01:03.624 PM] info: 	BEFORE DB Get Connection
[2024-12-18 12:01:03.648 PM] info: 	BEFORE DB Execution
[2024-12-18 12:01:03.651 PM] info: 	AFTER DB Execution Success
[2024-12-18 12:01:03.651 PM] info: 	BEFORE DB Connection Close
[2024-12-18 12:01:03.651 PM] info: 	BEFORE DB Get Connection
[2024-12-18 12:01:03.653 PM] info: 	AFTER DB Connection Close
[2024-12-18 12:01:03.687 PM] info: 	BEFORE DB Execution
[2024-12-18 12:01:03.691 PM] info: 	AFTER DB Execution Success
[2024-12-18 12:01:03.691 PM] info: 	BEFORE DB Connection Close
[2024-12-18 12:01:03.695 PM] info: 	AFTER DB Connection Close
[2024-12-18 12:01:10.425 PM] info: 	BEFORE DB Get Connection
[2024-12-18 12:01:10.470 PM] info: 	BEFORE DB Execution
[2024-12-18 12:01:10.472 PM] info: 	AFTER DB Execution Success
[2024-12-18 12:01:10.472 PM] info: 	BEFORE DB Connection Close
[2024-12-18 12:01:10.472 PM] info: 	BEFORE DB Get Connection
[2024-12-18 12:01:10.473 PM] info: 	AFTER DB Connection Close
[2024-12-18 12:01:10.502 PM] info: 	BEFORE DB Execution
[2024-12-18 12:01:10.680 PM] info: 	AFTER DB Execution Success
[2024-12-18 12:01:10.680 PM] info: 	BEFORE DB Connection Close
[2024-12-18 12:01:10.684 PM] info: 	AFTER DB Connection Close
[2024-12-18 12:02:22.417 PM] info: 	BEFORE DB Get Connection
[2024-12-18 12:02:22.446 PM] info: 	BEFORE DB Execution
[2024-12-18 12:02:22.448 PM] info: 	AFTER DB Execution Success
[2024-12-18 12:02:22.448 PM] info: 	BEFORE DB Connection Close
[2024-12-18 12:02:22.451 PM] info: 	AFTER DB Connection Close
[2024-12-18 12:02:22.493 PM] info: 	BEFORE DB Get Connection
[2024-12-18 12:02:22.531 PM] info: 	BEFORE DB Get Connection
[2024-12-18 12:02:22.532 PM] info: 	BEFORE DB Get Connection
[2024-12-18 12:02:22.533 PM] info: 	BEFORE DB Execution
[2024-12-18 12:02:22.536 PM] info: 	AFTER DB Execution Success
[2024-12-18 12:02:22.536 PM] info: 	BEFORE DB Connection Close
[2024-12-18 12:02:22.536 PM] info: 	BEFORE DB Get Connection
[2024-12-18 12:02:22.539 PM] info: 	AFTER DB Connection Close
[2024-12-18 12:02:22.554 PM] info: 	BEFORE DB Get Connection
[2024-12-18 12:02:22.555 PM] info: 	BEFORE DB Get Connection
[2024-12-18 12:02:22.558 PM] info: 	BEFORE DB Execution
[2024-12-18 12:02:22.564 PM] info: 	BEFORE DB Execution
[2024-12-18 12:02:22.566 PM] info: 	BEFORE DB Execution
[2024-12-18 12:02:22.567 PM] info: 	AFTER DB Execution Success
[2024-12-18 12:02:22.567 PM] info: 	BEFORE DB Connection Close
[2024-12-18 12:02:22.568 PM] info: 	AFTER DB Execution Success
[2024-12-18 12:02:22.568 PM] info: 	BEFORE DB Connection Close
[2024-12-18 12:02:22.569 PM] info: 	BEFORE DB Get Connection
[2024-12-18 12:02:22.569 PM] info: 	AFTER DB Execution Success
[2024-12-18 12:02:22.569 PM] info: 	BEFORE DB Connection Close
[2024-12-18 12:02:22.569 PM] info: 	BEFORE DB Get Connection
[2024-12-18 12:02:22.570 PM] info: 	AFTER DB Connection Close
[2024-12-18 12:02:22.572 PM] info: 	AFTER DB Connection Close
[2024-12-18 12:02:22.574 PM] info: 	AFTER DB Connection Close
[2024-12-18 12:02:22.583 PM] info: 	BEFORE DB Execution
[2024-12-18 12:02:22.584 PM] info: 	BEFORE DB Execution
[2024-12-18 12:02:22.585 PM] info: 	AFTER DB Execution Success
[2024-12-18 12:02:22.585 PM] info: 	BEFORE DB Connection Close
[2024-12-18 12:02:22.586 PM] info: 	AFTER DB Execution Success
[2024-12-18 12:02:22.587 PM] info: 	BEFORE DB Connection Close
[2024-12-18 12:02:22.587 PM] info: 	BEFORE DB Get Connection
[2024-12-18 12:02:22.587 PM] info: 	AFTER DB Connection Close
[2024-12-18 12:02:22.592 PM] info: 	AFTER DB Connection Close
[2024-12-18 12:02:22.592 PM] info: 	BEFORE DB Execution
[2024-12-18 12:02:22.599 PM] info: 	BEFORE DB Execution
[2024-12-18 12:02:22.618 PM] info: 	BEFORE DB Execution
[2024-12-18 12:02:22.621 PM] info: 	AFTER DB Execution Success
[2024-12-18 12:02:22.621 PM] info: 	BEFORE DB Connection Close
[2024-12-18 12:02:22.624 PM] info: 	AFTER DB Connection Close
[2024-12-18 12:02:22.680 PM] info: 	AFTER DB Execution Success
[2024-12-18 12:02:22.680 PM] info: 	BEFORE DB Connection Close
[2024-12-18 12:02:22.681 PM] info: 	BEFORE DB Get Connection
[2024-12-18 12:02:22.684 PM] info: 	AFTER DB Execution Success
[2024-12-18 12:02:22.684 PM] info: 	BEFORE DB Connection Close
[2024-12-18 12:02:22.687 PM] info: 	AFTER DB Connection Close
[2024-12-18 12:02:22.689 PM] info: 	AFTER DB Connection Close
[2024-12-18 12:02:22.711 PM] info: 	BEFORE DB Execution
[2024-12-18 12:02:22.805 PM] info: 	AFTER DB Execution Success
[2024-12-18 12:02:22.805 PM] info: 	BEFORE DB Connection Close
[2024-12-18 12:02:22.805 PM] info: 	BEFORE DB Get Connection
[2024-12-18 12:02:22.808 PM] info: 	AFTER DB Connection Close
[2024-12-18 12:02:22.852 PM] info: 	BEFORE DB Execution
[2024-12-18 12:02:22.854 PM] info: 	AFTER DB Execution Success
[2024-12-18 12:02:22.855 PM] info: 	BEFORE DB Connection Close
[2024-12-18 12:02:22.855 PM] info: 	BEFORE DB Get Connection
[2024-12-18 12:02:22.857 PM] info: 	AFTER DB Connection Close
[2024-12-18 12:02:22.895 PM] info: 	BEFORE DB Execution
[2024-12-18 12:02:23.011 PM] info: 	AFTER DB Execution Success
[2024-12-18 12:02:23.011 PM] info: 	BEFORE DB Connection Close
[2024-12-18 12:02:23.011 PM] info: 	BEFORE DB Get Connection
[2024-12-18 12:02:23.014 PM] info: 	AFTER DB Connection Close
[2024-12-18 12:02:23.036 PM] info: 	BEFORE DB Execution
[2024-12-18 12:02:23.038 PM] info: 	AFTER DB Execution Success
[2024-12-18 12:02:23.039 PM] info: 	BEFORE DB Connection Close
[2024-12-18 12:02:23.071 PM] info: 	AFTER DB Connection Close
[2024-12-18 12:03:48.394 PM] error: 	Autentication Failed false
[2024-12-18 12:03:48.403 PM] info: 	Autentication Success
[2024-12-18 12:03:48.404 PM] info: 	BEFORE DB Get Connection
[2024-12-18 12:03:48.451 PM] info: 	BEFORE DB Execution
[2024-12-18 12:03:48.485 PM] info: 	AFTER DB Execution Success
[2024-12-18 12:03:48.485 PM] info: 	BEFORE DB Connection Close
[2024-12-18 12:03:48.486 PM] info: 	BEFORE DB Get Connection
[2024-12-18 12:03:48.489 PM] info: 	AFTER DB Connection Close
[2024-12-18 12:03:48.525 PM] info: 	BEFORE DB Execution
[2024-12-18 12:03:48.527 PM] info: 	AFTER DB Execution Success
[2024-12-18 12:03:48.527 PM] info: 	BEFORE DB Connection Close
[2024-12-18 12:03:48.527 PM] info: 	BEFORE DB Get Connection
[2024-12-18 12:03:48.530 PM] info: 	AFTER DB Connection Close
[2024-12-18 12:03:48.556 PM] info: 	BEFORE DB Execution
[2024-12-18 12:03:48.558 PM] info: 	AFTER DB Execution Success
[2024-12-18 12:03:48.559 PM] info: 	BEFORE DB Connection Close
[2024-12-18 12:03:48.559 PM] info: 	BEFORE DB Get Connection
[2024-12-18 12:03:48.562 PM] info: 	AFTER DB Connection Close
[2024-12-18 12:03:48.603 PM] info: 	BEFORE DB Execution
[2024-12-18 12:03:48.656 PM] info: 	AFTER DB Execution Success
[2024-12-18 12:03:48.656 PM] info: 	BEFORE DB Connection Close
[2024-12-18 12:03:48.669 PM] info: 	AFTER DB Connection Close
[2024-12-18 12:03:48.832 PM] info: 	BEFORE DB Get Connection
[2024-12-18 12:03:48.861 PM] info: 	BEFORE DB Execution
[2024-12-18 12:03:48.888 PM] info: 	AFTER DB Execution Success
[2024-12-18 12:03:48.888 PM] info: 	BEFORE DB Connection Close
[2024-12-18 12:03:48.888 PM] info: 	BEFORE DB Get Connection
[2024-12-18 12:03:48.890 PM] info: 	AFTER DB Connection Close
[2024-12-18 12:03:48.912 PM] info: 	BEFORE DB Execution
[2024-12-18 12:03:48.936 PM] info: 	AFTER DB Execution Success
[2024-12-18 12:03:48.936 PM] info: 	BEFORE DB Connection Close
[2024-12-18 12:03:48.936 PM] info: 	BEFORE DB Get Connection
[2024-12-18 12:03:48.938 PM] info: 	AFTER DB Connection Close
[2024-12-18 12:03:48.983 PM] info: 	BEFORE DB Execution
[2024-12-18 12:03:48.984 PM] info: 	AFTER DB Execution Success
[2024-12-18 12:03:48.984 PM] info: 	BEFORE DB Connection Close
[2024-12-18 12:03:48.984 PM] info: 	BEFORE DB Get Connection
[2024-12-18 12:03:48.986 PM] info: 	AFTER DB Connection Close
[2024-12-18 12:03:49.009 PM] info: 	BEFORE DB Execution
[2024-12-18 12:03:49.040 PM] info: 	AFTER DB Execution Success
[2024-12-18 12:03:49.040 PM] info: 	BEFORE DB Connection Close
[2024-12-18 12:03:49.040 PM] info: 	BEFORE DB Get Connection
[2024-12-18 12:03:49.063 PM] info: 	AFTER DB Connection Close
[2024-12-18 12:03:49.071 PM] info: 	BEFORE DB Execution
[2024-12-18 12:03:49.074 PM] info: 	AFTER DB Execution Success
[2024-12-18 12:03:49.074 PM] info: 	BEFORE DB Connection Close
[2024-12-18 12:03:49.074 PM] info: 	BEFORE DB Get Connection
[2024-12-18 12:03:49.076 PM] info: 	AFTER DB Connection Close
[2024-12-18 12:03:49.095 PM] info: 	BEFORE DB Execution
[2024-12-18 12:03:49.097 PM] info: 	AFTER DB Execution Success
[2024-12-18 12:03:49.098 PM] info: 	BEFORE DB Connection Close
[2024-12-18 12:03:49.102 PM] info: 	AFTER DB Connection Close
[2024-12-18 12:03:50.011 PM] info: 	BEFORE DB Get Connection
[2024-12-18 12:03:50.038 PM] info: 	BEFORE DB Execution
[2024-12-18 12:03:50.041 PM] info: 	AFTER DB Execution Success
[2024-12-18 12:03:50.041 PM] info: 	BEFORE DB Connection Close
[2024-12-18 12:03:50.041 PM] info: 	BEFORE DB Get Connection
[2024-12-18 12:03:50.044 PM] info: 	AFTER DB Connection Close
[2024-12-18 12:03:50.049 PM] info: 	BEFORE DB Get Connection
[2024-12-18 12:03:50.065 PM] info: 	BEFORE DB Execution
[2024-12-18 12:03:50.070 PM] info: 	AFTER DB Execution Success
[2024-12-18 12:03:50.070 PM] info: 	BEFORE DB Connection Close
[2024-12-18 12:03:50.070 PM] info: 	BEFORE DB Get Connection
[2024-12-18 12:03:50.073 PM] info: 	AFTER DB Connection Close
[2024-12-18 12:03:50.079 PM] info: 	BEFORE DB Execution
[2024-12-18 12:03:50.081 PM] info: 	AFTER DB Execution Success
[2024-12-18 12:03:50.081 PM] info: 	BEFORE DB Connection Close
[2024-12-18 12:03:50.081 PM] info: 	BEFORE DB Get Connection
[2024-12-18 12:03:50.086 PM] info: 	AFTER DB Connection Close
[2024-12-18 12:03:50.099 PM] info: 	BEFORE DB Execution
[2024-12-18 12:03:50.106 PM] info: 	BEFORE DB Execution
[2024-12-18 12:03:50.108 PM] info: 	AFTER DB Execution Success
[2024-12-18 12:03:50.109 PM] info: 	BEFORE DB Connection Close
[2024-12-18 12:03:50.109 PM] info: 	BEFORE DB Get Connection
[2024-12-18 12:03:50.116 PM] info: 	AFTER DB Connection Close
[2024-12-18 12:03:50.137 PM] info: 	BEFORE DB Execution
[2024-12-18 12:03:50.151 PM] info: 	AFTER DB Execution Success
[2024-12-18 12:03:50.151 PM] info: 	BEFORE DB Connection Close
[2024-12-18 12:03:50.151 PM] info: 	BEFORE DB Get Connection
[2024-12-18 12:03:50.153 PM] info: 	AFTER DB Connection Close
[2024-12-18 12:03:50.170 PM] info: 	AFTER DB Execution Success
[2024-12-18 12:03:50.170 PM] info: 	BEFORE DB Connection Close
[2024-12-18 12:03:50.170 PM] info: 	BEFORE DB Get Connection
[2024-12-18 12:03:50.173 PM] info: 	AFTER DB Connection Close
[2024-12-18 12:03:50.186 PM] info: 	BEFORE DB Execution
[2024-12-18 12:03:50.201 PM] info: 	BEFORE DB Execution
[2024-12-18 12:03:50.203 PM] info: 	AFTER DB Execution Success
[2024-12-18 12:03:50.203 PM] info: 	BEFORE DB Connection Close
[2024-12-18 12:03:50.203 PM] info: 	BEFORE DB Get Connection
[2024-12-18 12:03:50.206 PM] info: 	AFTER DB Connection Close
[2024-12-18 12:03:50.238 PM] info: 	BEFORE DB Execution
[2024-12-18 12:03:50.286 PM] info: 	AFTER DB Execution Success
[2024-12-18 12:03:50.286 PM] info: 	BEFORE DB Connection Close
[2024-12-18 12:03:50.286 PM] info: 	BEFORE DB Get Connection
[2024-12-18 12:03:50.287 PM] info: 	AFTER DB Execution Success
[2024-12-18 12:03:50.287 PM] info: 	BEFORE DB Connection Close
[2024-12-18 12:03:50.287 PM] info: 	BEFORE DB Get Connection
[2024-12-18 12:03:50.288 PM] info: 	AFTER DB Connection Close
[2024-12-18 12:03:50.289 PM] info: 	AFTER DB Connection Close
[2024-12-18 12:03:50.314 PM] info: 	BEFORE DB Execution
[2024-12-18 12:03:50.316 PM] info: 	BEFORE DB Execution
[2024-12-18 12:03:50.318 PM] info: 	AFTER DB Execution Success
[2024-12-18 12:03:50.318 PM] info: 	BEFORE DB Connection Close
[2024-12-18 12:03:50.319 PM] info: 	BEFORE DB Get Connection
[2024-12-18 12:03:50.320 PM] info: 	AFTER DB Connection Close
[2024-12-18 12:03:50.366 PM] info: 	BEFORE DB Execution
[2024-12-18 12:03:50.366 PM] info: 	AFTER DB Execution Success
[2024-12-18 12:03:50.366 PM] info: 	BEFORE DB Connection Close
[2024-12-18 12:03:50.370 PM] info: 	AFTER DB Connection Close
[2024-12-18 12:03:50.502 PM] info: 	AFTER DB Execution Success
[2024-12-18 12:03:50.502 PM] info: 	BEFORE DB Connection Close
[2024-12-18 12:03:50.502 PM] info: 	BEFORE DB Get Connection
[2024-12-18 12:03:50.505 PM] info: 	AFTER DB Connection Close
[2024-12-18 12:03:50.530 PM] info: 	BEFORE DB Execution
[2024-12-18 12:03:50.533 PM] info: 	AFTER DB Execution Success
[2024-12-18 12:03:50.534 PM] info: 	BEFORE DB Connection Close
[2024-12-18 12:03:50.560 PM] info: 	AFTER DB Connection Close
[2024-12-18 12:03:50.756 PM] info: 	BEFORE DB Get Connection
[2024-12-18 12:03:50.779 PM] info: 	BEFORE DB Execution
[2024-12-18 12:03:50.780 PM] info: 	AFTER DB Execution Success
[2024-12-18 12:03:50.780 PM] info: 	BEFORE DB Connection Close
[2024-12-18 12:03:50.780 PM] info: 	BEFORE DB Get Connection
[2024-12-18 12:03:50.783 PM] info: 	AFTER DB Connection Close
[2024-12-18 12:03:50.810 PM] info: 	BEFORE DB Execution
[2024-12-18 12:03:50.812 PM] info: 	AFTER DB Execution Success
[2024-12-18 12:03:50.812 PM] info: 	BEFORE DB Connection Close
[2024-12-18 12:03:50.812 PM] info: 	BEFORE DB Get Connection
[2024-12-18 12:03:50.816 PM] info: 	AFTER DB Connection Close
[2024-12-18 12:03:50.835 PM] info: 	BEFORE DB Execution
[2024-12-18 12:03:50.853 PM] info: 	AFTER DB Execution Success
[2024-12-18 12:03:50.853 PM] info: 	BEFORE DB Connection Close
[2024-12-18 12:03:50.853 PM] info: 	BEFORE DB Get Connection
[2024-12-18 12:03:50.855 PM] info: 	AFTER DB Connection Close
[2024-12-18 12:03:50.874 PM] info: 	BEFORE DB Execution
[2024-12-18 12:03:50.886 PM] info: 	AFTER DB Execution Success
[2024-12-18 12:03:50.886 PM] info: 	BEFORE DB Connection Close
[2024-12-18 12:03:50.886 PM] info: 	BEFORE DB Get Connection
[2024-12-18 12:03:50.889 PM] info: 	AFTER DB Connection Close
[2024-12-18 12:03:50.916 PM] info: 	BEFORE DB Execution
[2024-12-18 12:03:50.988 PM] info: 	AFTER DB Execution Success
[2024-12-18 12:03:50.988 PM] info: 	BEFORE DB Connection Close
[2024-12-18 12:03:50.988 PM] info: 	BEFORE DB Get Connection
[2024-12-18 12:03:50.994 PM] info: 	AFTER DB Connection Close
[2024-12-18 12:03:51.026 PM] info: 	BEFORE DB Execution
[2024-12-18 12:03:51.059 PM] info: 	AFTER DB Execution Success
[2024-12-18 12:03:51.059 PM] info: 	BEFORE DB Connection Close
[2024-12-18 12:03:51.063 PM] info: 	AFTER DB Connection Close
[2024-12-18 12:29:42.455 PM] error: 	Autentication Failed false
[2024-12-18 12:29:42.480 PM] info: 	Autentication Success
[2024-12-18 12:29:42.481 PM] info: 	BEFORE DB Get Connection
[2024-12-18 12:29:42.518 PM] info: 	BEFORE DB Execution
[2024-12-18 12:29:42.554 PM] info: 	AFTER DB Execution Success
[2024-12-18 12:29:42.554 PM] info: 	BEFORE DB Connection Close
[2024-12-18 12:29:42.554 PM] info: 	BEFORE DB Get Connection
[2024-12-18 12:29:42.560 PM] info: 	AFTER DB Connection Close
[2024-12-18 12:29:42.599 PM] info: 	BEFORE DB Execution
[2024-12-18 12:29:42.628 PM] info: 	AFTER DB Execution Success
[2024-12-18 12:29:42.628 PM] info: 	BEFORE DB Connection Close
[2024-12-18 12:29:42.637 PM] info: 	AFTER DB Connection Close
[2024-12-18 12:29:43.774 PM] info: 	BEFORE DB Get Connection
[2024-12-18 12:29:43.807 PM] info: 	BEFORE DB Execution
[2024-12-18 12:29:43.838 PM] info: 	AFTER DB Execution Success
[2024-12-18 12:29:43.839 PM] info: 	BEFORE DB Connection Close
[2024-12-18 12:29:43.839 PM] info: 	BEFORE DB Get Connection
[2024-12-18 12:29:43.841 PM] info: 	AFTER DB Connection Close
[2024-12-18 12:29:43.863 PM] info: 	BEFORE DB Execution
[2024-12-18 12:29:43.885 PM] info: 	AFTER DB Execution Success
[2024-12-18 12:29:43.885 PM] info: 	BEFORE DB Connection Close
[2024-12-18 12:29:43.885 PM] info: 	BEFORE DB Get Connection
[2024-12-18 12:29:43.887 PM] info: 	AFTER DB Connection Close
[2024-12-18 12:29:43.910 PM] info: 	BEFORE DB Execution
[2024-12-18 12:29:43.911 PM] info: 	AFTER DB Execution Success
[2024-12-18 12:29:43.912 PM] info: 	BEFORE DB Connection Close
[2024-12-18 12:29:43.912 PM] info: 	BEFORE DB Get Connection
[2024-12-18 12:29:43.913 PM] info: 	AFTER DB Connection Close
[2024-12-18 12:29:43.949 PM] info: 	BEFORE DB Execution
[2024-12-18 12:29:43.950 PM] info: 	AFTER DB Execution Success
[2024-12-18 12:29:43.950 PM] info: 	BEFORE DB Connection Close
[2024-12-18 12:29:43.950 PM] info: 	BEFORE DB Get Connection
[2024-12-18 12:29:43.952 PM] info: 	AFTER DB Connection Close
[2024-12-18 12:29:43.977 PM] info: 	BEFORE DB Execution
[2024-12-18 12:29:43.978 PM] info: 	AFTER DB Execution Success
[2024-12-18 12:29:43.978 PM] info: 	BEFORE DB Connection Close
[2024-12-18 12:29:43.978 PM] info: 	BEFORE DB Get Connection
[2024-12-18 12:29:43.980 PM] info: 	AFTER DB Connection Close
[2024-12-18 12:29:43.999 PM] info: 	BEFORE DB Execution
[2024-12-18 12:29:44.001 PM] info: 	AFTER DB Execution Success
[2024-12-18 12:29:44.001 PM] info: 	BEFORE DB Connection Close
[2024-12-18 12:29:44.004 PM] info: 	AFTER DB Connection Close
[2024-12-18 12:29:45.394 PM] info: 	BEFORE DB Get Connection
[2024-12-18 12:29:45.430 PM] info: 	BEFORE DB Execution
[2024-12-18 12:29:45.432 PM] info: 	AFTER DB Execution Success
[2024-12-18 12:29:45.432 PM] info: 	BEFORE DB Connection Close
[2024-12-18 12:29:45.432 PM] info: 	BEFORE DB Get Connection
[2024-12-18 12:29:45.434 PM] info: 	AFTER DB Connection Close
[2024-12-18 12:29:45.440 PM] info: 	BEFORE DB Get Connection
[2024-12-18 12:29:45.464 PM] info: 	BEFORE DB Execution
[2024-12-18 12:29:45.466 PM] info: 	AFTER DB Execution Success
[2024-12-18 12:29:45.466 PM] info: 	BEFORE DB Connection Close
[2024-12-18 12:29:45.466 PM] info: 	BEFORE DB Get Connection
[2024-12-18 12:29:45.468 PM] info: 	AFTER DB Connection Close
[2024-12-18 12:29:45.480 PM] info: 	BEFORE DB Execution
[2024-12-18 12:29:45.481 PM] info: 	AFTER DB Execution Success
[2024-12-18 12:29:45.481 PM] info: 	BEFORE DB Connection Close
[2024-12-18 12:29:45.481 PM] info: 	BEFORE DB Get Connection
[2024-12-18 12:29:45.483 PM] info: 	AFTER DB Connection Close
[2024-12-18 12:29:45.493 PM] info: 	BEFORE DB Execution
[2024-12-18 12:29:45.513 PM] info: 	BEFORE DB Execution
[2024-12-18 12:29:45.516 PM] info: 	AFTER DB Execution Success
[2024-12-18 12:29:45.516 PM] info: 	BEFORE DB Connection Close
[2024-12-18 12:29:45.516 PM] info: 	BEFORE DB Get Connection
[2024-12-18 12:29:45.519 PM] info: 	AFTER DB Connection Close
[2024-12-18 12:29:45.545 PM] info: 	BEFORE DB Execution
[2024-12-18 12:29:45.551 PM] info: 	AFTER DB Execution Success
[2024-12-18 12:29:45.551 PM] info: 	BEFORE DB Connection Close
[2024-12-18 12:29:45.551 PM] info: 	BEFORE DB Get Connection
[2024-12-18 12:29:45.553 PM] info: 	AFTER DB Connection Close
[2024-12-18 12:29:45.565 PM] info: 	AFTER DB Execution Success
[2024-12-18 12:29:45.565 PM] info: 	BEFORE DB Connection Close
[2024-12-18 12:29:45.565 PM] info: 	BEFORE DB Get Connection
[2024-12-18 12:29:45.568 PM] info: 	AFTER DB Connection Close
[2024-12-18 12:29:45.594 PM] info: 	BEFORE DB Execution
[2024-12-18 12:29:45.603 PM] info: 	BEFORE DB Execution
[2024-12-18 12:29:45.607 PM] info: 	AFTER DB Execution Success
[2024-12-18 12:29:45.608 PM] info: 	BEFORE DB Connection Close
[2024-12-18 12:29:45.608 PM] info: 	BEFORE DB Get Connection
[2024-12-18 12:29:45.612 PM] info: 	AFTER DB Connection Close
[2024-12-18 12:29:45.644 PM] info: 	BEFORE DB Execution
[2024-12-18 12:29:45.679 PM] info: 	AFTER DB Execution Success
[2024-12-18 12:29:45.679 PM] info: 	BEFORE DB Connection Close
[2024-12-18 12:29:45.679 PM] info: 	BEFORE DB Get Connection
[2024-12-18 12:29:45.685 PM] info: 	AFTER DB Connection Close
[2024-12-18 12:29:45.701 PM] info: 	AFTER DB Execution Success
[2024-12-18 12:29:45.701 PM] info: 	BEFORE DB Connection Close
[2024-12-18 12:29:45.701 PM] info: 	BEFORE DB Get Connection
[2024-12-18 12:29:45.704 PM] info: 	AFTER DB Connection Close
[2024-12-18 12:29:45.717 PM] info: 	BEFORE DB Execution
[2024-12-18 12:29:45.724 PM] info: 	AFTER DB Execution Success
[2024-12-18 12:29:45.724 PM] info: 	BEFORE DB Connection Close
[2024-12-18 12:29:45.727 PM] info: 	AFTER DB Connection Close
[2024-12-18 12:29:45.731 PM] info: 	BEFORE DB Execution
[2024-12-18 12:29:45.733 PM] info: 	AFTER DB Execution Success
[2024-12-18 12:29:45.733 PM] info: 	BEFORE DB Connection Close
[2024-12-18 12:29:45.733 PM] info: 	BEFORE DB Get Connection
[2024-12-18 12:29:45.736 PM] info: 	AFTER DB Connection Close
[2024-12-18 12:29:45.765 PM] info: 	BEFORE DB Execution
[2024-12-18 12:29:45.909 PM] info: 	AFTER DB Execution Success
[2024-12-18 12:29:45.909 PM] info: 	BEFORE DB Connection Close
[2024-12-18 12:29:45.909 PM] info: 	BEFORE DB Get Connection
[2024-12-18 12:29:45.911 PM] info: 	AFTER DB Connection Close
[2024-12-18 12:29:45.933 PM] info: 	BEFORE DB Execution
[2024-12-18 12:29:45.934 PM] info: 	AFTER DB Execution Success
[2024-12-18 12:29:45.934 PM] info: 	BEFORE DB Connection Close
[2024-12-18 12:29:45.956 PM] info: 	AFTER DB Connection Close
[2024-12-18 12:29:46.130 PM] info: 	BEFORE DB Get Connection
[2024-12-18 12:29:46.163 PM] info: 	BEFORE DB Execution
[2024-12-18 12:29:46.164 PM] info: 	AFTER DB Execution Success
[2024-12-18 12:29:46.164 PM] info: 	BEFORE DB Connection Close
[2024-12-18 12:29:46.164 PM] info: 	BEFORE DB Get Connection
[2024-12-18 12:29:46.166 PM] info: 	AFTER DB Connection Close
[2024-12-18 12:29:46.196 PM] info: 	BEFORE DB Execution
[2024-12-18 12:29:46.199 PM] info: 	AFTER DB Execution Success
[2024-12-18 12:29:46.199 PM] info: 	BEFORE DB Connection Close
[2024-12-18 12:29:46.199 PM] info: 	BEFORE DB Get Connection
[2024-12-18 12:29:46.202 PM] info: 	AFTER DB Connection Close
[2024-12-18 12:29:46.231 PM] info: 	BEFORE DB Execution
[2024-12-18 12:29:46.239 PM] info: 	AFTER DB Execution Success
[2024-12-18 12:29:46.240 PM] info: 	BEFORE DB Connection Close
[2024-12-18 12:29:46.240 PM] info: 	BEFORE DB Get Connection
[2024-12-18 12:29:46.243 PM] info: 	AFTER DB Connection Close
[2024-12-18 12:29:46.282 PM] info: 	BEFORE DB Execution
[2024-12-18 12:29:46.286 PM] info: 	AFTER DB Execution Success
[2024-12-18 12:29:46.286 PM] info: 	BEFORE DB Connection Close
[2024-12-18 12:29:46.286 PM] info: 	BEFORE DB Get Connection
[2024-12-18 12:29:46.290 PM] info: 	AFTER DB Connection Close
[2024-12-18 12:29:46.318 PM] info: 	BEFORE DB Execution
[2024-12-18 12:29:46.358 PM] info: 	AFTER DB Execution Success
[2024-12-18 12:29:46.358 PM] info: 	BEFORE DB Connection Close
[2024-12-18 12:29:46.358 PM] info: 	BEFORE DB Get Connection
[2024-12-18 12:29:46.361 PM] info: 	AFTER DB Connection Close
[2024-12-18 12:29:46.400 PM] info: 	BEFORE DB Execution
[2024-12-18 12:29:46.407 PM] info: 	AFTER DB Execution Success
[2024-12-18 12:29:46.408 PM] info: 	BEFORE DB Connection Close
[2024-12-18 12:29:46.412 PM] info: 	AFTER DB Connection Close
