[2024-12-05 12:00:20.396 PM] error: 	Autentication Failed false
[2024-12-05 12:00:20.415 PM] error: 	Autentication Failed false
[2024-12-05 12:00:20.415 PM] info: 	BEFORE DB Get Connection
[2024-12-05 12:00:20.440 PM] info: 	BEFORE DB Execution
[2024-12-05 12:00:20.473 PM] info: 	AFTER DB Execution Success
[2024-12-05 12:00:20.473 PM] info: 	BEFORE DB Connection Close
[2024-12-05 12:00:20.476 PM] info: 	AFTER DB Connection Close
[2024-12-05 12:00:20.526 PM] info: 	BEFORE DB Get Connection
[2024-12-05 12:00:20.550 PM] info: 	BEFORE DB Execution
[2024-12-05 12:00:20.552 PM] info: 	AFTER DB Execution Success
[2024-12-05 12:00:20.552 PM] info: 	BEFORE DB Connection Close
[2024-12-05 12:00:20.560 PM] info: 	AFTER DB Connection Close
[2024-12-05 12:03:54.976 PM] info: 	BEFORE DB Get Connection
[2024-12-05 12:03:55.004 PM] info: 	BEFORE DB Execution
[2024-12-05 12:03:55.024 PM] info: 	AFTER DB Execution Success
[2024-12-05 12:03:55.025 PM] info: 	BEFORE DB Connection Close
[2024-12-05 12:03:55.025 PM] info: 	BEFORE DB Get Connection
[2024-12-05 12:03:55.026 PM] info: 	AFTER DB Connection Close
[2024-12-05 12:03:55.050 PM] info: 	BEFORE DB Execution
[2024-12-05 12:03:55.089 PM] info: 	AFTER DB Execution Success
[2024-12-05 12:03:55.089 PM] info: 	BEFORE DB Connection Close
[2024-12-05 12:03:55.090 PM] info: 	BEFORE DB Get Connection
[2024-12-05 12:03:55.092 PM] info: 	AFTER DB Connection Close
[2024-12-05 12:03:55.130 PM] info: 	BEFORE DB Execution
[2024-12-05 12:03:55.133 PM] info: 	AFTER DB Execution Success
[2024-12-05 12:03:55.133 PM] info: 	BEFORE DB Connection Close
[2024-12-05 12:03:55.134 PM] info: 	BEFORE DB Get Connection
[2024-12-05 12:03:55.136 PM] info: 	AFTER DB Connection Close
[2024-12-05 12:03:55.161 PM] info: 	BEFORE DB Execution
[2024-12-05 12:03:55.163 PM] info: 	AFTER DB Execution Success
[2024-12-05 12:03:55.163 PM] info: 	BEFORE DB Connection Close
[2024-12-05 12:03:55.163 PM] info: 	BEFORE DB Get Connection
[2024-12-05 12:03:55.165 PM] info: 	AFTER DB Connection Close
[2024-12-05 12:03:55.187 PM] info: 	BEFORE DB Execution
[2024-12-05 12:03:55.188 PM] info: 	AFTER DB Execution Success
[2024-12-05 12:03:55.188 PM] info: 	BEFORE DB Connection Close
[2024-12-05 12:03:55.188 PM] info: 	BEFORE DB Get Connection
[2024-12-05 12:03:55.190 PM] info: 	AFTER DB Connection Close
[2024-12-05 12:03:55.210 PM] info: 	BEFORE DB Execution
[2024-12-05 12:03:55.212 PM] info: 	AFTER DB Execution Success
[2024-12-05 12:03:55.212 PM] info: 	BEFORE DB Connection Close
[2024-12-05 12:03:55.214 PM] info: 	AFTER DB Connection Close
[2024-12-05 12:09:45.215 PM] error: 	Autentication Failed false
[2024-12-05 12:09:45.238 PM] error: 	Autentication Failed false
[2024-12-05 12:09:45.239 PM] info: 	BEFORE DB Get Connection
[2024-12-05 12:09:45.273 PM] info: 	BEFORE DB Execution
[2024-12-05 12:09:45.308 PM] info: 	AFTER DB Execution Success
[2024-12-05 12:09:45.309 PM] info: 	BEFORE DB Connection Close
[2024-12-05 12:09:45.312 PM] info: 	AFTER DB Connection Close
[2024-12-05 12:09:45.404 PM] info: 	BEFORE DB Get Connection
[2024-12-05 12:09:45.432 PM] info: 	BEFORE DB Execution
[2024-12-05 12:09:45.440 PM] info: 	AFTER DB Execution Success
[2024-12-05 12:09:45.440 PM] info: 	BEFORE DB Connection Close
[2024-12-05 12:09:45.445 PM] info: 	AFTER DB Connection Close
[2024-12-05 12:09:46.662 PM] info: 	BEFORE DB Get Connection
[2024-12-05 12:09:46.712 PM] info: 	BEFORE DB Execution
[2024-12-05 12:09:46.726 PM] info: 	AFTER DB Execution Success
[2024-12-05 12:09:46.726 PM] info: 	BEFORE DB Connection Close
[2024-12-05 12:09:46.726 PM] info: 	BEFORE DB Get Connection
[2024-12-05 12:09:46.731 PM] info: 	AFTER DB Connection Close
[2024-12-05 12:09:46.752 PM] info: 	BEFORE DB Execution
[2024-12-05 12:09:46.780 PM] info: 	AFTER DB Execution Success
[2024-12-05 12:09:46.781 PM] info: 	BEFORE DB Connection Close
[2024-12-05 12:09:46.781 PM] info: 	BEFORE DB Get Connection
[2024-12-05 12:09:46.785 PM] info: 	AFTER DB Connection Close
[2024-12-05 12:09:46.814 PM] info: 	BEFORE DB Execution
[2024-12-05 12:09:46.816 PM] info: 	AFTER DB Execution Success
[2024-12-05 12:09:46.817 PM] info: 	BEFORE DB Connection Close
[2024-12-05 12:09:46.817 PM] info: 	BEFORE DB Get Connection
[2024-12-05 12:09:46.819 PM] info: 	AFTER DB Connection Close
[2024-12-05 12:09:46.842 PM] info: 	BEFORE DB Execution
[2024-12-05 12:09:46.844 PM] info: 	AFTER DB Execution Success
[2024-12-05 12:09:46.844 PM] info: 	BEFORE DB Connection Close
[2024-12-05 12:09:46.844 PM] info: 	BEFORE DB Get Connection
[2024-12-05 12:09:46.846 PM] info: 	AFTER DB Connection Close
[2024-12-05 12:09:46.866 PM] info: 	BEFORE DB Execution
[2024-12-05 12:09:46.867 PM] info: 	AFTER DB Execution Success
[2024-12-05 12:09:46.868 PM] info: 	BEFORE DB Connection Close
[2024-12-05 12:09:46.868 PM] info: 	BEFORE DB Get Connection
[2024-12-05 12:09:46.870 PM] info: 	AFTER DB Connection Close
[2024-12-05 12:09:46.892 PM] info: 	BEFORE DB Execution
[2024-12-05 12:09:46.896 PM] info: 	AFTER DB Execution Success
[2024-12-05 12:09:46.896 PM] info: 	BEFORE DB Connection Close
[2024-12-05 12:09:46.899 PM] info: 	AFTER DB Connection Close
