[2024-12-16 10:08:48.303 AM] error: 	Autentication Failed false
[2024-12-16 10:08:48.332 AM] info: 	Autentication Success
[2024-12-16 10:08:48.332 AM] info: 	BEFORE DB Get Connection
[2024-12-16 10:08:48.365 AM] info: 	BEFORE DB Execution
[2024-12-16 10:08:48.397 AM] info: 	AFTER DB Execution Success
[2024-12-16 10:08:48.397 AM] info: 	BEFORE DB Connection Close
[2024-12-16 10:08:48.398 AM] info: 	BEFORE DB Get Connection
[2024-12-16 10:08:48.402 AM] info: 	AFTER DB Connection Close
[2024-12-16 10:08:48.443 AM] info: 	BEFORE DB Execution
[2024-12-16 10:08:48.489 AM] info: 	AFTER DB Execution Success
[2024-12-16 10:08:48.489 AM] info: 	BEFORE DB Connection Close
[2024-12-16 10:08:48.502 AM] info: 	AFTER DB Connection Close
[2024-12-16 10:08:49.349 AM] info: 	BEFORE DB Get Connection
[2024-12-16 10:08:49.381 AM] info: 	BEFORE DB Execution
[2024-12-16 10:08:49.497 AM] info: 	AFTER DB Execution Success
[2024-12-16 10:08:49.497 AM] info: 	BEFORE DB Connection Close
[2024-12-16 10:08:49.497 AM] info: 	BEFORE DB Get Connection
[2024-12-16 10:08:49.499 AM] info: 	AFTER DB Connection Close
[2024-12-16 10:08:49.541 AM] info: 	BEFORE DB Execution
[2024-12-16 10:08:49.581 AM] info: 	AFTER DB Execution Success
[2024-12-16 10:08:49.581 AM] info: 	BEFORE DB Connection Close
[2024-12-16 10:08:49.581 AM] info: 	BEFORE DB Get Connection
[2024-12-16 10:08:49.583 AM] info: 	AFTER DB Connection Close
[2024-12-16 10:08:49.610 AM] info: 	BEFORE DB Execution
[2024-12-16 10:08:49.612 AM] info: 	AFTER DB Execution Success
[2024-12-16 10:08:49.612 AM] info: 	BEFORE DB Connection Close
[2024-12-16 10:08:49.612 AM] info: 	BEFORE DB Get Connection
[2024-12-16 10:08:49.614 AM] info: 	AFTER DB Connection Close
[2024-12-16 10:08:49.661 AM] info: 	BEFORE DB Execution
[2024-12-16 10:08:49.663 AM] info: 	AFTER DB Execution Success
[2024-12-16 10:08:49.663 AM] info: 	BEFORE DB Connection Close
[2024-12-16 10:08:49.664 AM] info: 	BEFORE DB Get Connection
[2024-12-16 10:08:49.665 AM] info: 	AFTER DB Connection Close
[2024-12-16 10:08:49.694 AM] info: 	BEFORE DB Execution
[2024-12-16 10:08:49.695 AM] info: 	AFTER DB Execution Success
[2024-12-16 10:08:49.695 AM] info: 	BEFORE DB Connection Close
[2024-12-16 10:08:49.695 AM] info: 	BEFORE DB Get Connection
[2024-12-16 10:08:49.697 AM] info: 	AFTER DB Connection Close
[2024-12-16 10:08:49.716 AM] info: 	BEFORE DB Execution
[2024-12-16 10:08:49.718 AM] info: 	AFTER DB Execution Success
[2024-12-16 10:08:49.718 AM] info: 	BEFORE DB Connection Close
[2024-12-16 10:08:49.721 AM] info: 	AFTER DB Connection Close
[2024-12-16 10:08:50.762 AM] info: 	BEFORE DB Get Connection
[2024-12-16 10:08:50.797 AM] info: 	BEFORE DB Get Connection
[2024-12-16 10:08:50.805 AM] info: 	BEFORE DB Execution
[2024-12-16 10:08:50.806 AM] info: 	AFTER DB Execution Success
[2024-12-16 10:08:50.806 AM] info: 	BEFORE DB Connection Close
[2024-12-16 10:08:50.807 AM] info: 	BEFORE DB Get Connection
[2024-12-16 10:08:50.808 AM] info: 	AFTER DB Connection Close
[2024-12-16 10:08:50.836 AM] info: 	BEFORE DB Execution
[2024-12-16 10:08:50.837 AM] info: 	AFTER DB Execution Success
[2024-12-16 10:08:50.838 AM] info: 	BEFORE DB Connection Close
[2024-12-16 10:08:50.838 AM] info: 	BEFORE DB Get Connection
[2024-12-16 10:08:50.838 AM] info: 	BEFORE DB Execution
[2024-12-16 10:08:50.840 AM] info: 	AFTER DB Execution Success
[2024-12-16 10:08:50.840 AM] info: 	BEFORE DB Connection Close
[2024-12-16 10:08:50.840 AM] info: 	BEFORE DB Get Connection
[2024-12-16 10:08:50.840 AM] info: 	AFTER DB Connection Close
[2024-12-16 10:08:50.842 AM] info: 	AFTER DB Connection Close
[2024-12-16 10:08:50.884 AM] info: 	BEFORE DB Execution
[2024-12-16 10:08:50.885 AM] info: 	BEFORE DB Execution
[2024-12-16 10:08:50.887 AM] info: 	AFTER DB Execution Success
[2024-12-16 10:08:50.887 AM] info: 	BEFORE DB Connection Close
[2024-12-16 10:08:50.887 AM] info: 	BEFORE DB Get Connection
[2024-12-16 10:08:50.889 AM] info: 	AFTER DB Connection Close
[2024-12-16 10:08:50.912 AM] info: 	BEFORE DB Execution
[2024-12-16 10:08:50.935 AM] info: 	AFTER DB Execution Success
[2024-12-16 10:08:50.935 AM] info: 	BEFORE DB Connection Close
[2024-12-16 10:08:50.935 AM] info: 	BEFORE DB Get Connection
[2024-12-16 10:08:50.937 AM] info: 	AFTER DB Connection Close
[2024-12-16 10:08:50.956 AM] info: 	AFTER DB Execution Success
[2024-12-16 10:08:50.957 AM] info: 	BEFORE DB Connection Close
[2024-12-16 10:08:50.957 AM] info: 	BEFORE DB Get Connection
[2024-12-16 10:08:50.961 AM] info: 	AFTER DB Connection Close
[2024-12-16 10:08:50.965 AM] info: 	BEFORE DB Execution
[2024-12-16 10:08:50.968 AM] info: 	AFTER DB Execution Success
[2024-12-16 10:08:50.968 AM] info: 	BEFORE DB Connection Close
[2024-12-16 10:08:50.968 AM] info: 	BEFORE DB Get Connection
[2024-12-16 10:08:50.971 AM] info: 	AFTER DB Connection Close
[2024-12-16 10:08:50.992 AM] info: 	BEFORE DB Execution
[2024-12-16 10:08:51.003 AM] info: 	BEFORE DB Execution
[2024-12-16 10:08:51.058 AM] info: 	AFTER DB Execution Success
[2024-12-16 10:08:51.058 AM] info: 	BEFORE DB Connection Close
[2024-12-16 10:08:51.058 AM] info: 	BEFORE DB Get Connection
[2024-12-16 10:08:51.062 AM] info: 	AFTER DB Connection Close
[2024-12-16 10:08:51.096 AM] info: 	AFTER DB Execution Success
[2024-12-16 10:08:51.096 AM] info: 	BEFORE DB Connection Close
[2024-12-16 10:08:51.097 AM] info: 	BEFORE DB Get Connection
[2024-12-16 10:08:51.099 AM] info: 	AFTER DB Connection Close
[2024-12-16 10:08:51.101 AM] info: 	BEFORE DB Execution
[2024-12-16 10:08:51.106 AM] info: 	AFTER DB Execution Success
[2024-12-16 10:08:51.107 AM] info: 	BEFORE DB Connection Close
[2024-12-16 10:08:51.110 AM] info: 	AFTER DB Connection Close
[2024-12-16 10:08:51.137 AM] info: 	BEFORE DB Execution
[2024-12-16 10:08:51.139 AM] info: 	AFTER DB Execution Success
[2024-12-16 10:08:51.139 AM] info: 	BEFORE DB Connection Close
[2024-12-16 10:08:51.139 AM] info: 	BEFORE DB Get Connection
[2024-12-16 10:08:51.141 AM] info: 	AFTER DB Connection Close
[2024-12-16 10:08:51.161 AM] info: 	BEFORE DB Execution
[2024-12-16 10:08:51.290 AM] info: 	AFTER DB Execution Success
[2024-12-16 10:08:51.291 AM] info: 	BEFORE DB Connection Close
[2024-12-16 10:08:51.291 AM] info: 	BEFORE DB Get Connection
[2024-12-16 10:08:51.293 AM] info: 	AFTER DB Connection Close
[2024-12-16 10:08:51.322 AM] info: 	BEFORE DB Execution
[2024-12-16 10:08:51.324 AM] info: 	AFTER DB Execution Success
[2024-12-16 10:08:51.324 AM] info: 	BEFORE DB Connection Close
[2024-12-16 10:08:51.348 AM] info: 	AFTER DB Connection Close
[2024-12-16 10:08:51.504 AM] info: 	BEFORE DB Get Connection
[2024-12-16 10:08:51.553 AM] info: 	BEFORE DB Execution
[2024-12-16 10:08:51.554 AM] info: 	AFTER DB Execution Success
[2024-12-16 10:08:51.554 AM] info: 	BEFORE DB Connection Close
[2024-12-16 10:08:51.554 AM] info: 	BEFORE DB Get Connection
[2024-12-16 10:08:51.557 AM] info: 	AFTER DB Connection Close
[2024-12-16 10:08:51.591 AM] info: 	BEFORE DB Execution
[2024-12-16 10:08:51.594 AM] info: 	AFTER DB Execution Success
[2024-12-16 10:08:51.594 AM] info: 	BEFORE DB Connection Close
[2024-12-16 10:08:51.594 AM] info: 	BEFORE DB Get Connection
[2024-12-16 10:08:51.596 AM] info: 	AFTER DB Connection Close
[2024-12-16 10:08:51.615 AM] info: 	BEFORE DB Execution
[2024-12-16 10:08:51.620 AM] info: 	AFTER DB Execution Success
[2024-12-16 10:08:51.621 AM] info: 	BEFORE DB Connection Close
[2024-12-16 10:08:51.621 AM] info: 	BEFORE DB Get Connection
[2024-12-16 10:08:51.622 AM] info: 	AFTER DB Connection Close
[2024-12-16 10:08:51.649 AM] info: 	BEFORE DB Execution
[2024-12-16 10:08:51.652 AM] info: 	AFTER DB Execution Success
[2024-12-16 10:08:51.652 AM] info: 	BEFORE DB Connection Close
[2024-12-16 10:08:51.652 AM] info: 	BEFORE DB Get Connection
[2024-12-16 10:08:51.654 AM] info: 	AFTER DB Connection Close
[2024-12-16 10:08:51.678 AM] info: 	BEFORE DB Execution
[2024-12-16 10:08:51.707 AM] info: 	AFTER DB Execution Success
[2024-12-16 10:08:51.707 AM] info: 	BEFORE DB Connection Close
[2024-12-16 10:08:51.707 AM] info: 	BEFORE DB Get Connection
[2024-12-16 10:08:51.709 AM] info: 	AFTER DB Connection Close
[2024-12-16 10:08:51.748 AM] info: 	BEFORE DB Execution
[2024-12-16 10:08:51.751 AM] info: 	AFTER DB Execution Success
[2024-12-16 10:08:51.751 AM] info: 	BEFORE DB Connection Close
[2024-12-16 10:08:51.754 AM] info: 	AFTER DB Connection Close
[2024-12-16 10:09:03.610 AM] info: 	BEFORE DB Get Connection
[2024-12-16 10:09:03.612 AM] info: 	BEFORE DB Get Connection
[2024-12-16 10:09:03.636 AM] info: 	BEFORE DB Execution
[2024-12-16 10:09:03.637 AM] info: 	AFTER DB Execution Success
[2024-12-16 10:09:03.637 AM] info: 	BEFORE DB Connection Close
[2024-12-16 10:09:03.639 AM] info: 	AFTER DB Connection Close
[2024-12-16 10:09:03.644 AM] info: 	BEFORE DB Execution
[2024-12-16 10:09:03.647 AM] info: 	AFTER DB Execution Success
[2024-12-16 10:09:03.648 AM] info: 	BEFORE DB Connection Close
[2024-12-16 10:09:03.648 AM] info: 	BEFORE DB Get Connection
[2024-12-16 10:09:03.649 AM] info: 	AFTER DB Connection Close
[2024-12-16 10:09:03.698 AM] info: 	BEFORE DB Execution
[2024-12-16 10:09:03.700 AM] info: 	AFTER DB Execution Success
[2024-12-16 10:09:03.700 AM] info: 	BEFORE DB Connection Close
[2024-12-16 10:09:03.702 AM] info: 	AFTER DB Connection Close
[2024-12-16 10:09:03.747 AM] info: 	BEFORE DB Get Connection
[2024-12-16 10:09:03.786 AM] info: 	BEFORE DB Execution
[2024-12-16 10:09:03.788 AM] info: 	AFTER DB Execution Success
[2024-12-16 10:09:03.788 AM] info: 	BEFORE DB Connection Close
[2024-12-16 10:09:03.788 AM] info: 	BEFORE DB Get Connection
[2024-12-16 10:09:03.790 AM] info: 	AFTER DB Connection Close
[2024-12-16 10:09:03.810 AM] info: 	BEFORE DB Execution
[2024-12-16 10:09:03.812 AM] info: 	AFTER DB Execution Success
[2024-12-16 10:09:03.812 AM] info: 	BEFORE DB Connection Close
[2024-12-16 10:09:03.814 AM] info: 	AFTER DB Connection Close
[2024-12-16 10:09:03.965 AM] info: 	BEFORE DB Get Connection
[2024-12-16 10:09:03.987 AM] info: 	BEFORE DB Execution
[2024-12-16 10:09:03.989 AM] info: 	AFTER DB Execution Success
[2024-12-16 10:09:03.989 AM] info: 	BEFORE DB Connection Close
[2024-12-16 10:09:03.989 AM] info: 	BEFORE DB Get Connection
[2024-12-16 10:09:03.991 AM] info: 	AFTER DB Connection Close
[2024-12-16 10:09:04.010 AM] info: 	BEFORE DB Execution
[2024-12-16 10:09:04.013 AM] info: 	AFTER DB Execution Success
[2024-12-16 10:09:04.013 AM] info: 	BEFORE DB Connection Close
[2024-12-16 10:09:04.015 AM] info: 	AFTER DB Connection Close
[2024-12-16 10:09:24.925 AM] info: 	BEFORE DB Get Connection
[2024-12-16 10:09:24.957 AM] info: 	BEFORE DB Get Connection
[2024-12-16 10:09:24.977 AM] info: 	BEFORE DB Execution
[2024-12-16 10:09:24.978 AM] info: 	AFTER DB Execution Success
[2024-12-16 10:09:24.978 AM] info: 	BEFORE DB Connection Close
[2024-12-16 10:09:24.980 AM] info: 	BEFORE DB Execution
[2024-12-16 10:09:24.982 AM] info: 	BEFORE DB Get Connection
[2024-12-16 10:09:24.983 AM] info: 	AFTER DB Connection Close
[2024-12-16 10:09:24.983 AM] info: 	AFTER DB Execution Success
[2024-12-16 10:09:24.983 AM] info: 	BEFORE DB Connection Close
[2024-12-16 10:09:24.983 AM] info: 	BEFORE DB Get Connection
[2024-12-16 10:09:24.985 AM] info: 	AFTER DB Connection Close
[2024-12-16 10:09:25.013 AM] info: 	BEFORE DB Execution
[2024-12-16 10:09:25.015 AM] info: 	AFTER DB Execution Success
[2024-12-16 10:09:25.015 AM] info: 	BEFORE DB Connection Close
[2024-12-16 10:09:25.017 AM] info: 	AFTER DB Connection Close
[2024-12-16 10:09:25.026 AM] info: 	BEFORE DB Execution
[2024-12-16 10:09:25.027 AM] info: 	AFTER DB Execution Success
[2024-12-16 10:09:25.027 AM] info: 	BEFORE DB Connection Close
[2024-12-16 10:09:25.029 AM] info: 	AFTER DB Connection Close
[2024-12-16 10:09:25.222 AM] info: 	BEFORE DB Get Connection
[2024-12-16 10:09:25.269 AM] info: 	BEFORE DB Get Connection
[2024-12-16 10:09:25.269 AM] info: 	BEFORE DB Execution
[2024-12-16 10:09:25.275 AM] info: 	AFTER DB Execution Success
[2024-12-16 10:09:25.276 AM] info: 	BEFORE DB Connection Close
[2024-12-16 10:09:25.276 AM] info: 	BEFORE DB Get Connection
[2024-12-16 10:09:25.278 AM] info: 	AFTER DB Connection Close
[2024-12-16 10:09:25.291 AM] info: 	BEFORE DB Execution
[2024-12-16 10:09:25.292 AM] info: 	AFTER DB Execution Success
[2024-12-16 10:09:25.293 AM] info: 	BEFORE DB Connection Close
[2024-12-16 10:09:25.293 AM] info: 	BEFORE DB Get Connection
[2024-12-16 10:09:25.294 AM] info: 	AFTER DB Connection Close
[2024-12-16 10:09:25.296 AM] info: 	BEFORE DB Execution
[2024-12-16 10:09:25.298 AM] info: 	AFTER DB Execution Success
[2024-12-16 10:09:25.298 AM] info: 	BEFORE DB Connection Close
[2024-12-16 10:09:25.301 AM] info: 	AFTER DB Connection Close
[2024-12-16 10:09:25.331 AM] info: 	BEFORE DB Execution
[2024-12-16 10:09:25.333 AM] info: 	AFTER DB Execution Success
[2024-12-16 10:09:25.334 AM] info: 	BEFORE DB Connection Close
[2024-12-16 10:09:25.336 AM] info: 	AFTER DB Connection Close
[2024-12-16 10:09:49.783 AM] info: 	BEFORE DB Get Connection
[2024-12-16 10:09:49.808 AM] info: 	BEFORE DB Execution
[2024-12-16 10:09:49.815 AM] info: 	AFTER DB Execution Success
[2024-12-16 10:09:49.815 AM] info: 	BEFORE DB Connection Close
[2024-12-16 10:09:49.818 AM] info: 	AFTER DB Connection Close
[2024-12-16 10:09:49.854 AM] info: 	BEFORE DB Get Connection
[2024-12-16 10:09:49.878 AM] info: 	BEFORE DB Execution
[2024-12-16 10:09:49.879 AM] info: 	AFTER DB Execution Success
[2024-12-16 10:09:49.880 AM] info: 	BEFORE DB Connection Close
[2024-12-16 10:09:49.880 AM] info: 	BEFORE DB Get Connection
[2024-12-16 10:09:49.885 AM] info: 	AFTER DB Connection Close
[2024-12-16 10:09:49.896 AM] info: 	BEFORE DB Get Connection
[2024-12-16 10:09:49.897 AM] info: 	BEFORE DB Get Connection
[2024-12-16 10:09:49.904 AM] info: 	BEFORE DB Execution
[2024-12-16 10:09:49.908 AM] info: 	AFTER DB Execution Success
[2024-12-16 10:09:49.908 AM] info: 	BEFORE DB Connection Close
[2024-12-16 10:09:49.908 AM] info: 	BEFORE DB Get Connection
[2024-12-16 10:09:49.910 AM] info: 	AFTER DB Connection Close
[2024-12-16 10:09:49.920 AM] info: 	BEFORE DB Execution
[2024-12-16 10:09:49.922 AM] info: 	AFTER DB Execution Success
[2024-12-16 10:09:49.922 AM] info: 	BEFORE DB Connection Close
[2024-12-16 10:09:49.922 AM] info: 	BEFORE DB Get Connection
[2024-12-16 10:09:49.926 AM] info: 	AFTER DB Connection Close
[2024-12-16 10:09:49.927 AM] info: 	BEFORE DB Execution
[2024-12-16 10:09:49.929 AM] info: 	AFTER DB Execution Success
[2024-12-16 10:09:49.929 AM] info: 	BEFORE DB Connection Close
[2024-12-16 10:09:49.933 AM] info: 	BEFORE DB Get Connection
[2024-12-16 10:09:49.933 AM] info: 	AFTER DB Connection Close
[2024-12-16 10:09:49.935 AM] info: 	BEFORE DB Get Connection
[2024-12-16 10:09:49.945 AM] info: 	BEFORE DB Execution
[2024-12-16 10:09:49.946 AM] info: 	BEFORE DB Execution
[2024-12-16 10:09:49.947 AM] info: 	AFTER DB Execution Success
[2024-12-16 10:09:49.947 AM] info: 	BEFORE DB Connection Close
[2024-12-16 10:09:49.948 AM] info: 	AFTER DB Connection Close
[2024-12-16 10:09:49.956 AM] info: 	BEFORE DB Execution
[2024-12-16 10:09:49.958 AM] info: 	AFTER DB Execution Success
[2024-12-16 10:09:49.959 AM] info: 	BEFORE DB Connection Close
[2024-12-16 10:09:49.959 AM] info: 	BEFORE DB Get Connection
[2024-12-16 10:09:49.961 AM] info: 	AFTER DB Connection Close
[2024-12-16 10:09:49.962 AM] info: 	BEFORE DB Execution
[2024-12-16 10:09:49.963 AM] info: 	AFTER DB Execution Success
[2024-12-16 10:09:49.963 AM] info: 	BEFORE DB Connection Close
[2024-12-16 10:09:49.966 AM] info: 	AFTER DB Connection Close
[2024-12-16 10:09:49.986 AM] info: 	BEFORE DB Execution
[2024-12-16 10:09:49.989 AM] info: 	AFTER DB Execution Success
[2024-12-16 10:09:49.989 AM] info: 	BEFORE DB Connection Close
[2024-12-16 10:09:49.992 AM] info: 	AFTER DB Connection Close
[2024-12-16 10:09:50.017 AM] info: 	AFTER DB Execution Success
[2024-12-16 10:09:50.017 AM] info: 	BEFORE DB Connection Close
[2024-12-16 10:09:50.018 AM] info: 	BEFORE DB Get Connection
[2024-12-16 10:09:50.022 AM] info: 	AFTER DB Connection Close
[2024-12-16 10:09:50.073 AM] info: 	BEFORE DB Execution
[2024-12-16 10:09:50.172 AM] info: 	AFTER DB Execution Success
[2024-12-16 10:09:50.173 AM] info: 	BEFORE DB Connection Close
[2024-12-16 10:09:50.173 AM] info: 	BEFORE DB Get Connection
[2024-12-16 10:09:50.177 AM] info: 	AFTER DB Connection Close
[2024-12-16 10:09:50.201 AM] info: 	BEFORE DB Execution
[2024-12-16 10:09:50.203 AM] info: 	AFTER DB Execution Success
[2024-12-16 10:09:50.204 AM] info: 	BEFORE DB Connection Close
[2024-12-16 10:09:50.204 AM] info: 	BEFORE DB Get Connection
[2024-12-16 10:09:50.207 AM] info: 	AFTER DB Connection Close
[2024-12-16 10:09:50.235 AM] info: 	BEFORE DB Execution
[2024-12-16 10:09:50.386 AM] info: 	AFTER DB Execution Success
[2024-12-16 10:09:50.386 AM] info: 	BEFORE DB Connection Close
[2024-12-16 10:09:50.386 AM] info: 	BEFORE DB Get Connection
[2024-12-16 10:09:50.388 AM] info: 	AFTER DB Connection Close
[2024-12-16 10:09:50.426 AM] info: 	BEFORE DB Execution
[2024-12-16 10:09:50.429 AM] info: 	AFTER DB Execution Success
[2024-12-16 10:09:50.429 AM] info: 	BEFORE DB Connection Close
[2024-12-16 10:09:50.454 AM] info: 	AFTER DB Connection Close
[2024-12-16 10:15:10.806 AM] error: 	Autentication Failed false
[2024-12-16 10:15:10.840 AM] info: 	Autentication Success
[2024-12-16 10:15:10.840 AM] info: 	BEFORE DB Get Connection
[2024-12-16 10:15:10.872 AM] info: 	BEFORE DB Execution
[2024-12-16 10:15:10.904 AM] info: 	AFTER DB Execution Success
[2024-12-16 10:15:10.904 AM] info: 	BEFORE DB Connection Close
[2024-12-16 10:15:10.904 AM] info: 	BEFORE DB Get Connection
[2024-12-16 10:15:10.907 AM] info: 	AFTER DB Connection Close
[2024-12-16 10:15:10.930 AM] info: 	BEFORE DB Execution
[2024-12-16 10:15:10.933 AM] info: 	AFTER DB Execution Success
[2024-12-16 10:15:10.933 AM] info: 	BEFORE DB Connection Close
[2024-12-16 10:15:10.933 AM] info: 	BEFORE DB Get Connection
[2024-12-16 10:15:10.935 AM] info: 	AFTER DB Connection Close
[2024-12-16 10:15:10.959 AM] info: 	BEFORE DB Execution
[2024-12-16 10:15:10.962 AM] info: 	AFTER DB Execution Success
[2024-12-16 10:15:10.962 AM] info: 	BEFORE DB Connection Close
[2024-12-16 10:15:10.963 AM] info: 	BEFORE DB Get Connection
[2024-12-16 10:15:10.965 AM] info: 	AFTER DB Connection Close
[2024-12-16 10:15:10.991 AM] info: 	BEFORE DB Execution
[2024-12-16 10:15:11.041 AM] info: 	AFTER DB Execution Success
[2024-12-16 10:15:11.042 AM] info: 	BEFORE DB Connection Close
[2024-12-16 10:15:11.053 AM] info: 	AFTER DB Connection Close
[2024-12-16 10:15:11.125 AM] info: 	BEFORE DB Get Connection
[2024-12-16 10:15:11.153 AM] info: 	BEFORE DB Execution
[2024-12-16 10:15:11.177 AM] info: 	AFTER DB Execution Success
[2024-12-16 10:15:11.177 AM] info: 	BEFORE DB Connection Close
[2024-12-16 10:15:11.177 AM] info: 	BEFORE DB Get Connection
[2024-12-16 10:15:11.180 AM] info: 	AFTER DB Connection Close
[2024-12-16 10:15:11.200 AM] info: 	BEFORE DB Execution
[2024-12-16 10:15:11.223 AM] info: 	AFTER DB Execution Success
[2024-12-16 10:15:11.223 AM] info: 	BEFORE DB Connection Close
[2024-12-16 10:15:11.223 AM] info: 	BEFORE DB Get Connection
[2024-12-16 10:15:11.225 AM] info: 	AFTER DB Connection Close
[2024-12-16 10:15:11.249 AM] info: 	BEFORE DB Execution
[2024-12-16 10:15:11.252 AM] info: 	AFTER DB Execution Success
[2024-12-16 10:15:11.252 AM] info: 	BEFORE DB Connection Close
[2024-12-16 10:15:11.252 AM] info: 	BEFORE DB Get Connection
[2024-12-16 10:15:11.254 AM] info: 	AFTER DB Connection Close
[2024-12-16 10:15:11.274 AM] info: 	BEFORE DB Execution
[2024-12-16 10:15:11.275 AM] info: 	AFTER DB Execution Success
[2024-12-16 10:15:11.275 AM] info: 	BEFORE DB Connection Close
[2024-12-16 10:15:11.275 AM] info: 	BEFORE DB Get Connection
[2024-12-16 10:15:11.277 AM] info: 	AFTER DB Connection Close
[2024-12-16 10:15:11.313 AM] info: 	BEFORE DB Execution
[2024-12-16 10:15:11.314 AM] info: 	AFTER DB Execution Success
[2024-12-16 10:15:11.314 AM] info: 	BEFORE DB Connection Close
[2024-12-16 10:15:11.314 AM] info: 	BEFORE DB Get Connection
[2024-12-16 10:15:11.316 AM] info: 	AFTER DB Connection Close
[2024-12-16 10:15:11.355 AM] info: 	BEFORE DB Execution
[2024-12-16 10:15:11.357 AM] info: 	AFTER DB Execution Success
[2024-12-16 10:15:11.357 AM] info: 	BEFORE DB Connection Close
[2024-12-16 10:15:11.361 AM] info: 	AFTER DB Connection Close
[2024-12-16 10:18:08.952 AM] info: 	BEFORE DB Get Connection
[2024-12-16 10:18:08.994 AM] info: 	BEFORE DB Execution
[2024-12-16 10:18:09.050 AM] info: 	AFTER DB Execution Success
[2024-12-16 10:18:09.050 AM] info: 	BEFORE DB Connection Close
[2024-12-16 10:18:09.050 AM] info: 	BEFORE DB Get Connection
[2024-12-16 10:18:09.054 AM] info: 	AFTER DB Connection Close
[2024-12-16 10:18:09.095 AM] info: 	BEFORE DB Execution
[2024-12-16 10:18:09.114 AM] info: 	AFTER DB Execution Success
[2024-12-16 10:18:09.114 AM] info: 	BEFORE DB Connection Close
[2024-12-16 10:18:09.114 AM] info: 	BEFORE DB Get Connection
[2024-12-16 10:18:09.116 AM] info: 	AFTER DB Connection Close
[2024-12-16 10:18:09.143 AM] info: 	BEFORE DB Execution
[2024-12-16 10:18:09.144 AM] info: 	AFTER DB Execution Success
[2024-12-16 10:18:09.144 AM] info: 	BEFORE DB Connection Close
[2024-12-16 10:18:09.144 AM] info: 	BEFORE DB Get Connection
[2024-12-16 10:18:09.148 AM] info: 	AFTER DB Connection Close
[2024-12-16 10:18:09.177 AM] info: 	BEFORE DB Execution
[2024-12-16 10:18:09.179 AM] info: 	AFTER DB Execution Success
[2024-12-16 10:18:09.180 AM] info: 	BEFORE DB Connection Close
[2024-12-16 10:18:09.180 AM] info: 	BEFORE DB Get Connection
[2024-12-16 10:18:09.182 AM] info: 	AFTER DB Connection Close
[2024-12-16 10:18:09.216 AM] info: 	BEFORE DB Execution
[2024-12-16 10:18:09.217 AM] info: 	AFTER DB Execution Success
[2024-12-16 10:18:09.218 AM] info: 	BEFORE DB Connection Close
[2024-12-16 10:18:09.218 AM] info: 	BEFORE DB Get Connection
[2024-12-16 10:18:09.220 AM] info: 	AFTER DB Connection Close
[2024-12-16 10:18:09.255 AM] info: 	BEFORE DB Execution
[2024-12-16 10:18:09.260 AM] info: 	AFTER DB Execution Success
[2024-12-16 10:18:09.260 AM] info: 	BEFORE DB Connection Close
[2024-12-16 10:18:09.270 AM] info: 	AFTER DB Connection Close
[2024-12-16 10:18:12.343 AM] info: 	BEFORE DB Get Connection
[2024-12-16 10:18:12.374 AM] info: 	BEFORE DB Execution
[2024-12-16 10:18:12.401 AM] info: 	AFTER DB Execution Success
[2024-12-16 10:18:12.401 AM] info: 	BEFORE DB Connection Close
[2024-12-16 10:18:12.402 AM] info: 	BEFORE DB Get Connection
[2024-12-16 10:18:12.404 AM] info: 	AFTER DB Connection Close
[2024-12-16 10:18:12.426 AM] info: 	BEFORE DB Execution
[2024-12-16 10:18:12.443 AM] info: 	AFTER DB Execution Success
[2024-12-16 10:18:12.444 AM] info: 	BEFORE DB Connection Close
[2024-12-16 10:18:12.444 AM] info: 	BEFORE DB Get Connection
[2024-12-16 10:18:12.447 AM] info: 	AFTER DB Connection Close
[2024-12-16 10:18:12.470 AM] info: 	BEFORE DB Execution
[2024-12-16 10:18:12.471 AM] info: 	AFTER DB Execution Success
[2024-12-16 10:18:12.471 AM] info: 	BEFORE DB Connection Close
[2024-12-16 10:18:12.471 AM] info: 	BEFORE DB Get Connection
[2024-12-16 10:18:12.473 AM] info: 	AFTER DB Connection Close
[2024-12-16 10:18:12.499 AM] info: 	BEFORE DB Execution
[2024-12-16 10:18:12.505 AM] info: 	AFTER DB Execution Success
[2024-12-16 10:18:12.505 AM] info: 	BEFORE DB Connection Close
[2024-12-16 10:18:12.505 AM] info: 	BEFORE DB Get Connection
[2024-12-16 10:18:12.507 AM] info: 	AFTER DB Connection Close
[2024-12-16 10:18:12.537 AM] info: 	BEFORE DB Execution
[2024-12-16 10:18:12.538 AM] info: 	AFTER DB Execution Success
[2024-12-16 10:18:12.538 AM] info: 	BEFORE DB Connection Close
[2024-12-16 10:18:12.538 AM] info: 	BEFORE DB Get Connection
[2024-12-16 10:18:12.540 AM] info: 	AFTER DB Connection Close
[2024-12-16 10:18:12.561 AM] info: 	BEFORE DB Execution
[2024-12-16 10:18:12.567 AM] info: 	AFTER DB Execution Success
[2024-12-16 10:18:12.569 AM] info: 	BEFORE DB Connection Close
[2024-12-16 10:18:12.575 AM] info: 	AFTER DB Connection Close
[2024-12-16 10:18:49.868 AM] info: 	BEFORE DB Get Connection
[2024-12-16 10:18:49.897 AM] info: 	BEFORE DB Execution
[2024-12-16 10:18:49.932 AM] info: 	AFTER DB Execution Success
[2024-12-16 10:18:49.933 AM] info: 	BEFORE DB Connection Close
[2024-12-16 10:18:49.933 AM] info: 	BEFORE DB Get Connection
[2024-12-16 10:18:49.935 AM] info: 	AFTER DB Connection Close
[2024-12-16 10:18:49.966 AM] info: 	BEFORE DB Execution
[2024-12-16 10:18:49.980 AM] info: 	AFTER DB Execution Success
[2024-12-16 10:18:49.981 AM] info: 	BEFORE DB Connection Close
[2024-12-16 10:18:49.981 AM] info: 	BEFORE DB Get Connection
[2024-12-16 10:18:49.984 AM] info: 	AFTER DB Connection Close
[2024-12-16 10:18:50.023 AM] info: 	BEFORE DB Execution
[2024-12-16 10:18:50.024 AM] info: 	AFTER DB Execution Success
[2024-12-16 10:18:50.024 AM] info: 	BEFORE DB Connection Close
[2024-12-16 10:18:50.024 AM] info: 	BEFORE DB Get Connection
[2024-12-16 10:18:50.026 AM] info: 	AFTER DB Connection Close
[2024-12-16 10:18:50.048 AM] info: 	BEFORE DB Execution
[2024-12-16 10:18:50.050 AM] info: 	AFTER DB Execution Success
[2024-12-16 10:18:50.050 AM] info: 	BEFORE DB Connection Close
[2024-12-16 10:18:50.050 AM] info: 	BEFORE DB Get Connection
[2024-12-16 10:18:50.053 AM] info: 	AFTER DB Connection Close
[2024-12-16 10:18:50.072 AM] info: 	BEFORE DB Execution
[2024-12-16 10:18:50.073 AM] info: 	AFTER DB Execution Success
[2024-12-16 10:18:50.073 AM] info: 	BEFORE DB Connection Close
[2024-12-16 10:18:50.073 AM] info: 	BEFORE DB Get Connection
[2024-12-16 10:18:50.075 AM] info: 	AFTER DB Connection Close
[2024-12-16 10:18:50.099 AM] info: 	BEFORE DB Execution
[2024-12-16 10:18:50.102 AM] info: 	AFTER DB Execution Success
[2024-12-16 10:18:50.102 AM] info: 	BEFORE DB Connection Close
[2024-12-16 10:18:50.118 AM] info: 	AFTER DB Connection Close
[2024-12-16 10:18:52.964 AM] info: 	BEFORE DB Get Connection
[2024-12-16 10:18:52.994 AM] info: 	BEFORE DB Execution
[2024-12-16 10:18:53.010 AM] info: 	AFTER DB Execution Success
[2024-12-16 10:18:53.011 AM] info: 	BEFORE DB Connection Close
[2024-12-16 10:18:53.011 AM] info: 	BEFORE DB Get Connection
[2024-12-16 10:18:53.014 AM] info: 	AFTER DB Connection Close
[2024-12-16 10:18:53.043 AM] info: 	BEFORE DB Execution
[2024-12-16 10:18:53.056 AM] info: 	AFTER DB Execution Success
[2024-12-16 10:18:53.057 AM] info: 	BEFORE DB Connection Close
[2024-12-16 10:18:53.057 AM] info: 	BEFORE DB Get Connection
[2024-12-16 10:18:53.059 AM] info: 	AFTER DB Connection Close
[2024-12-16 10:18:53.082 AM] info: 	BEFORE DB Execution
[2024-12-16 10:18:53.084 AM] info: 	AFTER DB Execution Success
[2024-12-16 10:18:53.084 AM] info: 	BEFORE DB Connection Close
[2024-12-16 10:18:53.084 AM] info: 	BEFORE DB Get Connection
[2024-12-16 10:18:53.085 AM] info: 	AFTER DB Connection Close
[2024-12-16 10:18:53.107 AM] info: 	BEFORE DB Execution
[2024-12-16 10:18:53.115 AM] info: 	AFTER DB Execution Success
[2024-12-16 10:18:53.115 AM] info: 	BEFORE DB Connection Close
[2024-12-16 10:18:53.115 AM] info: 	BEFORE DB Get Connection
[2024-12-16 10:18:53.130 AM] info: 	AFTER DB Connection Close
[2024-12-16 10:18:53.149 AM] info: 	BEFORE DB Execution
[2024-12-16 10:18:53.151 AM] info: 	AFTER DB Execution Success
[2024-12-16 10:18:53.151 AM] info: 	BEFORE DB Connection Close
[2024-12-16 10:18:53.151 AM] info: 	BEFORE DB Get Connection
[2024-12-16 10:18:53.160 AM] info: 	AFTER DB Connection Close
[2024-12-16 10:18:53.174 AM] info: 	BEFORE DB Execution
[2024-12-16 10:18:53.176 AM] info: 	AFTER DB Execution Success
[2024-12-16 10:18:53.176 AM] info: 	BEFORE DB Connection Close
[2024-12-16 10:18:53.179 AM] info: 	AFTER DB Connection Close
[2024-12-16 10:19:40.161 AM] info: 	BEFORE DB Get Connection
[2024-12-16 10:19:40.208 AM] info: 	BEFORE DB Execution
[2024-12-16 10:19:40.237 AM] info: 	AFTER DB Execution Success
[2024-12-16 10:19:40.237 AM] info: 	BEFORE DB Connection Close
[2024-12-16 10:19:40.237 AM] info: 	BEFORE DB Get Connection
[2024-12-16 10:19:40.250 AM] info: 	AFTER DB Connection Close
[2024-12-16 10:19:40.263 AM] info: 	BEFORE DB Execution
[2024-12-16 10:19:40.281 AM] info: 	AFTER DB Execution Success
[2024-12-16 10:19:40.281 AM] info: 	BEFORE DB Connection Close
[2024-12-16 10:19:40.281 AM] info: 	BEFORE DB Get Connection
[2024-12-16 10:19:40.284 AM] info: 	AFTER DB Connection Close
[2024-12-16 10:19:40.307 AM] info: 	BEFORE DB Execution
[2024-12-16 10:19:40.309 AM] info: 	AFTER DB Execution Success
[2024-12-16 10:19:40.310 AM] info: 	BEFORE DB Connection Close
[2024-12-16 10:19:40.310 AM] info: 	BEFORE DB Get Connection
[2024-12-16 10:19:40.313 AM] info: 	AFTER DB Connection Close
[2024-12-16 10:19:40.351 AM] info: 	BEFORE DB Execution
[2024-12-16 10:19:40.353 AM] info: 	AFTER DB Execution Success
[2024-12-16 10:19:40.353 AM] info: 	BEFORE DB Connection Close
[2024-12-16 10:19:40.353 AM] info: 	BEFORE DB Get Connection
[2024-12-16 10:19:40.355 AM] info: 	AFTER DB Connection Close
[2024-12-16 10:19:40.379 AM] info: 	BEFORE DB Execution
[2024-12-16 10:19:40.380 AM] info: 	AFTER DB Execution Success
[2024-12-16 10:19:40.381 AM] info: 	BEFORE DB Connection Close
[2024-12-16 10:19:40.381 AM] info: 	BEFORE DB Get Connection
[2024-12-16 10:19:40.383 AM] info: 	AFTER DB Connection Close
[2024-12-16 10:19:40.406 AM] info: 	BEFORE DB Execution
[2024-12-16 10:19:40.409 AM] info: 	AFTER DB Execution Success
[2024-12-16 10:19:40.409 AM] info: 	BEFORE DB Connection Close
[2024-12-16 10:19:40.413 AM] info: 	AFTER DB Connection Close
[2024-12-16 10:20:03.674 AM] info: 	BEFORE DB Get Connection
[2024-12-16 10:20:03.748 AM] info: 	BEFORE DB Execution
[2024-12-16 10:20:03.790 AM] info: 	AFTER DB Execution Success
[2024-12-16 10:20:03.790 AM] info: 	BEFORE DB Connection Close
[2024-12-16 10:20:03.790 AM] info: 	BEFORE DB Get Connection
[2024-12-16 10:20:03.796 AM] info: 	AFTER DB Connection Close
[2024-12-16 10:20:03.825 AM] info: 	BEFORE DB Execution
[2024-12-16 10:20:03.848 AM] info: 	AFTER DB Execution Success
[2024-12-16 10:20:03.848 AM] info: 	BEFORE DB Connection Close
[2024-12-16 10:20:03.849 AM] info: 	BEFORE DB Get Connection
[2024-12-16 10:20:03.855 AM] info: 	AFTER DB Connection Close
[2024-12-16 10:20:03.873 AM] info: 	BEFORE DB Execution
[2024-12-16 10:20:03.874 AM] info: 	AFTER DB Execution Success
[2024-12-16 10:20:03.874 AM] info: 	BEFORE DB Connection Close
[2024-12-16 10:20:03.874 AM] info: 	BEFORE DB Get Connection
[2024-12-16 10:20:03.876 AM] info: 	AFTER DB Connection Close
[2024-12-16 10:20:03.903 AM] info: 	BEFORE DB Execution
[2024-12-16 10:20:03.908 AM] info: 	AFTER DB Execution Success
[2024-12-16 10:20:03.908 AM] info: 	BEFORE DB Connection Close
[2024-12-16 10:20:03.908 AM] info: 	BEFORE DB Get Connection
[2024-12-16 10:20:03.910 AM] info: 	AFTER DB Connection Close
[2024-12-16 10:20:03.943 AM] info: 	BEFORE DB Execution
[2024-12-16 10:20:03.944 AM] info: 	AFTER DB Execution Success
[2024-12-16 10:20:03.944 AM] info: 	BEFORE DB Connection Close
[2024-12-16 10:20:03.944 AM] info: 	BEFORE DB Get Connection
[2024-12-16 10:20:03.948 AM] info: 	AFTER DB Connection Close
[2024-12-16 10:20:03.979 AM] info: 	BEFORE DB Execution
[2024-12-16 10:20:03.982 AM] info: 	AFTER DB Execution Success
[2024-12-16 10:20:03.982 AM] info: 	BEFORE DB Connection Close
[2024-12-16 10:20:03.995 AM] info: 	AFTER DB Connection Close
[2024-12-16 10:24:06.525 AM] info: 	BEFORE DB Get Connection
[2024-12-16 10:24:06.592 AM] info: 	BEFORE DB Execution
[2024-12-16 10:24:06.621 AM] info: 	AFTER DB Execution Success
[2024-12-16 10:24:06.621 AM] info: 	BEFORE DB Connection Close
[2024-12-16 10:24:06.621 AM] info: 	BEFORE DB Get Connection
[2024-12-16 10:24:06.626 AM] info: 	AFTER DB Connection Close
[2024-12-16 10:24:06.651 AM] info: 	BEFORE DB Execution
[2024-12-16 10:24:06.672 AM] info: 	AFTER DB Execution Success
[2024-12-16 10:24:06.672 AM] info: 	BEFORE DB Connection Close
[2024-12-16 10:24:06.672 AM] info: 	BEFORE DB Get Connection
[2024-12-16 10:24:06.682 AM] info: 	AFTER DB Connection Close
[2024-12-16 10:24:06.697 AM] info: 	BEFORE DB Execution
[2024-12-16 10:24:06.699 AM] info: 	AFTER DB Execution Success
[2024-12-16 10:24:06.699 AM] info: 	BEFORE DB Connection Close
[2024-12-16 10:24:06.699 AM] info: 	BEFORE DB Get Connection
[2024-12-16 10:24:06.702 AM] info: 	AFTER DB Connection Close
[2024-12-16 10:24:06.727 AM] info: 	BEFORE DB Execution
[2024-12-16 10:24:06.729 AM] info: 	AFTER DB Execution Success
[2024-12-16 10:24:06.730 AM] info: 	BEFORE DB Connection Close
[2024-12-16 10:24:06.730 AM] info: 	BEFORE DB Get Connection
[2024-12-16 10:24:06.732 AM] info: 	AFTER DB Connection Close
[2024-12-16 10:24:06.763 AM] info: 	BEFORE DB Execution
[2024-12-16 10:24:06.765 AM] info: 	AFTER DB Execution Success
[2024-12-16 10:24:06.765 AM] info: 	BEFORE DB Connection Close
[2024-12-16 10:24:06.765 AM] info: 	BEFORE DB Get Connection
[2024-12-16 10:24:06.770 AM] info: 	AFTER DB Connection Close
[2024-12-16 10:24:06.791 AM] info: 	BEFORE DB Execution
[2024-12-16 10:24:06.793 AM] info: 	AFTER DB Execution Success
[2024-12-16 10:24:06.793 AM] info: 	BEFORE DB Connection Close
[2024-12-16 10:24:06.797 AM] info: 	AFTER DB Connection Close
[2024-12-16 10:32:17.130 AM] info: 	BEFORE DB Get Connection
[2024-12-16 10:32:17.157 AM] info: 	BEFORE DB Execution
[2024-12-16 10:32:17.159 AM] info: 	AFTER DB Execution Success
[2024-12-16 10:32:17.159 AM] info: 	BEFORE DB Connection Close
[2024-12-16 10:32:17.161 AM] info: 	AFTER DB Connection Close
[2024-12-16 10:32:17.188 AM] info: 	BEFORE DB Get Connection
[2024-12-16 10:32:17.229 AM] info: 	BEFORE DB Execution
[2024-12-16 10:32:17.257 AM] info: 	AFTER DB Execution Success
[2024-12-16 10:32:17.257 AM] info: 	BEFORE DB Connection Close
[2024-12-16 10:32:17.257 AM] info: 	BEFORE DB Get Connection
[2024-12-16 10:32:17.260 AM] info: 	AFTER DB Connection Close
[2024-12-16 10:32:17.283 AM] info: 	BEFORE DB Execution
[2024-12-16 10:32:17.302 AM] info: 	AFTER DB Execution Success
[2024-12-16 10:32:17.302 AM] info: 	BEFORE DB Connection Close
[2024-12-16 10:32:17.302 AM] info: 	BEFORE DB Get Connection
[2024-12-16 10:32:17.306 AM] info: 	AFTER DB Connection Close
[2024-12-16 10:32:17.330 AM] info: 	BEFORE DB Execution
[2024-12-16 10:32:17.332 AM] info: 	AFTER DB Execution Success
[2024-12-16 10:32:17.332 AM] info: 	BEFORE DB Connection Close
[2024-12-16 10:32:17.332 AM] info: 	BEFORE DB Get Connection
[2024-12-16 10:32:17.336 AM] info: 	AFTER DB Connection Close
[2024-12-16 10:32:17.356 AM] info: 	BEFORE DB Execution
[2024-12-16 10:32:17.358 AM] info: 	AFTER DB Execution Success
[2024-12-16 10:32:17.358 AM] info: 	BEFORE DB Connection Close
[2024-12-16 10:32:17.358 AM] info: 	BEFORE DB Get Connection
[2024-12-16 10:32:17.360 AM] info: 	AFTER DB Connection Close
[2024-12-16 10:32:17.386 AM] info: 	BEFORE DB Execution
[2024-12-16 10:32:17.388 AM] info: 	AFTER DB Execution Success
[2024-12-16 10:32:17.388 AM] info: 	BEFORE DB Connection Close
[2024-12-16 10:32:17.388 AM] info: 	BEFORE DB Get Connection
[2024-12-16 10:32:17.393 AM] info: 	AFTER DB Connection Close
[2024-12-16 10:32:17.414 AM] info: 	BEFORE DB Execution
[2024-12-16 10:32:17.417 AM] info: 	AFTER DB Execution Success
[2024-12-16 10:32:17.417 AM] info: 	BEFORE DB Connection Close
[2024-12-16 10:32:17.425 AM] info: 	AFTER DB Connection Close
