[2024-12-13 05:06:26.139 PM] info: 	BEFORE DB Get Connection
[2024-12-13 05:06:26.187 PM] info: 	BEFORE DB Get Connection
[2024-12-13 05:06:26.194 PM] info: 	BEFORE DB Execution
[2024-12-13 05:06:26.198 PM] info: 	BEFORE DB Get Connection
[2024-12-13 05:06:26.198 PM] info: 	AFTER DB Execution Success
[2024-12-13 05:06:26.199 PM] info: 	BEFORE DB Connection Close
[2024-12-13 05:06:26.200 PM] info: 	BEFORE DB Get Connection
[2024-12-13 05:06:26.204 PM] info: 	AFTER DB Connection Close
[2024-12-13 05:06:26.220 PM] info: 	BEFORE DB Execution
[2024-12-13 05:06:26.222 PM] info: 	AFTER DB Execution Success
[2024-12-13 05:06:26.223 PM] info: 	BEFORE DB Connection Close
[2024-12-13 05:06:26.223 PM] info: 	BEFORE DB Get Connection
[2024-12-13 05:06:26.224 PM] info: 	BEFORE DB Execution
[2024-12-13 05:06:26.225 PM] info: 	AFTER DB Connection Close
[2024-12-13 05:06:26.226 PM] info: 	AFTER DB Execution Success
[2024-12-13 05:06:26.226 PM] info: 	BEFORE DB Connection Close
[2024-12-13 05:06:26.232 PM] info: 	AFTER DB Connection Close
[2024-12-13 05:06:26.234 PM] info: 	BEFORE DB Execution
[2024-12-13 05:06:26.237 PM] info: 	AFTER DB Execution Success
[2024-12-13 05:06:26.237 PM] info: 	BEFORE DB Connection Close
[2024-12-13 05:06:26.237 PM] info: 	BEFORE DB Get Connection
[2024-12-13 05:06:26.244 PM] info: 	AFTER DB Connection Close
[2024-12-13 05:06:26.310 PM] info: 	BEFORE DB Execution
[2024-12-13 05:06:26.319 PM] info: 	AFTER DB Execution Success
[2024-12-13 05:06:26.319 PM] info: 	BEFORE DB Connection Close
[2024-12-13 05:06:26.323 PM] info: 	AFTER DB Connection Close
[2024-12-13 05:06:26.325 PM] info: 	BEFORE DB Execution
[2024-12-13 05:06:26.396 PM] info: 	AFTER DB Execution Success
[2024-12-13 05:06:26.396 PM] info: 	BEFORE DB Connection Close
[2024-12-13 05:06:26.396 PM] info: 	BEFORE DB Get Connection
[2024-12-13 05:06:26.398 PM] info: 	AFTER DB Connection Close
[2024-12-13 05:06:26.421 PM] info: 	BEFORE DB Execution
[2024-12-13 05:06:26.502 PM] info: 	AFTER DB Execution Success
[2024-12-13 05:06:26.503 PM] info: 	BEFORE DB Connection Close
[2024-12-13 05:06:26.503 PM] info: 	BEFORE DB Get Connection
[2024-12-13 05:06:26.505 PM] info: 	AFTER DB Connection Close
[2024-12-13 05:06:26.530 PM] info: 	BEFORE DB Execution
[2024-12-13 05:06:26.532 PM] info: 	AFTER DB Execution Success
[2024-12-13 05:06:26.532 PM] info: 	BEFORE DB Connection Close
[2024-12-13 05:06:26.532 PM] info: 	BEFORE DB Get Connection
[2024-12-13 05:06:26.534 PM] info: 	AFTER DB Connection Close
[2024-12-13 05:06:26.554 PM] info: 	BEFORE DB Execution
[2024-12-13 05:06:26.674 PM] info: 	AFTER DB Execution Success
[2024-12-13 05:06:26.674 PM] info: 	BEFORE DB Connection Close
[2024-12-13 05:06:26.674 PM] info: 	BEFORE DB Get Connection
[2024-12-13 05:06:26.676 PM] info: 	AFTER DB Connection Close
[2024-12-13 05:06:26.713 PM] info: 	BEFORE DB Execution
[2024-12-13 05:06:26.714 PM] info: 	AFTER DB Execution Success
[2024-12-13 05:06:26.714 PM] info: 	BEFORE DB Connection Close
[2024-12-13 05:06:26.732 PM] info: 	AFTER DB Connection Close
[2024-12-13 05:06:27.266 PM] info: 	BEFORE DB Get Connection
[2024-12-13 05:06:27.291 PM] info: 	BEFORE DB Execution
[2024-12-13 05:06:27.293 PM] info: 	AFTER DB Execution Success
[2024-12-13 05:06:27.293 PM] info: 	BEFORE DB Connection Close
[2024-12-13 05:06:27.293 PM] info: 	BEFORE DB Get Connection
[2024-12-13 05:06:27.295 PM] info: 	AFTER DB Connection Close
[2024-12-13 05:06:27.316 PM] info: 	BEFORE DB Execution
[2024-12-13 05:06:27.318 PM] info: 	AFTER DB Execution Success
[2024-12-13 05:06:27.318 PM] info: 	BEFORE DB Connection Close
[2024-12-13 05:06:27.320 PM] info: 	AFTER DB Connection Close
[2024-12-13 05:06:41.718 PM] info: 	BEFORE DB Get Connection
[2024-12-13 05:06:41.752 PM] info: 	BEFORE DB Get Connection
[2024-12-13 05:06:41.753 PM] info: 	BEFORE DB Execution
[2024-12-13 05:06:41.755 PM] info: 	AFTER DB Execution Success
[2024-12-13 05:06:41.755 PM] info: 	BEFORE DB Connection Close
[2024-12-13 05:06:41.755 PM] info: 	BEFORE DB Get Connection
[2024-12-13 05:06:41.758 PM] info: 	AFTER DB Connection Close
[2024-12-13 05:06:41.762 PM] info: 	BEFORE DB Get Connection
[2024-12-13 05:06:41.786 PM] info: 	BEFORE DB Execution
[2024-12-13 05:06:41.787 PM] info: 	AFTER DB Execution Success
[2024-12-13 05:06:41.787 PM] info: 	BEFORE DB Connection Close
[2024-12-13 05:06:41.789 PM] info: 	AFTER DB Connection Close
[2024-12-13 05:06:41.790 PM] info: 	BEFORE DB Execution
[2024-12-13 05:06:41.790 PM] info: 	BEFORE DB Execution
[2024-12-13 05:06:41.792 PM] info: 	AFTER DB Execution Success
[2024-12-13 05:06:41.792 PM] info: 	BEFORE DB Connection Close
[2024-12-13 05:06:41.792 PM] info: 	BEFORE DB Get Connection
[2024-12-13 05:06:41.794 PM] info: 	AFTER DB Execution Success
[2024-12-13 05:06:41.794 PM] info: 	BEFORE DB Connection Close
[2024-12-13 05:06:41.794 PM] info: 	BEFORE DB Get Connection
[2024-12-13 05:06:41.794 PM] info: 	AFTER DB Connection Close
[2024-12-13 05:06:41.796 PM] info: 	AFTER DB Connection Close
[2024-12-13 05:06:41.818 PM] info: 	BEFORE DB Execution
[2024-12-13 05:06:41.829 PM] info: 	BEFORE DB Execution
[2024-12-13 05:06:41.831 PM] info: 	AFTER DB Execution Success
[2024-12-13 05:06:41.831 PM] info: 	BEFORE DB Connection Close
[2024-12-13 05:06:41.833 PM] info: 	AFTER DB Connection Close
[2024-12-13 05:06:41.889 PM] info: 	AFTER DB Execution Success
[2024-12-13 05:06:41.889 PM] info: 	BEFORE DB Connection Close
[2024-12-13 05:06:41.889 PM] info: 	BEFORE DB Get Connection
[2024-12-13 05:06:41.897 PM] info: 	AFTER DB Connection Close
[2024-12-13 05:06:41.900 PM] info: 	BEFORE DB Get Connection
[2024-12-13 05:06:41.918 PM] info: 	BEFORE DB Execution
[2024-12-13 05:06:41.925 PM] info: 	BEFORE DB Execution
[2024-12-13 05:06:41.927 PM] info: 	AFTER DB Execution Success
[2024-12-13 05:06:41.927 PM] info: 	BEFORE DB Connection Close
[2024-12-13 05:06:41.927 PM] info: 	BEFORE DB Get Connection
[2024-12-13 05:06:41.929 PM] info: 	AFTER DB Connection Close
[2024-12-13 05:06:41.973 PM] info: 	BEFORE DB Execution
[2024-12-13 05:06:41.976 PM] info: 	AFTER DB Execution Success
[2024-12-13 05:06:41.976 PM] info: 	BEFORE DB Connection Close
[2024-12-13 05:06:41.978 PM] info: 	AFTER DB Connection Close
[2024-12-13 05:06:42.005 PM] info: 	AFTER DB Execution Success
[2024-12-13 05:06:42.005 PM] info: 	BEFORE DB Connection Close
[2024-12-13 05:06:42.005 PM] info: 	BEFORE DB Get Connection
[2024-12-13 05:06:42.008 PM] info: 	AFTER DB Connection Close
[2024-12-13 05:06:42.031 PM] info: 	BEFORE DB Execution
[2024-12-13 05:06:42.034 PM] info: 	AFTER DB Execution Success
[2024-12-13 05:06:42.034 PM] info: 	BEFORE DB Connection Close
[2024-12-13 05:06:42.034 PM] info: 	BEFORE DB Get Connection
[2024-12-13 05:06:42.036 PM] info: 	AFTER DB Connection Close
[2024-12-13 05:06:42.078 PM] info: 	BEFORE DB Execution
[2024-12-13 05:06:42.242 PM] info: 	AFTER DB Execution Success
[2024-12-13 05:06:42.243 PM] info: 	BEFORE DB Connection Close
[2024-12-13 05:06:42.243 PM] info: 	BEFORE DB Get Connection
[2024-12-13 05:06:42.245 PM] info: 	AFTER DB Connection Close
[2024-12-13 05:06:42.270 PM] info: 	BEFORE DB Execution
[2024-12-13 05:06:42.272 PM] info: 	AFTER DB Execution Success
[2024-12-13 05:06:42.272 PM] info: 	BEFORE DB Connection Close
[2024-12-13 05:06:42.293 PM] info: 	AFTER DB Connection Close
[2024-12-13 05:06:47.835 PM] info: 	BEFORE DB Get Connection
[2024-12-13 05:06:47.872 PM] info: 	BEFORE DB Execution
[2024-12-13 05:06:47.874 PM] info: 	AFTER DB Execution Success
[2024-12-13 05:06:47.874 PM] info: 	BEFORE DB Connection Close
[2024-12-13 05:06:47.874 PM] info: 	BEFORE DB Get Connection
[2024-12-13 05:06:47.877 PM] info: 	AFTER DB Connection Close
[2024-12-13 05:06:47.913 PM] info: 	BEFORE DB Execution
[2024-12-13 05:06:47.935 PM] info: 	AFTER DB Execution Success
[2024-12-13 05:06:47.935 PM] info: 	BEFORE DB Connection Close
[2024-12-13 05:06:47.937 PM] info: 	AFTER DB Connection Close
[2024-12-13 05:19:56.456 PM] error: 	Autentication Failed false
[2024-12-13 05:19:56.482 PM] info: 	Autentication Success
[2024-12-13 05:19:56.482 PM] info: 	BEFORE DB Get Connection
[2024-12-13 05:19:56.518 PM] info: 	BEFORE DB Execution
[2024-12-13 05:19:56.552 PM] info: 	AFTER DB Execution Success
[2024-12-13 05:19:56.552 PM] info: 	BEFORE DB Connection Close
[2024-12-13 05:19:56.552 PM] info: 	BEFORE DB Get Connection
[2024-12-13 05:19:56.556 PM] info: 	AFTER DB Connection Close
[2024-12-13 05:19:56.610 PM] info: 	BEFORE DB Execution
[2024-12-13 05:19:56.667 PM] info: 	AFTER DB Execution Success
[2024-12-13 05:19:56.668 PM] info: 	BEFORE DB Connection Close
[2024-12-13 05:19:56.679 PM] info: 	AFTER DB Connection Close
[2024-12-13 05:19:57.647 PM] info: 	BEFORE DB Get Connection
[2024-12-13 05:19:57.680 PM] info: 	BEFORE DB Execution
[2024-12-13 05:19:57.712 PM] info: 	AFTER DB Execution Success
[2024-12-13 05:19:57.712 PM] info: 	BEFORE DB Connection Close
[2024-12-13 05:19:57.712 PM] info: 	BEFORE DB Get Connection
[2024-12-13 05:19:57.714 PM] info: 	AFTER DB Connection Close
[2024-12-13 05:19:57.772 PM] info: 	BEFORE DB Execution
[2024-12-13 05:19:57.798 PM] info: 	AFTER DB Execution Success
[2024-12-13 05:19:57.799 PM] info: 	BEFORE DB Connection Close
[2024-12-13 05:19:57.799 PM] info: 	BEFORE DB Get Connection
[2024-12-13 05:19:57.823 PM] info: 	BEFORE DB Execution
[2024-12-13 05:19:57.824 PM] info: 	AFTER DB Execution Success
[2024-12-13 05:19:57.824 PM] info: 	BEFORE DB Connection Close
[2024-12-13 05:19:57.825 PM] info: 	BEFORE DB Get Connection
[2024-12-13 05:19:57.826 PM] info: 	AFTER DB Connection Close
[2024-12-13 05:19:57.839 PM] info: 	AFTER DB Connection Close
[2024-12-13 05:19:57.859 PM] info: 	BEFORE DB Execution
[2024-12-13 05:19:57.861 PM] info: 	AFTER DB Execution Success
[2024-12-13 05:19:57.861 PM] info: 	BEFORE DB Connection Close
[2024-12-13 05:19:57.861 PM] info: 	BEFORE DB Get Connection
[2024-12-13 05:19:57.862 PM] info: 	AFTER DB Connection Close
[2024-12-13 05:19:57.884 PM] info: 	BEFORE DB Execution
[2024-12-13 05:19:57.885 PM] info: 	AFTER DB Execution Success
[2024-12-13 05:19:57.885 PM] info: 	BEFORE DB Connection Close
[2024-12-13 05:19:57.885 PM] info: 	BEFORE DB Get Connection
[2024-12-13 05:19:57.888 PM] info: 	AFTER DB Connection Close
[2024-12-13 05:19:57.937 PM] info: 	BEFORE DB Execution
[2024-12-13 05:19:57.939 PM] info: 	AFTER DB Execution Success
[2024-12-13 05:19:57.939 PM] info: 	BEFORE DB Connection Close
[2024-12-13 05:19:57.942 PM] info: 	AFTER DB Connection Close
[2024-12-13 05:20:08.354 PM] info: 	BEFORE DB Get Connection
[2024-12-13 05:20:08.380 PM] info: 	BEFORE DB Get Connection
[2024-12-13 05:20:08.382 PM] info: 	BEFORE DB Execution
[2024-12-13 05:20:08.384 PM] info: 	AFTER DB Execution Success
[2024-12-13 05:20:08.384 PM] info: 	BEFORE DB Connection Close
[2024-12-13 05:20:08.384 PM] info: 	BEFORE DB Get Connection
[2024-12-13 05:20:08.386 PM] info: 	AFTER DB Connection Close
[2024-12-13 05:20:08.406 PM] info: 	BEFORE DB Execution
[2024-12-13 05:20:08.408 PM] info: 	AFTER DB Execution Success
[2024-12-13 05:20:08.408 PM] info: 	BEFORE DB Connection Close
[2024-12-13 05:20:08.408 PM] info: 	BEFORE DB Get Connection
[2024-12-13 05:20:08.410 PM] info: 	AFTER DB Connection Close
[2024-12-13 05:20:08.415 PM] info: 	BEFORE DB Execution
[2024-12-13 05:20:08.416 PM] info: 	AFTER DB Execution Success
[2024-12-13 05:20:08.416 PM] info: 	BEFORE DB Connection Close
[2024-12-13 05:20:08.416 PM] info: 	BEFORE DB Get Connection
[2024-12-13 05:20:08.418 PM] info: 	AFTER DB Connection Close
[2024-12-13 05:20:08.454 PM] info: 	BEFORE DB Execution
[2024-12-13 05:20:08.464 PM] info: 	BEFORE DB Execution
[2024-12-13 05:20:08.465 PM] info: 	AFTER DB Execution Success
[2024-12-13 05:20:08.465 PM] info: 	BEFORE DB Connection Close
[2024-12-13 05:20:08.466 PM] info: 	BEFORE DB Get Connection
[2024-12-13 05:20:08.467 PM] info: 	AFTER DB Connection Close
[2024-12-13 05:20:08.501 PM] info: 	BEFORE DB Execution
[2024-12-13 05:20:08.525 PM] info: 	AFTER DB Execution Success
[2024-12-13 05:20:08.525 PM] info: 	BEFORE DB Connection Close
[2024-12-13 05:20:08.525 PM] info: 	BEFORE DB Get Connection
[2024-12-13 05:20:08.526 PM] info: 	AFTER DB Execution Success
[2024-12-13 05:20:08.526 PM] info: 	BEFORE DB Connection Close
[2024-12-13 05:20:08.526 PM] info: 	BEFORE DB Get Connection
[2024-12-13 05:20:08.528 PM] info: 	AFTER DB Connection Close
[2024-12-13 05:20:08.529 PM] info: 	AFTER DB Connection Close
[2024-12-13 05:20:08.551 PM] info: 	BEFORE DB Execution
[2024-12-13 05:20:08.557 PM] info: 	BEFORE DB Execution
[2024-12-13 05:20:08.559 PM] info: 	AFTER DB Execution Success
[2024-12-13 05:20:08.559 PM] info: 	BEFORE DB Connection Close
[2024-12-13 05:20:08.559 PM] info: 	BEFORE DB Get Connection
[2024-12-13 05:20:08.561 PM] info: 	AFTER DB Connection Close
[2024-12-13 05:20:08.591 PM] info: 	BEFORE DB Execution
[2024-12-13 05:20:08.630 PM] info: 	AFTER DB Execution Success
[2024-12-13 05:20:08.630 PM] info: 	BEFORE DB Connection Close
[2024-12-13 05:20:08.630 PM] info: 	BEFORE DB Get Connection
[2024-12-13 05:20:08.633 PM] info: 	AFTER DB Connection Close
[2024-12-13 05:20:08.635 PM] info: 	AFTER DB Execution Success
[2024-12-13 05:20:08.635 PM] info: 	BEFORE DB Connection Close
[2024-12-13 05:20:08.635 PM] info: 	BEFORE DB Get Connection
[2024-12-13 05:20:08.637 PM] info: 	AFTER DB Connection Close
[2024-12-13 05:20:08.667 PM] info: 	BEFORE DB Execution
[2024-12-13 05:20:08.670 PM] info: 	AFTER DB Execution Success
[2024-12-13 05:20:08.670 PM] info: 	BEFORE DB Connection Close
[2024-12-13 05:20:08.676 PM] info: 	BEFORE DB Execution
[2024-12-13 05:20:08.678 PM] info: 	AFTER DB Execution Success
[2024-12-13 05:20:08.678 PM] info: 	BEFORE DB Connection Close
[2024-12-13 05:20:08.679 PM] info: 	BEFORE DB Get Connection
[2024-12-13 05:20:08.679 PM] info: 	AFTER DB Connection Close
[2024-12-13 05:20:08.680 PM] info: 	AFTER DB Connection Close
[2024-12-13 05:20:08.702 PM] info: 	BEFORE DB Execution
[2024-12-13 05:20:08.843 PM] info: 	AFTER DB Execution Success
[2024-12-13 05:20:08.843 PM] info: 	BEFORE DB Connection Close
[2024-12-13 05:20:08.843 PM] info: 	BEFORE DB Get Connection
[2024-12-13 05:20:08.845 PM] info: 	AFTER DB Connection Close
[2024-12-13 05:20:08.866 PM] info: 	BEFORE DB Execution
[2024-12-13 05:20:08.868 PM] info: 	AFTER DB Execution Success
[2024-12-13 05:20:08.868 PM] info: 	BEFORE DB Connection Close
[2024-12-13 05:20:08.884 PM] info: 	AFTER DB Connection Close
[2024-12-13 05:20:09.029 PM] info: 	BEFORE DB Get Connection
[2024-12-13 05:20:09.064 PM] info: 	BEFORE DB Execution
[2024-12-13 05:20:09.065 PM] info: 	AFTER DB Execution Success
[2024-12-13 05:20:09.065 PM] info: 	BEFORE DB Connection Close
[2024-12-13 05:20:09.065 PM] info: 	BEFORE DB Get Connection
[2024-12-13 05:20:09.066 PM] info: 	AFTER DB Connection Close
[2024-12-13 05:20:09.098 PM] info: 	BEFORE DB Execution
[2024-12-13 05:20:09.100 PM] info: 	AFTER DB Execution Success
[2024-12-13 05:20:09.100 PM] info: 	BEFORE DB Connection Close
[2024-12-13 05:20:09.100 PM] info: 	BEFORE DB Get Connection
[2024-12-13 05:20:09.102 PM] info: 	AFTER DB Connection Close
[2024-12-13 05:20:09.123 PM] info: 	BEFORE DB Execution
[2024-12-13 05:20:09.128 PM] info: 	AFTER DB Execution Success
[2024-12-13 05:20:09.128 PM] info: 	BEFORE DB Connection Close
[2024-12-13 05:20:09.128 PM] info: 	BEFORE DB Get Connection
[2024-12-13 05:20:09.130 PM] info: 	AFTER DB Connection Close
[2024-12-13 05:20:09.157 PM] info: 	BEFORE DB Execution
[2024-12-13 05:20:09.158 PM] info: 	AFTER DB Execution Success
[2024-12-13 05:20:09.158 PM] info: 	BEFORE DB Connection Close
[2024-12-13 05:20:09.158 PM] info: 	BEFORE DB Get Connection
[2024-12-13 05:20:09.160 PM] info: 	AFTER DB Connection Close
[2024-12-13 05:20:09.180 PM] info: 	BEFORE DB Execution
[2024-12-13 05:20:09.240 PM] info: 	AFTER DB Execution Success
[2024-12-13 05:20:09.240 PM] info: 	BEFORE DB Connection Close
[2024-12-13 05:20:09.240 PM] info: 	BEFORE DB Get Connection
[2024-12-13 05:20:09.243 PM] info: 	AFTER DB Connection Close
[2024-12-13 05:20:09.271 PM] info: 	BEFORE DB Execution
[2024-12-13 05:20:09.274 PM] info: 	AFTER DB Execution Success
[2024-12-13 05:20:09.275 PM] info: 	BEFORE DB Connection Close
[2024-12-13 05:20:09.277 PM] info: 	AFTER DB Connection Close
[2024-12-13 05:20:10.446 PM] info: 	BEFORE DB Get Connection
[2024-12-13 05:20:10.448 PM] info: 	BEFORE DB Get Connection
[2024-12-13 05:20:10.473 PM] info: 	BEFORE DB Execution
[2024-12-13 05:20:10.474 PM] info: 	AFTER DB Execution Success
[2024-12-13 05:20:10.474 PM] info: 	BEFORE DB Connection Close
[2024-12-13 05:20:10.476 PM] info: 	AFTER DB Connection Close
[2024-12-13 05:20:10.480 PM] info: 	BEFORE DB Execution
[2024-12-13 05:20:10.482 PM] info: 	AFTER DB Execution Success
[2024-12-13 05:20:10.483 PM] info: 	BEFORE DB Connection Close
[2024-12-13 05:20:10.483 PM] info: 	BEFORE DB Get Connection
[2024-12-13 05:20:10.485 PM] info: 	AFTER DB Connection Close
[2024-12-13 05:20:10.506 PM] info: 	BEFORE DB Execution
[2024-12-13 05:20:10.508 PM] info: 	AFTER DB Execution Success
[2024-12-13 05:20:10.508 PM] info: 	BEFORE DB Connection Close
[2024-12-13 05:20:10.510 PM] info: 	AFTER DB Connection Close
[2024-12-13 05:20:10.592 PM] info: 	BEFORE DB Get Connection
[2024-12-13 05:20:10.615 PM] info: 	BEFORE DB Execution
[2024-12-13 05:20:10.617 PM] info: 	AFTER DB Execution Success
[2024-12-13 05:20:10.618 PM] info: 	BEFORE DB Connection Close
[2024-12-13 05:20:10.618 PM] info: 	BEFORE DB Get Connection
[2024-12-13 05:20:10.620 PM] info: 	AFTER DB Connection Close
[2024-12-13 05:20:10.660 PM] info: 	BEFORE DB Execution
[2024-12-13 05:20:10.662 PM] info: 	AFTER DB Execution Success
[2024-12-13 05:20:10.662 PM] info: 	BEFORE DB Connection Close
[2024-12-13 05:20:10.664 PM] info: 	AFTER DB Connection Close
[2024-12-13 05:20:10.816 PM] info: 	BEFORE DB Get Connection
[2024-12-13 05:20:10.866 PM] info: 	BEFORE DB Execution
[2024-12-13 05:20:10.867 PM] info: 	AFTER DB Execution Success
[2024-12-13 05:20:10.868 PM] info: 	BEFORE DB Connection Close
[2024-12-13 05:20:10.868 PM] info: 	BEFORE DB Get Connection
[2024-12-13 05:20:10.869 PM] info: 	AFTER DB Connection Close
[2024-12-13 05:20:10.890 PM] info: 	BEFORE DB Execution
[2024-12-13 05:20:10.892 PM] info: 	AFTER DB Execution Success
[2024-12-13 05:20:10.892 PM] info: 	BEFORE DB Connection Close
[2024-12-13 05:20:10.894 PM] info: 	AFTER DB Connection Close
[2024-12-13 05:20:17.374 PM] info: 	BEFORE DB Get Connection
[2024-12-13 05:20:17.401 PM] info: 	BEFORE DB Execution
[2024-12-13 05:20:17.404 PM] info: 	AFTER DB Execution Success
[2024-12-13 05:20:17.405 PM] info: 	BEFORE DB Connection Close
[2024-12-13 05:20:17.405 PM] info: 	BEFORE DB Get Connection
[2024-12-13 05:20:17.408 PM] info: 	AFTER DB Connection Close
[2024-12-13 05:20:17.437 PM] info: 	BEFORE DB Execution
[2024-12-13 05:20:17.454 PM] info: 	AFTER DB Execution Success
[2024-12-13 05:20:17.454 PM] info: 	BEFORE DB Connection Close
[2024-12-13 05:20:17.458 PM] info: 	AFTER DB Connection Close
[2024-12-13 05:36:10.199 PM] error: 	Autentication Failed false
[2024-12-13 05:36:10.208 PM] info: 	Autentication Success
[2024-12-13 05:36:10.209 PM] info: 	BEFORE DB Get Connection
[2024-12-13 05:36:10.246 PM] info: 	BEFORE DB Execution
[2024-12-13 05:36:10.280 PM] info: 	AFTER DB Execution Success
[2024-12-13 05:36:10.281 PM] info: 	BEFORE DB Connection Close
[2024-12-13 05:36:10.281 PM] info: 	BEFORE DB Get Connection
[2024-12-13 05:36:10.285 PM] info: 	AFTER DB Connection Close
[2024-12-13 05:36:10.325 PM] info: 	BEFORE DB Execution
[2024-12-13 05:36:10.359 PM] info: 	AFTER DB Execution Success
[2024-12-13 05:36:10.360 PM] info: 	BEFORE DB Connection Close
[2024-12-13 05:36:10.373 PM] info: 	AFTER DB Connection Close
[2024-12-13 05:36:11.506 PM] info: 	BEFORE DB Get Connection
[2024-12-13 05:36:11.544 PM] info: 	BEFORE DB Execution
[2024-12-13 05:36:11.569 PM] info: 	AFTER DB Execution Success
[2024-12-13 05:36:11.569 PM] info: 	BEFORE DB Connection Close
[2024-12-13 05:36:11.569 PM] info: 	BEFORE DB Get Connection
[2024-12-13 05:36:11.572 PM] info: 	AFTER DB Connection Close
[2024-12-13 05:36:11.591 PM] info: 	BEFORE DB Execution
[2024-12-13 05:36:11.607 PM] info: 	AFTER DB Execution Success
[2024-12-13 05:36:11.607 PM] info: 	BEFORE DB Connection Close
[2024-12-13 05:36:11.607 PM] info: 	BEFORE DB Get Connection
[2024-12-13 05:36:11.609 PM] info: 	AFTER DB Connection Close
[2024-12-13 05:36:11.629 PM] info: 	BEFORE DB Execution
[2024-12-13 05:36:11.631 PM] info: 	AFTER DB Execution Success
[2024-12-13 05:36:11.631 PM] info: 	BEFORE DB Connection Close
[2024-12-13 05:36:11.631 PM] info: 	BEFORE DB Get Connection
[2024-12-13 05:36:11.633 PM] info: 	AFTER DB Connection Close
[2024-12-13 05:36:11.686 PM] info: 	BEFORE DB Execution
[2024-12-13 05:36:11.688 PM] info: 	AFTER DB Execution Success
[2024-12-13 05:36:11.688 PM] info: 	BEFORE DB Connection Close
[2024-12-13 05:36:11.688 PM] info: 	BEFORE DB Get Connection
[2024-12-13 05:36:11.690 PM] info: 	AFTER DB Connection Close
[2024-12-13 05:36:11.715 PM] info: 	BEFORE DB Execution
[2024-12-13 05:36:11.716 PM] info: 	AFTER DB Execution Success
[2024-12-13 05:36:11.716 PM] info: 	BEFORE DB Connection Close
[2024-12-13 05:36:11.716 PM] info: 	BEFORE DB Get Connection
[2024-12-13 05:36:11.718 PM] info: 	AFTER DB Connection Close
[2024-12-13 05:36:11.757 PM] info: 	BEFORE DB Execution
[2024-12-13 05:36:11.759 PM] info: 	AFTER DB Execution Success
[2024-12-13 05:36:11.760 PM] info: 	BEFORE DB Connection Close
[2024-12-13 05:36:11.763 PM] info: 	AFTER DB Connection Close
[2024-12-13 05:36:12.986 PM] info: 	BEFORE DB Get Connection
[2024-12-13 05:36:13.013 PM] info: 	BEFORE DB Execution
[2024-12-13 05:36:13.015 PM] info: 	AFTER DB Execution Success
[2024-12-13 05:36:13.016 PM] info: 	BEFORE DB Connection Close
[2024-12-13 05:36:13.016 PM] info: 	BEFORE DB Get Connection
[2024-12-13 05:36:13.020 PM] info: 	AFTER DB Connection Close
[2024-12-13 05:36:13.029 PM] info: 	BEFORE DB Get Connection
[2024-12-13 05:36:13.040 PM] info: 	BEFORE DB Execution
[2024-12-13 05:36:13.042 PM] info: 	AFTER DB Execution Success
[2024-12-13 05:36:13.042 PM] info: 	BEFORE DB Connection Close
[2024-12-13 05:36:13.042 PM] info: 	BEFORE DB Get Connection
[2024-12-13 05:36:13.044 PM] info: 	AFTER DB Connection Close
[2024-12-13 05:36:13.054 PM] info: 	BEFORE DB Execution
[2024-12-13 05:36:13.055 PM] info: 	AFTER DB Execution Success
[2024-12-13 05:36:13.055 PM] info: 	BEFORE DB Connection Close
[2024-12-13 05:36:13.055 PM] info: 	BEFORE DB Get Connection
[2024-12-13 05:36:13.057 PM] info: 	AFTER DB Connection Close
[2024-12-13 05:36:13.074 PM] info: 	BEFORE DB Execution
[2024-12-13 05:36:13.086 PM] info: 	BEFORE DB Execution
[2024-12-13 05:36:13.088 PM] info: 	AFTER DB Execution Success
[2024-12-13 05:36:13.089 PM] info: 	BEFORE DB Connection Close
[2024-12-13 05:36:13.089 PM] info: 	BEFORE DB Get Connection
[2024-12-13 05:36:13.092 PM] info: 	AFTER DB Connection Close
[2024-12-13 05:36:13.136 PM] info: 	BEFORE DB Execution
[2024-12-13 05:36:13.146 PM] info: 	AFTER DB Execution Success
[2024-12-13 05:36:13.146 PM] info: 	BEFORE DB Connection Close
[2024-12-13 05:36:13.146 PM] info: 	BEFORE DB Get Connection
[2024-12-13 05:36:13.149 PM] info: 	AFTER DB Connection Close
[2024-12-13 05:36:13.159 PM] info: 	AFTER DB Execution Success
[2024-12-13 05:36:13.160 PM] info: 	BEFORE DB Connection Close
[2024-12-13 05:36:13.160 PM] info: 	BEFORE DB Get Connection
[2024-12-13 05:36:13.163 PM] info: 	AFTER DB Connection Close
[2024-12-13 05:36:13.189 PM] info: 	BEFORE DB Execution
[2024-12-13 05:36:13.190 PM] info: 	BEFORE DB Execution
[2024-12-13 05:36:13.191 PM] info: 	AFTER DB Execution Success
[2024-12-13 05:36:13.191 PM] info: 	BEFORE DB Connection Close
[2024-12-13 05:36:13.191 PM] info: 	BEFORE DB Get Connection
[2024-12-13 05:36:13.193 PM] info: 	AFTER DB Connection Close
[2024-12-13 05:36:13.218 PM] info: 	BEFORE DB Execution
[2024-12-13 05:36:13.258 PM] info: 	AFTER DB Execution Success
[2024-12-13 05:36:13.258 PM] info: 	BEFORE DB Connection Close
[2024-12-13 05:36:13.258 PM] info: 	BEFORE DB Get Connection
[2024-12-13 05:36:13.261 PM] info: 	AFTER DB Connection Close
[2024-12-13 05:36:13.289 PM] info: 	BEFORE DB Execution
[2024-12-13 05:36:13.290 PM] info: 	AFTER DB Execution Success
[2024-12-13 05:36:13.291 PM] info: 	BEFORE DB Connection Close
[2024-12-13 05:36:13.291 PM] info: 	BEFORE DB Get Connection
[2024-12-13 05:36:13.294 PM] info: 	AFTER DB Connection Close
[2024-12-13 05:36:13.295 PM] info: 	AFTER DB Execution Success
[2024-12-13 05:36:13.295 PM] info: 	BEFORE DB Connection Close
[2024-12-13 05:36:13.300 PM] info: 	AFTER DB Connection Close
[2024-12-13 05:36:13.319 PM] info: 	BEFORE DB Execution
[2024-12-13 05:36:13.321 PM] info: 	AFTER DB Execution Success
[2024-12-13 05:36:13.321 PM] info: 	BEFORE DB Connection Close
[2024-12-13 05:36:13.321 PM] info: 	BEFORE DB Get Connection
[2024-12-13 05:36:13.323 PM] info: 	AFTER DB Connection Close
[2024-12-13 05:36:13.346 PM] info: 	BEFORE DB Execution
[2024-12-13 05:36:13.499 PM] info: 	AFTER DB Execution Success
[2024-12-13 05:36:13.499 PM] info: 	BEFORE DB Connection Close
[2024-12-13 05:36:13.499 PM] info: 	BEFORE DB Get Connection
[2024-12-13 05:36:13.501 PM] info: 	AFTER DB Connection Close
[2024-12-13 05:36:13.524 PM] info: 	BEFORE DB Execution
[2024-12-13 05:36:13.526 PM] info: 	AFTER DB Execution Success
[2024-12-13 05:36:13.526 PM] info: 	BEFORE DB Connection Close
[2024-12-13 05:36:13.540 PM] info: 	AFTER DB Connection Close
[2024-12-13 05:36:13.697 PM] info: 	BEFORE DB Get Connection
[2024-12-13 05:36:13.729 PM] info: 	BEFORE DB Execution
[2024-12-13 05:36:13.734 PM] info: 	AFTER DB Execution Success
[2024-12-13 05:36:13.735 PM] info: 	BEFORE DB Connection Close
[2024-12-13 05:36:13.735 PM] info: 	BEFORE DB Get Connection
[2024-12-13 05:36:13.738 PM] info: 	AFTER DB Connection Close
[2024-12-13 05:36:13.772 PM] info: 	BEFORE DB Execution
[2024-12-13 05:36:13.775 PM] info: 	AFTER DB Execution Success
[2024-12-13 05:36:13.775 PM] info: 	BEFORE DB Connection Close
[2024-12-13 05:36:13.775 PM] info: 	BEFORE DB Get Connection
[2024-12-13 05:36:13.777 PM] info: 	AFTER DB Connection Close
[2024-12-13 05:36:13.817 PM] info: 	BEFORE DB Execution
[2024-12-13 05:36:13.824 PM] info: 	AFTER DB Execution Success
[2024-12-13 05:36:13.824 PM] info: 	BEFORE DB Connection Close
[2024-12-13 05:36:13.824 PM] info: 	BEFORE DB Get Connection
[2024-12-13 05:36:13.826 PM] info: 	AFTER DB Connection Close
[2024-12-13 05:36:13.852 PM] info: 	BEFORE DB Execution
[2024-12-13 05:36:13.854 PM] info: 	AFTER DB Execution Success
[2024-12-13 05:36:13.854 PM] info: 	BEFORE DB Connection Close
[2024-12-13 05:36:13.855 PM] info: 	BEFORE DB Get Connection
[2024-12-13 05:36:13.857 PM] info: 	AFTER DB Connection Close
[2024-12-13 05:36:13.884 PM] info: 	BEFORE DB Execution
[2024-12-13 05:36:13.935 PM] info: 	AFTER DB Execution Success
[2024-12-13 05:36:13.935 PM] info: 	BEFORE DB Connection Close
[2024-12-13 05:36:13.935 PM] info: 	BEFORE DB Get Connection
[2024-12-13 05:36:13.938 PM] info: 	AFTER DB Connection Close
[2024-12-13 05:36:13.969 PM] info: 	BEFORE DB Execution
[2024-12-13 05:36:13.973 PM] info: 	AFTER DB Execution Success
[2024-12-13 05:36:13.973 PM] info: 	BEFORE DB Connection Close
[2024-12-13 05:36:13.976 PM] info: 	AFTER DB Connection Close
[2024-12-13 05:36:15.596 PM] info: 	BEFORE DB Get Connection
[2024-12-13 05:36:15.598 PM] info: 	BEFORE DB Get Connection
[2024-12-13 05:36:15.621 PM] info: 	BEFORE DB Execution
[2024-12-13 05:36:15.623 PM] info: 	AFTER DB Execution Success
[2024-12-13 05:36:15.623 PM] info: 	BEFORE DB Connection Close
[2024-12-13 05:36:15.624 PM] info: 	BEFORE DB Get Connection
[2024-12-13 05:36:15.626 PM] info: 	AFTER DB Connection Close
[2024-12-13 05:36:15.654 PM] info: 	BEFORE DB Execution
[2024-12-13 05:36:15.655 PM] info: 	AFTER DB Execution Success
[2024-12-13 05:36:15.655 PM] info: 	BEFORE DB Connection Close
[2024-12-13 05:36:15.656 PM] info: 	AFTER DB Connection Close
[2024-12-13 05:36:15.676 PM] info: 	BEFORE DB Execution
[2024-12-13 05:36:15.678 PM] info: 	AFTER DB Execution Success
[2024-12-13 05:36:15.678 PM] info: 	BEFORE DB Connection Close
[2024-12-13 05:36:15.680 PM] info: 	AFTER DB Connection Close
[2024-12-13 05:36:15.721 PM] info: 	BEFORE DB Get Connection
[2024-12-13 05:36:15.746 PM] info: 	BEFORE DB Execution
[2024-12-13 05:36:15.771 PM] info: 	AFTER DB Execution Success
[2024-12-13 05:36:15.772 PM] info: 	BEFORE DB Connection Close
[2024-12-13 05:36:15.772 PM] info: 	BEFORE DB Get Connection
[2024-12-13 05:36:15.774 PM] info: 	AFTER DB Connection Close
[2024-12-13 05:36:15.797 PM] info: 	BEFORE DB Execution
[2024-12-13 05:36:15.800 PM] info: 	AFTER DB Execution Success
[2024-12-13 05:36:15.800 PM] info: 	BEFORE DB Connection Close
[2024-12-13 05:36:15.802 PM] info: 	AFTER DB Connection Close
[2024-12-13 05:36:15.918 PM] info: 	BEFORE DB Get Connection
[2024-12-13 05:36:15.954 PM] info: 	BEFORE DB Execution
[2024-12-13 05:36:15.956 PM] info: 	AFTER DB Execution Success
[2024-12-13 05:36:15.956 PM] info: 	BEFORE DB Connection Close
[2024-12-13 05:36:15.956 PM] info: 	BEFORE DB Get Connection
[2024-12-13 05:36:15.958 PM] info: 	AFTER DB Connection Close
[2024-12-13 05:36:16.000 PM] info: 	BEFORE DB Execution
[2024-12-13 05:36:16.002 PM] info: 	AFTER DB Execution Success
[2024-12-13 05:36:16.002 PM] info: 	BEFORE DB Connection Close
[2024-12-13 05:36:16.004 PM] info: 	AFTER DB Connection Close
