[2024-04-30 11:07:36.658 AM] info: 	BEFORE DB Get Connection
[2024-04-30 11:07:36.897 AM] info: 	BEFORE DB Execution
[2024-04-30 11:07:36.929 AM] info: 	AFTER DB Execution Success
[2024-04-30 11:07:36.929 AM] info: 	BEFORE DB Connection Close
[2024-04-30 11:07:36.972 AM] info: 	AFTER DB Connection Close
[2024-04-30 11:07:38.568 AM] info: 	BEFORE DB Get Connection
[2024-04-30 11:07:38.618 AM] info: 	BEFORE DB Execution
[2024-04-30 11:07:38.647 AM] info: 	AFTER DB Execution Success
[2024-04-30 11:07:38.647 AM] info: 	BEFORE DB Connection Close
[2024-04-30 11:07:38.653 AM] info: 	AFTER DB Connection Close
[2024-04-30 11:07:39.142 AM] info: 	BEFORE DB Get Connection
[2024-04-30 11:07:39.224 AM] info: 	BEFORE DB Execution
[2024-04-30 11:07:39.253 AM] info: 	AFTER DB Execution Success
[2024-04-30 11:07:39.253 AM] info: 	BEFORE DB Connection Close
[2024-04-30 11:07:39.262 AM] info: 	AFTER DB Connection Close
[2024-04-30 11:07:41.067 AM] info: 	BEFORE DB Get Connection
[2024-04-30 11:07:41.152 AM] info: 	BEFORE DB Execution
[2024-04-30 11:07:41.182 AM] info: 	AFTER DB Execution Success
[2024-04-30 11:07:41.183 AM] info: 	BEFORE DB Connection Close
[2024-04-30 11:07:41.195 AM] info: 	AFTER DB Connection Close
[2024-04-30 11:08:14.536 AM] info: 	BEFORE DB Get Connection
[2024-04-30 11:08:14.610 AM] info: 	BEFORE DB Execution
[2024-04-30 11:08:14.642 AM] info: 	AFTER DB Execution Success
[2024-04-30 11:08:14.642 AM] info: 	BEFORE DB Connection Close
[2024-04-30 11:08:14.654 AM] info: 	BEFORE DB Get Connection
[2024-04-30 11:08:14.656 AM] info: 	AFTER DB Connection Close
[2024-04-30 11:08:14.752 AM] info: 	BEFORE DB Execution
[2024-04-30 11:08:14.783 AM] info: 	AFTER DB Execution Success
[2024-04-30 11:08:14.783 AM] info: 	BEFORE DB Connection Close
[2024-04-30 11:08:14.783 AM] info: 	BEFORE DB Get Connection
[2024-04-30 11:08:14.797 AM] info: 	AFTER DB Connection Close
[2024-04-30 11:08:14.867 AM] info: 	BEFORE DB Execution
[2024-04-30 11:08:14.874 AM] info: 	AFTER DB Execution Success
[2024-04-30 11:08:14.875 AM] info: 	BEFORE DB Connection Close
[2024-04-30 11:08:14.888 AM] info: 	AFTER DB Connection Close
[2024-04-30 11:08:14.944 AM] info: 	BEFORE DB Get Connection
[2024-04-30 11:08:15.022 AM] info: 	BEFORE DB Execution
[2024-04-30 11:08:15.028 AM] info: 	AFTER DB Execution Success
[2024-04-30 11:08:15.029 AM] info: 	BEFORE DB Connection Close
[2024-04-30 11:08:15.042 AM] info: 	BEFORE DB Get Connection
[2024-04-30 11:08:15.046 AM] info: 	AFTER DB Connection Close
[2024-04-30 11:08:15.097 AM] info: 	BEFORE DB Execution
[2024-04-30 11:08:15.126 AM] info: 	AFTER DB Execution Success
[2024-04-30 11:08:15.126 AM] info: 	BEFORE DB Connection Close
[2024-04-30 11:08:15.126 AM] info: 	BEFORE DB Get Connection
[2024-04-30 11:08:15.145 AM] info: 	AFTER DB Connection Close
[2024-04-30 11:08:15.199 AM] info: 	BEFORE DB Execution
[2024-04-30 11:08:15.209 AM] info: 	AFTER DB Execution Success
[2024-04-30 11:08:15.209 AM] info: 	BEFORE DB Connection Close
[2024-04-30 11:08:15.221 AM] info: 	AFTER DB Connection Close
[2024-04-30 11:11:50.500 AM] info: 	BEFORE DB Get Connection
[2024-04-30 11:11:50.647 AM] info: 	BEFORE DB Execution
[2024-04-30 11:11:50.686 AM] info: 	AFTER DB Execution Success
[2024-04-30 11:11:50.686 AM] info: 	BEFORE DB Connection Close
[2024-04-30 11:11:50.740 AM] info: 	AFTER DB Connection Close
[2024-04-30 11:11:52.283 AM] info: 	BEFORE DB Get Connection
[2024-04-30 11:11:52.343 AM] info: 	BEFORE DB Execution
[2024-04-30 11:11:52.371 AM] info: 	AFTER DB Execution Success
[2024-04-30 11:11:52.372 AM] info: 	BEFORE DB Connection Close
[2024-04-30 11:11:52.384 AM] info: 	AFTER DB Connection Close
[2024-04-30 11:11:52.442 AM] info: 	BEFORE DB Get Connection
[2024-04-30 11:11:52.509 AM] info: 	BEFORE DB Execution
[2024-04-30 11:11:52.537 AM] info: 	AFTER DB Execution Success
[2024-04-30 11:11:52.538 AM] info: 	BEFORE DB Connection Close
[2024-04-30 11:11:52.549 AM] info: 	AFTER DB Connection Close
[2024-04-30 11:11:54.047 AM] info: 	BEFORE DB Get Connection
[2024-04-30 11:11:54.116 AM] info: 	BEFORE DB Execution
[2024-04-30 11:11:54.146 AM] info: 	AFTER DB Execution Success
[2024-04-30 11:11:54.147 AM] info: 	BEFORE DB Connection Close
[2024-04-30 11:11:54.157 AM] info: 	AFTER DB Connection Close
[2024-04-30 11:11:54.297 AM] info: 	BEFORE DB Get Connection
[2024-04-30 11:11:54.373 AM] info: 	BEFORE DB Execution
[2024-04-30 11:11:54.404 AM] info: 	AFTER DB Execution Success
[2024-04-30 11:11:54.405 AM] info: 	BEFORE DB Connection Close
[2024-04-30 11:11:54.425 AM] info: 	AFTER DB Connection Close
[2024-04-30 11:11:56.281 AM] info: 	BEFORE DB Get Connection
[2024-04-30 11:11:56.347 AM] info: 	BEFORE DB Execution
[2024-04-30 11:11:56.379 AM] info: 	AFTER DB Execution Success
[2024-04-30 11:11:56.380 AM] info: 	BEFORE DB Connection Close
[2024-04-30 11:11:56.392 AM] info: 	AFTER DB Connection Close
[2024-04-30 11:12:10.945 AM] info: 	BEFORE DB Get Connection
[2024-04-30 11:12:11.030 AM] info: 	BEFORE DB Execution
[2024-04-30 11:12:11.062 AM] info: 	AFTER DB Execution Success
[2024-04-30 11:12:11.062 AM] info: 	BEFORE DB Connection Close
[2024-04-30 11:12:11.063 AM] info: 	BEFORE DB Get Connection
[2024-04-30 11:12:11.073 AM] info: 	AFTER DB Connection Close
[2024-04-30 11:12:11.129 AM] info: 	BEFORE DB Execution
[2024-04-30 11:12:11.165 AM] info: 	AFTER DB Execution Success
[2024-04-30 11:12:11.165 AM] info: 	BEFORE DB Connection Close
[2024-04-30 11:12:11.165 AM] info: 	BEFORE DB Get Connection
[2024-04-30 11:12:11.175 AM] info: 	AFTER DB Connection Close
[2024-04-30 11:12:11.225 AM] info: 	BEFORE DB Execution
[2024-04-30 11:12:11.230 AM] info: 	AFTER DB Execution Success
[2024-04-30 11:12:11.230 AM] info: 	BEFORE DB Connection Close
[2024-04-30 11:12:11.243 AM] info: 	AFTER DB Connection Close
[2024-04-30 11:12:11.303 AM] info: 	BEFORE DB Get Connection
[2024-04-30 11:12:11.388 AM] info: 	BEFORE DB Execution
[2024-04-30 11:12:11.398 AM] info: 	AFTER DB Execution Success
[2024-04-30 11:12:11.398 AM] info: 	BEFORE DB Connection Close
[2024-04-30 11:12:11.418 AM] info: 	BEFORE DB Get Connection
[2024-04-30 11:12:11.419 AM] info: 	AFTER DB Connection Close
[2024-04-30 11:12:11.485 AM] info: 	BEFORE DB Execution
[2024-04-30 11:12:11.514 AM] info: 	AFTER DB Execution Success
[2024-04-30 11:12:11.514 AM] info: 	BEFORE DB Connection Close
[2024-04-30 11:12:11.514 AM] info: 	BEFORE DB Get Connection
[2024-04-30 11:12:11.526 AM] info: 	AFTER DB Connection Close
[2024-04-30 11:12:11.574 AM] info: 	BEFORE DB Execution
[2024-04-30 11:12:11.588 AM] info: 	AFTER DB Execution Success
[2024-04-30 11:12:11.588 AM] info: 	BEFORE DB Connection Close
[2024-04-30 11:12:11.599 AM] info: 	AFTER DB Connection Close
[2024-04-30 11:22:09.677 AM] error: 	Autentication Failed false
[2024-04-30 11:22:09.881 AM] info: 	Autentication Success
[2024-04-30 11:22:09.883 AM] info: 	BEFORE DB Get Connection
[2024-04-30 11:22:09.958 AM] info: 	BEFORE DB Execution
[2024-04-30 11:22:10.022 AM] info: 	AFTER DB Execution Success
[2024-04-30 11:22:10.022 AM] info: 	BEFORE DB Connection Close
[2024-04-30 11:22:10.022 AM] info: 	BEFORE DB Get Connection
[2024-04-30 11:22:10.028 AM] info: 	AFTER DB Connection Close
[2024-04-30 11:22:10.067 AM] info: 	BEFORE DB Execution
[2024-04-30 11:22:10.071 AM] info: 	AFTER DB Execution Success
[2024-04-30 11:22:10.071 AM] info: 	BEFORE DB Connection Close
[2024-04-30 11:22:10.072 AM] info: 	BEFORE DB Get Connection
[2024-04-30 11:22:10.077 AM] info: 	AFTER DB Connection Close
[2024-04-30 11:22:10.116 AM] info: 	BEFORE DB Execution
[2024-04-30 11:22:10.125 AM] info: 	AFTER DB Execution Success
[2024-04-30 11:22:10.126 AM] info: 	BEFORE DB Connection Close
[2024-04-30 11:22:10.126 AM] info: 	BEFORE DB Get Connection
[2024-04-30 11:22:10.133 AM] info: 	AFTER DB Connection Close
[2024-04-30 11:22:10.167 AM] info: 	BEFORE DB Execution
[2024-04-30 11:22:10.205 AM] info: 	AFTER DB Execution Success
[2024-04-30 11:22:10.205 AM] info: 	BEFORE DB Connection Close
[2024-04-30 11:22:10.274 AM] info: 	AFTER DB Connection Close
[2024-04-30 11:27:24.554 AM] info: 	DB Initialized
[2024-04-30 11:30:12.831 AM] info: 	BEFORE DB Get Connection
[2024-04-30 11:30:13.141 AM] info: 	BEFORE DB Execution
[2024-04-30 11:30:13.202 AM] info: 	AFTER DB Execution Success
[2024-04-30 11:30:13.203 AM] info: 	BEFORE DB Connection Close
[2024-04-30 11:30:13.230 AM] info: 	AFTER DB Connection Close
[2024-04-30 11:30:14.722 AM] info: 	BEFORE DB Get Connection
[2024-04-30 11:30:14.798 AM] info: 	BEFORE DB Execution
[2024-04-30 11:30:14.827 AM] info: 	AFTER DB Execution Success
[2024-04-30 11:30:14.827 AM] info: 	BEFORE DB Connection Close
[2024-04-30 11:30:14.839 AM] info: 	AFTER DB Connection Close
[2024-04-30 11:30:16.718 AM] info: 	BEFORE DB Get Connection
[2024-04-30 11:30:16.784 AM] info: 	BEFORE DB Execution
[2024-04-30 11:30:16.815 AM] info: 	AFTER DB Execution Success
[2024-04-30 11:30:16.816 AM] info: 	BEFORE DB Connection Close
[2024-04-30 11:30:16.827 AM] info: 	AFTER DB Connection Close
[2024-04-30 11:30:18.301 AM] info: 	BEFORE DB Get Connection
[2024-04-30 11:30:18.385 AM] info: 	BEFORE DB Execution
[2024-04-30 11:30:18.416 AM] info: 	AFTER DB Execution Success
[2024-04-30 11:30:18.416 AM] info: 	BEFORE DB Connection Close
[2024-04-30 11:30:18.437 AM] info: 	AFTER DB Connection Close
[2024-04-30 11:30:19.352 AM] info: 	BEFORE DB Get Connection
[2024-04-30 11:30:19.426 AM] info: 	BEFORE DB Execution
[2024-04-30 11:30:19.460 AM] info: 	AFTER DB Execution Success
[2024-04-30 11:30:19.460 AM] info: 	BEFORE DB Connection Close
[2024-04-30 11:30:19.474 AM] info: 	AFTER DB Connection Close
[2024-04-30 11:30:21.076 AM] info: 	BEFORE DB Get Connection
[2024-04-30 11:30:21.143 AM] info: 	BEFORE DB Execution
[2024-04-30 11:30:21.175 AM] info: 	AFTER DB Execution Success
[2024-04-30 11:30:21.175 AM] info: 	BEFORE DB Connection Close
[2024-04-30 11:30:21.189 AM] info: 	AFTER DB Connection Close
[2024-04-30 11:33:47.706 AM] info: 	BEFORE DB Get Connection
[2024-04-30 11:33:47.767 AM] info: 	BEFORE DB Execution
[2024-04-30 11:33:47.795 AM] info: 	AFTER DB Execution Success
[2024-04-30 11:33:47.796 AM] info: 	BEFORE DB Connection Close
[2024-04-30 11:33:47.796 AM] info: 	BEFORE DB Get Connection
[2024-04-30 11:33:47.804 AM] info: 	AFTER DB Connection Close
[2024-04-30 11:33:47.870 AM] info: 	BEFORE DB Execution
[2024-04-30 11:33:47.901 AM] info: 	AFTER DB Execution Success
[2024-04-30 11:33:47.901 AM] info: 	BEFORE DB Connection Close
[2024-04-30 11:33:47.902 AM] info: 	BEFORE DB Get Connection
[2024-04-30 11:33:47.913 AM] info: 	AFTER DB Connection Close
[2024-04-30 11:33:47.965 AM] info: 	BEFORE DB Execution
[2024-04-30 11:33:47.997 AM] info: 	AFTER DB Execution Success
[2024-04-30 11:33:47.998 AM] info: 	BEFORE DB Connection Close
[2024-04-30 11:33:48.017 AM] info: 	AFTER DB Connection Close
[2024-04-30 11:33:48.084 AM] info: 	BEFORE DB Get Connection
[2024-04-30 11:33:48.147 AM] info: 	BEFORE DB Execution
[2024-04-30 11:33:48.154 AM] info: 	AFTER DB Execution Success
[2024-04-30 11:33:48.154 AM] info: 	BEFORE DB Connection Close
[2024-04-30 11:33:48.163 AM] info: 	BEFORE DB Get Connection
[2024-04-30 11:33:48.167 AM] info: 	AFTER DB Connection Close
[2024-04-30 11:33:48.228 AM] info: 	BEFORE DB Execution
[2024-04-30 11:33:48.257 AM] info: 	AFTER DB Execution Success
[2024-04-30 11:33:48.257 AM] info: 	BEFORE DB Connection Close
[2024-04-30 11:33:48.257 AM] info: 	BEFORE DB Get Connection
[2024-04-30 11:33:48.268 AM] info: 	AFTER DB Connection Close
[2024-04-30 11:33:48.331 AM] info: 	BEFORE DB Execution
[2024-04-30 11:33:48.337 AM] info: 	AFTER DB Execution Success
[2024-04-30 11:33:48.337 AM] info: 	BEFORE DB Connection Close
[2024-04-30 11:33:48.347 AM] info: 	AFTER DB Connection Close
[2024-04-30 11:39:30.781 AM] info: 	BEFORE DB Get Connection
[2024-04-30 11:39:31.040 AM] info: 	BEFORE DB Execution
[2024-04-30 11:39:31.078 AM] info: 	AFTER DB Execution Success
[2024-04-30 11:39:31.079 AM] info: 	BEFORE DB Connection Close
[2024-04-30 11:39:31.110 AM] info: 	AFTER DB Connection Close
[2024-04-30 11:39:32.558 AM] info: 	BEFORE DB Get Connection
[2024-04-30 11:39:32.616 AM] info: 	BEFORE DB Execution
[2024-04-30 11:39:32.648 AM] info: 	AFTER DB Execution Success
[2024-04-30 11:39:32.648 AM] info: 	BEFORE DB Connection Close
[2024-04-30 11:39:32.670 AM] info: 	AFTER DB Connection Close
[2024-04-30 11:39:32.700 AM] info: 	BEFORE DB Get Connection
[2024-04-30 11:39:32.792 AM] info: 	BEFORE DB Execution
[2024-04-30 11:39:32.822 AM] info: 	AFTER DB Execution Success
[2024-04-30 11:39:32.822 AM] info: 	BEFORE DB Connection Close
[2024-04-30 11:39:32.836 AM] info: 	AFTER DB Connection Close
[2024-04-30 11:39:34.124 AM] info: 	BEFORE DB Get Connection
[2024-04-30 11:39:34.239 AM] info: 	BEFORE DB Execution
[2024-04-30 11:39:34.268 AM] info: 	AFTER DB Execution Success
[2024-04-30 11:39:34.268 AM] info: 	BEFORE DB Connection Close
[2024-04-30 11:39:34.280 AM] info: 	AFTER DB Connection Close
[2024-04-30 11:39:35.452 AM] info: 	BEFORE DB Get Connection
[2024-04-30 11:39:35.512 AM] info: 	BEFORE DB Execution
[2024-04-30 11:39:35.541 AM] info: 	AFTER DB Execution Success
[2024-04-30 11:39:35.541 AM] info: 	BEFORE DB Connection Close
[2024-04-30 11:39:35.556 AM] info: 	AFTER DB Connection Close
[2024-04-30 11:39:37.344 AM] info: 	BEFORE DB Get Connection
[2024-04-30 11:39:37.423 AM] info: 	BEFORE DB Execution
[2024-04-30 11:39:37.455 AM] info: 	AFTER DB Execution Success
[2024-04-30 11:39:37.455 AM] info: 	BEFORE DB Connection Close
[2024-04-30 11:39:37.468 AM] info: 	AFTER DB Connection Close
[2024-04-30 11:39:47.346 AM] info: 	BEFORE DB Get Connection
[2024-04-30 11:39:47.413 AM] info: 	BEFORE DB Execution
[2024-04-30 11:39:47.441 AM] info: 	AFTER DB Execution Success
[2024-04-30 11:39:47.441 AM] info: 	BEFORE DB Connection Close
[2024-04-30 11:39:47.441 AM] info: 	BEFORE DB Get Connection
[2024-04-30 11:39:47.448 AM] info: 	AFTER DB Connection Close
[2024-04-30 11:39:47.490 AM] info: 	BEFORE DB Execution
[2024-04-30 11:39:47.520 AM] info: 	AFTER DB Execution Success
[2024-04-30 11:39:47.520 AM] info: 	BEFORE DB Connection Close
[2024-04-30 11:39:47.520 AM] info: 	BEFORE DB Get Connection
[2024-04-30 11:39:47.529 AM] info: 	AFTER DB Connection Close
[2024-04-30 11:39:47.573 AM] info: 	BEFORE DB Execution
[2024-04-30 11:39:47.606 AM] info: 	AFTER DB Execution Success
[2024-04-30 11:39:47.606 AM] info: 	BEFORE DB Connection Close
[2024-04-30 11:39:47.614 AM] info: 	AFTER DB Connection Close
[2024-04-30 11:39:47.697 AM] info: 	BEFORE DB Get Connection
[2024-04-30 11:39:47.743 AM] info: 	BEFORE DB Execution
[2024-04-30 11:39:47.750 AM] info: 	AFTER DB Execution Success
[2024-04-30 11:39:47.751 AM] info: 	BEFORE DB Connection Close
[2024-04-30 11:39:47.760 AM] info: 	BEFORE DB Get Connection
[2024-04-30 11:39:47.761 AM] info: 	AFTER DB Connection Close
[2024-04-30 11:39:47.821 AM] info: 	BEFORE DB Execution
[2024-04-30 11:39:47.848 AM] info: 	AFTER DB Execution Success
[2024-04-30 11:39:47.848 AM] info: 	BEFORE DB Connection Close
[2024-04-30 11:39:47.849 AM] info: 	BEFORE DB Get Connection
[2024-04-30 11:39:47.855 AM] info: 	AFTER DB Connection Close
[2024-04-30 11:39:47.893 AM] info: 	BEFORE DB Execution
[2024-04-30 11:39:47.897 AM] info: 	AFTER DB Execution Success
[2024-04-30 11:39:47.897 AM] info: 	BEFORE DB Connection Close
[2024-04-30 11:39:47.914 AM] info: 	AFTER DB Connection Close
[2024-04-30 11:42:50.621 AM] info: 	BEFORE DB Get Connection
[2024-04-30 11:42:50.692 AM] info: 	BEFORE DB Execution
[2024-04-30 11:42:50.723 AM] info: 	AFTER DB Execution Success
[2024-04-30 11:42:50.723 AM] info: 	BEFORE DB Connection Close
[2024-04-30 11:42:50.749 AM] info: 	AFTER DB Connection Close
[2024-04-30 11:42:52.342 AM] info: 	BEFORE DB Get Connection
[2024-04-30 11:42:52.420 AM] info: 	BEFORE DB Execution
[2024-04-30 11:42:52.452 AM] info: 	AFTER DB Execution Success
[2024-04-30 11:42:52.452 AM] info: 	BEFORE DB Connection Close
[2024-04-30 11:42:52.467 AM] info: 	AFTER DB Connection Close
[2024-04-30 11:42:53.129 AM] info: 	BEFORE DB Get Connection
[2024-04-30 11:42:53.200 AM] info: 	BEFORE DB Execution
[2024-04-30 11:42:53.230 AM] info: 	AFTER DB Execution Success
[2024-04-30 11:42:53.230 AM] info: 	BEFORE DB Connection Close
[2024-04-30 11:42:53.246 AM] info: 	AFTER DB Connection Close
[2024-04-30 11:42:54.794 AM] info: 	BEFORE DB Get Connection
[2024-04-30 11:42:54.871 AM] info: 	BEFORE DB Execution
[2024-04-30 11:42:54.926 AM] info: 	AFTER DB Execution Success
[2024-04-30 11:42:54.927 AM] info: 	BEFORE DB Connection Close
[2024-04-30 11:42:54.935 AM] info: 	AFTER DB Connection Close
[2024-04-30 11:42:57.396 AM] info: 	BEFORE DB Get Connection
[2024-04-30 11:42:57.492 AM] info: 	BEFORE DB Execution
[2024-04-30 11:42:57.524 AM] info: 	AFTER DB Execution Success
[2024-04-30 11:42:57.524 AM] info: 	BEFORE DB Connection Close
[2024-04-30 11:42:57.546 AM] info: 	AFTER DB Connection Close
[2024-04-30 11:42:59.328 AM] info: 	BEFORE DB Get Connection
[2024-04-30 11:42:59.425 AM] info: 	BEFORE DB Execution
[2024-04-30 11:42:59.486 AM] info: 	AFTER DB Execution Success
[2024-04-30 11:42:59.486 AM] info: 	BEFORE DB Connection Close
[2024-04-30 11:42:59.500 AM] info: 	AFTER DB Connection Close
[2024-04-30 11:43:01.245 AM] info: 	BEFORE DB Get Connection
[2024-04-30 11:43:01.328 AM] info: 	BEFORE DB Execution
[2024-04-30 11:43:01.359 AM] info: 	AFTER DB Execution Success
[2024-04-30 11:43:01.359 AM] info: 	BEFORE DB Connection Close
[2024-04-30 11:43:01.390 AM] info: 	AFTER DB Connection Close
[2024-04-30 11:43:03.085 AM] info: 	BEFORE DB Get Connection
[2024-04-30 11:43:03.164 AM] info: 	BEFORE DB Execution
[2024-04-30 11:43:03.198 AM] info: 	AFTER DB Execution Success
[2024-04-30 11:43:03.199 AM] info: 	BEFORE DB Connection Close
[2024-04-30 11:43:03.209 AM] info: 	AFTER DB Connection Close
[2024-04-30 11:43:03.752 AM] info: 	BEFORE DB Get Connection
[2024-04-30 11:43:03.837 AM] info: 	BEFORE DB Execution
[2024-04-30 11:43:03.869 AM] info: 	AFTER DB Execution Success
[2024-04-30 11:43:03.869 AM] info: 	BEFORE DB Connection Close
[2024-04-30 11:43:03.890 AM] info: 	AFTER DB Connection Close
[2024-04-30 11:43:05.667 AM] info: 	BEFORE DB Get Connection
[2024-04-30 11:43:05.718 AM] info: 	BEFORE DB Execution
[2024-04-30 11:43:05.746 AM] info: 	AFTER DB Execution Success
[2024-04-30 11:43:05.746 AM] info: 	BEFORE DB Connection Close
[2024-04-30 11:43:05.754 AM] info: 	AFTER DB Connection Close
[2024-04-30 11:43:42.944 AM] info: 	BEFORE DB Get Connection
[2024-04-30 11:43:43.024 AM] info: 	BEFORE DB Execution
[2024-04-30 11:43:43.056 AM] info: 	AFTER DB Execution Success
[2024-04-30 11:43:43.057 AM] info: 	BEFORE DB Connection Close
[2024-04-30 11:43:43.057 AM] info: 	BEFORE DB Get Connection
[2024-04-30 11:43:43.071 AM] info: 	AFTER DB Connection Close
[2024-04-30 11:43:43.120 AM] info: 	BEFORE DB Execution
[2024-04-30 11:43:43.150 AM] info: 	AFTER DB Execution Success
[2024-04-30 11:43:43.151 AM] info: 	BEFORE DB Connection Close
[2024-04-30 11:43:43.151 AM] info: 	BEFORE DB Get Connection
[2024-04-30 11:43:43.162 AM] info: 	AFTER DB Connection Close
[2024-04-30 11:43:43.236 AM] info: 	BEFORE DB Execution
[2024-04-30 11:43:43.245 AM] info: 	AFTER DB Execution Success
[2024-04-30 11:43:43.245 AM] info: 	BEFORE DB Connection Close
[2024-04-30 11:43:43.256 AM] info: 	AFTER DB Connection Close
[2024-04-30 11:43:43.347 AM] info: 	BEFORE DB Get Connection
[2024-04-30 11:43:43.441 AM] info: 	BEFORE DB Execution
[2024-04-30 11:43:43.447 AM] info: 	AFTER DB Execution Success
[2024-04-30 11:43:43.448 AM] info: 	BEFORE DB Connection Close
[2024-04-30 11:43:43.449 AM] info: 	BEFORE DB Get Connection
[2024-04-30 11:43:43.461 AM] info: 	AFTER DB Connection Close
[2024-04-30 11:43:43.519 AM] info: 	BEFORE DB Execution
[2024-04-30 11:43:43.548 AM] info: 	AFTER DB Execution Success
[2024-04-30 11:43:43.549 AM] info: 	BEFORE DB Connection Close
[2024-04-30 11:43:43.549 AM] info: 	BEFORE DB Get Connection
[2024-04-30 11:43:43.563 AM] info: 	AFTER DB Connection Close
[2024-04-30 11:43:43.614 AM] info: 	BEFORE DB Execution
[2024-04-30 11:43:43.619 AM] info: 	AFTER DB Execution Success
[2024-04-30 11:43:43.620 AM] info: 	BEFORE DB Connection Close
[2024-04-30 11:43:43.635 AM] info: 	AFTER DB Connection Close
