[2024-12-16 09:09:22.542 AM] error: 	Autentication Failed false
[2024-12-16 09:09:22.579 AM] info: 	Autentication Success
[2024-12-16 09:09:22.579 AM] info: 	BEFORE DB Get Connection
[2024-12-16 09:09:22.642 AM] info: 	BEFORE DB Execution
[2024-12-16 09:09:22.709 AM] info: 	AFTER DB Execution Success
[2024-12-16 09:09:22.709 AM] info: 	BEFORE DB Connection Close
[2024-12-16 09:09:22.709 AM] info: 	BEFORE DB Get Connection
[2024-12-16 09:09:22.712 AM] info: 	AFTER DB Connection Close
[2024-12-16 09:09:22.760 AM] info: 	BEFORE DB Execution
[2024-12-16 09:09:22.814 AM] info: 	AFTER DB Execution Success
[2024-12-16 09:09:22.815 AM] info: 	BEFORE DB Connection Close
[2024-12-16 09:09:22.830 AM] info: 	AFTER DB Connection Close
[2024-12-16 09:09:23.744 AM] info: 	BEFORE DB Get Connection
[2024-12-16 09:09:23.787 AM] info: 	BEFORE DB Execution
[2024-12-16 09:09:23.836 AM] info: 	AFTER DB Execution Success
[2024-12-16 09:09:23.837 AM] info: 	BEFORE DB Connection Close
[2024-12-16 09:09:23.837 AM] info: 	BEFORE DB Get Connection
[2024-12-16 09:09:23.839 AM] info: 	AFTER DB Connection Close
[2024-12-16 09:09:23.880 AM] info: 	BEFORE DB Execution
[2024-12-16 09:09:23.915 AM] info: 	AFTER DB Execution Success
[2024-12-16 09:09:23.915 AM] info: 	BEFORE DB Connection Close
[2024-12-16 09:09:23.915 AM] info: 	BEFORE DB Get Connection
[2024-12-16 09:09:23.928 AM] info: 	AFTER DB Connection Close
[2024-12-16 09:09:23.949 AM] info: 	BEFORE DB Execution
[2024-12-16 09:09:23.954 AM] info: 	AFTER DB Execution Success
[2024-12-16 09:09:23.954 AM] info: 	BEFORE DB Connection Close
[2024-12-16 09:09:23.954 AM] info: 	BEFORE DB Get Connection
[2024-12-16 09:09:23.959 AM] info: 	AFTER DB Connection Close
[2024-12-16 09:09:23.999 AM] info: 	BEFORE DB Execution
[2024-12-16 09:09:24.002 AM] info: 	AFTER DB Execution Success
[2024-12-16 09:09:24.002 AM] info: 	BEFORE DB Connection Close
[2024-12-16 09:09:24.002 AM] info: 	BEFORE DB Get Connection
[2024-12-16 09:09:24.004 AM] info: 	AFTER DB Connection Close
[2024-12-16 09:09:24.027 AM] info: 	BEFORE DB Execution
[2024-12-16 09:09:24.029 AM] info: 	AFTER DB Execution Success
[2024-12-16 09:09:24.030 AM] info: 	BEFORE DB Connection Close
[2024-12-16 09:09:24.030 AM] info: 	BEFORE DB Get Connection
[2024-12-16 09:09:24.033 AM] info: 	AFTER DB Connection Close
[2024-12-16 09:09:24.057 AM] info: 	BEFORE DB Execution
[2024-12-16 09:09:24.081 AM] info: 	AFTER DB Execution Success
[2024-12-16 09:09:24.081 AM] info: 	BEFORE DB Connection Close
[2024-12-16 09:09:24.089 AM] info: 	AFTER DB Connection Close
[2024-12-16 09:09:39.783 AM] info: 	BEFORE DB Get Connection
[2024-12-16 09:09:39.809 AM] info: 	BEFORE DB Execution
[2024-12-16 09:09:39.814 AM] info: 	BEFORE DB Get Connection
[2024-12-16 09:09:39.814 AM] info: 	AFTER DB Execution Success
[2024-12-16 09:09:39.814 AM] info: 	BEFORE DB Connection Close
[2024-12-16 09:09:39.814 AM] info: 	BEFORE DB Get Connection
[2024-12-16 09:09:39.816 AM] info: 	AFTER DB Connection Close
[2024-12-16 09:09:39.837 AM] info: 	BEFORE DB Execution
[2024-12-16 09:09:39.839 AM] info: 	AFTER DB Execution Success
[2024-12-16 09:09:39.840 AM] info: 	BEFORE DB Connection Close
[2024-12-16 09:09:39.840 AM] info: 	BEFORE DB Get Connection
[2024-12-16 09:09:39.843 AM] info: 	AFTER DB Connection Close
[2024-12-16 09:09:39.856 AM] info: 	BEFORE DB Execution
[2024-12-16 09:09:39.863 AM] info: 	AFTER DB Execution Success
[2024-12-16 09:09:39.864 AM] info: 	BEFORE DB Connection Close
[2024-12-16 09:09:39.864 AM] info: 	BEFORE DB Get Connection
[2024-12-16 09:09:39.866 AM] info: 	AFTER DB Connection Close
[2024-12-16 09:09:39.883 AM] info: 	BEFORE DB Execution
[2024-12-16 09:09:39.887 AM] info: 	AFTER DB Execution Success
[2024-12-16 09:09:39.887 AM] info: 	BEFORE DB Connection Close
[2024-12-16 09:09:39.887 AM] info: 	BEFORE DB Get Connection
[2024-12-16 09:09:39.890 AM] info: 	AFTER DB Connection Close
[2024-12-16 09:09:39.892 AM] info: 	BEFORE DB Execution
[2024-12-16 09:09:39.916 AM] info: 	BEFORE DB Execution
[2024-12-16 09:09:39.943 AM] info: 	AFTER DB Execution Success
[2024-12-16 09:09:39.943 AM] info: 	BEFORE DB Connection Close
[2024-12-16 09:09:39.943 AM] info: 	BEFORE DB Get Connection
[2024-12-16 09:09:39.946 AM] info: 	AFTER DB Connection Close
[2024-12-16 09:09:39.967 AM] info: 	AFTER DB Execution Success
[2024-12-16 09:09:39.968 AM] info: 	BEFORE DB Connection Close
[2024-12-16 09:09:39.968 AM] info: 	BEFORE DB Get Connection
[2024-12-16 09:09:39.970 AM] info: 	AFTER DB Connection Close
[2024-12-16 09:09:39.983 AM] info: 	BEFORE DB Execution
[2024-12-16 09:09:39.990 AM] info: 	AFTER DB Execution Success
[2024-12-16 09:09:39.990 AM] info: 	BEFORE DB Connection Close
[2024-12-16 09:09:39.990 AM] info: 	BEFORE DB Get Connection
[2024-12-16 09:09:39.992 AM] info: 	AFTER DB Connection Close
[2024-12-16 09:09:39.994 AM] info: 	BEFORE DB Execution
[2024-12-16 09:09:40.038 AM] info: 	BEFORE DB Execution
[2024-12-16 09:09:40.071 AM] info: 	AFTER DB Execution Success
[2024-12-16 09:09:40.071 AM] info: 	BEFORE DB Connection Close
[2024-12-16 09:09:40.071 AM] info: 	BEFORE DB Get Connection
[2024-12-16 09:09:40.075 AM] info: 	AFTER DB Connection Close
[2024-12-16 09:09:40.102 AM] info: 	AFTER DB Execution Success
[2024-12-16 09:09:40.102 AM] info: 	BEFORE DB Connection Close
[2024-12-16 09:09:40.102 AM] info: 	BEFORE DB Get Connection
[2024-12-16 09:09:40.104 AM] info: 	AFTER DB Connection Close
[2024-12-16 09:09:40.119 AM] info: 	BEFORE DB Execution
[2024-12-16 09:09:40.124 AM] info: 	AFTER DB Execution Success
[2024-12-16 09:09:40.125 AM] info: 	BEFORE DB Connection Close
[2024-12-16 09:09:40.127 AM] info: 	BEFORE DB Execution
[2024-12-16 09:09:40.127 AM] info: 	AFTER DB Connection Close
[2024-12-16 09:09:40.132 AM] info: 	AFTER DB Execution Success
[2024-12-16 09:09:40.132 AM] info: 	BEFORE DB Connection Close
[2024-12-16 09:09:40.132 AM] info: 	BEFORE DB Get Connection
[2024-12-16 09:09:40.134 AM] info: 	AFTER DB Connection Close
[2024-12-16 09:09:40.156 AM] info: 	BEFORE DB Execution
[2024-12-16 09:09:40.291 AM] info: 	AFTER DB Execution Success
[2024-12-16 09:09:40.291 AM] info: 	BEFORE DB Connection Close
[2024-12-16 09:09:40.291 AM] info: 	BEFORE DB Get Connection
[2024-12-16 09:09:40.293 AM] info: 	AFTER DB Connection Close
[2024-12-16 09:09:40.319 AM] info: 	BEFORE DB Execution
[2024-12-16 09:09:40.322 AM] info: 	AFTER DB Execution Success
[2024-12-16 09:09:40.323 AM] info: 	BEFORE DB Connection Close
[2024-12-16 09:09:40.355 AM] info: 	AFTER DB Connection Close
[2024-12-16 09:09:40.514 AM] info: 	BEFORE DB Get Connection
[2024-12-16 09:09:40.542 AM] info: 	BEFORE DB Execution
[2024-12-16 09:09:40.544 AM] info: 	AFTER DB Execution Success
[2024-12-16 09:09:40.544 AM] info: 	BEFORE DB Connection Close
[2024-12-16 09:09:40.545 AM] info: 	BEFORE DB Get Connection
[2024-12-16 09:09:40.547 AM] info: 	AFTER DB Connection Close
[2024-12-16 09:09:40.599 AM] info: 	BEFORE DB Execution
[2024-12-16 09:09:40.602 AM] info: 	AFTER DB Execution Success
[2024-12-16 09:09:40.602 AM] info: 	BEFORE DB Connection Close
[2024-12-16 09:09:40.602 AM] info: 	BEFORE DB Get Connection
[2024-12-16 09:09:40.604 AM] info: 	AFTER DB Connection Close
[2024-12-16 09:09:40.644 AM] info: 	BEFORE DB Execution
[2024-12-16 09:09:40.653 AM] info: 	AFTER DB Execution Success
[2024-12-16 09:09:40.653 AM] info: 	BEFORE DB Connection Close
[2024-12-16 09:09:40.653 AM] info: 	BEFORE DB Get Connection
[2024-12-16 09:09:40.659 AM] info: 	AFTER DB Connection Close
[2024-12-16 09:09:40.683 AM] info: 	BEFORE DB Execution
[2024-12-16 09:09:40.687 AM] info: 	AFTER DB Execution Success
[2024-12-16 09:09:40.687 AM] info: 	BEFORE DB Connection Close
[2024-12-16 09:09:40.687 AM] info: 	BEFORE DB Get Connection
[2024-12-16 09:09:40.689 AM] info: 	AFTER DB Connection Close
[2024-12-16 09:09:40.741 AM] info: 	BEFORE DB Execution
[2024-12-16 09:09:40.779 AM] info: 	AFTER DB Execution Success
[2024-12-16 09:09:40.779 AM] info: 	BEFORE DB Connection Close
[2024-12-16 09:09:40.779 AM] info: 	BEFORE DB Get Connection
[2024-12-16 09:09:40.782 AM] info: 	AFTER DB Connection Close
[2024-12-16 09:09:40.814 AM] info: 	BEFORE DB Execution
[2024-12-16 09:09:40.820 AM] info: 	AFTER DB Execution Success
[2024-12-16 09:09:40.820 AM] info: 	BEFORE DB Connection Close
[2024-12-16 09:09:40.822 AM] info: 	AFTER DB Connection Close
[2024-12-16 09:09:42.243 AM] info: 	BEFORE DB Get Connection
[2024-12-16 09:09:42.244 AM] info: 	BEFORE DB Get Connection
[2024-12-16 09:09:42.268 AM] info: 	BEFORE DB Execution
[2024-12-16 09:09:42.271 AM] info: 	AFTER DB Execution Success
[2024-12-16 09:09:42.271 AM] info: 	BEFORE DB Connection Close
[2024-12-16 09:09:42.271 AM] info: 	BEFORE DB Get Connection
[2024-12-16 09:09:42.273 AM] info: 	AFTER DB Connection Close
[2024-12-16 09:09:42.285 AM] info: 	BEFORE DB Execution
[2024-12-16 09:09:42.287 AM] info: 	AFTER DB Execution Success
[2024-12-16 09:09:42.287 AM] info: 	BEFORE DB Connection Close
[2024-12-16 09:09:42.289 AM] info: 	AFTER DB Connection Close
[2024-12-16 09:09:42.296 AM] info: 	BEFORE DB Execution
[2024-12-16 09:09:42.302 AM] info: 	AFTER DB Execution Success
[2024-12-16 09:09:42.302 AM] info: 	BEFORE DB Connection Close
[2024-12-16 09:09:42.304 AM] info: 	AFTER DB Connection Close
[2024-12-16 09:09:42.344 AM] info: 	BEFORE DB Get Connection
[2024-12-16 09:09:42.391 AM] info: 	BEFORE DB Execution
[2024-12-16 09:09:42.393 AM] info: 	AFTER DB Execution Success
[2024-12-16 09:09:42.393 AM] info: 	BEFORE DB Connection Close
[2024-12-16 09:09:42.393 AM] info: 	BEFORE DB Get Connection
[2024-12-16 09:09:42.395 AM] info: 	AFTER DB Connection Close
[2024-12-16 09:09:42.416 AM] info: 	BEFORE DB Execution
[2024-12-16 09:09:42.428 AM] info: 	AFTER DB Execution Success
[2024-12-16 09:09:42.428 AM] info: 	BEFORE DB Connection Close
[2024-12-16 09:09:42.430 AM] info: 	AFTER DB Connection Close
[2024-12-16 09:09:42.527 AM] info: 	BEFORE DB Get Connection
[2024-12-16 09:09:42.550 AM] info: 	BEFORE DB Execution
[2024-12-16 09:09:42.552 AM] info: 	AFTER DB Execution Success
[2024-12-16 09:09:42.553 AM] info: 	BEFORE DB Connection Close
[2024-12-16 09:09:42.553 AM] info: 	BEFORE DB Get Connection
[2024-12-16 09:09:42.555 AM] info: 	AFTER DB Connection Close
[2024-12-16 09:09:42.599 AM] info: 	BEFORE DB Execution
[2024-12-16 09:09:42.612 AM] info: 	AFTER DB Execution Success
[2024-12-16 09:09:42.612 AM] info: 	BEFORE DB Connection Close
[2024-12-16 09:09:42.616 AM] info: 	AFTER DB Connection Close
[2024-12-16 09:09:59.872 AM] info: 	BEFORE DB Get Connection
[2024-12-16 09:09:59.920 AM] info: 	BEFORE DB Execution
[2024-12-16 09:09:59.923 AM] info: 	AFTER DB Execution Success
[2024-12-16 09:09:59.923 AM] info: 	BEFORE DB Connection Close
[2024-12-16 09:09:59.923 AM] info: 	BEFORE DB Get Connection
[2024-12-16 09:09:59.929 AM] info: 	AFTER DB Connection Close
[2024-12-16 09:09:59.965 AM] info: 	BEFORE DB Execution
[2024-12-16 09:09:59.983 AM] info: 	AFTER DB Execution Success
[2024-12-16 09:09:59.984 AM] info: 	BEFORE DB Connection Close
[2024-12-16 09:09:59.988 AM] info: 	AFTER DB Connection Close
[2024-12-16 09:33:08.387 AM] error: 	Autentication Failed false
[2024-12-16 09:33:08.407 AM] info: 	Autentication Success
[2024-12-16 09:33:08.407 AM] info: 	BEFORE DB Get Connection
[2024-12-16 09:33:08.451 AM] info: 	BEFORE DB Execution
[2024-12-16 09:33:08.485 AM] info: 	AFTER DB Execution Success
[2024-12-16 09:33:08.485 AM] info: 	BEFORE DB Connection Close
[2024-12-16 09:33:08.485 AM] info: 	BEFORE DB Get Connection
[2024-12-16 09:33:08.488 AM] info: 	AFTER DB Connection Close
[2024-12-16 09:33:08.511 AM] info: 	BEFORE DB Execution
[2024-12-16 09:33:08.551 AM] info: 	AFTER DB Execution Success
[2024-12-16 09:33:08.551 AM] info: 	BEFORE DB Connection Close
[2024-12-16 09:33:08.562 AM] info: 	AFTER DB Connection Close
[2024-12-16 09:33:09.545 AM] info: 	BEFORE DB Get Connection
[2024-12-16 09:33:09.592 AM] info: 	BEFORE DB Execution
[2024-12-16 09:33:09.620 AM] info: 	AFTER DB Execution Success
[2024-12-16 09:33:09.620 AM] info: 	BEFORE DB Connection Close
[2024-12-16 09:33:09.620 AM] info: 	BEFORE DB Get Connection
[2024-12-16 09:33:09.622 AM] info: 	AFTER DB Connection Close
[2024-12-16 09:33:09.654 AM] info: 	BEFORE DB Execution
[2024-12-16 09:33:09.672 AM] info: 	AFTER DB Execution Success
[2024-12-16 09:33:09.673 AM] info: 	BEFORE DB Connection Close
[2024-12-16 09:33:09.673 AM] info: 	BEFORE DB Get Connection
[2024-12-16 09:33:09.675 AM] info: 	AFTER DB Connection Close
[2024-12-16 09:33:09.698 AM] info: 	BEFORE DB Execution
[2024-12-16 09:33:09.699 AM] info: 	AFTER DB Execution Success
[2024-12-16 09:33:09.700 AM] info: 	BEFORE DB Connection Close
[2024-12-16 09:33:09.700 AM] info: 	BEFORE DB Get Connection
[2024-12-16 09:33:09.702 AM] info: 	AFTER DB Connection Close
[2024-12-16 09:33:09.724 AM] info: 	BEFORE DB Execution
[2024-12-16 09:33:09.726 AM] info: 	AFTER DB Execution Success
[2024-12-16 09:33:09.726 AM] info: 	BEFORE DB Connection Close
[2024-12-16 09:33:09.726 AM] info: 	BEFORE DB Get Connection
[2024-12-16 09:33:09.728 AM] info: 	AFTER DB Connection Close
[2024-12-16 09:33:09.750 AM] info: 	BEFORE DB Execution
[2024-12-16 09:33:09.751 AM] info: 	AFTER DB Execution Success
[2024-12-16 09:33:09.751 AM] info: 	BEFORE DB Connection Close
[2024-12-16 09:33:09.751 AM] info: 	BEFORE DB Get Connection
[2024-12-16 09:33:09.753 AM] info: 	AFTER DB Connection Close
[2024-12-16 09:33:09.785 AM] info: 	BEFORE DB Execution
[2024-12-16 09:33:09.788 AM] info: 	AFTER DB Execution Success
[2024-12-16 09:33:09.788 AM] info: 	BEFORE DB Connection Close
[2024-12-16 09:33:09.790 AM] info: 	AFTER DB Connection Close
[2024-12-16 09:33:11.496 AM] info: 	BEFORE DB Get Connection
[2024-12-16 09:33:11.526 AM] info: 	BEFORE DB Execution
[2024-12-16 09:33:11.528 AM] info: 	AFTER DB Execution Success
[2024-12-16 09:33:11.528 AM] info: 	BEFORE DB Connection Close
[2024-12-16 09:33:11.528 AM] info: 	BEFORE DB Get Connection
[2024-12-16 09:33:11.533 AM] info: 	AFTER DB Connection Close
[2024-12-16 09:33:11.535 AM] info: 	BEFORE DB Get Connection
[2024-12-16 09:33:11.554 AM] info: 	BEFORE DB Execution
[2024-12-16 09:33:11.558 AM] info: 	AFTER DB Execution Success
[2024-12-16 09:33:11.559 AM] info: 	BEFORE DB Connection Close
[2024-12-16 09:33:11.559 AM] info: 	BEFORE DB Get Connection
[2024-12-16 09:33:11.560 AM] info: 	BEFORE DB Execution
[2024-12-16 09:33:11.561 AM] info: 	AFTER DB Connection Close
[2024-12-16 09:33:11.561 AM] info: 	AFTER DB Execution Success
[2024-12-16 09:33:11.562 AM] info: 	BEFORE DB Connection Close
[2024-12-16 09:33:11.562 AM] info: 	BEFORE DB Get Connection
[2024-12-16 09:33:11.563 AM] info: 	AFTER DB Connection Close
[2024-12-16 09:33:11.588 AM] info: 	BEFORE DB Execution
[2024-12-16 09:33:11.599 AM] info: 	BEFORE DB Execution
[2024-12-16 09:33:11.601 AM] info: 	AFTER DB Execution Success
[2024-12-16 09:33:11.601 AM] info: 	BEFORE DB Connection Close
[2024-12-16 09:33:11.601 AM] info: 	BEFORE DB Get Connection
[2024-12-16 09:33:11.602 AM] info: 	AFTER DB Connection Close
[2024-12-16 09:33:11.642 AM] info: 	BEFORE DB Execution
[2024-12-16 09:33:11.657 AM] info: 	AFTER DB Execution Success
[2024-12-16 09:33:11.657 AM] info: 	BEFORE DB Connection Close
[2024-12-16 09:33:11.657 AM] info: 	BEFORE DB Get Connection
[2024-12-16 09:33:11.659 AM] info: 	AFTER DB Connection Close
[2024-12-16 09:33:11.661 AM] info: 	AFTER DB Execution Success
[2024-12-16 09:33:11.661 AM] info: 	BEFORE DB Connection Close
[2024-12-16 09:33:11.661 AM] info: 	BEFORE DB Get Connection
[2024-12-16 09:33:11.663 AM] info: 	AFTER DB Connection Close
[2024-12-16 09:33:11.681 AM] info: 	BEFORE DB Execution
[2024-12-16 09:33:11.682 AM] info: 	BEFORE DB Execution
[2024-12-16 09:33:11.686 AM] info: 	AFTER DB Execution Success
[2024-12-16 09:33:11.686 AM] info: 	BEFORE DB Connection Close
[2024-12-16 09:33:11.686 AM] info: 	BEFORE DB Get Connection
[2024-12-16 09:33:11.688 AM] info: 	AFTER DB Connection Close
[2024-12-16 09:33:11.710 AM] info: 	BEFORE DB Execution
[2024-12-16 09:33:11.752 AM] info: 	AFTER DB Execution Success
[2024-12-16 09:33:11.752 AM] info: 	BEFORE DB Connection Close
[2024-12-16 09:33:11.752 AM] info: 	BEFORE DB Get Connection
[2024-12-16 09:33:11.754 AM] info: 	AFTER DB Connection Close
[2024-12-16 09:33:11.764 AM] info: 	AFTER DB Execution Success
[2024-12-16 09:33:11.764 AM] info: 	BEFORE DB Connection Close
[2024-12-16 09:33:11.764 AM] info: 	BEFORE DB Get Connection
[2024-12-16 09:33:11.767 AM] info: 	AFTER DB Connection Close
[2024-12-16 09:33:11.776 AM] info: 	BEFORE DB Execution
[2024-12-16 09:33:11.782 AM] info: 	AFTER DB Execution Success
[2024-12-16 09:33:11.782 AM] info: 	BEFORE DB Connection Close
[2024-12-16 09:33:11.787 AM] info: 	AFTER DB Connection Close
[2024-12-16 09:33:11.787 AM] info: 	BEFORE DB Execution
[2024-12-16 09:33:11.790 AM] info: 	AFTER DB Execution Success
[2024-12-16 09:33:11.790 AM] info: 	BEFORE DB Connection Close
[2024-12-16 09:33:11.790 AM] info: 	BEFORE DB Get Connection
[2024-12-16 09:33:11.792 AM] info: 	AFTER DB Connection Close
[2024-12-16 09:33:11.814 AM] info: 	BEFORE DB Execution
[2024-12-16 09:33:11.941 AM] info: 	AFTER DB Execution Success
[2024-12-16 09:33:11.941 AM] info: 	BEFORE DB Connection Close
[2024-12-16 09:33:11.941 AM] info: 	BEFORE DB Get Connection
[2024-12-16 09:33:11.943 AM] info: 	AFTER DB Connection Close
[2024-12-16 09:33:11.967 AM] info: 	BEFORE DB Execution
[2024-12-16 09:33:11.968 AM] info: 	AFTER DB Execution Success
[2024-12-16 09:33:11.968 AM] info: 	BEFORE DB Connection Close
[2024-12-16 09:33:11.983 AM] info: 	AFTER DB Connection Close
[2024-12-16 09:33:12.133 AM] info: 	BEFORE DB Get Connection
[2024-12-16 09:33:12.157 AM] info: 	BEFORE DB Execution
[2024-12-16 09:33:12.158 AM] info: 	AFTER DB Execution Success
[2024-12-16 09:33:12.158 AM] info: 	BEFORE DB Connection Close
[2024-12-16 09:33:12.158 AM] info: 	BEFORE DB Get Connection
[2024-12-16 09:33:12.160 AM] info: 	AFTER DB Connection Close
[2024-12-16 09:33:12.196 AM] info: 	BEFORE DB Execution
[2024-12-16 09:33:12.199 AM] info: 	AFTER DB Execution Success
[2024-12-16 09:33:12.200 AM] info: 	BEFORE DB Connection Close
[2024-12-16 09:33:12.200 AM] info: 	BEFORE DB Get Connection
[2024-12-16 09:33:12.201 AM] info: 	AFTER DB Connection Close
[2024-12-16 09:33:12.225 AM] info: 	BEFORE DB Execution
[2024-12-16 09:33:12.233 AM] info: 	AFTER DB Execution Success
[2024-12-16 09:33:12.233 AM] info: 	BEFORE DB Connection Close
[2024-12-16 09:33:12.233 AM] info: 	BEFORE DB Get Connection
[2024-12-16 09:33:12.236 AM] info: 	AFTER DB Connection Close
[2024-12-16 09:33:12.258 AM] info: 	BEFORE DB Execution
[2024-12-16 09:33:12.259 AM] info: 	AFTER DB Execution Success
[2024-12-16 09:33:12.260 AM] info: 	BEFORE DB Connection Close
[2024-12-16 09:33:12.260 AM] info: 	BEFORE DB Get Connection
[2024-12-16 09:33:12.262 AM] info: 	AFTER DB Connection Close
[2024-12-16 09:33:12.283 AM] info: 	BEFORE DB Execution
[2024-12-16 09:33:12.325 AM] info: 	AFTER DB Execution Success
[2024-12-16 09:33:12.325 AM] info: 	BEFORE DB Connection Close
[2024-12-16 09:33:12.325 AM] info: 	BEFORE DB Get Connection
[2024-12-16 09:33:12.327 AM] info: 	AFTER DB Connection Close
[2024-12-16 09:33:12.349 AM] info: 	BEFORE DB Execution
[2024-12-16 09:33:12.355 AM] info: 	AFTER DB Execution Success
[2024-12-16 09:33:12.355 AM] info: 	BEFORE DB Connection Close
[2024-12-16 09:33:12.366 AM] info: 	AFTER DB Connection Close
[2024-12-16 09:33:14.160 AM] info: 	BEFORE DB Get Connection
[2024-12-16 09:33:14.162 AM] info: 	BEFORE DB Get Connection
[2024-12-16 09:33:14.184 AM] info: 	BEFORE DB Execution
[2024-12-16 09:33:14.185 AM] info: 	AFTER DB Execution Success
[2024-12-16 09:33:14.185 AM] info: 	BEFORE DB Connection Close
[2024-12-16 09:33:14.187 AM] info: 	AFTER DB Connection Close
[2024-12-16 09:33:14.196 AM] info: 	BEFORE DB Execution
[2024-12-16 09:33:14.198 AM] info: 	AFTER DB Execution Success
[2024-12-16 09:33:14.198 AM] info: 	BEFORE DB Connection Close
[2024-12-16 09:33:14.198 AM] info: 	BEFORE DB Get Connection
[2024-12-16 09:33:14.200 AM] info: 	AFTER DB Connection Close
[2024-12-16 09:33:14.223 AM] info: 	BEFORE DB Execution
[2024-12-16 09:33:14.225 AM] info: 	AFTER DB Execution Success
[2024-12-16 09:33:14.226 AM] info: 	BEFORE DB Connection Close
[2024-12-16 09:33:14.229 AM] info: 	AFTER DB Connection Close
[2024-12-16 09:33:14.287 AM] info: 	BEFORE DB Get Connection
[2024-12-16 09:33:14.317 AM] info: 	BEFORE DB Execution
[2024-12-16 09:33:14.318 AM] info: 	AFTER DB Execution Success
[2024-12-16 09:33:14.319 AM] info: 	BEFORE DB Connection Close
[2024-12-16 09:33:14.319 AM] info: 	BEFORE DB Get Connection
[2024-12-16 09:33:14.321 AM] info: 	AFTER DB Connection Close
[2024-12-16 09:33:14.363 AM] info: 	BEFORE DB Execution
[2024-12-16 09:33:14.367 AM] info: 	AFTER DB Execution Success
[2024-12-16 09:33:14.368 AM] info: 	BEFORE DB Connection Close
[2024-12-16 09:33:14.370 AM] info: 	AFTER DB Connection Close
[2024-12-16 09:33:14.483 AM] info: 	BEFORE DB Get Connection
[2024-12-16 09:33:14.507 AM] info: 	BEFORE DB Execution
[2024-12-16 09:33:14.509 AM] info: 	AFTER DB Execution Success
[2024-12-16 09:33:14.509 AM] info: 	BEFORE DB Connection Close
[2024-12-16 09:33:14.509 AM] info: 	BEFORE DB Get Connection
[2024-12-16 09:33:14.511 AM] info: 	AFTER DB Connection Close
[2024-12-16 09:33:14.538 AM] info: 	BEFORE DB Execution
[2024-12-16 09:33:14.541 AM] info: 	AFTER DB Execution Success
[2024-12-16 09:33:14.541 AM] info: 	BEFORE DB Connection Close
[2024-12-16 09:33:14.544 AM] info: 	AFTER DB Connection Close
[2024-12-16 09:33:24.798 AM] info: 	BEFORE DB Get Connection
[2024-12-16 09:33:24.823 AM] info: 	BEFORE DB Execution
[2024-12-16 09:33:24.825 AM] info: 	AFTER DB Execution Success
[2024-12-16 09:33:24.825 AM] info: 	BEFORE DB Connection Close
[2024-12-16 09:33:24.825 AM] info: 	BEFORE DB Get Connection
[2024-12-16 09:33:24.829 AM] info: 	AFTER DB Connection Close
[2024-12-16 09:33:24.852 AM] info: 	BEFORE DB Execution
[2024-12-16 09:33:24.884 AM] info: 	AFTER DB Execution Success
[2024-12-16 09:33:24.884 AM] info: 	BEFORE DB Connection Close
[2024-12-16 09:33:24.887 AM] info: 	AFTER DB Connection Close
