[2024-07-22 04:19:31.488 PM] info: 	DB Initialized
[2024-07-22 04:19:50.758 PM] error: 	Autentication Failed false
[2024-07-22 04:19:50.786 PM] info: 	Autentication Success
[2024-07-22 04:19:50.787 PM] info: 	BEFORE DB Get Connection
[2024-07-22 04:19:50.915 PM] info: 	BEFORE DB Execution
[2024-07-22 04:19:50.954 PM] info: 	AFTER DB Execution Success
[2024-07-22 04:19:50.954 PM] info: 	BEFORE DB Connection Close
[2024-07-22 04:19:50.955 PM] info: 	BEFORE DB Get Connection
[2024-07-22 04:19:50.960 PM] info: 	AFTER DB Connection Close
[2024-07-22 04:19:50.989 PM] info: 	BEFORE DB Execution
[2024-07-22 04:19:50.992 PM] info: 	AFTER DB Execution Success
[2024-07-22 04:19:50.992 PM] info: 	BEFORE DB Connection Close
[2024-07-22 04:19:50.993 PM] info: 	BEFORE DB Get Connection
[2024-07-22 04:19:50.995 PM] info: 	AFTER DB Connection Close
[2024-07-22 04:19:51.029 PM] info: 	BEFORE DB Execution
[2024-07-22 04:19:51.099 PM] info: 	AFTER DB Execution Success
[2024-07-22 04:19:51.100 PM] info: 	BEFORE DB Connection Close
[2024-07-22 04:19:51.115 PM] info: 	AFTER DB Connection Close
[2024-07-22 04:19:52.450 PM] info: 	BEFORE DB Get Connection
[2024-07-22 04:19:52.498 PM] info: 	BEFORE DB Execution
[2024-07-22 04:19:52.527 PM] info: 	AFTER DB Execution Success
[2024-07-22 04:19:52.528 PM] info: 	BEFORE DB Connection Close
[2024-07-22 04:19:52.528 PM] info: 	BEFORE DB Get Connection
[2024-07-22 04:19:52.530 PM] info: 	AFTER DB Connection Close
[2024-07-22 04:19:52.550 PM] info: 	BEFORE DB Execution
[2024-07-22 04:19:52.583 PM] info: 	AFTER DB Execution Success
[2024-07-22 04:19:52.583 PM] info: 	BEFORE DB Connection Close
[2024-07-22 04:19:52.583 PM] info: 	BEFORE DB Get Connection
[2024-07-22 04:19:52.586 PM] info: 	AFTER DB Connection Close
[2024-07-22 04:19:52.611 PM] info: 	BEFORE DB Execution
[2024-07-22 04:19:52.614 PM] info: 	AFTER DB Execution Success
[2024-07-22 04:19:52.614 PM] info: 	BEFORE DB Connection Close
[2024-07-22 04:19:52.619 PM] info: 	AFTER DB Connection Close
[2024-07-22 04:28:59.661 PM] info: 	DB Initialized
[2024-07-22 04:29:03.697 PM] info: 	BEFORE DB Get Connection
[2024-07-22 04:29:03.841 PM] info: 	BEFORE DB Execution
[2024-07-22 04:29:03.871 PM] info: 	AFTER DB Execution Success
[2024-07-22 04:29:03.872 PM] info: 	BEFORE DB Connection Close
[2024-07-22 04:29:03.872 PM] info: 	BEFORE DB Get Connection
[2024-07-22 04:29:03.875 PM] info: 	AFTER DB Connection Close
[2024-07-22 04:29:03.896 PM] info: 	BEFORE DB Execution
[2024-07-22 04:29:03.933 PM] info: 	AFTER DB Execution Success
[2024-07-22 04:29:03.933 PM] info: 	BEFORE DB Connection Close
[2024-07-22 04:29:03.934 PM] info: 	BEFORE DB Get Connection
[2024-07-22 04:29:03.936 PM] info: 	AFTER DB Connection Close
[2024-07-22 04:29:03.962 PM] info: 	BEFORE DB Execution
[2024-07-22 04:29:03.964 PM] info: 	AFTER DB Execution Success
[2024-07-22 04:29:03.965 PM] info: 	BEFORE DB Connection Close
[2024-07-22 04:29:03.968 PM] info: 	AFTER DB Connection Close
[2024-07-22 04:29:08.732 PM] info: 	BEFORE DB Get Connection
[2024-07-22 04:29:08.741 PM] info: 	BEFORE DB Get Connection
[2024-07-22 04:29:08.758 PM] info: 	BEFORE DB Execution
[2024-07-22 04:29:08.760 PM] info: 	AFTER DB Execution Success
[2024-07-22 04:29:08.760 PM] info: 	BEFORE DB Connection Close
[2024-07-22 04:29:08.760 PM] info: 	BEFORE DB Get Connection
[2024-07-22 04:29:08.771 PM] info: 	AFTER DB Connection Close
[2024-07-22 04:29:08.778 PM] info: 	BEFORE DB Execution
[2024-07-22 04:29:08.780 PM] error: 	DB Execution, {}
[2024-07-22 04:29:08.780 PM] info: 	BEFORE DB Connection Close
[2024-07-22 04:29:08.785 PM] info: 	AFTER DB Connection Close
[2024-07-22 04:29:08.811 PM] info: 	BEFORE DB Execution
[2024-07-22 04:29:08.817 PM] info: 	AFTER DB Execution Success
[2024-07-22 04:29:08.817 PM] info: 	BEFORE DB Connection Close
[2024-07-22 04:29:08.817 PM] info: 	BEFORE DB Get Connection
[2024-07-22 04:29:08.820 PM] info: 	AFTER DB Connection Close
[2024-07-22 04:29:08.846 PM] info: 	BEFORE DB Execution
[2024-07-22 04:29:08.908 PM] info: 	AFTER DB Execution Success
[2024-07-22 04:29:08.908 PM] info: 	BEFORE DB Connection Close
[2024-07-22 04:29:08.908 PM] info: 	BEFORE DB Get Connection
[2024-07-22 04:29:08.912 PM] info: 	AFTER DB Connection Close
[2024-07-22 04:29:08.951 PM] info: 	BEFORE DB Execution
[2024-07-22 04:29:09.030 PM] info: 	AFTER DB Execution Success
[2024-07-22 04:29:09.031 PM] info: 	BEFORE DB Connection Close
[2024-07-22 04:29:09.031 PM] info: 	BEFORE DB Get Connection
[2024-07-22 04:29:09.034 PM] info: 	AFTER DB Connection Close
[2024-07-22 04:29:09.070 PM] info: 	BEFORE DB Execution
[2024-07-22 04:29:09.078 PM] info: 	AFTER DB Execution Success
[2024-07-22 04:29:09.078 PM] info: 	BEFORE DB Connection Close
[2024-07-22 04:29:09.078 PM] info: 	BEFORE DB Get Connection
[2024-07-22 04:29:09.081 PM] info: 	AFTER DB Connection Close
[2024-07-22 04:29:09.130 PM] info: 	BEFORE DB Execution
[2024-07-22 04:29:09.279 PM] info: 	AFTER DB Execution Success
[2024-07-22 04:29:09.279 PM] info: 	BEFORE DB Connection Close
[2024-07-22 04:29:09.279 PM] info: 	BEFORE DB Get Connection
[2024-07-22 04:29:09.282 PM] info: 	AFTER DB Connection Close
[2024-07-22 04:29:09.321 PM] info: 	BEFORE DB Execution
[2024-07-22 04:29:09.324 PM] info: 	AFTER DB Execution Success
[2024-07-22 04:29:09.324 PM] info: 	BEFORE DB Connection Close
[2024-07-22 04:29:09.353 PM] info: 	AFTER DB Connection Close
[2024-07-22 04:29:09.487 PM] info: 	BEFORE DB Get Connection
[2024-07-22 04:29:09.533 PM] info: 	BEFORE DB Get Connection
[2024-07-22 04:29:09.542 PM] info: 	BEFORE DB Execution
[2024-07-22 04:29:09.551 PM] info: 	BEFORE DB Get Connection
[2024-07-22 04:29:09.559 PM] info: 	BEFORE DB Execution
[2024-07-22 04:29:09.575 PM] info: 	BEFORE DB Execution
[2024-07-22 04:29:09.704 PM] info: 	AFTER DB Execution Success
[2024-07-22 04:29:09.704 PM] info: 	BEFORE DB Connection Close
[2024-07-22 04:29:09.708 PM] info: 	AFTER DB Connection Close
[2024-07-22 04:29:09.744 PM] info: 	AFTER DB Execution Success
[2024-07-22 04:29:09.744 PM] info: 	BEFORE DB Connection Close
[2024-07-22 04:29:09.748 PM] info: 	AFTER DB Connection Close
[2024-07-22 04:29:10.362 PM] info: 	AFTER DB Execution Success
[2024-07-22 04:29:10.362 PM] info: 	BEFORE DB Connection Close
[2024-07-22 04:29:10.419 PM] info: 	AFTER DB Connection Close
[2024-07-22 04:34:08.378 PM] info: 	BEFORE DB Get Connection
[2024-07-22 04:34:08.437 PM] info: 	BEFORE DB Execution
[2024-07-22 04:34:08.440 PM] info: 	AFTER DB Execution Success
[2024-07-22 04:34:08.440 PM] info: 	BEFORE DB Connection Close
[2024-07-22 04:34:08.444 PM] info: 	AFTER DB Connection Close
[2024-07-22 04:34:08.483 PM] info: 	BEFORE DB Get Connection
[2024-07-22 04:34:08.515 PM] info: 	BEFORE DB Get Connection
[2024-07-22 04:34:08.529 PM] info: 	BEFORE DB Execution
[2024-07-22 04:34:08.554 PM] info: 	BEFORE DB Execution
[2024-07-22 04:34:08.557 PM] info: 	AFTER DB Execution Success
[2024-07-22 04:34:08.557 PM] info: 	BEFORE DB Connection Close
[2024-07-22 04:34:08.557 PM] info: 	BEFORE DB Get Connection
[2024-07-22 04:34:08.560 PM] info: 	AFTER DB Connection Close
[2024-07-22 04:34:08.587 PM] info: 	BEFORE DB Execution
[2024-07-22 04:34:08.589 PM] info: 	AFTER DB Execution Success
[2024-07-22 04:34:08.589 PM] info: 	BEFORE DB Connection Close
[2024-07-22 04:34:08.589 PM] info: 	BEFORE DB Get Connection
[2024-07-22 04:34:08.591 PM] info: 	AFTER DB Connection Close
[2024-07-22 04:34:08.619 PM] info: 	BEFORE DB Execution
[2024-07-22 04:34:08.683 PM] info: 	AFTER DB Execution Success
[2024-07-22 04:34:08.683 PM] info: 	BEFORE DB Connection Close
[2024-07-22 04:34:08.683 PM] info: 	BEFORE DB Get Connection
[2024-07-22 04:34:08.686 PM] info: 	AFTER DB Connection Close
[2024-07-22 04:34:08.730 PM] info: 	BEFORE DB Execution
[2024-07-22 04:34:08.814 PM] info: 	AFTER DB Execution Success
[2024-07-22 04:34:08.814 PM] info: 	BEFORE DB Connection Close
[2024-07-22 04:34:08.815 PM] info: 	BEFORE DB Get Connection
[2024-07-22 04:34:08.817 PM] info: 	AFTER DB Connection Close
[2024-07-22 04:34:08.869 PM] info: 	BEFORE DB Execution
[2024-07-22 04:34:08.876 PM] info: 	AFTER DB Execution Success
[2024-07-22 04:34:08.877 PM] info: 	BEFORE DB Connection Close
[2024-07-22 04:34:08.877 PM] info: 	BEFORE DB Get Connection
[2024-07-22 04:34:08.881 PM] info: 	AFTER DB Connection Close
[2024-07-22 04:34:08.930 PM] info: 	BEFORE DB Execution
[2024-07-22 04:34:09.090 PM] info: 	AFTER DB Execution Success
[2024-07-22 04:34:09.090 PM] info: 	BEFORE DB Connection Close
[2024-07-22 04:34:09.091 PM] info: 	BEFORE DB Get Connection
[2024-07-22 04:34:09.093 PM] info: 	AFTER DB Connection Close
[2024-07-22 04:34:09.114 PM] info: 	BEFORE DB Execution
[2024-07-22 04:34:09.116 PM] info: 	AFTER DB Execution Success
[2024-07-22 04:34:09.117 PM] info: 	BEFORE DB Connection Close
[2024-07-22 04:34:09.130 PM] info: 	AFTER DB Connection Close
[2024-07-22 04:34:09.247 PM] info: 	AFTER DB Execution Success
[2024-07-22 04:34:09.247 PM] info: 	BEFORE DB Connection Close
[2024-07-22 04:34:09.323 PM] info: 	AFTER DB Connection Close
[2024-07-22 04:34:12.095 PM] error: 	Autentication Failed false
[2024-07-22 04:34:12.136 PM] info: 	Autentication Success
[2024-07-22 04:34:12.137 PM] info: 	BEFORE DB Get Connection
[2024-07-22 04:34:12.182 PM] info: 	BEFORE DB Execution
[2024-07-22 04:34:12.216 PM] info: 	AFTER DB Execution Success
[2024-07-22 04:34:12.217 PM] info: 	BEFORE DB Connection Close
[2024-07-22 04:34:12.217 PM] info: 	BEFORE DB Get Connection
[2024-07-22 04:34:12.220 PM] info: 	AFTER DB Connection Close
[2024-07-22 04:34:12.249 PM] info: 	BEFORE DB Execution
[2024-07-22 04:34:12.251 PM] info: 	AFTER DB Execution Success
[2024-07-22 04:34:12.252 PM] info: 	BEFORE DB Connection Close
[2024-07-22 04:34:12.252 PM] info: 	BEFORE DB Get Connection
[2024-07-22 04:34:12.254 PM] info: 	AFTER DB Connection Close
[2024-07-22 04:34:12.305 PM] info: 	BEFORE DB Execution
[2024-07-22 04:34:12.309 PM] info: 	AFTER DB Execution Success
[2024-07-22 04:34:12.309 PM] info: 	BEFORE DB Connection Close
[2024-07-22 04:34:12.309 PM] info: 	BEFORE DB Get Connection
[2024-07-22 04:34:12.311 PM] info: 	AFTER DB Connection Close
[2024-07-22 04:34:12.351 PM] info: 	BEFORE DB Execution
[2024-07-22 04:34:12.436 PM] info: 	AFTER DB Execution Success
[2024-07-22 04:34:12.436 PM] info: 	BEFORE DB Connection Close
[2024-07-22 04:34:12.451 PM] info: 	AFTER DB Connection Close
[2024-07-22 04:34:12.520 PM] info: 	BEFORE DB Get Connection
[2024-07-22 04:34:12.559 PM] info: 	BEFORE DB Execution
[2024-07-22 04:34:12.587 PM] info: 	AFTER DB Execution Success
[2024-07-22 04:34:12.587 PM] info: 	BEFORE DB Connection Close
[2024-07-22 04:34:12.587 PM] info: 	BEFORE DB Get Connection
[2024-07-22 04:34:12.589 PM] info: 	AFTER DB Connection Close
[2024-07-22 04:34:12.611 PM] info: 	BEFORE DB Execution
[2024-07-22 04:34:12.640 PM] info: 	AFTER DB Execution Success
[2024-07-22 04:34:12.641 PM] info: 	BEFORE DB Connection Close
[2024-07-22 04:34:12.641 PM] info: 	BEFORE DB Get Connection
[2024-07-22 04:34:12.643 PM] info: 	AFTER DB Connection Close
[2024-07-22 04:34:12.679 PM] info: 	BEFORE DB Execution
[2024-07-22 04:34:12.681 PM] info: 	AFTER DB Execution Success
[2024-07-22 04:34:12.681 PM] info: 	BEFORE DB Connection Close
[2024-07-22 04:34:12.684 PM] info: 	AFTER DB Connection Close
[2024-07-22 04:34:17.612 PM] info: 	BEFORE DB Get Connection
[2024-07-22 04:34:17.632 PM] info: 	BEFORE DB Get Connection
[2024-07-22 04:34:17.649 PM] info: 	BEFORE DB Execution
[2024-07-22 04:34:17.650 PM] error: 	DB Execution, {}
[2024-07-22 04:34:17.650 PM] info: 	BEFORE DB Connection Close
[2024-07-22 04:34:17.653 PM] info: 	AFTER DB Connection Close
[2024-07-22 04:34:17.656 PM] info: 	BEFORE DB Get Connection
[2024-07-22 04:34:17.669 PM] info: 	BEFORE DB Execution
[2024-07-22 04:34:17.684 PM] info: 	BEFORE DB Get Connection
[2024-07-22 04:34:17.685 PM] info: 	BEFORE DB Execution
[2024-07-22 04:34:17.699 PM] info: 	BEFORE DB Get Connection
[2024-07-22 04:34:17.710 PM] info: 	BEFORE DB Execution
[2024-07-22 04:34:17.733 PM] info: 	AFTER DB Execution Success
[2024-07-22 04:34:17.733 PM] info: 	BEFORE DB Connection Close
[2024-07-22 04:34:17.735 PM] info: 	AFTER DB Connection Close
[2024-07-22 04:34:17.738 PM] info: 	BEFORE DB Execution
[2024-07-22 04:34:17.755 PM] info: 	AFTER DB Execution Success
[2024-07-22 04:34:17.755 PM] info: 	BEFORE DB Connection Close
[2024-07-22 04:34:17.758 PM] info: 	AFTER DB Connection Close
[2024-07-22 04:34:18.416 PM] info: 	AFTER DB Execution Success
[2024-07-22 04:34:18.416 PM] info: 	BEFORE DB Connection Close
[2024-07-22 04:34:18.471 PM] info: 	AFTER DB Connection Close
[2024-07-22 04:34:18.480 PM] info: 	AFTER DB Execution Success
[2024-07-22 04:34:18.481 PM] info: 	BEFORE DB Connection Close
[2024-07-22 04:34:18.567 PM] info: 	AFTER DB Connection Close
[2024-07-22 04:34:21.720 PM] info: 	BEFORE DB Get Connection
[2024-07-22 04:34:21.747 PM] info: 	BEFORE DB Execution
[2024-07-22 04:34:21.779 PM] info: 	AFTER DB Execution Success
[2024-07-22 04:34:21.779 PM] info: 	BEFORE DB Connection Close
[2024-07-22 04:34:21.779 PM] info: 	BEFORE DB Get Connection
[2024-07-22 04:34:21.782 PM] info: 	AFTER DB Connection Close
[2024-07-22 04:34:21.803 PM] info: 	BEFORE DB Execution
[2024-07-22 04:34:21.848 PM] info: 	AFTER DB Execution Success
[2024-07-22 04:34:21.848 PM] info: 	BEFORE DB Connection Close
[2024-07-22 04:34:21.849 PM] info: 	BEFORE DB Get Connection
[2024-07-22 04:34:21.851 PM] info: 	AFTER DB Connection Close
[2024-07-22 04:34:21.874 PM] info: 	BEFORE DB Execution
[2024-07-22 04:34:21.876 PM] info: 	AFTER DB Execution Success
[2024-07-22 04:34:21.876 PM] info: 	BEFORE DB Connection Close
[2024-07-22 04:34:21.885 PM] info: 	AFTER DB Connection Close
[2024-07-22 04:34:42.514 PM] info: 	BEFORE DB Get Connection
[2024-07-22 04:34:42.546 PM] info: 	BEFORE DB Execution
[2024-07-22 04:34:42.576 PM] info: 	AFTER DB Execution Success
[2024-07-22 04:34:42.576 PM] info: 	BEFORE DB Connection Close
[2024-07-22 04:34:42.576 PM] info: 	BEFORE DB Get Connection
[2024-07-22 04:34:42.589 PM] info: 	AFTER DB Connection Close
[2024-07-22 04:34:42.627 PM] info: 	BEFORE DB Execution
[2024-07-22 04:34:42.659 PM] info: 	AFTER DB Execution Success
[2024-07-22 04:34:42.659 PM] info: 	BEFORE DB Connection Close
[2024-07-22 04:34:42.659 PM] info: 	BEFORE DB Get Connection
[2024-07-22 04:34:42.661 PM] info: 	AFTER DB Connection Close
[2024-07-22 04:34:42.694 PM] info: 	BEFORE DB Execution
[2024-07-22 04:34:42.696 PM] info: 	AFTER DB Execution Success
[2024-07-22 04:34:42.697 PM] info: 	BEFORE DB Connection Close
[2024-07-22 04:34:42.699 PM] info: 	AFTER DB Connection Close
[2024-07-22 04:34:56.042 PM] info: 	BEFORE DB Get Connection
[2024-07-22 04:34:56.047 PM] info: 	BEFORE DB Get Connection
[2024-07-22 04:34:56.065 PM] info: 	BEFORE DB Get Connection
[2024-07-22 04:34:56.069 PM] info: 	BEFORE DB Execution
[2024-07-22 04:34:56.071 PM] info: 	AFTER DB Execution Success
[2024-07-22 04:34:56.071 PM] info: 	BEFORE DB Connection Close
[2024-07-22 04:34:56.071 PM] info: 	BEFORE DB Get Connection
[2024-07-22 04:34:56.073 PM] info: 	AFTER DB Connection Close
[2024-07-22 04:34:56.094 PM] info: 	BEFORE DB Execution
[2024-07-22 04:34:56.094 PM] error: 	DB Execution, {}
[2024-07-22 04:34:56.095 PM] info: 	BEFORE DB Connection Close
[2024-07-22 04:34:56.097 PM] info: 	BEFORE DB Execution
[2024-07-22 04:34:56.097 PM] info: 	AFTER DB Connection Close
[2024-07-22 04:34:56.104 PM] info: 	BEFORE DB Execution
[2024-07-22 04:34:56.106 PM] info: 	AFTER DB Execution Success
[2024-07-22 04:34:56.106 PM] info: 	BEFORE DB Connection Close
[2024-07-22 04:34:56.106 PM] info: 	BEFORE DB Get Connection
[2024-07-22 04:34:56.108 PM] info: 	AFTER DB Connection Close
[2024-07-22 04:34:56.151 PM] info: 	BEFORE DB Execution
[2024-07-22 04:34:56.212 PM] info: 	AFTER DB Execution Success
[2024-07-22 04:34:56.213 PM] info: 	BEFORE DB Connection Close
[2024-07-22 04:34:56.213 PM] info: 	BEFORE DB Get Connection
[2024-07-22 04:34:56.216 PM] info: 	AFTER DB Connection Close
[2024-07-22 04:34:56.266 PM] info: 	BEFORE DB Execution
[2024-07-22 04:34:56.343 PM] info: 	AFTER DB Execution Success
[2024-07-22 04:34:56.344 PM] info: 	BEFORE DB Connection Close
[2024-07-22 04:34:56.344 PM] info: 	BEFORE DB Get Connection
[2024-07-22 04:34:56.346 PM] info: 	AFTER DB Connection Close
[2024-07-22 04:34:56.388 PM] info: 	BEFORE DB Execution
[2024-07-22 04:34:56.396 PM] info: 	AFTER DB Execution Success
[2024-07-22 04:34:56.396 PM] info: 	BEFORE DB Connection Close
[2024-07-22 04:34:56.396 PM] info: 	BEFORE DB Get Connection
[2024-07-22 04:34:56.399 PM] info: 	AFTER DB Connection Close
[2024-07-22 04:34:56.450 PM] info: 	BEFORE DB Execution
[2024-07-22 04:34:56.641 PM] info: 	AFTER DB Execution Success
[2024-07-22 04:34:56.642 PM] info: 	BEFORE DB Connection Close
[2024-07-22 04:34:56.642 PM] info: 	BEFORE DB Get Connection
[2024-07-22 04:34:56.645 PM] info: 	AFTER DB Connection Close
[2024-07-22 04:34:56.671 PM] info: 	BEFORE DB Execution
[2024-07-22 04:34:56.673 PM] info: 	AFTER DB Execution Success
[2024-07-22 04:34:56.673 PM] info: 	BEFORE DB Connection Close
[2024-07-22 04:34:56.687 PM] info: 	AFTER DB Connection Close
[2024-07-22 04:34:56.785 PM] info: 	AFTER DB Execution Success
[2024-07-22 04:34:56.785 PM] info: 	BEFORE DB Connection Close
[2024-07-22 04:34:56.855 PM] info: 	AFTER DB Connection Close
[2024-07-22 04:34:56.863 PM] info: 	BEFORE DB Get Connection
[2024-07-22 04:34:56.871 PM] info: 	BEFORE DB Get Connection
[2024-07-22 04:34:56.894 PM] info: 	BEFORE DB Execution
[2024-07-22 04:34:56.902 PM] info: 	BEFORE DB Get Connection
[2024-07-22 04:34:56.904 PM] info: 	BEFORE DB Execution
[2024-07-22 04:34:56.940 PM] info: 	AFTER DB Execution Success
[2024-07-22 04:34:56.940 PM] info: 	BEFORE DB Connection Close
[2024-07-22 04:34:56.942 PM] info: 	AFTER DB Connection Close
[2024-07-22 04:34:56.945 PM] info: 	BEFORE DB Execution
[2024-07-22 04:34:56.947 PM] info: 	AFTER DB Execution Success
[2024-07-22 04:34:56.947 PM] info: 	BEFORE DB Connection Close
[2024-07-22 04:34:56.949 PM] info: 	AFTER DB Connection Close
[2024-07-22 04:34:57.665 PM] info: 	AFTER DB Execution Success
[2024-07-22 04:34:57.665 PM] info: 	BEFORE DB Connection Close
[2024-07-22 04:34:57.746 PM] info: 	AFTER DB Connection Close
[2024-07-22 04:35:32.558 PM] info: 	DB Initialized
[2024-07-22 04:35:36.676 PM] info: 	BEFORE DB Get Connection
[2024-07-22 04:35:36.796 PM] info: 	BEFORE DB Execution
[2024-07-22 04:35:36.832 PM] info: 	AFTER DB Execution Success
[2024-07-22 04:35:36.832 PM] info: 	BEFORE DB Connection Close
[2024-07-22 04:35:36.833 PM] info: 	BEFORE DB Get Connection
[2024-07-22 04:35:36.836 PM] info: 	AFTER DB Connection Close
[2024-07-22 04:35:36.858 PM] info: 	BEFORE DB Execution
[2024-07-22 04:35:36.896 PM] info: 	AFTER DB Execution Success
[2024-07-22 04:35:36.896 PM] info: 	BEFORE DB Connection Close
[2024-07-22 04:35:36.896 PM] info: 	BEFORE DB Get Connection
[2024-07-22 04:35:36.898 PM] info: 	AFTER DB Connection Close
[2024-07-22 04:35:36.920 PM] info: 	BEFORE DB Execution
[2024-07-22 04:35:36.922 PM] info: 	AFTER DB Execution Success
[2024-07-22 04:35:36.923 PM] info: 	BEFORE DB Connection Close
[2024-07-22 04:35:36.927 PM] info: 	AFTER DB Connection Close
[2024-07-22 04:36:06.536 PM] info: 	BEFORE DB Get Connection
[2024-07-22 04:36:06.573 PM] info: 	BEFORE DB Execution
[2024-07-22 04:36:06.600 PM] info: 	AFTER DB Execution Success
[2024-07-22 04:36:06.600 PM] info: 	BEFORE DB Connection Close
[2024-07-22 04:36:06.600 PM] info: 	BEFORE DB Get Connection
[2024-07-22 04:36:06.602 PM] info: 	AFTER DB Connection Close
[2024-07-22 04:36:06.633 PM] info: 	BEFORE DB Execution
[2024-07-22 04:36:06.661 PM] info: 	AFTER DB Execution Success
[2024-07-22 04:36:06.661 PM] info: 	BEFORE DB Connection Close
[2024-07-22 04:36:06.661 PM] info: 	BEFORE DB Get Connection
[2024-07-22 04:36:06.663 PM] info: 	AFTER DB Connection Close
[2024-07-22 04:36:06.686 PM] info: 	BEFORE DB Execution
[2024-07-22 04:36:06.688 PM] info: 	AFTER DB Execution Success
[2024-07-22 04:36:06.688 PM] info: 	BEFORE DB Connection Close
[2024-07-22 04:36:06.691 PM] info: 	AFTER DB Connection Close
[2024-07-22 04:39:58.074 PM] info: 	BEFORE DB Get Connection
[2024-07-22 04:39:58.096 PM] info: 	BEFORE DB Get Connection
[2024-07-22 04:39:58.104 PM] info: 	BEFORE DB Get Connection
[2024-07-22 04:39:58.112 PM] info: 	BEFORE DB Execution
[2024-07-22 04:39:58.114 PM] info: 	AFTER DB Execution Success
[2024-07-22 04:39:58.115 PM] info: 	BEFORE DB Connection Close
[2024-07-22 04:39:58.115 PM] info: 	BEFORE DB Get Connection
[2024-07-22 04:39:58.117 PM] info: 	AFTER DB Connection Close
[2024-07-22 04:39:58.122 PM] info: 	BEFORE DB Execution
[2024-07-22 04:39:58.124 PM] info: 	AFTER DB Execution Success
[2024-07-22 04:39:58.125 PM] info: 	BEFORE DB Connection Close
[2024-07-22 04:39:58.125 PM] info: 	BEFORE DB Get Connection
[2024-07-22 04:39:58.127 PM] info: 	AFTER DB Connection Close
[2024-07-22 04:39:58.131 PM] info: 	BEFORE DB Execution
[2024-07-22 04:39:58.132 PM] info: 	AFTER DB Execution Success
[2024-07-22 04:39:58.132 PM] info: 	BEFORE DB Connection Close
[2024-07-22 04:39:58.132 PM] info: 	BEFORE DB Get Connection
[2024-07-22 04:39:58.133 PM] info: 	AFTER DB Connection Close
[2024-07-22 04:39:58.142 PM] info: 	BEFORE DB Execution
[2024-07-22 04:39:58.143 PM] info: 	AFTER DB Execution Success
[2024-07-22 04:39:58.144 PM] info: 	BEFORE DB Connection Close
[2024-07-22 04:39:58.144 PM] info: 	BEFORE DB Get Connection
[2024-07-22 04:39:58.145 PM] info: 	AFTER DB Connection Close
[2024-07-22 04:39:58.155 PM] info: 	BEFORE DB Execution
[2024-07-22 04:39:58.158 PM] info: 	AFTER DB Execution Success
[2024-07-22 04:39:58.158 PM] info: 	BEFORE DB Connection Close
[2024-07-22 04:39:58.158 PM] info: 	BEFORE DB Get Connection
[2024-07-22 04:39:58.161 PM] info: 	AFTER DB Connection Close
[2024-07-22 04:39:58.161 PM] info: 	BEFORE DB Execution
[2024-07-22 04:39:58.162 PM] info: 	AFTER DB Execution Success
[2024-07-22 04:39:58.162 PM] info: 	BEFORE DB Connection Close
[2024-07-22 04:39:58.162 PM] info: 	BEFORE DB Get Connection
[2024-07-22 04:39:58.164 PM] info: 	AFTER DB Connection Close
[2024-07-22 04:39:58.196 PM] info: 	BEFORE DB Execution
[2024-07-22 04:39:58.200 PM] info: 	BEFORE DB Execution
[2024-07-22 04:39:58.207 PM] info: 	AFTER DB Execution Success
[2024-07-22 04:39:58.207 PM] info: 	BEFORE DB Connection Close
[2024-07-22 04:39:58.207 PM] info: 	BEFORE DB Get Connection
[2024-07-22 04:39:58.213 PM] info: 	AFTER DB Connection Close
[2024-07-22 04:39:58.216 PM] info: 	BEFORE DB Execution
[2024-07-22 04:39:58.251 PM] info: 	AFTER DB Execution Success
[2024-07-22 04:39:58.251 PM] info: 	BEFORE DB Connection Close
[2024-07-22 04:39:58.252 PM] info: 	BEFORE DB Get Connection
[2024-07-22 04:39:58.253 PM] info: 	BEFORE DB Execution
[2024-07-22 04:39:58.255 PM] info: 	AFTER DB Connection Close
[2024-07-22 04:39:58.265 PM] info: 	AFTER DB Execution Success
[2024-07-22 04:39:58.266 PM] info: 	BEFORE DB Connection Close
[2024-07-22 04:39:58.266 PM] info: 	BEFORE DB Get Connection
[2024-07-22 04:39:58.266 PM] info: 	AFTER DB Execution Success
[2024-07-22 04:39:58.266 PM] info: 	BEFORE DB Connection Close
[2024-07-22 04:39:58.267 PM] info: 	BEFORE DB Get Connection
[2024-07-22 04:39:58.269 PM] info: 	AFTER DB Connection Close
[2024-07-22 04:39:58.270 PM] info: 	AFTER DB Connection Close
[2024-07-22 04:39:58.285 PM] info: 	BEFORE DB Execution
[2024-07-22 04:39:58.301 PM] info: 	BEFORE DB Execution
[2024-07-22 04:39:58.310 PM] info: 	BEFORE DB Execution
[2024-07-22 04:39:58.337 PM] info: 	AFTER DB Execution Success
[2024-07-22 04:39:58.337 PM] info: 	BEFORE DB Connection Close
[2024-07-22 04:39:58.337 PM] info: 	BEFORE DB Get Connection
[2024-07-22 04:39:58.340 PM] info: 	AFTER DB Connection Close
[2024-07-22 04:39:58.359 PM] info: 	AFTER DB Execution Success
[2024-07-22 04:39:58.360 PM] info: 	BEFORE DB Connection Close
[2024-07-22 04:39:58.360 PM] info: 	BEFORE DB Get Connection
[2024-07-22 04:39:58.363 PM] info: 	AFTER DB Connection Close
[2024-07-22 04:39:58.378 PM] info: 	BEFORE DB Execution
[2024-07-22 04:39:58.381 PM] info: 	AFTER DB Execution Success
[2024-07-22 04:39:58.382 PM] info: 	BEFORE DB Connection Close
[2024-07-22 04:39:58.382 PM] info: 	BEFORE DB Get Connection
[2024-07-22 04:39:58.385 PM] info: 	AFTER DB Connection Close
[2024-07-22 04:39:58.396 PM] info: 	BEFORE DB Execution
[2024-07-22 04:39:58.422 PM] info: 	BEFORE DB Execution
[2024-07-22 04:39:58.429 PM] info: 	AFTER DB Execution Success
[2024-07-22 04:39:58.429 PM] info: 	BEFORE DB Connection Close
[2024-07-22 04:39:58.429 PM] info: 	BEFORE DB Get Connection
[2024-07-22 04:39:58.432 PM] info: 	AFTER DB Connection Close
[2024-07-22 04:39:58.472 PM] info: 	BEFORE DB Execution
[2024-07-22 04:39:58.472 PM] info: 	AFTER DB Execution Success
[2024-07-22 04:39:58.473 PM] info: 	BEFORE DB Connection Close
[2024-07-22 04:39:58.494 PM] info: 	AFTER DB Execution Success
[2024-07-22 04:39:58.494 PM] info: 	BEFORE DB Connection Close
[2024-07-22 04:39:58.495 PM] info: 	BEFORE DB Get Connection
[2024-07-22 04:39:58.495 PM] info: 	AFTER DB Connection Close
[2024-07-22 04:39:58.503 PM] info: 	AFTER DB Connection Close
[2024-07-22 04:39:58.531 PM] info: 	BEFORE DB Execution
[2024-07-22 04:39:58.588 PM] info: 	AFTER DB Execution Success
[2024-07-22 04:39:58.588 PM] info: 	BEFORE DB Connection Close
[2024-07-22 04:39:58.593 PM] info: 	AFTER DB Connection Close
[2024-07-22 04:39:58.624 PM] info: 	AFTER DB Execution Success
[2024-07-22 04:39:58.624 PM] info: 	BEFORE DB Connection Close
[2024-07-22 04:39:58.624 PM] info: 	BEFORE DB Get Connection
[2024-07-22 04:39:58.627 PM] info: 	AFTER DB Connection Close
[2024-07-22 04:39:58.672 PM] info: 	BEFORE DB Execution
[2024-07-22 04:39:58.675 PM] info: 	AFTER DB Execution Success
[2024-07-22 04:39:58.676 PM] info: 	BEFORE DB Connection Close
[2024-07-22 04:39:58.709 PM] info: 	AFTER DB Connection Close
[2024-07-22 04:39:58.856 PM] info: 	BEFORE DB Get Connection
[2024-07-22 04:39:58.888 PM] info: 	BEFORE DB Execution
[2024-07-22 04:39:58.889 PM] info: 	AFTER DB Execution Success
[2024-07-22 04:39:58.889 PM] info: 	BEFORE DB Connection Close
[2024-07-22 04:39:58.889 PM] info: 	BEFORE DB Get Connection
[2024-07-22 04:39:58.891 PM] info: 	AFTER DB Connection Close
[2024-07-22 04:39:58.914 PM] info: 	BEFORE DB Execution
[2024-07-22 04:39:58.915 PM] info: 	AFTER DB Execution Success
[2024-07-22 04:39:58.915 PM] info: 	BEFORE DB Connection Close
[2024-07-22 04:39:58.915 PM] info: 	BEFORE DB Get Connection
[2024-07-22 04:39:58.917 PM] info: 	AFTER DB Connection Close
[2024-07-22 04:39:58.941 PM] info: 	BEFORE DB Execution
[2024-07-22 04:39:58.977 PM] info: 	AFTER DB Execution Success
[2024-07-22 04:39:58.977 PM] info: 	BEFORE DB Connection Close
[2024-07-22 04:39:58.977 PM] info: 	BEFORE DB Get Connection
[2024-07-22 04:39:58.980 PM] info: 	AFTER DB Connection Close
[2024-07-22 04:39:59.018 PM] info: 	BEFORE DB Execution
[2024-07-22 04:39:59.054 PM] info: 	AFTER DB Execution Success
[2024-07-22 04:39:59.054 PM] info: 	BEFORE DB Connection Close
[2024-07-22 04:39:59.055 PM] info: 	BEFORE DB Get Connection
[2024-07-22 04:39:59.057 PM] info: 	AFTER DB Connection Close
[2024-07-22 04:39:59.084 PM] info: 	BEFORE DB Execution
[2024-07-22 04:39:59.143 PM] info: 	AFTER DB Execution Success
[2024-07-22 04:39:59.143 PM] info: 	BEFORE DB Connection Close
[2024-07-22 04:39:59.143 PM] info: 	BEFORE DB Get Connection
[2024-07-22 04:39:59.146 PM] info: 	AFTER DB Connection Close
[2024-07-22 04:39:59.184 PM] info: 	BEFORE DB Execution
[2024-07-22 04:39:59.239 PM] info: 	AFTER DB Execution Success
[2024-07-22 04:39:59.239 PM] info: 	BEFORE DB Connection Close
[2024-07-22 04:39:59.244 PM] info: 	AFTER DB Connection Close
[2024-07-22 04:40:33.903 PM] info: 	BEFORE DB Get Connection
[2024-07-22 04:40:33.949 PM] info: 	BEFORE DB Execution
[2024-07-22 04:40:33.978 PM] info: 	AFTER DB Execution Success
[2024-07-22 04:40:33.978 PM] info: 	BEFORE DB Connection Close
[2024-07-22 04:40:33.978 PM] info: 	BEFORE DB Get Connection
[2024-07-22 04:40:33.980 PM] info: 	AFTER DB Connection Close
[2024-07-22 04:40:34.016 PM] info: 	BEFORE DB Execution
[2024-07-22 04:40:34.073 PM] info: 	AFTER DB Execution Success
[2024-07-22 04:40:34.073 PM] info: 	BEFORE DB Connection Close
[2024-07-22 04:40:34.074 PM] info: 	BEFORE DB Get Connection
[2024-07-22 04:40:34.076 PM] info: 	AFTER DB Connection Close
[2024-07-22 04:40:34.098 PM] info: 	BEFORE DB Execution
[2024-07-22 04:40:34.101 PM] info: 	AFTER DB Execution Success
[2024-07-22 04:40:34.101 PM] info: 	BEFORE DB Connection Close
[2024-07-22 04:40:34.103 PM] info: 	AFTER DB Connection Close
[2024-07-22 04:40:53.328 PM] info: 	BEFORE DB Get Connection
[2024-07-22 04:40:53.354 PM] info: 	BEFORE DB Execution
[2024-07-22 04:40:53.383 PM] info: 	AFTER DB Execution Success
[2024-07-22 04:40:53.383 PM] info: 	BEFORE DB Connection Close
[2024-07-22 04:40:53.383 PM] info: 	BEFORE DB Get Connection
[2024-07-22 04:40:53.394 PM] info: 	AFTER DB Connection Close
[2024-07-22 04:40:53.450 PM] info: 	BEFORE DB Execution
[2024-07-22 04:40:53.477 PM] info: 	AFTER DB Execution Success
[2024-07-22 04:40:53.478 PM] info: 	BEFORE DB Connection Close
[2024-07-22 04:40:53.478 PM] info: 	BEFORE DB Get Connection
[2024-07-22 04:40:53.481 PM] info: 	AFTER DB Connection Close
[2024-07-22 04:40:53.503 PM] info: 	BEFORE DB Execution
[2024-07-22 04:40:53.505 PM] info: 	AFTER DB Execution Success
[2024-07-22 04:40:53.506 PM] info: 	BEFORE DB Connection Close
[2024-07-22 04:40:53.508 PM] info: 	AFTER DB Connection Close
