[2024-12-06 04:08:34.861 PM] error: 	Autentication Failed false
[2024-12-06 04:08:34.881 PM] info: 	Autentication Success
[2024-12-06 04:08:34.882 PM] info: 	BEFORE DB Get Connection
[2024-12-06 04:08:35.069 PM] info: 	BEFORE DB Execution
[2024-12-06 04:08:35.131 PM] info: 	AFTER DB Execution Success
[2024-12-06 04:08:35.132 PM] info: 	BEFORE DB Connection Close
[2024-12-06 04:08:35.132 PM] info: 	BEFORE DB Get Connection
[2024-12-06 04:08:35.136 PM] info: 	AFTER DB Connection Close
[2024-12-06 04:08:35.184 PM] info: 	BEFORE DB Execution
[2024-12-06 04:08:35.188 PM] info: 	AFTER DB Execution Success
[2024-12-06 04:08:35.188 PM] info: 	BEFORE DB Connection Close
[2024-12-06 04:08:35.188 PM] info: 	BEFORE DB Get Connection
[2024-12-06 04:08:35.191 PM] info: 	AFTER DB Connection Close
[2024-12-06 04:08:35.214 PM] info: 	BEFORE DB Execution
[2024-12-06 04:08:35.219 PM] info: 	AFTER DB Execution Success
[2024-12-06 04:08:35.219 PM] info: 	BEFORE DB Connection Close
[2024-12-06 04:08:35.219 PM] info: 	BEFORE DB Get Connection
[2024-12-06 04:08:35.221 PM] info: 	AFTER DB Connection Close
[2024-12-06 04:08:35.262 PM] info: 	BEFORE DB Execution
[2024-12-06 04:08:35.326 PM] info: 	AFTER DB Execution Success
[2024-12-06 04:08:35.327 PM] info: 	BEFORE DB Connection Close
[2024-12-06 04:08:35.334 PM] info: 	AFTER DB Connection Close
[2024-12-06 04:08:35.487 PM] info: 	BEFORE DB Get Connection
[2024-12-06 04:08:35.527 PM] info: 	BEFORE DB Execution
[2024-12-06 04:08:35.652 PM] info: 	AFTER DB Execution Success
[2024-12-06 04:08:35.652 PM] info: 	BEFORE DB Connection Close
[2024-12-06 04:08:35.653 PM] info: 	BEFORE DB Get Connection
[2024-12-06 04:08:35.656 PM] info: 	AFTER DB Connection Close
[2024-12-06 04:08:35.698 PM] info: 	BEFORE DB Execution
[2024-12-06 04:08:35.740 PM] info: 	AFTER DB Execution Success
[2024-12-06 04:08:35.741 PM] info: 	BEFORE DB Connection Close
[2024-12-06 04:08:35.741 PM] info: 	BEFORE DB Get Connection
[2024-12-06 04:08:35.746 PM] info: 	AFTER DB Connection Close
[2024-12-06 04:08:35.769 PM] info: 	BEFORE DB Execution
[2024-12-06 04:08:35.773 PM] info: 	AFTER DB Execution Success
[2024-12-06 04:08:35.773 PM] info: 	BEFORE DB Connection Close
[2024-12-06 04:08:35.773 PM] info: 	BEFORE DB Get Connection
[2024-12-06 04:08:35.775 PM] info: 	AFTER DB Connection Close
[2024-12-06 04:08:35.797 PM] info: 	BEFORE DB Execution
[2024-12-06 04:08:35.800 PM] info: 	AFTER DB Execution Success
[2024-12-06 04:08:35.800 PM] info: 	BEFORE DB Connection Close
[2024-12-06 04:08:35.800 PM] info: 	BEFORE DB Get Connection
[2024-12-06 04:08:35.802 PM] info: 	AFTER DB Connection Close
[2024-12-06 04:08:35.825 PM] info: 	BEFORE DB Execution
[2024-12-06 04:08:35.831 PM] info: 	AFTER DB Execution Success
[2024-12-06 04:08:35.832 PM] info: 	BEFORE DB Connection Close
[2024-12-06 04:08:35.832 PM] info: 	BEFORE DB Get Connection
[2024-12-06 04:08:35.835 PM] info: 	AFTER DB Connection Close
[2024-12-06 04:08:35.861 PM] info: 	BEFORE DB Execution
[2024-12-06 04:08:35.907 PM] info: 	AFTER DB Execution Success
[2024-12-06 04:08:35.907 PM] info: 	BEFORE DB Connection Close
[2024-12-06 04:08:35.913 PM] info: 	AFTER DB Connection Close
[2024-12-06 04:08:42.391 PM] info: 	BEFORE DB Get Connection
[2024-12-06 04:08:42.424 PM] info: 	BEFORE DB Execution
[2024-12-06 04:08:42.431 PM] info: 	AFTER DB Execution Success
[2024-12-06 04:08:42.431 PM] info: 	BEFORE DB Connection Close
[2024-12-06 04:08:42.432 PM] info: 	BEFORE DB Get Connection
[2024-12-06 04:08:42.437 PM] info: 	BEFORE DB Get Connection
[2024-12-06 04:08:42.437 PM] info: 	AFTER DB Connection Close
[2024-12-06 04:08:42.472 PM] info: 	BEFORE DB Execution
[2024-12-06 04:08:42.483 PM] info: 	AFTER DB Execution Success
[2024-12-06 04:08:42.483 PM] info: 	BEFORE DB Connection Close
[2024-12-06 04:08:42.483 PM] info: 	BEFORE DB Get Connection
[2024-12-06 04:08:42.490 PM] info: 	BEFORE DB Execution
[2024-12-06 04:08:42.492 PM] info: 	AFTER DB Execution Success
[2024-12-06 04:08:42.493 PM] info: 	BEFORE DB Connection Close
[2024-12-06 04:08:42.493 PM] info: 	BEFORE DB Get Connection
[2024-12-06 04:08:42.497 PM] info: 	AFTER DB Connection Close
[2024-12-06 04:08:42.498 PM] info: 	AFTER DB Connection Close
[2024-12-06 04:08:42.527 PM] info: 	BEFORE DB Execution
[2024-12-06 04:08:42.534 PM] info: 	BEFORE DB Execution
[2024-12-06 04:08:42.537 PM] info: 	AFTER DB Execution Success
[2024-12-06 04:08:42.537 PM] info: 	BEFORE DB Connection Close
[2024-12-06 04:08:42.538 PM] info: 	BEFORE DB Get Connection
[2024-12-06 04:08:42.541 PM] info: 	AFTER DB Connection Close
[2024-12-06 04:08:42.565 PM] info: 	BEFORE DB Execution
[2024-12-06 04:08:42.593 PM] info: 	AFTER DB Execution Success
[2024-12-06 04:08:42.593 PM] info: 	BEFORE DB Connection Close
[2024-12-06 04:08:42.593 PM] info: 	BEFORE DB Get Connection
[2024-12-06 04:08:42.596 PM] info: 	AFTER DB Connection Close
[2024-12-06 04:08:42.600 PM] info: 	AFTER DB Execution Success
[2024-12-06 04:08:42.600 PM] info: 	BEFORE DB Connection Close
[2024-12-06 04:08:42.601 PM] info: 	BEFORE DB Get Connection
[2024-12-06 04:08:42.603 PM] info: 	AFTER DB Connection Close
[2024-12-06 04:08:42.630 PM] info: 	BEFORE DB Execution
[2024-12-06 04:08:42.632 PM] info: 	BEFORE DB Execution
[2024-12-06 04:08:42.652 PM] info: 	AFTER DB Execution Success
[2024-12-06 04:08:42.652 PM] info: 	BEFORE DB Connection Close
[2024-12-06 04:08:42.652 PM] info: 	BEFORE DB Get Connection
[2024-12-06 04:08:42.655 PM] info: 	AFTER DB Connection Close
[2024-12-06 04:08:42.699 PM] info: 	BEFORE DB Execution
[2024-12-06 04:08:42.738 PM] info: 	AFTER DB Execution Success
[2024-12-06 04:08:42.739 PM] info: 	BEFORE DB Connection Close
[2024-12-06 04:08:42.739 PM] info: 	BEFORE DB Get Connection
[2024-12-06 04:08:42.743 PM] info: 	AFTER DB Connection Close
[2024-12-06 04:08:42.767 PM] info: 	AFTER DB Execution Success
[2024-12-06 04:08:42.767 PM] info: 	BEFORE DB Connection Close
[2024-12-06 04:08:42.767 PM] info: 	BEFORE DB Get Connection
[2024-12-06 04:08:42.769 PM] info: 	AFTER DB Connection Close
[2024-12-06 04:08:42.776 PM] info: 	BEFORE DB Execution
[2024-12-06 04:08:42.812 PM] info: 	BEFORE DB Execution
[2024-12-06 04:08:42.822 PM] info: 	AFTER DB Execution Success
[2024-12-06 04:08:42.822 PM] info: 	BEFORE DB Connection Close
[2024-12-06 04:08:42.825 PM] info: 	AFTER DB Execution Success
[2024-12-06 04:08:42.825 PM] info: 	BEFORE DB Connection Close
[2024-12-06 04:08:42.826 PM] info: 	BEFORE DB Get Connection
[2024-12-06 04:08:42.830 PM] info: 	AFTER DB Connection Close
[2024-12-06 04:08:42.832 PM] info: 	AFTER DB Connection Close
[2024-12-06 04:08:42.865 PM] info: 	BEFORE DB Execution
[2024-12-06 04:08:43.018 PM] info: 	AFTER DB Execution Success
[2024-12-06 04:08:43.018 PM] info: 	BEFORE DB Connection Close
[2024-12-06 04:08:43.018 PM] info: 	BEFORE DB Get Connection
[2024-12-06 04:08:43.043 PM] info: 	AFTER DB Connection Close
[2024-12-06 04:08:43.067 PM] info: 	BEFORE DB Execution
[2024-12-06 04:08:43.070 PM] info: 	AFTER DB Execution Success
[2024-12-06 04:08:43.070 PM] info: 	BEFORE DB Connection Close
[2024-12-06 04:08:43.091 PM] info: 	AFTER DB Connection Close
[2024-12-06 04:08:43.371 PM] info: 	BEFORE DB Get Connection
[2024-12-06 04:08:43.420 PM] info: 	BEFORE DB Execution
[2024-12-06 04:08:43.421 PM] info: 	AFTER DB Execution Success
[2024-12-06 04:08:43.421 PM] info: 	BEFORE DB Connection Close
[2024-12-06 04:08:43.421 PM] info: 	BEFORE DB Get Connection
[2024-12-06 04:08:43.426 PM] info: 	AFTER DB Connection Close
[2024-12-06 04:08:43.450 PM] info: 	BEFORE DB Execution
[2024-12-06 04:08:43.460 PM] info: 	AFTER DB Execution Success
[2024-12-06 04:08:43.460 PM] info: 	BEFORE DB Connection Close
[2024-12-06 04:08:43.462 PM] info: 	BEFORE DB Get Connection
[2024-12-06 04:08:43.470 PM] info: 	AFTER DB Connection Close
[2024-12-06 04:08:43.501 PM] info: 	BEFORE DB Execution
[2024-12-06 04:08:43.507 PM] info: 	AFTER DB Execution Success
[2024-12-06 04:08:43.508 PM] info: 	BEFORE DB Connection Close
[2024-12-06 04:08:43.508 PM] info: 	BEFORE DB Get Connection
[2024-12-06 04:08:43.511 PM] info: 	AFTER DB Connection Close
[2024-12-06 04:08:43.549 PM] info: 	BEFORE DB Execution
[2024-12-06 04:08:43.554 PM] info: 	AFTER DB Execution Success
[2024-12-06 04:08:43.554 PM] info: 	BEFORE DB Connection Close
[2024-12-06 04:08:43.555 PM] info: 	BEFORE DB Get Connection
[2024-12-06 04:08:43.557 PM] info: 	AFTER DB Connection Close
[2024-12-06 04:08:43.584 PM] info: 	BEFORE DB Execution
[2024-12-06 04:08:43.630 PM] info: 	AFTER DB Execution Success
[2024-12-06 04:08:43.630 PM] info: 	BEFORE DB Connection Close
[2024-12-06 04:08:43.630 PM] info: 	BEFORE DB Get Connection
[2024-12-06 04:08:43.632 PM] info: 	AFTER DB Connection Close
[2024-12-06 04:08:43.660 PM] info: 	BEFORE DB Execution
[2024-12-06 04:08:43.694 PM] info: 	AFTER DB Execution Success
[2024-12-06 04:08:43.694 PM] info: 	BEFORE DB Connection Close
[2024-12-06 04:08:43.707 PM] info: 	AFTER DB Connection Close
[2024-12-06 04:08:50.968 PM] info: 	BEFORE DB Get Connection
[2024-12-06 04:08:50.978 PM] info: 	BEFORE DB Get Connection
[2024-12-06 04:08:51.015 PM] info: 	BEFORE DB Get Connection
[2024-12-06 04:08:51.028 PM] info: 	BEFORE DB Execution
[2024-12-06 04:08:51.043 PM] info: 	AFTER DB Execution Success
[2024-12-06 04:08:51.043 PM] info: 	BEFORE DB Connection Close
[2024-12-06 04:08:51.043 PM] info: 	BEFORE DB Get Connection
[2024-12-06 04:08:51.043 PM] info: 	BEFORE DB Execution
[2024-12-06 04:08:51.047 PM] info: 	AFTER DB Connection Close
[2024-12-06 04:08:51.048 PM] info: 	AFTER DB Execution Success
[2024-12-06 04:08:51.048 PM] info: 	BEFORE DB Connection Close
[2024-12-06 04:08:51.051 PM] info: 	AFTER DB Connection Close
[2024-12-06 04:08:51.062 PM] info: 	BEFORE DB Execution
[2024-12-06 04:08:51.069 PM] info: 	AFTER DB Execution Success
[2024-12-06 04:08:51.069 PM] info: 	BEFORE DB Connection Close
[2024-12-06 04:08:51.069 PM] info: 	BEFORE DB Get Connection
[2024-12-06 04:08:51.073 PM] info: 	AFTER DB Connection Close
[2024-12-06 04:08:51.083 PM] info: 	BEFORE DB Execution
[2024-12-06 04:08:51.091 PM] info: 	AFTER DB Execution Success
[2024-12-06 04:08:51.092 PM] info: 	BEFORE DB Connection Close
[2024-12-06 04:08:51.100 PM] info: 	AFTER DB Connection Close
[2024-12-06 04:08:51.106 PM] info: 	BEFORE DB Execution
[2024-12-06 04:08:51.116 PM] info: 	AFTER DB Execution Success
[2024-12-06 04:08:51.116 PM] info: 	BEFORE DB Connection Close
[2024-12-06 04:08:51.121 PM] info: 	AFTER DB Connection Close
[2024-12-06 04:09:11.090 PM] info: 	BEFORE DB Get Connection
[2024-12-06 04:09:11.116 PM] info: 	BEFORE DB Execution
[2024-12-06 04:09:11.118 PM] info: 	AFTER DB Execution Success
[2024-12-06 04:09:11.118 PM] info: 	BEFORE DB Connection Close
[2024-12-06 04:09:11.118 PM] info: 	BEFORE DB Get Connection
[2024-12-06 04:09:11.120 PM] info: 	AFTER DB Connection Close
[2024-12-06 04:09:11.147 PM] info: 	BEFORE DB Execution
[2024-12-06 04:09:11.299 PM] info: 	AFTER DB Execution Success
[2024-12-06 04:09:11.299 PM] info: 	BEFORE DB Connection Close
[2024-12-06 04:09:11.302 PM] info: 	AFTER DB Connection Close
[2024-12-06 04:09:29.032 PM] info: 	BEFORE DB Get Connection
[2024-12-06 04:09:29.066 PM] info: 	BEFORE DB Execution
[2024-12-06 04:09:29.068 PM] info: 	AFTER DB Execution Success
[2024-12-06 04:09:29.069 PM] info: 	BEFORE DB Connection Close
[2024-12-06 04:09:29.071 PM] info: 	AFTER DB Connection Close
[2024-12-06 04:09:29.087 PM] info: 	BEFORE DB Get Connection
[2024-12-06 04:09:29.122 PM] info: 	BEFORE DB Execution
[2024-12-06 04:09:29.150 PM] info: 	AFTER DB Execution Success
[2024-12-06 04:09:29.150 PM] info: 	BEFORE DB Connection Close
[2024-12-06 04:09:29.150 PM] info: 	BEFORE DB Get Connection
[2024-12-06 04:09:29.153 PM] info: 	AFTER DB Connection Close
[2024-12-06 04:09:29.205 PM] info: 	BEFORE DB Execution
[2024-12-06 04:09:29.222 PM] info: 	AFTER DB Execution Success
[2024-12-06 04:09:29.222 PM] info: 	BEFORE DB Connection Close
[2024-12-06 04:09:29.222 PM] info: 	BEFORE DB Get Connection
[2024-12-06 04:09:29.224 PM] info: 	AFTER DB Connection Close
[2024-12-06 04:09:29.247 PM] info: 	BEFORE DB Execution
[2024-12-06 04:09:29.248 PM] info: 	AFTER DB Execution Success
[2024-12-06 04:09:29.248 PM] info: 	BEFORE DB Connection Close
[2024-12-06 04:09:29.248 PM] info: 	BEFORE DB Get Connection
[2024-12-06 04:09:29.250 PM] info: 	AFTER DB Connection Close
[2024-12-06 04:09:29.295 PM] info: 	BEFORE DB Execution
[2024-12-06 04:09:29.297 PM] info: 	AFTER DB Execution Success
[2024-12-06 04:09:29.297 PM] info: 	BEFORE DB Connection Close
[2024-12-06 04:09:29.297 PM] info: 	BEFORE DB Get Connection
[2024-12-06 04:09:29.301 PM] info: 	AFTER DB Connection Close
[2024-12-06 04:09:29.350 PM] info: 	BEFORE DB Execution
[2024-12-06 04:09:29.352 PM] info: 	AFTER DB Execution Success
[2024-12-06 04:09:29.352 PM] info: 	BEFORE DB Connection Close
[2024-12-06 04:09:29.352 PM] info: 	BEFORE DB Get Connection
[2024-12-06 04:09:29.354 PM] info: 	AFTER DB Connection Close
[2024-12-06 04:09:29.400 PM] info: 	BEFORE DB Execution
[2024-12-06 04:09:29.403 PM] info: 	AFTER DB Execution Success
[2024-12-06 04:09:29.403 PM] info: 	BEFORE DB Connection Close
[2024-12-06 04:09:29.406 PM] info: 	AFTER DB Connection Close
[2024-12-06 04:47:19.597 PM] error: 	Autentication Failed false
[2024-12-06 04:47:19.629 PM] info: 	Autentication Success
[2024-12-06 04:47:19.630 PM] info: 	BEFORE DB Get Connection
[2024-12-06 04:47:19.664 PM] info: 	BEFORE DB Execution
[2024-12-06 04:47:19.699 PM] info: 	AFTER DB Execution Success
[2024-12-06 04:47:19.700 PM] info: 	BEFORE DB Connection Close
[2024-12-06 04:47:19.700 PM] info: 	BEFORE DB Get Connection
[2024-12-06 04:47:19.704 PM] info: 	AFTER DB Connection Close
[2024-12-06 04:47:19.739 PM] info: 	BEFORE DB Execution
[2024-12-06 04:47:19.742 PM] info: 	AFTER DB Execution Success
[2024-12-06 04:47:19.742 PM] info: 	BEFORE DB Connection Close
[2024-12-06 04:47:19.742 PM] info: 	BEFORE DB Get Connection
[2024-12-06 04:47:19.745 PM] info: 	AFTER DB Connection Close
[2024-12-06 04:47:19.774 PM] info: 	BEFORE DB Execution
[2024-12-06 04:47:19.776 PM] info: 	AFTER DB Execution Success
[2024-12-06 04:47:19.776 PM] info: 	BEFORE DB Connection Close
[2024-12-06 04:47:19.776 PM] info: 	BEFORE DB Get Connection
[2024-12-06 04:47:19.779 PM] info: 	AFTER DB Connection Close
[2024-12-06 04:47:19.807 PM] info: 	BEFORE DB Execution
[2024-12-06 04:47:19.842 PM] info: 	AFTER DB Execution Success
[2024-12-06 04:47:19.843 PM] info: 	BEFORE DB Connection Close
[2024-12-06 04:47:19.856 PM] info: 	AFTER DB Connection Close
[2024-12-06 04:47:19.987 PM] info: 	BEFORE DB Get Connection
[2024-12-06 04:47:20.019 PM] info: 	BEFORE DB Execution
[2024-12-06 04:47:20.043 PM] info: 	AFTER DB Execution Success
[2024-12-06 04:47:20.043 PM] info: 	BEFORE DB Connection Close
[2024-12-06 04:47:20.043 PM] info: 	BEFORE DB Get Connection
[2024-12-06 04:47:20.047 PM] info: 	AFTER DB Connection Close
[2024-12-06 04:47:20.070 PM] info: 	BEFORE DB Execution
[2024-12-06 04:47:20.090 PM] info: 	AFTER DB Execution Success
[2024-12-06 04:47:20.090 PM] info: 	BEFORE DB Connection Close
[2024-12-06 04:47:20.090 PM] info: 	BEFORE DB Get Connection
[2024-12-06 04:47:20.093 PM] info: 	AFTER DB Connection Close
[2024-12-06 04:47:20.120 PM] info: 	BEFORE DB Execution
[2024-12-06 04:47:20.121 PM] info: 	AFTER DB Execution Success
[2024-12-06 04:47:20.122 PM] info: 	BEFORE DB Connection Close
[2024-12-06 04:47:20.122 PM] info: 	BEFORE DB Get Connection
[2024-12-06 04:47:20.124 PM] info: 	AFTER DB Connection Close
[2024-12-06 04:47:20.164 PM] info: 	BEFORE DB Execution
[2024-12-06 04:47:20.165 PM] info: 	AFTER DB Execution Success
[2024-12-06 04:47:20.165 PM] info: 	BEFORE DB Connection Close
[2024-12-06 04:47:20.165 PM] info: 	BEFORE DB Get Connection
[2024-12-06 04:47:20.167 PM] info: 	AFTER DB Connection Close
[2024-12-06 04:47:20.206 PM] info: 	BEFORE DB Execution
[2024-12-06 04:47:20.207 PM] info: 	AFTER DB Execution Success
[2024-12-06 04:47:20.208 PM] info: 	BEFORE DB Connection Close
[2024-12-06 04:47:20.208 PM] info: 	BEFORE DB Get Connection
[2024-12-06 04:47:20.211 PM] info: 	AFTER DB Connection Close
[2024-12-06 04:47:20.234 PM] info: 	BEFORE DB Execution
[2024-12-06 04:47:20.237 PM] info: 	AFTER DB Execution Success
[2024-12-06 04:47:20.237 PM] info: 	BEFORE DB Connection Close
[2024-12-06 04:47:20.257 PM] info: 	AFTER DB Connection Close
[2024-12-06 04:47:23.034 PM] info: 	BEFORE DB Get Connection
[2024-12-06 04:47:23.074 PM] info: 	BEFORE DB Execution
[2024-12-06 04:47:23.076 PM] info: 	AFTER DB Execution Success
[2024-12-06 04:47:23.076 PM] info: 	BEFORE DB Connection Close
[2024-12-06 04:47:23.079 PM] info: 	AFTER DB Connection Close
[2024-12-06 04:47:23.108 PM] info: 	BEFORE DB Get Connection
[2024-12-06 04:47:23.136 PM] info: 	BEFORE DB Execution
[2024-12-06 04:47:23.163 PM] info: 	AFTER DB Execution Success
[2024-12-06 04:47:23.163 PM] info: 	BEFORE DB Connection Close
[2024-12-06 04:47:23.163 PM] info: 	BEFORE DB Get Connection
[2024-12-06 04:47:23.166 PM] info: 	AFTER DB Connection Close
[2024-12-06 04:47:23.189 PM] info: 	BEFORE DB Execution
[2024-12-06 04:47:23.210 PM] info: 	AFTER DB Execution Success
[2024-12-06 04:47:23.210 PM] info: 	BEFORE DB Connection Close
[2024-12-06 04:47:23.210 PM] info: 	BEFORE DB Get Connection
[2024-12-06 04:47:23.213 PM] info: 	AFTER DB Connection Close
[2024-12-06 04:47:23.246 PM] info: 	BEFORE DB Execution
[2024-12-06 04:47:23.247 PM] info: 	AFTER DB Execution Success
[2024-12-06 04:47:23.248 PM] info: 	BEFORE DB Connection Close
[2024-12-06 04:47:23.248 PM] info: 	BEFORE DB Get Connection
[2024-12-06 04:47:23.250 PM] info: 	AFTER DB Connection Close
[2024-12-06 04:47:23.287 PM] info: 	BEFORE DB Execution
[2024-12-06 04:47:23.290 PM] info: 	AFTER DB Execution Success
[2024-12-06 04:47:23.290 PM] info: 	BEFORE DB Connection Close
[2024-12-06 04:47:23.290 PM] info: 	BEFORE DB Get Connection
[2024-12-06 04:47:23.293 PM] info: 	AFTER DB Connection Close
[2024-12-06 04:47:23.322 PM] info: 	BEFORE DB Execution
[2024-12-06 04:47:23.324 PM] info: 	AFTER DB Execution Success
[2024-12-06 04:47:23.324 PM] info: 	BEFORE DB Connection Close
[2024-12-06 04:47:23.324 PM] info: 	BEFORE DB Get Connection
[2024-12-06 04:47:23.327 PM] info: 	AFTER DB Connection Close
[2024-12-06 04:47:23.354 PM] info: 	BEFORE DB Execution
[2024-12-06 04:47:23.357 PM] info: 	AFTER DB Execution Success
[2024-12-06 04:47:23.357 PM] info: 	BEFORE DB Connection Close
[2024-12-06 04:47:23.361 PM] info: 	AFTER DB Connection Close
