[2024-12-18 02:12:30.914 PM] info: 	BEFORE DB Get Connection
[2024-12-18 02:12:30.949 PM] info: 	BEFORE DB Execution
[2024-12-18 02:12:30.980 PM] info: 	AFTER DB Execution Success
[2024-12-18 02:12:30.980 PM] info: 	BEFORE DB Connection Close
[2024-12-18 02:12:30.980 PM] info: 	BEFORE DB Get Connection
[2024-12-18 02:12:30.982 PM] info: 	AFTER DB Connection Close
[2024-12-18 02:12:31.010 PM] info: 	BEFORE DB Execution
[2024-12-18 02:12:31.032 PM] info: 	AFTER DB Execution Success
[2024-12-18 02:12:31.032 PM] info: 	BEFORE DB Connection Close
[2024-12-18 02:12:31.032 PM] info: 	BEFORE DB Get Connection
[2024-12-18 02:12:31.034 PM] info: 	AFTER DB Connection Close
[2024-12-18 02:12:31.058 PM] info: 	BEFORE DB Execution
[2024-12-18 02:12:31.060 PM] info: 	AFTER DB Execution Success
[2024-12-18 02:12:31.060 PM] info: 	BEFORE DB Connection Close
[2024-12-18 02:12:31.060 PM] info: 	BEFORE DB Get Connection
[2024-12-18 02:12:31.062 PM] info: 	AFTER DB Connection Close
[2024-12-18 02:12:31.092 PM] info: 	BEFORE DB Execution
[2024-12-18 02:12:31.094 PM] info: 	AFTER DB Execution Success
[2024-12-18 02:12:31.094 PM] info: 	BEFORE DB Connection Close
[2024-12-18 02:12:31.094 PM] info: 	BEFORE DB Get Connection
[2024-12-18 02:12:31.096 PM] info: 	AFTER DB Connection Close
[2024-12-18 02:12:31.126 PM] info: 	BEFORE DB Execution
[2024-12-18 02:12:31.128 PM] info: 	AFTER DB Execution Success
[2024-12-18 02:12:31.128 PM] info: 	BEFORE DB Connection Close
[2024-12-18 02:12:31.128 PM] info: 	BEFORE DB Get Connection
[2024-12-18 02:12:31.131 PM] info: 	AFTER DB Connection Close
[2024-12-18 02:12:31.163 PM] info: 	BEFORE DB Execution
[2024-12-18 02:12:31.166 PM] info: 	AFTER DB Execution Success
[2024-12-18 02:12:31.166 PM] info: 	BEFORE DB Connection Close
[2024-12-18 02:12:31.170 PM] info: 	AFTER DB Connection Close
[2024-12-18 02:12:31.858 PM] info: 	BEFORE DB Get Connection
[2024-12-18 02:12:31.895 PM] info: 	BEFORE DB Execution
[2024-12-18 02:12:31.897 PM] info: 	AFTER DB Execution Success
[2024-12-18 02:12:31.897 PM] info: 	BEFORE DB Connection Close
[2024-12-18 02:12:31.897 PM] info: 	BEFORE DB Get Connection
[2024-12-18 02:12:31.903 PM] info: 	BEFORE DB Get Connection
[2024-12-18 02:12:31.903 PM] info: 	AFTER DB Connection Close
[2024-12-18 02:12:31.923 PM] info: 	BEFORE DB Get Connection
[2024-12-18 02:12:31.923 PM] info: 	BEFORE DB Execution
[2024-12-18 02:12:31.925 PM] info: 	AFTER DB Execution Success
[2024-12-18 02:12:31.925 PM] info: 	BEFORE DB Connection Close
[2024-12-18 02:12:31.925 PM] info: 	BEFORE DB Get Connection
[2024-12-18 02:12:31.927 PM] info: 	AFTER DB Connection Close
[2024-12-18 02:12:31.928 PM] info: 	BEFORE DB Execution
[2024-12-18 02:12:31.929 PM] info: 	AFTER DB Execution Success
[2024-12-18 02:12:31.929 PM] info: 	BEFORE DB Connection Close
[2024-12-18 02:12:31.929 PM] info: 	BEFORE DB Get Connection
[2024-12-18 02:12:31.931 PM] info: 	AFTER DB Connection Close
[2024-12-18 02:12:31.955 PM] info: 	BEFORE DB Execution
[2024-12-18 02:12:31.969 PM] info: 	BEFORE DB Execution
[2024-12-18 02:12:31.970 PM] info: 	AFTER DB Execution Success
[2024-12-18 02:12:31.971 PM] info: 	BEFORE DB Connection Close
[2024-12-18 02:12:31.971 PM] info: 	BEFORE DB Get Connection
[2024-12-18 02:12:31.974 PM] info: 	AFTER DB Connection Close
[2024-12-18 02:12:31.989 PM] info: 	BEFORE DB Execution
[2024-12-18 02:12:31.991 PM] info: 	AFTER DB Execution Success
[2024-12-18 02:12:31.991 PM] info: 	BEFORE DB Connection Close
[2024-12-18 02:12:31.991 PM] info: 	BEFORE DB Get Connection
[2024-12-18 02:12:31.993 PM] info: 	AFTER DB Connection Close
[2024-12-18 02:12:32.029 PM] info: 	BEFORE DB Execution
[2024-12-18 02:12:32.031 PM] info: 	BEFORE DB Execution
[2024-12-18 02:12:32.032 PM] info: 	AFTER DB Execution Success
[2024-12-18 02:12:32.032 PM] info: 	BEFORE DB Connection Close
[2024-12-18 02:12:32.032 PM] info: 	BEFORE DB Get Connection
[2024-12-18 02:12:32.037 PM] info: 	AFTER DB Connection Close
[2024-12-18 02:12:32.040 PM] info: 	AFTER DB Execution Success
[2024-12-18 02:12:32.041 PM] info: 	BEFORE DB Connection Close
[2024-12-18 02:12:32.041 PM] info: 	BEFORE DB Get Connection
[2024-12-18 02:12:32.044 PM] info: 	AFTER DB Connection Close
[2024-12-18 02:12:32.064 PM] info: 	AFTER DB Execution Success
[2024-12-18 02:12:32.065 PM] info: 	BEFORE DB Connection Close
[2024-12-18 02:12:32.065 PM] info: 	BEFORE DB Get Connection
[2024-12-18 02:12:32.068 PM] info: 	AFTER DB Connection Close
[2024-12-18 02:12:32.072 PM] info: 	BEFORE DB Execution
[2024-12-18 02:12:32.078 PM] info: 	AFTER DB Execution Success
[2024-12-18 02:12:32.078 PM] info: 	BEFORE DB Connection Close
[2024-12-18 02:12:32.078 PM] info: 	BEFORE DB Get Connection
[2024-12-18 02:12:32.080 PM] info: 	BEFORE DB Execution
[2024-12-18 02:12:32.080 PM] info: 	AFTER DB Connection Close
[2024-12-18 02:12:32.108 PM] info: 	BEFORE DB Execution
[2024-12-18 02:12:32.110 PM] info: 	AFTER DB Execution Success
[2024-12-18 02:12:32.110 PM] info: 	BEFORE DB Connection Close
[2024-12-18 02:12:32.110 PM] info: 	BEFORE DB Get Connection
[2024-12-18 02:12:32.115 PM] info: 	BEFORE DB Execution
[2024-12-18 02:12:32.115 PM] info: 	AFTER DB Connection Close
[2024-12-18 02:12:32.117 PM] info: 	AFTER DB Execution Success
[2024-12-18 02:12:32.117 PM] info: 	BEFORE DB Connection Close
[2024-12-18 02:12:32.117 PM] info: 	BEFORE DB Get Connection
[2024-12-18 02:12:32.127 PM] info: 	AFTER DB Connection Close
[2024-12-18 02:12:32.151 PM] info: 	BEFORE DB Execution
[2024-12-18 02:12:32.165 PM] info: 	BEFORE DB Execution
[2024-12-18 02:12:32.189 PM] info: 	AFTER DB Execution Success
[2024-12-18 02:12:32.189 PM] info: 	BEFORE DB Connection Close
[2024-12-18 02:12:32.189 PM] info: 	BEFORE DB Get Connection
[2024-12-18 02:12:32.192 PM] info: 	AFTER DB Connection Close
[2024-12-18 02:12:32.201 PM] info: 	AFTER DB Execution Success
[2024-12-18 02:12:32.202 PM] info: 	BEFORE DB Connection Close
[2024-12-18 02:12:32.202 PM] info: 	BEFORE DB Get Connection
[2024-12-18 02:12:32.205 PM] info: 	AFTER DB Connection Close
[2024-12-18 02:12:32.225 PM] info: 	AFTER DB Execution Success
[2024-12-18 02:12:32.225 PM] info: 	BEFORE DB Connection Close
[2024-12-18 02:12:32.225 PM] info: 	BEFORE DB Get Connection
[2024-12-18 02:12:32.227 PM] info: 	AFTER DB Connection Close
[2024-12-18 02:12:32.234 PM] info: 	BEFORE DB Execution
[2024-12-18 02:12:32.234 PM] info: 	BEFORE DB Execution
[2024-12-18 02:12:32.237 PM] info: 	AFTER DB Execution Success
[2024-12-18 02:12:32.237 PM] info: 	BEFORE DB Connection Close
[2024-12-18 02:12:32.237 PM] info: 	BEFORE DB Get Connection
[2024-12-18 02:12:32.239 PM] info: 	AFTER DB Connection Close
[2024-12-18 02:12:32.240 PM] info: 	AFTER DB Execution Success
[2024-12-18 02:12:32.240 PM] info: 	BEFORE DB Connection Close
[2024-12-18 02:12:32.242 PM] info: 	AFTER DB Connection Close
[2024-12-18 02:12:32.267 PM] info: 	BEFORE DB Execution
[2024-12-18 02:12:32.270 PM] info: 	AFTER DB Execution Success
[2024-12-18 02:12:32.270 PM] info: 	BEFORE DB Connection Close
[2024-12-18 02:12:32.272 PM] info: 	AFTER DB Connection Close
[2024-12-18 02:12:32.278 PM] info: 	BEFORE DB Execution
[2024-12-18 02:12:32.456 PM] info: 	AFTER DB Execution Success
[2024-12-18 02:12:32.456 PM] info: 	BEFORE DB Connection Close
[2024-12-18 02:12:32.456 PM] info: 	BEFORE DB Get Connection
[2024-12-18 02:12:32.458 PM] info: 	AFTER DB Connection Close
[2024-12-18 02:12:32.488 PM] info: 	BEFORE DB Execution
[2024-12-18 02:12:32.490 PM] info: 	AFTER DB Execution Success
[2024-12-18 02:12:32.490 PM] info: 	BEFORE DB Connection Close
[2024-12-18 02:12:32.509 PM] info: 	AFTER DB Connection Close
