[2024-12-06 02:36:57.903 PM] info: 	DB Initialized
[2024-12-06 02:57:05.022 PM] info: 	DB Initialized
[2024-12-06 02:57:25.931 PM] info: 	BEFORE DB Get Connection
[2024-12-06 02:57:26.073 PM] info: 	BEFORE DB Execution
[2024-12-06 02:57:26.106 PM] info: 	AFTER DB Execution Success
[2024-12-06 02:57:26.106 PM] info: 	BEFORE DB Connection Close
[2024-12-06 02:57:26.114 PM] info: 	AFTER DB Connection Close
[2024-12-06 02:57:36.728 PM] info: 	BEFORE DB Get Connection
[2024-12-06 02:57:36.766 PM] info: 	BEFORE DB Execution
[2024-12-06 02:57:36.773 PM] info: 	AFTER DB Execution Success
[2024-12-06 02:57:36.773 PM] info: 	BEFORE DB Connection Close
[2024-12-06 02:57:36.778 PM] info: 	BEFORE DB Get Connection
[2024-12-06 02:57:36.781 PM] info: 	AFTER DB Connection Close
[2024-12-06 02:57:36.805 PM] info: 	BEFORE DB Execution
[2024-12-06 02:57:36.808 PM] info: 	AFTER DB Execution Success
[2024-12-06 02:57:36.809 PM] info: 	BEFORE DB Connection Close
[2024-12-06 02:57:36.811 PM] info: 	AFTER DB Connection Close
[2024-12-06 02:57:37.159 PM] info: 	DB Pool Closed
[2024-12-06 02:58:19.710 PM] info: 	DB Initialized
[2024-12-06 02:58:30.073 PM] info: 	BEFORE DB Get Connection
[2024-12-06 02:58:30.193 PM] info: 	BEFORE DB Execution
[2024-12-06 02:58:30.224 PM] info: 	AFTER DB Execution Success
[2024-12-06 02:58:30.225 PM] info: 	BEFORE DB Connection Close
[2024-12-06 02:58:30.239 PM] info: 	AFTER DB Connection Close
[2024-12-06 02:58:39.394 PM] info: 	BEFORE DB Get Connection
[2024-12-06 02:58:39.441 PM] info: 	BEFORE DB Execution
[2024-12-06 02:58:39.443 PM] info: 	AFTER DB Execution Success
[2024-12-06 02:58:39.444 PM] info: 	BEFORE DB Connection Close
[2024-12-06 02:58:39.461 PM] info: 	AFTER DB Connection Close
[2024-12-06 02:59:17.347 PM] info: 	DB Initialized
[2024-12-06 02:59:17.566 PM] info: 	BEFORE DB Get Connection
[2024-12-06 02:59:17.694 PM] info: 	BEFORE DB Execution
[2024-12-06 02:59:17.698 PM] info: 	AFTER DB Execution Success
[2024-12-06 02:59:17.698 PM] info: 	BEFORE DB Connection Close
[2024-12-06 02:59:17.703 PM] info: 	AFTER DB Connection Close
[2024-12-06 02:59:58.884 PM] info: 	DB Initialized
