[2024-12-12 02:31:36.452 PM] info: 	BEFORE DB Get Connection
[2024-12-12 02:31:36.532 PM] info: 	BEFORE DB Get Connection
[2024-12-12 02:31:36.535 PM] info: 	BEFORE DB Get Connection
[2024-12-12 02:31:36.556 PM] info: 	BEFORE DB Execution
[2024-12-12 02:31:36.560 PM] info: 	AFTER DB Execution Success
[2024-12-12 02:31:36.560 PM] info: 	BEFORE DB Connection Close
[2024-12-12 02:31:36.560 PM] info: 	BEFORE DB Get Connection
[2024-12-12 02:31:36.572 PM] info: 	AFTER DB Connection Close
[2024-12-12 02:31:36.589 PM] info: 	BEFORE DB Execution
[2024-12-12 02:31:36.596 PM] info: 	BEFORE DB Execution
[2024-12-12 02:31:36.602 PM] info: 	AFTER DB Execution Success
[2024-12-12 02:31:36.603 PM] info: 	BEFORE DB Connection Close
[2024-12-12 02:31:36.606 PM] info: 	AFTER DB Connection Close
[2024-12-12 02:31:36.618 PM] info: 	AFTER DB Execution Success
[2024-12-12 02:31:36.619 PM] info: 	BEFORE DB Connection Close
[2024-12-12 02:31:36.619 PM] info: 	BEFORE DB Get Connection
[2024-12-12 02:31:36.621 PM] info: 	AFTER DB Connection Close
[2024-12-12 02:31:36.627 PM] info: 	BEFORE DB Execution
[2024-12-12 02:31:36.629 PM] info: 	AFTER DB Execution Success
[2024-12-12 02:31:36.629 PM] info: 	BEFORE DB Connection Close
[2024-12-12 02:31:36.629 PM] info: 	BEFORE DB Get Connection
[2024-12-12 02:31:36.633 PM] info: 	AFTER DB Connection Close
[2024-12-12 02:31:36.653 PM] info: 	BEFORE DB Execution
[2024-12-12 02:31:36.655 PM] info: 	AFTER DB Execution Success
[2024-12-12 02:31:36.656 PM] info: 	BEFORE DB Connection Close
[2024-12-12 02:31:36.658 PM] info: 	BEFORE DB Execution
[2024-12-12 02:31:36.658 PM] info: 	AFTER DB Connection Close
[2024-12-12 02:31:36.730 PM] info: 	AFTER DB Execution Success
[2024-12-12 02:31:36.731 PM] info: 	BEFORE DB Connection Close
[2024-12-12 02:31:36.731 PM] info: 	BEFORE DB Get Connection
[2024-12-12 02:31:36.733 PM] info: 	AFTER DB Connection Close
[2024-12-12 02:31:36.780 PM] info: 	BEFORE DB Execution
[2024-12-12 02:31:36.903 PM] info: 	AFTER DB Execution Success
[2024-12-12 02:31:36.903 PM] info: 	BEFORE DB Connection Close
[2024-12-12 02:31:36.903 PM] info: 	BEFORE DB Get Connection
[2024-12-12 02:31:36.906 PM] info: 	AFTER DB Connection Close
[2024-12-12 02:31:36.932 PM] info: 	BEFORE DB Execution
[2024-12-12 02:31:36.938 PM] info: 	AFTER DB Execution Success
[2024-12-12 02:31:36.938 PM] info: 	BEFORE DB Connection Close
[2024-12-12 02:31:36.938 PM] info: 	BEFORE DB Get Connection
[2024-12-12 02:31:36.943 PM] info: 	AFTER DB Connection Close
[2024-12-12 02:31:36.970 PM] info: 	BEFORE DB Execution
[2024-12-12 02:31:37.090 PM] info: 	AFTER DB Execution Success
[2024-12-12 02:31:37.090 PM] info: 	BEFORE DB Connection Close
[2024-12-12 02:31:37.090 PM] info: 	BEFORE DB Get Connection
[2024-12-12 02:31:37.093 PM] info: 	AFTER DB Connection Close
[2024-12-12 02:31:37.118 PM] info: 	BEFORE DB Execution
[2024-12-12 02:31:37.120 PM] info: 	AFTER DB Execution Success
[2024-12-12 02:31:37.121 PM] info: 	BEFORE DB Connection Close
[2024-12-12 02:31:37.148 PM] info: 	AFTER DB Connection Close
[2024-12-12 02:33:26.788 PM] info: 	BEFORE DB Get Connection
[2024-12-12 02:33:26.840 PM] info: 	BEFORE DB Execution
[2024-12-12 02:33:26.876 PM] info: 	AFTER DB Execution Success
[2024-12-12 02:33:26.876 PM] info: 	BEFORE DB Connection Close
[2024-12-12 02:33:26.876 PM] info: 	BEFORE DB Get Connection
[2024-12-12 02:33:26.885 PM] info: 	AFTER DB Connection Close
[2024-12-12 02:33:26.889 PM] info: 	BEFORE DB Get Connection
[2024-12-12 02:33:26.891 PM] info: 	BEFORE DB Get Connection
[2024-12-12 02:33:26.916 PM] info: 	BEFORE DB Execution
[2024-12-12 02:33:26.917 PM] info: 	BEFORE DB Execution
[2024-12-12 02:33:26.918 PM] info: 	AFTER DB Execution Success
[2024-12-12 02:33:26.918 PM] info: 	BEFORE DB Connection Close
[2024-12-12 02:33:26.919 PM] info: 	AFTER DB Execution Success
[2024-12-12 02:33:26.920 PM] info: 	BEFORE DB Connection Close
[2024-12-12 02:33:26.920 PM] info: 	BEFORE DB Get Connection
[2024-12-12 02:33:26.920 PM] info: 	BEFORE DB Execution
[2024-12-12 02:33:26.923 PM] info: 	AFTER DB Connection Close
[2024-12-12 02:33:26.924 PM] info: 	AFTER DB Execution Success
[2024-12-12 02:33:26.924 PM] info: 	BEFORE DB Connection Close
[2024-12-12 02:33:26.924 PM] info: 	BEFORE DB Get Connection
[2024-12-12 02:33:26.925 PM] info: 	AFTER DB Connection Close
[2024-12-12 02:33:26.927 PM] info: 	AFTER DB Connection Close
[2024-12-12 02:33:26.955 PM] info: 	BEFORE DB Execution
[2024-12-12 02:33:26.957 PM] info: 	BEFORE DB Execution
[2024-12-12 02:33:26.960 PM] info: 	AFTER DB Execution Success
[2024-12-12 02:33:26.960 PM] info: 	BEFORE DB Connection Close
[2024-12-12 02:33:26.962 PM] info: 	AFTER DB Connection Close
[2024-12-12 02:33:27.026 PM] info: 	AFTER DB Execution Success
[2024-12-12 02:33:27.026 PM] info: 	BEFORE DB Connection Close
[2024-12-12 02:33:27.026 PM] info: 	BEFORE DB Get Connection
[2024-12-12 02:33:27.029 PM] info: 	AFTER DB Connection Close
[2024-12-12 02:33:27.084 PM] info: 	BEFORE DB Execution
[2024-12-12 02:33:27.197 PM] info: 	AFTER DB Execution Success
[2024-12-12 02:33:27.197 PM] info: 	BEFORE DB Connection Close
[2024-12-12 02:33:27.197 PM] info: 	BEFORE DB Get Connection
[2024-12-12 02:33:27.209 PM] info: 	AFTER DB Connection Close
[2024-12-12 02:33:27.226 PM] info: 	BEFORE DB Execution
[2024-12-12 02:33:27.228 PM] info: 	AFTER DB Execution Success
[2024-12-12 02:33:27.228 PM] info: 	BEFORE DB Connection Close
[2024-12-12 02:33:27.228 PM] info: 	BEFORE DB Get Connection
[2024-12-12 02:33:27.251 PM] info: 	AFTER DB Connection Close
[2024-12-12 02:33:27.266 PM] info: 	BEFORE DB Execution
[2024-12-12 02:33:27.371 PM] info: 	AFTER DB Execution Success
[2024-12-12 02:33:27.371 PM] info: 	BEFORE DB Connection Close
[2024-12-12 02:33:27.372 PM] info: 	BEFORE DB Get Connection
[2024-12-12 02:33:27.374 PM] info: 	AFTER DB Connection Close
[2024-12-12 02:33:27.395 PM] info: 	BEFORE DB Execution
[2024-12-12 02:33:27.396 PM] info: 	AFTER DB Execution Success
[2024-12-12 02:33:27.396 PM] info: 	BEFORE DB Connection Close
[2024-12-12 02:33:27.412 PM] info: 	AFTER DB Connection Close
[2024-12-12 02:33:52.051 PM] info: 	BEFORE DB Get Connection
[2024-12-12 02:33:52.106 PM] info: 	BEFORE DB Get Connection
[2024-12-12 02:33:52.110 PM] info: 	BEFORE DB Get Connection
[2024-12-12 02:33:52.126 PM] info: 	BEFORE DB Execution
[2024-12-12 02:33:52.147 PM] info: 	AFTER DB Execution Success
[2024-12-12 02:33:52.147 PM] info: 	BEFORE DB Connection Close
[2024-12-12 02:33:52.148 PM] info: 	BEFORE DB Get Connection
[2024-12-12 02:33:52.151 PM] info: 	AFTER DB Connection Close
[2024-12-12 02:33:52.160 PM] info: 	BEFORE DB Execution
[2024-12-12 02:33:52.162 PM] info: 	AFTER DB Execution Success
[2024-12-12 02:33:52.162 PM] info: 	BEFORE DB Connection Close
[2024-12-12 02:33:52.165 PM] info: 	AFTER DB Connection Close
[2024-12-12 02:33:52.165 PM] info: 	BEFORE DB Execution
[2024-12-12 02:33:52.169 PM] info: 	AFTER DB Execution Success
[2024-12-12 02:33:52.169 PM] info: 	BEFORE DB Connection Close
[2024-12-12 02:33:52.169 PM] info: 	BEFORE DB Get Connection
[2024-12-12 02:33:52.173 PM] info: 	AFTER DB Connection Close
[2024-12-12 02:33:52.178 PM] info: 	BEFORE DB Execution
[2024-12-12 02:33:52.187 PM] info: 	AFTER DB Execution Success
[2024-12-12 02:33:52.187 PM] info: 	BEFORE DB Connection Close
[2024-12-12 02:33:52.188 PM] info: 	BEFORE DB Get Connection
[2024-12-12 02:33:52.191 PM] info: 	AFTER DB Connection Close
[2024-12-12 02:33:52.216 PM] info: 	BEFORE DB Execution
[2024-12-12 02:33:52.230 PM] info: 	BEFORE DB Execution
[2024-12-12 02:33:52.232 PM] info: 	AFTER DB Execution Success
[2024-12-12 02:33:52.233 PM] info: 	BEFORE DB Connection Close
[2024-12-12 02:33:52.237 PM] info: 	AFTER DB Connection Close
[2024-12-12 02:33:52.292 PM] info: 	AFTER DB Execution Success
[2024-12-12 02:33:52.293 PM] info: 	BEFORE DB Connection Close
[2024-12-12 02:33:52.293 PM] info: 	BEFORE DB Get Connection
[2024-12-12 02:33:52.308 PM] info: 	AFTER DB Connection Close
[2024-12-12 02:33:52.343 PM] info: 	BEFORE DB Execution
[2024-12-12 02:33:52.440 PM] info: 	AFTER DB Execution Success
[2024-12-12 02:33:52.441 PM] info: 	BEFORE DB Connection Close
[2024-12-12 02:33:52.442 PM] info: 	BEFORE DB Get Connection
[2024-12-12 02:33:52.444 PM] info: 	AFTER DB Connection Close
[2024-12-12 02:33:52.473 PM] info: 	BEFORE DB Execution
[2024-12-12 02:33:52.475 PM] info: 	AFTER DB Execution Success
[2024-12-12 02:33:52.476 PM] info: 	BEFORE DB Connection Close
[2024-12-12 02:33:52.476 PM] info: 	BEFORE DB Get Connection
[2024-12-12 02:33:52.482 PM] info: 	AFTER DB Connection Close
[2024-12-12 02:33:52.509 PM] info: 	BEFORE DB Execution
[2024-12-12 02:33:52.633 PM] info: 	AFTER DB Execution Success
[2024-12-12 02:33:52.633 PM] info: 	BEFORE DB Connection Close
[2024-12-12 02:33:52.633 PM] info: 	BEFORE DB Get Connection
[2024-12-12 02:33:52.635 PM] info: 	AFTER DB Connection Close
[2024-12-12 02:33:52.677 PM] info: 	BEFORE DB Execution
[2024-12-12 02:33:52.678 PM] info: 	AFTER DB Execution Success
[2024-12-12 02:33:52.679 PM] info: 	BEFORE DB Connection Close
[2024-12-12 02:33:52.710 PM] info: 	AFTER DB Connection Close
[2024-12-12 02:34:39.071 PM] info: 	BEFORE DB Get Connection
[2024-12-12 02:34:39.115 PM] info: 	BEFORE DB Execution
[2024-12-12 02:34:39.118 PM] info: 	BEFORE DB Get Connection
[2024-12-12 02:34:39.125 PM] info: 	BEFORE DB Get Connection
[2024-12-12 02:34:39.125 PM] info: 	AFTER DB Execution Success
[2024-12-12 02:34:39.125 PM] info: 	BEFORE DB Connection Close
[2024-12-12 02:34:39.125 PM] info: 	BEFORE DB Get Connection
[2024-12-12 02:34:39.128 PM] info: 	AFTER DB Connection Close
[2024-12-12 02:34:39.151 PM] info: 	BEFORE DB Execution
[2024-12-12 02:34:39.153 PM] info: 	AFTER DB Execution Success
[2024-12-12 02:34:39.153 PM] info: 	BEFORE DB Connection Close
[2024-12-12 02:34:39.155 PM] info: 	AFTER DB Connection Close
[2024-12-12 02:34:39.167 PM] info: 	BEFORE DB Execution
[2024-12-12 02:34:39.167 PM] info: 	BEFORE DB Execution
[2024-12-12 02:34:39.170 PM] info: 	AFTER DB Execution Success
[2024-12-12 02:34:39.170 PM] info: 	BEFORE DB Connection Close
[2024-12-12 02:34:39.170 PM] info: 	BEFORE DB Get Connection
[2024-12-12 02:34:39.171 PM] info: 	AFTER DB Execution Success
[2024-12-12 02:34:39.171 PM] info: 	BEFORE DB Connection Close
[2024-12-12 02:34:39.172 PM] info: 	BEFORE DB Get Connection
[2024-12-12 02:34:39.173 PM] info: 	AFTER DB Connection Close
[2024-12-12 02:34:39.174 PM] info: 	AFTER DB Connection Close
[2024-12-12 02:34:39.200 PM] info: 	BEFORE DB Execution
[2024-12-12 02:34:39.202 PM] info: 	AFTER DB Execution Success
[2024-12-12 02:34:39.202 PM] info: 	BEFORE DB Connection Close
[2024-12-12 02:34:39.204 PM] info: 	AFTER DB Connection Close
[2024-12-12 02:34:39.205 PM] info: 	BEFORE DB Execution
[2024-12-12 02:34:39.315 PM] info: 	AFTER DB Execution Success
[2024-12-12 02:34:39.315 PM] info: 	BEFORE DB Connection Close
[2024-12-12 02:34:39.315 PM] info: 	BEFORE DB Get Connection
[2024-12-12 02:34:39.327 PM] info: 	AFTER DB Connection Close
[2024-12-12 02:34:39.351 PM] info: 	BEFORE DB Execution
[2024-12-12 02:34:39.445 PM] info: 	AFTER DB Execution Success
[2024-12-12 02:34:39.445 PM] info: 	BEFORE DB Connection Close
[2024-12-12 02:34:39.445 PM] info: 	BEFORE DB Get Connection
[2024-12-12 02:34:39.447 PM] info: 	AFTER DB Connection Close
[2024-12-12 02:34:39.492 PM] info: 	BEFORE DB Execution
[2024-12-12 02:34:39.494 PM] info: 	AFTER DB Execution Success
[2024-12-12 02:34:39.494 PM] info: 	BEFORE DB Connection Close
[2024-12-12 02:34:39.494 PM] info: 	BEFORE DB Get Connection
[2024-12-12 02:34:39.497 PM] info: 	AFTER DB Connection Close
[2024-12-12 02:34:39.532 PM] info: 	BEFORE DB Execution
[2024-12-12 02:34:39.693 PM] info: 	AFTER DB Execution Success
[2024-12-12 02:34:39.694 PM] info: 	BEFORE DB Connection Close
[2024-12-12 02:34:39.694 PM] info: 	BEFORE DB Get Connection
[2024-12-12 02:34:39.696 PM] info: 	AFTER DB Connection Close
[2024-12-12 02:34:39.717 PM] info: 	BEFORE DB Execution
[2024-12-12 02:34:39.718 PM] info: 	AFTER DB Execution Success
[2024-12-12 02:34:39.718 PM] info: 	BEFORE DB Connection Close
[2024-12-12 02:34:39.737 PM] info: 	AFTER DB Connection Close
[2024-12-12 02:34:39.900 PM] info: 	BEFORE DB Get Connection
[2024-12-12 02:34:39.947 PM] info: 	BEFORE DB Execution
[2024-12-12 02:34:39.950 PM] info: 	AFTER DB Execution Success
[2024-12-12 02:34:39.950 PM] info: 	BEFORE DB Connection Close
[2024-12-12 02:34:39.950 PM] info: 	BEFORE DB Get Connection
[2024-12-12 02:34:39.953 PM] info: 	AFTER DB Connection Close
[2024-12-12 02:34:40.004 PM] info: 	BEFORE DB Execution
[2024-12-12 02:34:40.007 PM] info: 	AFTER DB Execution Success
[2024-12-12 02:34:40.007 PM] info: 	BEFORE DB Connection Close
[2024-12-12 02:34:40.010 PM] info: 	AFTER DB Connection Close
[2024-12-12 02:36:00.783 PM] info: 	BEFORE DB Get Connection
[2024-12-12 02:36:00.784 PM] info: 	BEFORE DB Get Connection
[2024-12-12 02:36:00.787 PM] info: 	BEFORE DB Get Connection
[2024-12-12 02:36:00.810 PM] info: 	BEFORE DB Execution
[2024-12-12 02:36:00.814 PM] info: 	AFTER DB Execution Success
[2024-12-12 02:36:00.814 PM] info: 	BEFORE DB Connection Close
[2024-12-12 02:36:00.814 PM] info: 	BEFORE DB Get Connection
[2024-12-12 02:36:00.817 PM] info: 	AFTER DB Connection Close
[2024-12-12 02:36:00.823 PM] info: 	BEFORE DB Execution
[2024-12-12 02:36:00.823 PM] info: 	BEFORE DB Execution
[2024-12-12 02:36:00.825 PM] info: 	AFTER DB Execution Success
[2024-12-12 02:36:00.825 PM] info: 	BEFORE DB Connection Close
[2024-12-12 02:36:00.827 PM] info: 	AFTER DB Execution Success
[2024-12-12 02:36:00.827 PM] info: 	BEFORE DB Connection Close
[2024-12-12 02:36:00.827 PM] info: 	BEFORE DB Get Connection
[2024-12-12 02:36:00.828 PM] info: 	AFTER DB Connection Close
[2024-12-12 02:36:00.831 PM] info: 	AFTER DB Connection Close
[2024-12-12 02:36:00.835 PM] info: 	BEFORE DB Get Connection
[2024-12-12 02:36:00.840 PM] info: 	BEFORE DB Execution
[2024-12-12 02:36:00.844 PM] info: 	AFTER DB Execution Success
[2024-12-12 02:36:00.845 PM] info: 	BEFORE DB Connection Close
[2024-12-12 02:36:00.845 PM] info: 	BEFORE DB Get Connection
[2024-12-12 02:36:00.848 PM] info: 	AFTER DB Connection Close
[2024-12-12 02:36:00.858 PM] info: 	BEFORE DB Execution
[2024-12-12 02:36:00.861 PM] info: 	AFTER DB Execution Success
[2024-12-12 02:36:00.861 PM] info: 	BEFORE DB Connection Close
[2024-12-12 02:36:00.864 PM] info: 	AFTER DB Connection Close
[2024-12-12 02:36:00.869 PM] info: 	BEFORE DB Execution
[2024-12-12 02:36:00.872 PM] info: 	AFTER DB Execution Success
[2024-12-12 02:36:00.873 PM] info: 	BEFORE DB Connection Close
[2024-12-12 02:36:00.873 PM] info: 	BEFORE DB Get Connection
[2024-12-12 02:36:00.875 PM] info: 	AFTER DB Connection Close
[2024-12-12 02:36:00.879 PM] info: 	BEFORE DB Execution
[2024-12-12 02:36:00.899 PM] info: 	BEFORE DB Execution
[2024-12-12 02:36:00.901 PM] info: 	AFTER DB Execution Success
[2024-12-12 02:36:00.901 PM] info: 	BEFORE DB Connection Close
[2024-12-12 02:36:00.903 PM] info: 	AFTER DB Connection Close
[2024-12-12 02:36:00.949 PM] info: 	AFTER DB Execution Success
[2024-12-12 02:36:00.949 PM] info: 	BEFORE DB Connection Close
[2024-12-12 02:36:00.950 PM] info: 	BEFORE DB Get Connection
[2024-12-12 02:36:00.952 PM] info: 	AFTER DB Connection Close
[2024-12-12 02:36:00.985 PM] info: 	BEFORE DB Execution
[2024-12-12 02:36:01.074 PM] info: 	AFTER DB Execution Success
[2024-12-12 02:36:01.074 PM] info: 	BEFORE DB Connection Close
[2024-12-12 02:36:01.075 PM] info: 	BEFORE DB Get Connection
[2024-12-12 02:36:01.077 PM] info: 	AFTER DB Connection Close
[2024-12-12 02:36:01.100 PM] info: 	BEFORE DB Execution
[2024-12-12 02:36:01.102 PM] info: 	AFTER DB Execution Success
[2024-12-12 02:36:01.102 PM] info: 	BEFORE DB Connection Close
[2024-12-12 02:36:01.102 PM] info: 	BEFORE DB Get Connection
[2024-12-12 02:36:01.105 PM] info: 	AFTER DB Connection Close
[2024-12-12 02:36:01.128 PM] info: 	BEFORE DB Execution
[2024-12-12 02:36:01.275 PM] info: 	AFTER DB Execution Success
[2024-12-12 02:36:01.275 PM] info: 	BEFORE DB Connection Close
[2024-12-12 02:36:01.275 PM] info: 	BEFORE DB Get Connection
[2024-12-12 02:36:01.278 PM] info: 	AFTER DB Connection Close
[2024-12-12 02:36:01.304 PM] info: 	BEFORE DB Execution
[2024-12-12 02:36:01.305 PM] info: 	AFTER DB Execution Success
[2024-12-12 02:36:01.305 PM] info: 	BEFORE DB Connection Close
[2024-12-12 02:36:01.337 PM] info: 	AFTER DB Connection Close
[2024-12-12 02:36:17.134 PM] info: 	BEFORE DB Get Connection
[2024-12-12 02:36:17.174 PM] info: 	BEFORE DB Execution
[2024-12-12 02:36:17.179 PM] info: 	BEFORE DB Get Connection
[2024-12-12 02:36:17.181 PM] info: 	BEFORE DB Get Connection
[2024-12-12 02:36:17.182 PM] info: 	AFTER DB Execution Success
[2024-12-12 02:36:17.182 PM] info: 	BEFORE DB Connection Close
[2024-12-12 02:36:17.182 PM] info: 	BEFORE DB Get Connection
[2024-12-12 02:36:17.185 PM] info: 	AFTER DB Connection Close
[2024-12-12 02:36:17.219 PM] info: 	BEFORE DB Execution
[2024-12-12 02:36:17.220 PM] info: 	BEFORE DB Execution
[2024-12-12 02:36:17.221 PM] info: 	AFTER DB Execution Success
[2024-12-12 02:36:17.221 PM] info: 	BEFORE DB Connection Close
[2024-12-12 02:36:17.225 PM] info: 	AFTER DB Connection Close
[2024-12-12 02:36:17.227 PM] info: 	BEFORE DB Execution
[2024-12-12 02:36:17.228 PM] info: 	AFTER DB Execution Success
[2024-12-12 02:36:17.228 PM] info: 	BEFORE DB Connection Close
[2024-12-12 02:36:17.228 PM] info: 	BEFORE DB Get Connection
[2024-12-12 02:36:17.230 PM] info: 	AFTER DB Execution Success
[2024-12-12 02:36:17.230 PM] info: 	BEFORE DB Connection Close
[2024-12-12 02:36:17.230 PM] info: 	BEFORE DB Get Connection
[2024-12-12 02:36:17.231 PM] info: 	AFTER DB Connection Close
[2024-12-12 02:36:17.241 PM] info: 	AFTER DB Connection Close
[2024-12-12 02:36:17.255 PM] info: 	BEFORE DB Get Connection
[2024-12-12 02:36:17.260 PM] info: 	BEFORE DB Execution
[2024-12-12 02:36:17.273 PM] info: 	BEFORE DB Execution
[2024-12-12 02:36:17.275 PM] info: 	AFTER DB Execution Success
[2024-12-12 02:36:17.276 PM] info: 	BEFORE DB Connection Close
[2024-12-12 02:36:17.279 PM] info: 	AFTER DB Connection Close
[2024-12-12 02:36:17.286 PM] info: 	BEFORE DB Execution
[2024-12-12 02:36:17.288 PM] info: 	AFTER DB Execution Success
[2024-12-12 02:36:17.289 PM] info: 	BEFORE DB Connection Close
[2024-12-12 02:36:17.289 PM] info: 	BEFORE DB Get Connection
[2024-12-12 02:36:17.291 PM] info: 	AFTER DB Connection Close
[2024-12-12 02:36:17.315 PM] info: 	BEFORE DB Execution
[2024-12-12 02:36:17.318 PM] info: 	AFTER DB Execution Success
[2024-12-12 02:36:17.318 PM] info: 	BEFORE DB Connection Close
[2024-12-12 02:36:17.322 PM] info: 	AFTER DB Connection Close
[2024-12-12 02:36:17.332 PM] info: 	AFTER DB Execution Success
[2024-12-12 02:36:17.332 PM] info: 	BEFORE DB Connection Close
[2024-12-12 02:36:17.332 PM] info: 	BEFORE DB Get Connection
[2024-12-12 02:36:17.335 PM] info: 	AFTER DB Connection Close
[2024-12-12 02:36:17.357 PM] info: 	BEFORE DB Execution
[2024-12-12 02:36:17.441 PM] info: 	AFTER DB Execution Success
[2024-12-12 02:36:17.441 PM] info: 	BEFORE DB Connection Close
[2024-12-12 02:36:17.441 PM] info: 	BEFORE DB Get Connection
[2024-12-12 02:36:17.444 PM] info: 	AFTER DB Connection Close
[2024-12-12 02:36:17.469 PM] info: 	BEFORE DB Execution
[2024-12-12 02:36:17.471 PM] info: 	AFTER DB Execution Success
[2024-12-12 02:36:17.471 PM] info: 	BEFORE DB Connection Close
[2024-12-12 02:36:17.471 PM] info: 	BEFORE DB Get Connection
[2024-12-12 02:36:17.473 PM] info: 	AFTER DB Connection Close
[2024-12-12 02:36:17.518 PM] info: 	BEFORE DB Execution
[2024-12-12 02:36:17.644 PM] info: 	AFTER DB Execution Success
[2024-12-12 02:36:17.644 PM] info: 	BEFORE DB Connection Close
[2024-12-12 02:36:17.644 PM] info: 	BEFORE DB Get Connection
[2024-12-12 02:36:17.646 PM] info: 	AFTER DB Connection Close
[2024-12-12 02:36:17.666 PM] info: 	BEFORE DB Execution
[2024-12-12 02:36:17.668 PM] info: 	AFTER DB Execution Success
[2024-12-12 02:36:17.668 PM] info: 	BEFORE DB Connection Close
[2024-12-12 02:36:17.682 PM] info: 	AFTER DB Connection Close
[2024-12-12 02:36:32.959 PM] info: 	BEFORE DB Get Connection
[2024-12-12 02:36:32.961 PM] info: 	BEFORE DB Get Connection
[2024-12-12 02:36:32.964 PM] info: 	BEFORE DB Get Connection
[2024-12-12 02:36:32.984 PM] info: 	BEFORE DB Get Connection
[2024-12-12 02:36:33.001 PM] info: 	BEFORE DB Execution
[2024-12-12 02:36:33.002 PM] info: 	BEFORE DB Execution
[2024-12-12 02:36:33.002 PM] info: 	AFTER DB Execution Success
[2024-12-12 02:36:33.002 PM] info: 	BEFORE DB Connection Close
[2024-12-12 02:36:33.004 PM] info: 	AFTER DB Execution Success
[2024-12-12 02:36:33.004 PM] info: 	BEFORE DB Connection Close
[2024-12-12 02:36:33.005 PM] info: 	BEFORE DB Get Connection
[2024-12-12 02:36:33.008 PM] info: 	AFTER DB Connection Close
[2024-12-12 02:36:33.009 PM] info: 	AFTER DB Connection Close
[2024-12-12 02:36:33.011 PM] info: 	BEFORE DB Execution
[2024-12-12 02:36:33.015 PM] info: 	AFTER DB Execution Success
[2024-12-12 02:36:33.015 PM] info: 	BEFORE DB Connection Close
[2024-12-12 02:36:33.015 PM] info: 	BEFORE DB Get Connection
[2024-12-12 02:36:33.015 PM] info: 	BEFORE DB Execution
[2024-12-12 02:36:33.017 PM] info: 	AFTER DB Execution Success
[2024-12-12 02:36:33.018 PM] info: 	BEFORE DB Connection Close
[2024-12-12 02:36:33.018 PM] info: 	BEFORE DB Get Connection
[2024-12-12 02:36:33.018 PM] info: 	AFTER DB Connection Close
[2024-12-12 02:36:33.020 PM] info: 	AFTER DB Connection Close
[2024-12-12 02:36:33.037 PM] info: 	BEFORE DB Execution
[2024-12-12 02:36:33.038 PM] info: 	AFTER DB Execution Success
[2024-12-12 02:36:33.039 PM] info: 	BEFORE DB Connection Close
[2024-12-12 02:36:33.039 PM] info: 	BEFORE DB Get Connection
[2024-12-12 02:36:33.039 PM] info: 	BEFORE DB Execution
[2024-12-12 02:36:33.041 PM] info: 	AFTER DB Connection Close
[2024-12-12 02:36:33.041 PM] info: 	AFTER DB Execution Success
[2024-12-12 02:36:33.041 PM] info: 	BEFORE DB Connection Close
[2024-12-12 02:36:33.045 PM] info: 	BEFORE DB Execution
[2024-12-12 02:36:33.047 PM] info: 	AFTER DB Connection Close
[2024-12-12 02:36:33.048 PM] info: 	AFTER DB Execution Success
[2024-12-12 02:36:33.048 PM] info: 	BEFORE DB Connection Close
[2024-12-12 02:36:33.051 PM] info: 	AFTER DB Connection Close
[2024-12-12 02:36:33.068 PM] info: 	BEFORE DB Execution
[2024-12-12 02:36:33.137 PM] info: 	AFTER DB Execution Success
[2024-12-12 02:36:33.137 PM] info: 	BEFORE DB Connection Close
[2024-12-12 02:36:33.137 PM] info: 	BEFORE DB Get Connection
[2024-12-12 02:36:33.143 PM] info: 	AFTER DB Connection Close
[2024-12-12 02:36:33.182 PM] info: 	BEFORE DB Execution
[2024-12-12 02:36:33.266 PM] info: 	AFTER DB Execution Success
[2024-12-12 02:36:33.266 PM] info: 	BEFORE DB Connection Close
[2024-12-12 02:36:33.266 PM] info: 	BEFORE DB Get Connection
[2024-12-12 02:36:33.268 PM] info: 	AFTER DB Connection Close
[2024-12-12 02:36:33.293 PM] info: 	BEFORE DB Execution
[2024-12-12 02:36:33.295 PM] info: 	AFTER DB Execution Success
[2024-12-12 02:36:33.295 PM] info: 	BEFORE DB Connection Close
[2024-12-12 02:36:33.295 PM] info: 	BEFORE DB Get Connection
[2024-12-12 02:36:33.297 PM] info: 	AFTER DB Connection Close
[2024-12-12 02:36:33.334 PM] info: 	BEFORE DB Execution
[2024-12-12 02:36:33.452 PM] info: 	AFTER DB Execution Success
[2024-12-12 02:36:33.452 PM] info: 	BEFORE DB Connection Close
[2024-12-12 02:36:33.452 PM] info: 	BEFORE DB Get Connection
[2024-12-12 02:36:33.454 PM] info: 	AFTER DB Connection Close
[2024-12-12 02:36:33.487 PM] info: 	BEFORE DB Execution
[2024-12-12 02:36:33.489 PM] info: 	AFTER DB Execution Success
[2024-12-12 02:36:33.489 PM] info: 	BEFORE DB Connection Close
[2024-12-12 02:36:33.526 PM] info: 	AFTER DB Connection Close
[2024-12-12 02:37:06.185 PM] info: 	BEFORE DB Get Connection
[2024-12-12 02:37:06.187 PM] info: 	BEFORE DB Get Connection
[2024-12-12 02:37:06.189 PM] info: 	BEFORE DB Get Connection
[2024-12-12 02:37:06.221 PM] info: 	BEFORE DB Execution
[2024-12-12 02:37:06.228 PM] info: 	AFTER DB Execution Success
[2024-12-12 02:37:06.228 PM] info: 	BEFORE DB Connection Close
[2024-12-12 02:37:06.232 PM] info: 	AFTER DB Connection Close
[2024-12-12 02:37:06.259 PM] info: 	BEFORE DB Execution
[2024-12-12 02:37:06.270 PM] info: 	BEFORE DB Execution
[2024-12-12 02:37:06.270 PM] info: 	AFTER DB Execution Success
[2024-12-12 02:37:06.271 PM] info: 	BEFORE DB Connection Close
[2024-12-12 02:37:06.271 PM] info: 	BEFORE DB Get Connection
[2024-12-12 02:37:06.277 PM] info: 	AFTER DB Execution Success
[2024-12-12 02:37:06.277 PM] info: 	BEFORE DB Connection Close
[2024-12-12 02:37:06.278 PM] info: 	BEFORE DB Get Connection
[2024-12-12 02:37:06.278 PM] info: 	AFTER DB Connection Close
[2024-12-12 02:37:06.290 PM] info: 	AFTER DB Connection Close
[2024-12-12 02:37:06.297 PM] info: 	BEFORE DB Execution
[2024-12-12 02:37:06.299 PM] info: 	AFTER DB Execution Success
[2024-12-12 02:37:06.299 PM] info: 	BEFORE DB Connection Close
[2024-12-12 02:37:06.300 PM] info: 	BEFORE DB Get Connection
[2024-12-12 02:37:06.302 PM] info: 	AFTER DB Connection Close
[2024-12-12 02:37:06.302 PM] info: 	BEFORE DB Execution
[2024-12-12 02:37:06.304 PM] info: 	AFTER DB Execution Success
[2024-12-12 02:37:06.310 PM] info: 	BEFORE DB Connection Close
[2024-12-12 02:37:06.314 PM] info: 	AFTER DB Connection Close
[2024-12-12 02:37:06.334 PM] info: 	BEFORE DB Execution
[2024-12-12 02:37:06.463 PM] info: 	AFTER DB Execution Success
[2024-12-12 02:37:06.463 PM] info: 	BEFORE DB Connection Close
[2024-12-12 02:37:06.463 PM] info: 	BEFORE DB Get Connection
[2024-12-12 02:37:06.469 PM] info: 	BEFORE DB Get Connection
[2024-12-12 02:37:06.471 PM] info: 	AFTER DB Connection Close
[2024-12-12 02:37:06.499 PM] info: 	BEFORE DB Execution
[2024-12-12 02:37:06.515 PM] info: 	BEFORE DB Execution
[2024-12-12 02:37:06.519 PM] info: 	AFTER DB Execution Success
[2024-12-12 02:37:06.520 PM] info: 	BEFORE DB Connection Close
[2024-12-12 02:37:06.520 PM] info: 	BEFORE DB Get Connection
[2024-12-12 02:37:06.522 PM] info: 	AFTER DB Connection Close
[2024-12-12 02:37:06.545 PM] info: 	BEFORE DB Execution
[2024-12-12 02:37:06.547 PM] info: 	AFTER DB Execution Success
[2024-12-12 02:37:06.548 PM] info: 	BEFORE DB Connection Close
[2024-12-12 02:37:06.550 PM] info: 	AFTER DB Connection Close
[2024-12-12 02:37:06.588 PM] info: 	AFTER DB Execution Success
[2024-12-12 02:37:06.588 PM] info: 	BEFORE DB Connection Close
[2024-12-12 02:37:06.588 PM] info: 	BEFORE DB Get Connection
[2024-12-12 02:37:06.592 PM] info: 	AFTER DB Connection Close
[2024-12-12 02:37:06.622 PM] info: 	BEFORE DB Execution
[2024-12-12 02:37:06.646 PM] info: 	AFTER DB Execution Success
[2024-12-12 02:37:06.647 PM] info: 	BEFORE DB Connection Close
[2024-12-12 02:37:06.647 PM] info: 	BEFORE DB Get Connection
[2024-12-12 02:37:06.652 PM] info: 	AFTER DB Connection Close
[2024-12-12 02:37:06.681 PM] info: 	BEFORE DB Execution
[2024-12-12 02:37:06.851 PM] info: 	AFTER DB Execution Success
[2024-12-12 02:37:06.851 PM] info: 	BEFORE DB Connection Close
[2024-12-12 02:37:06.851 PM] info: 	BEFORE DB Get Connection
[2024-12-12 02:37:06.854 PM] info: 	AFTER DB Connection Close
[2024-12-12 02:37:06.874 PM] info: 	BEFORE DB Execution
[2024-12-12 02:37:06.876 PM] info: 	AFTER DB Execution Success
[2024-12-12 02:37:06.876 PM] info: 	BEFORE DB Connection Close
[2024-12-12 02:37:06.893 PM] info: 	AFTER DB Connection Close
[2024-12-12 02:38:43.663 PM] info: 	BEFORE DB Get Connection
[2024-12-12 02:38:43.689 PM] info: 	BEFORE DB Execution
[2024-12-12 02:38:43.694 PM] info: 	AFTER DB Execution Success
[2024-12-12 02:38:43.694 PM] info: 	BEFORE DB Connection Close
[2024-12-12 02:38:43.694 PM] info: 	BEFORE DB Get Connection
[2024-12-12 02:38:43.699 PM] info: 	BEFORE DB Get Connection
[2024-12-12 02:38:43.700 PM] info: 	AFTER DB Connection Close
[2024-12-12 02:38:43.702 PM] info: 	BEFORE DB Get Connection
[2024-12-12 02:38:43.718 PM] info: 	BEFORE DB Execution
[2024-12-12 02:38:43.727 PM] info: 	BEFORE DB Execution
[2024-12-12 02:38:43.731 PM] info: 	AFTER DB Execution Success
[2024-12-12 02:38:43.731 PM] info: 	BEFORE DB Connection Close
[2024-12-12 02:38:43.731 PM] info: 	BEFORE DB Get Connection
[2024-12-12 02:38:43.733 PM] info: 	AFTER DB Connection Close
[2024-12-12 02:38:43.734 PM] info: 	AFTER DB Execution Success
[2024-12-12 02:38:43.734 PM] info: 	BEFORE DB Connection Close
[2024-12-12 02:38:43.734 PM] info: 	BEFORE DB Get Connection
[2024-12-12 02:38:43.742 PM] info: 	AFTER DB Connection Close
[2024-12-12 02:38:43.746 PM] info: 	BEFORE DB Execution
[2024-12-12 02:38:43.747 PM] info: 	AFTER DB Execution Success
[2024-12-12 02:38:43.747 PM] info: 	BEFORE DB Connection Close
[2024-12-12 02:38:43.750 PM] info: 	AFTER DB Connection Close
[2024-12-12 02:38:43.772 PM] info: 	BEFORE DB Execution
[2024-12-12 02:38:43.772 PM] info: 	BEFORE DB Execution
[2024-12-12 02:38:43.774 PM] info: 	AFTER DB Execution Success
[2024-12-12 02:38:43.774 PM] info: 	BEFORE DB Connection Close
[2024-12-12 02:38:43.777 PM] info: 	AFTER DB Connection Close
[2024-12-12 02:38:43.843 PM] info: 	BEFORE DB Get Connection
[2024-12-12 02:38:43.848 PM] info: 	AFTER DB Execution Success
[2024-12-12 02:38:43.848 PM] info: 	BEFORE DB Connection Close
[2024-12-12 02:38:43.848 PM] info: 	BEFORE DB Get Connection
[2024-12-12 02:38:43.850 PM] info: 	AFTER DB Connection Close
[2024-12-12 02:38:43.880 PM] info: 	BEFORE DB Execution
[2024-12-12 02:38:43.883 PM] info: 	AFTER DB Execution Success
[2024-12-12 02:38:43.883 PM] info: 	BEFORE DB Connection Close
[2024-12-12 02:38:43.884 PM] info: 	BEFORE DB Get Connection
[2024-12-12 02:38:43.886 PM] info: 	AFTER DB Connection Close
[2024-12-12 02:38:43.900 PM] info: 	BEFORE DB Execution
[2024-12-12 02:38:43.912 PM] info: 	BEFORE DB Execution
[2024-12-12 02:38:43.914 PM] info: 	AFTER DB Execution Success
[2024-12-12 02:38:43.914 PM] info: 	BEFORE DB Connection Close
[2024-12-12 02:38:43.917 PM] info: 	AFTER DB Connection Close
[2024-12-12 02:38:43.982 PM] info: 	AFTER DB Execution Success
[2024-12-12 02:38:43.982 PM] info: 	BEFORE DB Connection Close
[2024-12-12 02:38:43.982 PM] info: 	BEFORE DB Get Connection
[2024-12-12 02:38:43.984 PM] info: 	AFTER DB Connection Close
[2024-12-12 02:38:44.042 PM] info: 	BEFORE DB Execution
[2024-12-12 02:38:44.044 PM] info: 	AFTER DB Execution Success
[2024-12-12 02:38:44.044 PM] info: 	BEFORE DB Connection Close
[2024-12-12 02:38:44.044 PM] info: 	BEFORE DB Get Connection
[2024-12-12 02:38:44.047 PM] info: 	AFTER DB Connection Close
[2024-12-12 02:38:44.091 PM] info: 	BEFORE DB Execution
[2024-12-12 02:38:44.217 PM] info: 	AFTER DB Execution Success
[2024-12-12 02:38:44.217 PM] info: 	BEFORE DB Connection Close
[2024-12-12 02:38:44.217 PM] info: 	BEFORE DB Get Connection
[2024-12-12 02:38:44.219 PM] info: 	AFTER DB Connection Close
[2024-12-12 02:38:44.256 PM] info: 	BEFORE DB Execution
[2024-12-12 02:38:44.266 PM] info: 	AFTER DB Execution Success
[2024-12-12 02:38:44.266 PM] info: 	BEFORE DB Connection Close
[2024-12-12 02:38:44.282 PM] info: 	AFTER DB Connection Close
[2024-12-12 02:38:52.402 PM] info: 	BEFORE DB Get Connection
[2024-12-12 02:38:52.443 PM] info: 	BEFORE DB Execution
[2024-12-12 02:38:52.445 PM] info: 	AFTER DB Execution Success
[2024-12-12 02:38:52.446 PM] info: 	BEFORE DB Connection Close
[2024-12-12 02:38:52.446 PM] info: 	BEFORE DB Get Connection
[2024-12-12 02:38:52.456 PM] info: 	AFTER DB Connection Close
[2024-12-12 02:38:52.472 PM] info: 	BEFORE DB Execution
[2024-12-12 02:38:52.489 PM] info: 	AFTER DB Execution Success
[2024-12-12 02:38:52.489 PM] info: 	BEFORE DB Connection Close
[2024-12-12 02:38:52.491 PM] info: 	AFTER DB Connection Close
[2024-12-12 02:38:57.009 PM] info: 	BEFORE DB Get Connection
[2024-12-12 02:38:57.034 PM] info: 	BEFORE DB Execution
[2024-12-12 02:38:57.070 PM] info: 	AFTER DB Execution Success
[2024-12-12 02:38:57.070 PM] info: 	BEFORE DB Connection Close
[2024-12-12 02:38:57.070 PM] info: 	BEFORE DB Get Connection
[2024-12-12 02:38:57.073 PM] info: 	AFTER DB Connection Close
[2024-12-12 02:38:57.094 PM] info: 	BEFORE DB Execution
[2024-12-12 02:38:57.112 PM] info: 	AFTER DB Execution Success
[2024-12-12 02:38:57.112 PM] info: 	BEFORE DB Connection Close
[2024-12-12 02:38:57.112 PM] info: 	BEFORE DB Get Connection
[2024-12-12 02:38:57.114 PM] info: 	AFTER DB Connection Close
[2024-12-12 02:38:57.149 PM] info: 	BEFORE DB Execution
[2024-12-12 02:38:57.152 PM] info: 	AFTER DB Execution Success
[2024-12-12 02:38:57.152 PM] info: 	BEFORE DB Connection Close
[2024-12-12 02:38:57.152 PM] info: 	BEFORE DB Get Connection
[2024-12-12 02:38:57.154 PM] info: 	AFTER DB Connection Close
[2024-12-12 02:38:57.176 PM] info: 	BEFORE DB Execution
[2024-12-12 02:38:57.178 PM] info: 	AFTER DB Execution Success
[2024-12-12 02:38:57.178 PM] info: 	BEFORE DB Connection Close
[2024-12-12 02:38:57.178 PM] info: 	BEFORE DB Get Connection
[2024-12-12 02:38:57.180 PM] info: 	AFTER DB Connection Close
[2024-12-12 02:38:57.203 PM] info: 	BEFORE DB Execution
[2024-12-12 02:38:57.212 PM] info: 	AFTER DB Execution Success
[2024-12-12 02:38:57.212 PM] info: 	BEFORE DB Connection Close
[2024-12-12 02:38:57.212 PM] info: 	BEFORE DB Get Connection
[2024-12-12 02:38:57.215 PM] info: 	AFTER DB Connection Close
[2024-12-12 02:38:57.241 PM] info: 	BEFORE DB Execution
[2024-12-12 02:38:57.243 PM] info: 	AFTER DB Execution Success
[2024-12-12 02:38:57.243 PM] info: 	BEFORE DB Connection Close
[2024-12-12 02:38:57.245 PM] info: 	AFTER DB Connection Close
[2024-12-12 02:38:58.320 PM] info: 	BEFORE DB Get Connection
[2024-12-12 02:38:58.329 PM] info: 	BEFORE DB Get Connection
[2024-12-12 02:38:58.341 PM] info: 	BEFORE DB Get Connection
[2024-12-12 02:38:58.363 PM] info: 	BEFORE DB Execution
[2024-12-12 02:38:58.364 PM] info: 	AFTER DB Execution Success
[2024-12-12 02:38:58.364 PM] info: 	BEFORE DB Connection Close
[2024-12-12 02:38:58.364 PM] info: 	BEFORE DB Get Connection
[2024-12-12 02:38:58.366 PM] info: 	AFTER DB Connection Close
[2024-12-12 02:38:58.385 PM] info: 	BEFORE DB Execution
[2024-12-12 02:38:58.387 PM] info: 	AFTER DB Execution Success
[2024-12-12 02:38:58.387 PM] info: 	BEFORE DB Connection Close
[2024-12-12 02:38:58.387 PM] info: 	BEFORE DB Get Connection
[2024-12-12 02:38:58.388 PM] info: 	BEFORE DB Execution
[2024-12-12 02:38:58.389 PM] info: 	AFTER DB Connection Close
[2024-12-12 02:38:58.402 PM] info: 	AFTER DB Execution Success
[2024-12-12 02:38:58.402 PM] info: 	BEFORE DB Connection Close
[2024-12-12 02:38:58.402 PM] info: 	BEFORE DB Get Connection
[2024-12-12 02:38:58.404 PM] info: 	AFTER DB Connection Close
[2024-12-12 02:38:58.405 PM] info: 	BEFORE DB Execution
[2024-12-12 02:38:58.409 PM] info: 	AFTER DB Execution Success
[2024-12-12 02:38:58.409 PM] info: 	BEFORE DB Connection Close
[2024-12-12 02:38:58.409 PM] info: 	BEFORE DB Get Connection
[2024-12-12 02:38:58.411 PM] info: 	AFTER DB Connection Close
[2024-12-12 02:38:58.415 PM] info: 	BEFORE DB Execution
[2024-12-12 02:38:58.428 PM] info: 	BEFORE DB Execution
[2024-12-12 02:38:58.429 PM] info: 	AFTER DB Execution Success
[2024-12-12 02:38:58.430 PM] info: 	BEFORE DB Connection Close
[2024-12-12 02:38:58.430 PM] info: 	BEFORE DB Get Connection
[2024-12-12 02:38:58.431 PM] info: 	AFTER DB Connection Close
[2024-12-12 02:38:58.435 PM] info: 	AFTER DB Execution Success
[2024-12-12 02:38:58.435 PM] info: 	BEFORE DB Connection Close
[2024-12-12 02:38:58.435 PM] info: 	BEFORE DB Get Connection
[2024-12-12 02:38:58.447 PM] info: 	AFTER DB Connection Close
[2024-12-12 02:38:58.453 PM] info: 	BEFORE DB Execution
[2024-12-12 02:38:58.460 PM] info: 	AFTER DB Execution Success
[2024-12-12 02:38:58.461 PM] info: 	BEFORE DB Connection Close
[2024-12-12 02:38:58.461 PM] info: 	BEFORE DB Get Connection
[2024-12-12 02:38:58.464 PM] info: 	AFTER DB Connection Close
[2024-12-12 02:38:58.471 PM] info: 	BEFORE DB Execution
[2024-12-12 02:38:58.479 PM] info: 	BEFORE DB Execution
[2024-12-12 02:38:58.490 PM] info: 	BEFORE DB Execution
[2024-12-12 02:38:58.492 PM] info: 	AFTER DB Execution Success
[2024-12-12 02:38:58.492 PM] info: 	BEFORE DB Connection Close
[2024-12-12 02:38:58.492 PM] info: 	BEFORE DB Get Connection
[2024-12-12 02:38:58.496 PM] info: 	AFTER DB Connection Close
[2024-12-12 02:38:58.512 PM] info: 	AFTER DB Execution Success
[2024-12-12 02:38:58.512 PM] info: 	BEFORE DB Connection Close
[2024-12-12 02:38:58.512 PM] info: 	BEFORE DB Get Connection
[2024-12-12 02:38:58.514 PM] info: 	AFTER DB Connection Close
[2024-12-12 02:38:58.534 PM] info: 	BEFORE DB Execution
[2024-12-12 02:38:58.539 PM] info: 	BEFORE DB Get Connection
[2024-12-12 02:38:58.542 PM] info: 	AFTER DB Execution Success
[2024-12-12 02:38:58.542 PM] info: 	BEFORE DB Connection Close
[2024-12-12 02:38:58.542 PM] info: 	BEFORE DB Get Connection
[2024-12-12 02:38:58.545 PM] info: 	AFTER DB Connection Close
[2024-12-12 02:38:58.560 PM] info: 	BEFORE DB Execution
[2024-12-12 02:38:58.561 PM] info: 	BEFORE DB Execution
[2024-12-12 02:38:58.562 PM] info: 	AFTER DB Execution Success
[2024-12-12 02:38:58.562 PM] info: 	BEFORE DB Connection Close
[2024-12-12 02:38:58.562 PM] info: 	BEFORE DB Get Connection
[2024-12-12 02:38:58.564 PM] info: 	AFTER DB Connection Close
[2024-12-12 02:38:58.565 PM] info: 	AFTER DB Execution Success
[2024-12-12 02:38:58.565 PM] info: 	BEFORE DB Connection Close
[2024-12-12 02:38:58.565 PM] info: 	BEFORE DB Get Connection
[2024-12-12 02:38:58.567 PM] info: 	AFTER DB Connection Close
[2024-12-12 02:38:58.574 PM] info: 	AFTER DB Execution Success
[2024-12-12 02:38:58.575 PM] info: 	BEFORE DB Connection Close
[2024-12-12 02:38:58.575 PM] info: 	BEFORE DB Get Connection
[2024-12-12 02:38:58.575 PM] info: 	BEFORE DB Execution
[2024-12-12 02:38:58.576 PM] info: 	AFTER DB Connection Close
[2024-12-12 02:38:58.594 PM] info: 	BEFORE DB Execution
[2024-12-12 02:38:58.609 PM] info: 	BEFORE DB Execution
[2024-12-12 02:38:58.609 PM] info: 	BEFORE DB Execution
[2024-12-12 02:38:58.610 PM] info: 	AFTER DB Execution Success
[2024-12-12 02:38:58.610 PM] info: 	BEFORE DB Connection Close
[2024-12-12 02:38:58.610 PM] info: 	BEFORE DB Get Connection
[2024-12-12 02:38:58.612 PM] info: 	AFTER DB Connection Close
[2024-12-12 02:38:58.613 PM] info: 	AFTER DB Execution Success
[2024-12-12 02:38:58.613 PM] info: 	BEFORE DB Connection Close
[2024-12-12 02:38:58.615 PM] info: 	AFTER DB Connection Close
[2024-12-12 02:38:58.639 PM] info: 	BEFORE DB Execution
[2024-12-12 02:38:58.643 PM] info: 	AFTER DB Execution Success
[2024-12-12 02:38:58.643 PM] info: 	BEFORE DB Connection Close
[2024-12-12 02:38:58.643 PM] info: 	BEFORE DB Get Connection
[2024-12-12 02:38:58.645 PM] info: 	AFTER DB Connection Close
[2024-12-12 02:38:58.647 PM] info: 	AFTER DB Execution Success
[2024-12-12 02:38:58.647 PM] info: 	BEFORE DB Connection Close
[2024-12-12 02:38:58.647 PM] info: 	BEFORE DB Get Connection
[2024-12-12 02:38:58.651 PM] info: 	AFTER DB Connection Close
[2024-12-12 02:38:58.663 PM] info: 	AFTER DB Execution Success
[2024-12-12 02:38:58.663 PM] info: 	BEFORE DB Connection Close
[2024-12-12 02:38:58.663 PM] info: 	BEFORE DB Get Connection
[2024-12-12 02:38:58.669 PM] info: 	AFTER DB Connection Close
[2024-12-12 02:38:58.672 PM] info: 	BEFORE DB Execution
[2024-12-12 02:38:58.673 PM] info: 	BEFORE DB Execution
[2024-12-12 02:38:58.678 PM] info: 	AFTER DB Execution Success
[2024-12-12 02:38:58.678 PM] info: 	BEFORE DB Connection Close
[2024-12-12 02:38:58.680 PM] info: 	AFTER DB Execution Success
[2024-12-12 02:38:58.680 PM] info: 	BEFORE DB Connection Close
[2024-12-12 02:38:58.680 PM] info: 	BEFORE DB Get Connection
[2024-12-12 02:38:58.681 PM] info: 	AFTER DB Connection Close
[2024-12-12 02:38:58.682 PM] info: 	AFTER DB Connection Close
[2024-12-12 02:38:58.691 PM] info: 	BEFORE DB Execution
[2024-12-12 02:38:58.693 PM] info: 	AFTER DB Execution Success
[2024-12-12 02:38:58.693 PM] info: 	BEFORE DB Connection Close
[2024-12-12 02:38:58.693 PM] info: 	BEFORE DB Get Connection
[2024-12-12 02:38:58.695 PM] info: 	AFTER DB Connection Close
[2024-12-12 02:38:58.707 PM] info: 	BEFORE DB Execution
[2024-12-12 02:38:58.716 PM] info: 	AFTER DB Execution Success
[2024-12-12 02:38:58.716 PM] info: 	BEFORE DB Connection Close
[2024-12-12 02:38:58.716 PM] info: 	BEFORE DB Get Connection
[2024-12-12 02:38:58.719 PM] info: 	AFTER DB Connection Close
[2024-12-12 02:38:58.739 PM] info: 	BEFORE DB Execution
[2024-12-12 02:38:58.749 PM] info: 	BEFORE DB Execution
[2024-12-12 02:38:58.758 PM] info: 	AFTER DB Execution Success
[2024-12-12 02:38:58.758 PM] info: 	BEFORE DB Connection Close
[2024-12-12 02:38:58.760 PM] info: 	AFTER DB Connection Close
[2024-12-12 02:38:58.866 PM] info: 	AFTER DB Execution Success
[2024-12-12 02:38:58.866 PM] info: 	BEFORE DB Connection Close
[2024-12-12 02:38:58.866 PM] info: 	BEFORE DB Get Connection
[2024-12-12 02:38:58.869 PM] info: 	AFTER DB Connection Close
[2024-12-12 02:38:58.893 PM] info: 	BEFORE DB Execution
[2024-12-12 02:38:58.894 PM] info: 	AFTER DB Execution Success
[2024-12-12 02:38:58.894 PM] info: 	BEFORE DB Connection Close
[2024-12-12 02:38:58.917 PM] info: 	AFTER DB Connection Close
[2024-12-12 02:40:43.115 PM] info: 	BEFORE DB Get Connection
[2024-12-12 02:40:43.148 PM] info: 	BEFORE DB Execution
[2024-12-12 02:40:43.151 PM] info: 	BEFORE DB Get Connection
[2024-12-12 02:40:43.152 PM] info: 	AFTER DB Execution Success
[2024-12-12 02:40:43.152 PM] info: 	BEFORE DB Connection Close
[2024-12-12 02:40:43.152 PM] info: 	BEFORE DB Get Connection
[2024-12-12 02:40:43.156 PM] info: 	AFTER DB Connection Close
[2024-12-12 02:40:43.179 PM] info: 	BEFORE DB Execution
[2024-12-12 02:40:43.183 PM] info: 	AFTER DB Execution Success
[2024-12-12 02:40:43.183 PM] info: 	BEFORE DB Connection Close
[2024-12-12 02:40:43.183 PM] info: 	BEFORE DB Get Connection
[2024-12-12 02:40:43.186 PM] info: 	AFTER DB Connection Close
[2024-12-12 02:40:43.210 PM] info: 	BEFORE DB Execution
[2024-12-12 02:40:43.216 PM] info: 	BEFORE DB Execution
[2024-12-12 02:40:43.218 PM] info: 	AFTER DB Execution Success
[2024-12-12 02:40:43.219 PM] info: 	BEFORE DB Connection Close
[2024-12-12 02:40:43.219 PM] info: 	BEFORE DB Get Connection
[2024-12-12 02:40:43.223 PM] info: 	AFTER DB Execution Success
[2024-12-12 02:40:43.224 PM] info: 	BEFORE DB Connection Close
[2024-12-12 02:40:43.224 PM] info: 	BEFORE DB Get Connection
[2024-12-12 02:40:43.224 PM] info: 	AFTER DB Connection Close
[2024-12-12 02:40:43.232 PM] info: 	BEFORE DB Get Connection
[2024-12-12 02:40:43.232 PM] info: 	AFTER DB Connection Close
[2024-12-12 02:40:43.252 PM] info: 	BEFORE DB Execution
[2024-12-12 02:40:43.253 PM] info: 	BEFORE DB Execution
[2024-12-12 02:40:43.263 PM] info: 	BEFORE DB Execution
[2024-12-12 02:40:43.267 PM] info: 	AFTER DB Execution Success
[2024-12-12 02:40:43.267 PM] info: 	BEFORE DB Connection Close
[2024-12-12 02:40:43.268 PM] info: 	BEFORE DB Get Connection
[2024-12-12 02:40:43.268 PM] info: 	AFTER DB Execution Success
[2024-12-12 02:40:43.268 PM] info: 	BEFORE DB Connection Close
[2024-12-12 02:40:43.268 PM] info: 	BEFORE DB Get Connection
[2024-12-12 02:40:43.270 PM] info: 	AFTER DB Connection Close
[2024-12-12 02:40:43.274 PM] info: 	AFTER DB Connection Close
[2024-12-12 02:40:43.300 PM] info: 	BEFORE DB Execution
[2024-12-12 02:40:43.301 PM] info: 	BEFORE DB Execution
[2024-12-12 02:40:43.303 PM] info: 	AFTER DB Execution Success
[2024-12-12 02:40:43.303 PM] info: 	BEFORE DB Connection Close
[2024-12-12 02:40:43.303 PM] info: 	BEFORE DB Get Connection
[2024-12-12 02:40:43.303 PM] info: 	AFTER DB Execution Success
[2024-12-12 02:40:43.303 PM] info: 	BEFORE DB Connection Close
[2024-12-12 02:40:43.303 PM] info: 	BEFORE DB Get Connection
[2024-12-12 02:40:43.308 PM] info: 	AFTER DB Connection Close
[2024-12-12 02:40:43.308 PM] info: 	AFTER DB Connection Close
[2024-12-12 02:40:43.326 PM] info: 	AFTER DB Execution Success
[2024-12-12 02:40:43.327 PM] info: 	BEFORE DB Connection Close
[2024-12-12 02:40:43.327 PM] info: 	BEFORE DB Get Connection
[2024-12-12 02:40:43.332 PM] info: 	AFTER DB Connection Close
[2024-12-12 02:40:43.336 PM] info: 	BEFORE DB Execution
[2024-12-12 02:40:43.347 PM] info: 	BEFORE DB Execution
[2024-12-12 02:40:43.348 PM] info: 	AFTER DB Execution Success
[2024-12-12 02:40:43.348 PM] info: 	BEFORE DB Connection Close
[2024-12-12 02:40:43.349 PM] info: 	BEFORE DB Get Connection
[2024-12-12 02:40:43.353 PM] info: 	AFTER DB Connection Close
[2024-12-12 02:40:43.371 PM] info: 	BEFORE DB Execution
[2024-12-12 02:40:43.436 PM] info: 	AFTER DB Execution Success
[2024-12-12 02:40:43.436 PM] info: 	BEFORE DB Connection Close
[2024-12-12 02:40:43.436 PM] info: 	BEFORE DB Get Connection
[2024-12-12 02:40:43.445 PM] info: 	AFTER DB Connection Close
[2024-12-12 02:40:43.445 PM] info: 	BEFORE DB Execution
[2024-12-12 02:40:43.449 PM] info: 	AFTER DB Execution Success
[2024-12-12 02:40:43.449 PM] info: 	BEFORE DB Connection Close
[2024-12-12 02:40:43.449 PM] info: 	BEFORE DB Get Connection
[2024-12-12 02:40:43.452 PM] info: 	AFTER DB Connection Close
[2024-12-12 02:40:43.469 PM] info: 	BEFORE DB Execution
[2024-12-12 02:40:43.473 PM] info: 	AFTER DB Execution Success
[2024-12-12 02:40:43.473 PM] info: 	BEFORE DB Connection Close
[2024-12-12 02:40:43.479 PM] info: 	BEFORE DB Execution
[2024-12-12 02:40:43.486 PM] info: 	AFTER DB Execution Success
[2024-12-12 02:40:43.486 PM] info: 	BEFORE DB Connection Close
[2024-12-12 02:40:43.486 PM] info: 	BEFORE DB Get Connection
[2024-12-12 02:40:43.488 PM] info: 	AFTER DB Connection Close
[2024-12-12 02:40:43.492 PM] info: 	AFTER DB Connection Close
[2024-12-12 02:40:43.525 PM] info: 	BEFORE DB Execution
[2024-12-12 02:40:43.525 PM] info: 	AFTER DB Execution Success
[2024-12-12 02:40:43.526 PM] info: 	BEFORE DB Connection Close
[2024-12-12 02:40:43.526 PM] info: 	BEFORE DB Get Connection
[2024-12-12 02:40:43.529 PM] info: 	AFTER DB Connection Close
[2024-12-12 02:40:43.529 PM] info: 	AFTER DB Execution Success
[2024-12-12 02:40:43.529 PM] info: 	BEFORE DB Connection Close
[2024-12-12 02:40:43.529 PM] info: 	BEFORE DB Get Connection
[2024-12-12 02:40:43.534 PM] info: 	AFTER DB Connection Close
[2024-12-12 02:40:43.557 PM] info: 	BEFORE DB Execution
[2024-12-12 02:40:43.559 PM] info: 	BEFORE DB Execution
[2024-12-12 02:40:43.568 PM] info: 	AFTER DB Execution Success
[2024-12-12 02:40:43.568 PM] info: 	BEFORE DB Connection Close
[2024-12-12 02:40:43.571 PM] info: 	AFTER DB Connection Close
[2024-12-12 02:40:43.786 PM] info: 	AFTER DB Execution Success
[2024-12-12 02:40:43.786 PM] info: 	BEFORE DB Connection Close
[2024-12-12 02:40:43.786 PM] info: 	BEFORE DB Get Connection
[2024-12-12 02:40:43.790 PM] info: 	AFTER DB Connection Close
[2024-12-12 02:40:43.819 PM] info: 	BEFORE DB Execution
[2024-12-12 02:40:43.821 PM] info: 	AFTER DB Execution Success
[2024-12-12 02:40:43.821 PM] info: 	BEFORE DB Connection Close
[2024-12-12 02:40:43.843 PM] info: 	AFTER DB Connection Close
[2024-12-12 02:45:49.982 PM] info: 	BEFORE DB Get Connection
[2024-12-12 02:45:50.040 PM] info: 	BEFORE DB Get Connection
[2024-12-12 02:45:50.066 PM] info: 	BEFORE DB Execution
[2024-12-12 02:45:50.072 PM] info: 	AFTER DB Execution Success
[2024-12-12 02:45:50.072 PM] info: 	BEFORE DB Connection Close
[2024-12-12 02:45:50.072 PM] info: 	BEFORE DB Get Connection
[2024-12-12 02:45:50.086 PM] info: 	AFTER DB Connection Close
[2024-12-12 02:45:50.096 PM] info: 	BEFORE DB Execution
[2024-12-12 02:45:50.101 PM] info: 	BEFORE DB Get Connection
[2024-12-12 02:45:50.101 PM] info: 	AFTER DB Execution Success
[2024-12-12 02:45:50.101 PM] info: 	BEFORE DB Connection Close
[2024-12-12 02:45:50.102 PM] info: 	BEFORE DB Get Connection
[2024-12-12 02:45:50.104 PM] info: 	AFTER DB Connection Close
[2024-12-12 02:45:50.105 PM] info: 	BEFORE DB Execution
[2024-12-12 02:45:50.111 PM] info: 	AFTER DB Execution Success
[2024-12-12 02:45:50.111 PM] info: 	BEFORE DB Connection Close
[2024-12-12 02:45:50.111 PM] info: 	BEFORE DB Get Connection
[2024-12-12 02:45:50.125 PM] info: 	AFTER DB Connection Close
[2024-12-12 02:45:50.131 PM] info: 	BEFORE DB Execution
[2024-12-12 02:45:50.132 PM] info: 	AFTER DB Execution Success
[2024-12-12 02:45:50.132 PM] info: 	BEFORE DB Connection Close
[2024-12-12 02:45:50.132 PM] info: 	BEFORE DB Get Connection
[2024-12-12 02:45:50.134 PM] info: 	AFTER DB Connection Close
[2024-12-12 02:45:50.148 PM] info: 	BEFORE DB Execution
[2024-12-12 02:45:50.175 PM] info: 	BEFORE DB Execution
[2024-12-12 02:45:50.188 PM] info: 	AFTER DB Execution Success
[2024-12-12 02:45:50.188 PM] info: 	BEFORE DB Connection Close
[2024-12-12 02:45:50.188 PM] info: 	BEFORE DB Get Connection
[2024-12-12 02:45:50.192 PM] info: 	AFTER DB Connection Close
[2024-12-12 02:45:50.193 PM] info: 	BEFORE DB Execution
[2024-12-12 02:45:50.199 PM] info: 	AFTER DB Execution Success
[2024-12-12 02:45:50.199 PM] info: 	BEFORE DB Connection Close
[2024-12-12 02:45:50.199 PM] info: 	BEFORE DB Get Connection
[2024-12-12 02:45:50.201 PM] info: 	AFTER DB Connection Close
[2024-12-12 02:45:50.226 PM] info: 	BEFORE DB Execution
[2024-12-12 02:45:50.228 PM] info: 	AFTER DB Execution Success
[2024-12-12 02:45:50.228 PM] info: 	BEFORE DB Connection Close
[2024-12-12 02:45:50.228 PM] info: 	BEFORE DB Get Connection
[2024-12-12 02:45:50.230 PM] info: 	BEFORE DB Execution
[2024-12-12 02:45:50.231 PM] info: 	AFTER DB Connection Close
[2024-12-12 02:45:50.242 PM] info: 	AFTER DB Execution Success
[2024-12-12 02:45:50.242 PM] info: 	BEFORE DB Connection Close
[2024-12-12 02:45:50.242 PM] info: 	BEFORE DB Get Connection
[2024-12-12 02:45:50.246 PM] info: 	AFTER DB Execution Success
[2024-12-12 02:45:50.246 PM] info: 	BEFORE DB Connection Close
[2024-12-12 02:45:50.246 PM] info: 	BEFORE DB Get Connection
[2024-12-12 02:45:50.248 PM] info: 	AFTER DB Connection Close
[2024-12-12 02:45:50.257 PM] info: 	AFTER DB Connection Close
[2024-12-12 02:45:50.276 PM] info: 	BEFORE DB Execution
[2024-12-12 02:45:50.295 PM] info: 	BEFORE DB Execution
[2024-12-12 02:45:50.297 PM] info: 	AFTER DB Execution Success
[2024-12-12 02:45:50.297 PM] info: 	BEFORE DB Connection Close
[2024-12-12 02:45:50.297 PM] info: 	BEFORE DB Get Connection
[2024-12-12 02:45:50.301 PM] info: 	BEFORE DB Execution
[2024-12-12 02:45:50.302 PM] info: 	AFTER DB Connection Close
[2024-12-12 02:45:50.302 PM] info: 	AFTER DB Execution Success
[2024-12-12 02:45:50.303 PM] info: 	BEFORE DB Connection Close
[2024-12-12 02:45:50.303 PM] info: 	BEFORE DB Get Connection
[2024-12-12 02:45:50.309 PM] info: 	AFTER DB Connection Close
[2024-12-12 02:45:50.326 PM] info: 	BEFORE DB Execution
[2024-12-12 02:45:50.345 PM] info: 	BEFORE DB Execution
[2024-12-12 02:45:50.374 PM] info: 	AFTER DB Execution Success
[2024-12-12 02:45:50.375 PM] info: 	BEFORE DB Connection Close
[2024-12-12 02:45:50.376 PM] info: 	BEFORE DB Get Connection
[2024-12-12 02:45:50.378 PM] info: 	AFTER DB Connection Close
[2024-12-12 02:45:50.388 PM] info: 	AFTER DB Execution Success
[2024-12-12 02:45:50.388 PM] info: 	BEFORE DB Connection Close
[2024-12-12 02:45:50.388 PM] info: 	BEFORE DB Get Connection
[2024-12-12 02:45:50.390 PM] info: 	AFTER DB Connection Close
[2024-12-12 02:45:50.394 PM] info: 	AFTER DB Execution Success
[2024-12-12 02:45:50.394 PM] info: 	BEFORE DB Connection Close
[2024-12-12 02:45:50.394 PM] info: 	BEFORE DB Get Connection
[2024-12-12 02:45:50.397 PM] info: 	AFTER DB Connection Close
[2024-12-12 02:45:50.421 PM] info: 	BEFORE DB Execution
[2024-12-12 02:45:50.422 PM] info: 	BEFORE DB Execution
[2024-12-12 02:45:50.424 PM] info: 	AFTER DB Execution Success
[2024-12-12 02:45:50.424 PM] info: 	BEFORE DB Connection Close
[2024-12-12 02:45:50.424 PM] info: 	BEFORE DB Get Connection
[2024-12-12 02:45:50.424 PM] info: 	BEFORE DB Execution
[2024-12-12 02:45:50.425 PM] info: 	AFTER DB Execution Success
[2024-12-12 02:45:50.426 PM] info: 	BEFORE DB Connection Close
[2024-12-12 02:45:50.430 PM] info: 	AFTER DB Execution Success
[2024-12-12 02:45:50.431 PM] info: 	BEFORE DB Connection Close
[2024-12-12 02:45:50.431 PM] info: 	AFTER DB Connection Close
[2024-12-12 02:45:50.438 PM] info: 	AFTER DB Connection Close
[2024-12-12 02:45:50.440 PM] info: 	AFTER DB Connection Close
[2024-12-12 02:45:50.461 PM] info: 	BEFORE DB Execution
[2024-12-12 02:45:50.601 PM] info: 	AFTER DB Execution Success
[2024-12-12 02:45:50.601 PM] info: 	BEFORE DB Connection Close
[2024-12-12 02:45:50.601 PM] info: 	BEFORE DB Get Connection
[2024-12-12 02:45:50.603 PM] info: 	AFTER DB Connection Close
[2024-12-12 02:45:50.630 PM] info: 	BEFORE DB Execution
[2024-12-12 02:45:50.631 PM] info: 	AFTER DB Execution Success
[2024-12-12 02:45:50.631 PM] info: 	BEFORE DB Connection Close
[2024-12-12 02:45:50.647 PM] info: 	AFTER DB Connection Close
[2024-12-12 02:46:16.640 PM] info: 	BEFORE DB Get Connection
[2024-12-12 02:46:16.642 PM] info: 	BEFORE DB Get Connection
[2024-12-12 02:46:16.670 PM] info: 	BEFORE DB Execution
[2024-12-12 02:46:16.673 PM] info: 	AFTER DB Execution Success
[2024-12-12 02:46:16.674 PM] info: 	BEFORE DB Connection Close
[2024-12-12 02:46:16.674 PM] info: 	BEFORE DB Get Connection
[2024-12-12 02:46:16.677 PM] info: 	BEFORE DB Execution
[2024-12-12 02:46:16.680 PM] info: 	AFTER DB Execution Success
[2024-12-12 02:46:16.680 PM] info: 	BEFORE DB Connection Close
[2024-12-12 02:46:16.684 PM] info: 	AFTER DB Connection Close
[2024-12-12 02:46:16.686 PM] info: 	AFTER DB Connection Close
[2024-12-12 02:46:16.702 PM] info: 	BEFORE DB Execution
[2024-12-12 02:46:16.704 PM] info: 	AFTER DB Execution Success
[2024-12-12 02:46:16.704 PM] info: 	BEFORE DB Connection Close
[2024-12-12 02:46:16.707 PM] info: 	AFTER DB Connection Close
[2024-12-12 02:46:16.797 PM] info: 	BEFORE DB Get Connection
[2024-12-12 02:46:16.852 PM] info: 	BEFORE DB Execution
[2024-12-12 02:46:16.854 PM] info: 	AFTER DB Execution Success
[2024-12-12 02:46:16.854 PM] info: 	BEFORE DB Connection Close
[2024-12-12 02:46:16.854 PM] info: 	BEFORE DB Get Connection
[2024-12-12 02:46:16.859 PM] info: 	AFTER DB Connection Close
[2024-12-12 02:46:16.882 PM] info: 	BEFORE DB Execution
[2024-12-12 02:46:16.886 PM] info: 	AFTER DB Execution Success
[2024-12-12 02:46:16.886 PM] info: 	BEFORE DB Connection Close
[2024-12-12 02:46:16.891 PM] info: 	AFTER DB Connection Close
[2024-12-12 02:46:17.055 PM] info: 	BEFORE DB Get Connection
[2024-12-12 02:46:17.083 PM] info: 	BEFORE DB Execution
[2024-12-12 02:46:17.085 PM] info: 	AFTER DB Execution Success
[2024-12-12 02:46:17.085 PM] info: 	BEFORE DB Connection Close
[2024-12-12 02:46:17.085 PM] info: 	BEFORE DB Get Connection
[2024-12-12 02:46:17.087 PM] info: 	AFTER DB Connection Close
[2024-12-12 02:46:17.116 PM] info: 	BEFORE DB Execution
[2024-12-12 02:46:17.118 PM] info: 	AFTER DB Execution Success
[2024-12-12 02:46:17.118 PM] info: 	BEFORE DB Connection Close
[2024-12-12 02:46:17.120 PM] info: 	AFTER DB Connection Close
[2024-12-12 02:46:27.006 PM] info: 	BEFORE DB Get Connection
[2024-12-12 02:46:27.031 PM] info: 	BEFORE DB Execution
[2024-12-12 02:46:27.033 PM] info: 	AFTER DB Execution Success
[2024-12-12 02:46:27.033 PM] info: 	BEFORE DB Connection Close
[2024-12-12 02:46:27.033 PM] info: 	BEFORE DB Get Connection
[2024-12-12 02:46:27.035 PM] info: 	AFTER DB Connection Close
[2024-12-12 02:46:27.057 PM] info: 	BEFORE DB Execution
[2024-12-12 02:46:27.090 PM] info: 	AFTER DB Execution Success
[2024-12-12 02:46:27.090 PM] info: 	BEFORE DB Connection Close
[2024-12-12 02:46:27.108 PM] info: 	AFTER DB Connection Close
